2023-12-28 14:26:36.721 [info] Log level: Info
2023-12-28 14:26:36.721 [info] Validating found git in: "git"
2023-12-28 14:26:36.721 [info] Using git "2.43.0" from "git"
2023-12-28 14:26:36.721 [info] > git rev-parse --show-toplevel [16ms]
2023-12-28 14:26:36.721 [info] > git rev-parse --git-dir --git-common-dir [5ms]
2023-12-28 14:26:36.721 [info] Open repository: /home/irene/gits/Projects
2023-12-28 14:26:36.721 [info] > git config --get commit.template [132ms]
2023-12-28 14:26:36.739 [info] > git for-each-ref --format=%(refname)%00%(upstream:short)%00%(objectname)%00%(upstream:track)%00%(upstream:remotename)%00%(upstream:remoteref) refs/heads/main refs/remotes/main [3ms]
2023-12-28 14:26:36.763 [info] > git status -z -uall [6ms]
2023-12-28 14:26:36.998 [info] > git config --get commit.template [10ms]
2023-12-28 14:26:37.032 [info] > git for-each-ref --format=%(refname)%00%(upstream:short)%00%(objectname)%00%(upstream:track)%00%(upstream:remotename)%00%(upstream:remoteref) refs/heads/main refs/remotes/main [12ms]
2023-12-28 14:26:37.135 [info] > git check-ignore -v -z --stdin [14ms]
2023-12-28 14:26:37.155 [info] > git status -z -uall [3ms]
2023-12-28 14:26:37.218 [info] > git show --textconv :Bash_Scripts/test.sh [15ms]
2023-12-28 14:26:37.219 [info] > git fetch [666ms]
2023-12-28 14:26:37.234 [info] > git ls-files --stage -- /home/irene/gits/Projects/Bash_Scripts/test.sh [17ms]
2023-12-28 14:26:37.250 [info] > git config --get commit.template [17ms]
2023-12-28 14:26:37.267 [info] > git cat-file -s 8c826836d576067fc67debe2116e12b0e6dcad53 [19ms]
2023-12-28 14:26:37.286 [info] > git for-each-ref --format=%(refname)%00%(upstream:short)%00%(objectname)%00%(upstream:track)%00%(upstream:remotename)%00%(upstream:remoteref) refs/heads/main refs/remotes/main [20ms]
2023-12-28 14:26:37.309 [info] > git status -z -uall [3ms]
2023-12-28 14:26:38.437 [info] > git ls-files --stage -- /home/irene/gits/Projects/Bash_Scripts/test.sh [2ms]
2023-12-28 14:26:38.453 [info] > git cat-file -s 8c826836d576067fc67debe2116e12b0e6dcad53 [2ms]
2023-12-28 14:26:38.470 [info] > git show --textconv :Bash_Scripts/test.sh [2ms]
2023-12-28 14:26:47.295 [info] > git config --get commit.template [17ms]
2023-12-28 14:26:47.296 [info] > git for-each-ref --format=%(refname)%00%(upstream:short)%00%(objectname)%00%(upstream:track)%00%(upstream:remotename)%00%(upstream:remoteref) refs/heads/main refs/remotes/main [3ms]
2023-12-28 14:26:47.316 [info] > git status -z -uall [4ms]
2023-12-28 14:27:14.485 [info] > git config --get commit.template [20ms]
2023-12-28 14:27:14.486 [info] > git for-each-ref --format=%(refname)%00%(upstream:short)%00%(objectname)%00%(upstream:track)%00%(upstream:remotename)%00%(upstream:remoteref) refs/heads/main refs/remotes/main [3ms]
2023-12-28 14:27:14.507 [info] > git status -z -uall [3ms]
2023-12-28 14:27:29.158 [info] > git config --get commit.template [19ms]
2023-12-28 14:27:29.159 [info] > git for-each-ref --format=%(refname)%00%(upstream:short)%00%(objectname)%00%(upstream:track)%00%(upstream:remotename)%00%(upstream:remoteref) refs/heads/main refs/remotes/main [3ms]
2023-12-28 14:27:29.181 [info] > git status -z -uall [4ms]
2023-12-28 14:27:56.699 [info] > git config --get commit.template [26ms]
2023-12-28 14:27:56.700 [info] > git for-each-ref --format=%(refname)%00%(upstream:short)%00%(objectname)%00%(upstream:track)%00%(upstream:remotename)%00%(upstream:remoteref) refs/heads/main refs/remotes/main [2ms]
2023-12-28 14:27:56.724 [info] > git status -z -uall [4ms]
2023-12-28 14:29:40.537 [info] > git ls-files --stage -- /home/irene/gits/Projects/Bash_Scripts/test.sh [1ms]
2023-12-28 14:29:40.558 [info] > git cat-file -s 8c826836d576067fc67debe2116e12b0e6dcad53 [4ms]
2023-12-28 14:29:40.584 [info] > git show --textconv :Bash_Scripts/test.sh [3ms]
2023-12-28 14:29:40.959 [info] > git fetch [1704ms]
2023-12-28 14:29:40.998 [info] > git config --get commit.template [20ms]
2023-12-28 14:29:40.999 [info] > git for-each-ref --format=%(refname)%00%(upstream:short)%00%(objectname)%00%(upstream:track)%00%(upstream:remotename)%00%(upstream:remoteref) refs/heads/main refs/remotes/main [2ms]
2023-12-28 14:29:41.020 [info] > git status -z -uall [3ms]
2023-12-28 14:29:42.069 [info] > git config --get commit.template [17ms]
2023-12-28 14:29:42.070 [info] > git for-each-ref --format=%(refname)%00%(upstream:short)%00%(objectname)%00%(upstream:track)%00%(upstream:remotename)%00%(upstream:remoteref) refs/heads/main refs/remotes/main [3ms]
2023-12-28 14:29:42.091 [info] > git status -z -uall [4ms]
2023-12-28 14:29:42.154 [info] > git ls-files --stage -- /home/irene/gits/Projects/Bash_Scripts/test.sh [2ms]
2023-12-28 14:29:42.173 [info] > git cat-file -s 8c826836d576067fc67debe2116e12b0e6dcad53 [3ms]
2023-12-28 14:29:42.197 [info] > git show --textconv :Bash_Scripts/test.sh [4ms]
2023-12-28 14:30:42.003 [info] > git config --get commit.template [19ms]
2023-12-28 14:30:42.004 [info] > git for-each-ref --format=%(refname)%00%(upstream:short)%00%(objectname)%00%(upstream:track)%00%(upstream:remotename)%00%(upstream:remoteref) refs/heads/main refs/remotes/main [3ms]
2023-12-28 14:30:42.027 [info] > git status -z -uall [5ms]
2023-12-28 14:31:36.337 [info] > git config --get commit.template [18ms]
2023-12-28 14:31:36.338 [info] > git for-each-ref --format=%(refname)%00%(upstream:short)%00%(objectname)%00%(upstream:track)%00%(upstream:remotename)%00%(upstream:remoteref) refs/heads/main refs/remotes/main [3ms]
2023-12-28 14:31:36.357 [info] > git status -z -uall [3ms]
