2023-12-26 21:02:56.130 [info] Reading sessions from keychain...
2023-12-26 21:02:56.130 [info] Getting sessions for all scopes...
2023-12-26 21:02:56.130 [info] Got stored sessions!
2023-12-26 21:02:56.130 [info] Got 1 verified sessions.
2023-12-26 21:02:56.130 [info] Got 1 sessions for ...
2023-12-26 21:02:56.130 [info] Getting sessions for all scopes...
2023-12-26 21:02:56.130 [info] Got 1 sessions for ...
2023-12-26 21:02:56.138 [info] Getting sessions for project,read:org,read:user,repo,user:email,workflow...
2023-12-26 21:02:56.138 [info] Got 0 sessions for project,read:org,read:user,repo,user:email,workflow...
2023-12-26 21:02:56.141 [info] Getting sessions for read:user,repo,user:email,workflow...
2023-12-26 21:02:56.141 [info] Got 1 sessions for read:user,repo,user:email,workflow...
2023-12-26 21:02:56.145 [info] Getting sessions for read:user,repo,user:email...
2023-12-26 21:02:56.146 [info] Got 0 sessions for read:user,repo,user:email...
2023-12-26 21:02:56.148 [info] Getting sessions for read:user,repo,user:email,workflow...
2023-12-26 21:02:56.148 [info] Got 1 sessions for read:user,repo,user:email,workflow...
2023-12-26 21:03:21.146 [info] Reading sessions from keychain...
2023-12-26 21:03:21.146 [info] Getting sessions for all scopes...
2023-12-26 21:03:21.146 [info] Got stored sessions!
2023-12-26 21:03:21.146 [info] Got 1 verified sessions.
2023-12-26 21:03:21.146 [info] Got 1 sessions for ...
2023-12-26 21:03:21.146 [info] Getting sessions for all scopes...
2023-12-26 21:03:21.146 [info] Got 1 sessions for ...
2023-12-26 21:03:21.179 [info] Getting sessions for project,read:org,read:user,repo,user:email,workflow...
2023-12-26 21:03:21.180 [info] Got 0 sessions for project,read:org,read:user,repo,user:email,workflow...
2023-12-26 21:03:21.257 [info] Getting sessions for read:user,repo,user:email,workflow...
2023-12-26 21:03:21.257 [info] Got 1 sessions for read:user,repo,user:email,workflow...
2023-12-26 21:03:21.288 [info] Getting sessions for read:user,repo,user:email,workflow...
2023-12-26 21:03:21.288 [info] Got 1 sessions for read:user,repo,user:email,workflow...
2023-12-26 21:03:21.414 [info] Getting sessions for read:user,repo,user:email...
2023-12-26 21:03:21.414 [info] Got 0 sessions for read:user,repo,user:email...
2023-12-26 21:03:21.424 [info] Getting sessions for read:user,repo,user:email,workflow...
2023-12-26 21:03:21.424 [info] Got 1 sessions for read:user,repo,user:email,workflow...
2023-12-26 21:03:22.166 [info] Getting sessions for read:user,repo,user:email,workflow...
2023-12-26 21:03:22.166 [info] Got 1 sessions for read:user,repo,user:email,workflow...
