2023-12-26 21:03:21.062 [info] Log level: Info
2023-12-26 21:03:21.070 [info] Validating found git in: "git"
2023-12-26 21:03:21.070 [info] Using git "2.43.0" from "git"
2023-12-26 21:03:21.070 [info] > git rev-parse --show-toplevel [15ms]
2023-12-26 21:03:21.070 [info] > git rev-parse --git-dir --git-common-dir [20ms]
2023-12-26 21:03:21.070 [info] Open repository: /home/irene/gits/Projects
2023-12-26 21:03:21.073 [info] > git rev-parse --show-toplevel [194ms]
2023-12-26 21:03:21.075 [info] > git config --get commit.template [207ms]
2023-12-26 21:03:21.143 [info] > git rev-parse --show-toplevel [30ms]
2023-12-26 21:03:21.159 [info] > git for-each-ref --format=%(refname)%00%(upstream:short)%00%(objectname)%00%(upstream:track)%00%(upstream:remotename)%00%(upstream:remoteref) refs/heads/main refs/remotes/main [18ms]
2023-12-26 21:03:21.163 [info] > git rev-parse --show-toplevel [5ms]
2023-12-26 21:03:21.197 [info] > git rev-parse --show-toplevel [19ms]
2023-12-26 21:03:21.212 [info] > git status -z -uall [17ms]
2023-12-26 21:03:21.240 [info] > git rev-parse --show-toplevel [29ms]
2023-12-26 21:03:21.256 [info] > git config --get commit.template [17ms]
2023-12-26 21:03:21.260 [info] > git rev-parse --show-toplevel [6ms]
2023-12-26 21:03:21.303 [info] > git show --textconv :Java Programs/JavaSurvey.java [28ms]
2023-12-26 21:03:21.305 [info] > git for-each-ref --format=%(refname)%00%(upstream:short)%00%(objectname)%00%(upstream:track)%00%(upstream:remotename)%00%(upstream:remoteref) refs/heads/main refs/remotes/main [4ms]
2023-12-26 21:03:21.306 [info] > git ls-files --stage -- /home/irene/gits/Projects/Java Programs/JavaSurvey.java [19ms]
2023-12-26 21:03:21.397 [info] > git cat-file -s 3a61e70d364aee55c024745b0e66676710b334e8 [79ms]
2023-12-26 21:03:21.415 [info] > git status -z -uall [3ms]
2023-12-26 21:03:21.595 [info] > git check-ignore -v -z --stdin [3ms]
2023-12-26 21:03:21.833 [info] > git fetch [986ms]
2023-12-26 21:03:21.878 [info] > git config --get commit.template [30ms]
2023-12-26 21:03:21.879 [info] > git for-each-ref --format=%(refname)%00%(upstream:short)%00%(objectname)%00%(upstream:track)%00%(upstream:remotename)%00%(upstream:remoteref) refs/heads/main refs/remotes/main [16ms]
2023-12-26 21:03:21.896 [info] > git status -z -uall [3ms]
2023-12-26 21:03:22.946 [info] > git config --get commit.template [17ms]
2023-12-26 21:03:22.947 [info] > git for-each-ref --format=%(refname)%00%(upstream:short)%00%(objectname)%00%(upstream:track)%00%(upstream:remotename)%00%(upstream:remoteref) refs/heads/main refs/remotes/main [2ms]
2023-12-26 21:03:22.969 [info] > git status -z -uall [5ms]
2023-12-26 21:03:23.033 [info] > git ls-files --stage -- /home/irene/gits/Projects/Java Programs/JavaSurvey.java [2ms]
2023-12-26 21:03:23.052 [info] > git cat-file -s 3a61e70d364aee55c024745b0e66676710b334e8 [3ms]
2023-12-26 21:03:23.074 [info] > git show --textconv :Java Programs/JavaSurvey.java [3ms]
