2023-12-19T05:29:33.222Z [Modules] Modules initializing
2023-12-19T05:29:33.222Z [Modules] Distribution: remote
2023-12-19T05:29:33.223Z [Modules] Host updates: enabled
2023-12-19T05:29:33.223Z [Modules] Module updates: enabled
2023-12-19T05:29:33.223Z [Modules] Module install path: /home/irene/.config/discord/0.0.38/modules
2023-12-19T05:29:33.223Z [Modules] Module installed file path: /home/irene/.config/discord/0.0.38/modules/installed.json
2023-12-19T05:29:33.224Z [Modules] Module download path: /home/irene/.config/discord/0.0.38/modules/pending
2023-12-19T05:29:33.531Z [Modules] Bootstrapping...
2023-12-19T05:29:33.533Z [Modules] Installing discord_desktop_core@0 from /opt/discord/resources/bootstrap/discord_desktop_core.zip
2023-12-19T05:29:33.544Z [Modules] Failed installing discord_desktop_core@0: Error: ENOENT: no such file or directory, open '/opt/discord/resources/bootstrap/discord_desktop_core.zip'
2023-12-19T05:29:33.546Z [Modules] Installing discord_erlpack@0 from /opt/discord/resources/bootstrap/discord_erlpack.zip
2023-12-19T05:29:33.548Z [Modules] Failed installing discord_erlpack@0: Error: ENOENT: no such file or directory, open '/opt/discord/resources/bootstrap/discord_erlpack.zip'
2023-12-19T05:29:33.549Z [Modules] Installing discord_spellcheck@0 from /opt/discord/resources/bootstrap/discord_spellcheck.zip
2023-12-19T05:29:33.551Z [Modules] Failed installing discord_spellcheck@0: Error: ENOENT: no such file or directory, open '/opt/discord/resources/bootstrap/discord_spellcheck.zip'
2023-12-19T05:29:33.552Z [Modules] Installing discord_utils@0 from /opt/discord/resources/bootstrap/discord_utils.zip
2023-12-19T05:29:33.556Z [Modules] Failed installing discord_utils@0: Error: ENOENT: no such file or directory, open '/opt/discord/resources/bootstrap/discord_utils.zip'
2023-12-19T05:29:33.556Z [Modules] Installing discord_voice@0 from /opt/discord/resources/bootstrap/discord_voice.zip
2023-12-19T05:29:33.561Z [Modules] Failed installing discord_voice@0: Error: ENOENT: no such file or directory, open '/opt/discord/resources/bootstrap/discord_voice.zip'
2023-12-19T05:29:33.561Z [Modules] Finished module installations. [success: 0] [failure: 5]
2023-12-19T05:29:33.562Z [Modules] Checking for host updates.
2023-12-19T05:29:33.929Z [Modules] Host is up to date.
2023-12-19T05:29:33.930Z [Modules] Checking for module updates at https://discord.com/api/modules/stable/versions.json
2023-12-19T05:29:34.061Z [Modules] Module update available: discord_desktop_core@1 [installed: 0]
2023-12-19T05:29:34.062Z [Modules] Module update available: discord_erlpack@1 [installed: 0]
2023-12-19T05:29:34.062Z [Modules] Module update available: discord_spellcheck@1 [installed: 0]
2023-12-19T05:29:34.062Z [Modules] Module update available: discord_utils@1 [installed: 0]
2023-12-19T05:29:34.062Z [Modules] Module update available: discord_voice@1 [installed: 0]
2023-12-19T05:29:34.064Z [Modules] Fetching discord_desktop_core@1 from https://discord.com/api/modules/stable/discord_desktop_core/1
2023-12-19T05:29:34.064Z [Modules] Streaming discord_desktop_core@1 to /home/irene/.config/discord/0.0.38/modules/pending/discord_desktop_core-1.zip
2023-12-19T05:29:34.520Z [Modules] Streaming discord_desktop_core@1 to /home/irene/.config/discord/0.0.38/modules/pending/discord_desktop_core-1.zip: 1%
2023-12-19T05:29:34.577Z [Modules] Streaming discord_desktop_core@1 to /home/irene/.config/discord/0.0.38/modules/pending/discord_desktop_core-1.zip: 2%
2023-12-19T05:29:34.635Z [Modules] Streaming discord_desktop_core@1 to /home/irene/.config/discord/0.0.38/modules/pending/discord_desktop_core-1.zip: 3%
2023-12-19T05:29:34.656Z [Modules] Streaming discord_desktop_core@1 to /home/irene/.config/discord/0.0.38/modules/pending/discord_desktop_core-1.zip: 4%
2023-12-19T05:29:34.673Z [Modules] Streaming discord_desktop_core@1 to /home/irene/.config/discord/0.0.38/modules/pending/discord_desktop_core-1.zip: 5%
2023-12-19T05:29:34.682Z [Modules] Streaming discord_desktop_core@1 to /home/irene/.config/discord/0.0.38/modules/pending/discord_desktop_core-1.zip: 6%
2023-12-19T05:29:34.698Z [Modules] Streaming discord_desktop_core@1 to /home/irene/.config/discord/0.0.38/modules/pending/discord_desktop_core-1.zip: 7%
2023-12-19T05:29:34.707Z [Modules] Streaming discord_desktop_core@1 to /home/irene/.config/discord/0.0.38/modules/pending/discord_desktop_core-1.zip: 8%
2023-12-19T05:29:34.709Z [Modules] Streaming discord_desktop_core@1 to /home/irene/.config/discord/0.0.38/modules/pending/discord_desktop_core-1.zip: 9%
2023-12-19T05:29:34.726Z [Modules] Streaming discord_desktop_core@1 to /home/irene/.config/discord/0.0.38/modules/pending/discord_desktop_core-1.zip: 11%
2023-12-19T05:29:34.753Z [Modules] Streaming discord_desktop_core@1 to /home/irene/.config/discord/0.0.38/modules/pending/discord_desktop_core-1.zip: 12%
2023-12-19T05:29:34.788Z [Modules] Streaming discord_desktop_core@1 to /home/irene/.config/discord/0.0.38/modules/pending/discord_desktop_core-1.zip: 13%
2023-12-19T05:29:34.810Z [Modules] Streaming discord_desktop_core@1 to /home/irene/.config/discord/0.0.38/modules/pending/discord_desktop_core-1.zip: 14%
2023-12-19T05:29:34.812Z [Modules] Streaming discord_desktop_core@1 to /home/irene/.config/discord/0.0.38/modules/pending/discord_desktop_core-1.zip: 16%
2023-12-19T05:29:34.818Z [Modules] Streaming discord_desktop_core@1 to /home/irene/.config/discord/0.0.38/modules/pending/discord_desktop_core-1.zip: 17%
2023-12-19T05:29:34.910Z [Modules] Streaming discord_desktop_core@1 to /home/irene/.config/discord/0.0.38/modules/pending/discord_desktop_core-1.zip: 19%
2023-12-19T05:29:34.913Z [Modules] Streaming discord_desktop_core@1 to /home/irene/.config/discord/0.0.38/modules/pending/discord_desktop_core-1.zip: 21%
2023-12-19T05:29:34.918Z [Modules] Streaming discord_desktop_core@1 to /home/irene/.config/discord/0.0.38/modules/pending/discord_desktop_core-1.zip: 23%
2023-12-19T05:29:34.926Z [Modules] Streaming discord_desktop_core@1 to /home/irene/.config/discord/0.0.38/modules/pending/discord_desktop_core-1.zip: 24%
2023-12-19T05:29:34.931Z [Modules] Streaming discord_desktop_core@1 to /home/irene/.config/discord/0.0.38/modules/pending/discord_desktop_core-1.zip: 25%
2023-12-19T05:29:34.941Z [Modules] Streaming discord_desktop_core@1 to /home/irene/.config/discord/0.0.38/modules/pending/discord_desktop_core-1.zip: 26%
2023-12-19T05:29:34.953Z [Modules] Streaming discord_desktop_core@1 to /home/irene/.config/discord/0.0.38/modules/pending/discord_desktop_core-1.zip: 27%
2023-12-19T05:29:34.975Z [Modules] Streaming discord_desktop_core@1 to /home/irene/.config/discord/0.0.38/modules/pending/discord_desktop_core-1.zip: 28%
2023-12-19T05:29:34.981Z [Modules] Streaming discord_desktop_core@1 to /home/irene/.config/discord/0.0.38/modules/pending/discord_desktop_core-1.zip: 29%
2023-12-19T05:29:34.993Z [Modules] Streaming discord_desktop_core@1 to /home/irene/.config/discord/0.0.38/modules/pending/discord_desktop_core-1.zip: 30%
2023-12-19T05:29:35.000Z [Modules] Streaming discord_desktop_core@1 to /home/irene/.config/discord/0.0.38/modules/pending/discord_desktop_core-1.zip: 31%
2023-12-19T05:29:35.014Z [Modules] Streaming discord_desktop_core@1 to /home/irene/.config/discord/0.0.38/modules/pending/discord_desktop_core-1.zip: 32%
2023-12-19T05:29:35.022Z [Modules] Streaming discord_desktop_core@1 to /home/irene/.config/discord/0.0.38/modules/pending/discord_desktop_core-1.zip: 33%
2023-12-19T05:29:35.028Z [Modules] Streaming discord_desktop_core@1 to /home/irene/.config/discord/0.0.38/modules/pending/discord_desktop_core-1.zip: 34%
2023-12-19T05:29:35.049Z [Modules] Streaming discord_desktop_core@1 to /home/irene/.config/discord/0.0.38/modules/pending/discord_desktop_core-1.zip: 35%
2023-12-19T05:29:35.064Z [Modules] Streaming discord_desktop_core@1 to /home/irene/.config/discord/0.0.38/modules/pending/discord_desktop_core-1.zip: 36%
2023-12-19T05:29:35.072Z [Modules] Streaming discord_desktop_core@1 to /home/irene/.config/discord/0.0.38/modules/pending/discord_desktop_core-1.zip: 38%
2023-12-19T05:29:35.074Z [Modules] Streaming discord_desktop_core@1 to /home/irene/.config/discord/0.0.38/modules/pending/discord_desktop_core-1.zip: 39%
2023-12-19T05:29:35.089Z [Modules] Streaming discord_desktop_core@1 to /home/irene/.config/discord/0.0.38/modules/pending/discord_desktop_core-1.zip: 40%
2023-12-19T05:29:35.100Z [Modules] Streaming discord_desktop_core@1 to /home/irene/.config/discord/0.0.38/modules/pending/discord_desktop_core-1.zip: 42%
2023-12-19T05:29:35.106Z [Modules] Streaming discord_desktop_core@1 to /home/irene/.config/discord/0.0.38/modules/pending/discord_desktop_core-1.zip: 43%
2023-12-19T05:29:35.114Z [Modules] Streaming discord_desktop_core@1 to /home/irene/.config/discord/0.0.38/modules/pending/discord_desktop_core-1.zip: 44%
2023-12-19T05:29:35.124Z [Modules] Streaming discord_desktop_core@1 to /home/irene/.config/discord/0.0.38/modules/pending/discord_desktop_core-1.zip: 45%
2023-12-19T05:29:35.141Z [Modules] Streaming discord_desktop_core@1 to /home/irene/.config/discord/0.0.38/modules/pending/discord_desktop_core-1.zip: 48%
2023-12-19T05:29:35.179Z [Modules] Streaming discord_desktop_core@1 to /home/irene/.config/discord/0.0.38/modules/pending/discord_desktop_core-1.zip: 49%
2023-12-19T05:29:35.181Z [Modules] Streaming discord_desktop_core@1 to /home/irene/.config/discord/0.0.38/modules/pending/discord_desktop_core-1.zip: 50%
2023-12-19T05:29:35.186Z [Modules] Streaming discord_desktop_core@1 to /home/irene/.config/discord/0.0.38/modules/pending/discord_desktop_core-1.zip: 51%
2023-12-19T05:29:35.203Z [Modules] Streaming discord_desktop_core@1 to /home/irene/.config/discord/0.0.38/modules/pending/discord_desktop_core-1.zip: 54%
2023-12-19T05:29:35.208Z [Modules] Streaming discord_desktop_core@1 to /home/irene/.config/discord/0.0.38/modules/pending/discord_desktop_core-1.zip: 57%
2023-12-19T05:29:35.219Z [Modules] Streaming discord_desktop_core@1 to /home/irene/.config/discord/0.0.38/modules/pending/discord_desktop_core-1.zip: 59%
2023-12-19T05:29:35.228Z [Modules] Streaming discord_desktop_core@1 to /home/irene/.config/discord/0.0.38/modules/pending/discord_desktop_core-1.zip: 60%
2023-12-19T05:29:35.242Z [Modules] Streaming discord_desktop_core@1 to /home/irene/.config/discord/0.0.38/modules/pending/discord_desktop_core-1.zip: 61%
2023-12-19T05:29:35.251Z [Modules] Streaming discord_desktop_core@1 to /home/irene/.config/discord/0.0.38/modules/pending/discord_desktop_core-1.zip: 62%
2023-12-19T05:29:35.267Z [Modules] Streaming discord_desktop_core@1 to /home/irene/.config/discord/0.0.38/modules/pending/discord_desktop_core-1.zip: 63%
2023-12-19T05:29:35.272Z [Modules] Streaming discord_desktop_core@1 to /home/irene/.config/discord/0.0.38/modules/pending/discord_desktop_core-1.zip: 64%
2023-12-19T05:29:35.283Z [Modules] Streaming discord_desktop_core@1 to /home/irene/.config/discord/0.0.38/modules/pending/discord_desktop_core-1.zip: 65%
2023-12-19T05:29:35.309Z [Modules] Streaming discord_desktop_core@1 to /home/irene/.config/discord/0.0.38/modules/pending/discord_desktop_core-1.zip: 66%
2023-12-19T05:29:35.313Z [Modules] Streaming discord_desktop_core@1 to /home/irene/.config/discord/0.0.38/modules/pending/discord_desktop_core-1.zip: 67%
2023-12-19T05:29:35.318Z [Modules] Streaming discord_desktop_core@1 to /home/irene/.config/discord/0.0.38/modules/pending/discord_desktop_core-1.zip: 68%
2023-12-19T05:29:35.337Z [Modules] Streaming discord_desktop_core@1 to /home/irene/.config/discord/0.0.38/modules/pending/discord_desktop_core-1.zip: 69%
2023-12-19T05:29:35.343Z [Modules] Streaming discord_desktop_core@1 to /home/irene/.config/discord/0.0.38/modules/pending/discord_desktop_core-1.zip: 70%
2023-12-19T05:29:35.356Z [Modules] Streaming discord_desktop_core@1 to /home/irene/.config/discord/0.0.38/modules/pending/discord_desktop_core-1.zip: 71%
2023-12-19T05:29:35.368Z [Modules] Streaming discord_desktop_core@1 to /home/irene/.config/discord/0.0.38/modules/pending/discord_desktop_core-1.zip: 72%
2023-12-19T05:29:35.375Z [Modules] Streaming discord_desktop_core@1 to /home/irene/.config/discord/0.0.38/modules/pending/discord_desktop_core-1.zip: 74%
2023-12-19T05:29:35.435Z [Modules] Streaming discord_desktop_core@1 to /home/irene/.config/discord/0.0.38/modules/pending/discord_desktop_core-1.zip: 77%
2023-12-19T05:29:35.449Z [Modules] Streaming discord_desktop_core@1 to /home/irene/.config/discord/0.0.38/modules/pending/discord_desktop_core-1.zip: 78%
2023-12-19T05:29:35.455Z [Modules] Streaming discord_desktop_core@1 to /home/irene/.config/discord/0.0.38/modules/pending/discord_desktop_core-1.zip: 80%
2023-12-19T05:29:35.481Z [Modules] Streaming discord_desktop_core@1 to /home/irene/.config/discord/0.0.38/modules/pending/discord_desktop_core-1.zip: 81%
2023-12-19T05:29:35.492Z [Modules] Streaming discord_desktop_core@1 to /home/irene/.config/discord/0.0.38/modules/pending/discord_desktop_core-1.zip: 82%
2023-12-19T05:29:35.499Z [Modules] Streaming discord_desktop_core@1 to /home/irene/.config/discord/0.0.38/modules/pending/discord_desktop_core-1.zip: 83%
2023-12-19T05:29:35.509Z [Modules] Streaming discord_desktop_core@1 to /home/irene/.config/discord/0.0.38/modules/pending/discord_desktop_core-1.zip: 84%
2023-12-19T05:29:35.514Z [Modules] Streaming discord_desktop_core@1 to /home/irene/.config/discord/0.0.38/modules/pending/discord_desktop_core-1.zip: 85%
2023-12-19T05:29:35.540Z [Modules] Streaming discord_desktop_core@1 to /home/irene/.config/discord/0.0.38/modules/pending/discord_desktop_core-1.zip: 87%
2023-12-19T05:29:35.551Z [Modules] Streaming discord_desktop_core@1 to /home/irene/.config/discord/0.0.38/modules/pending/discord_desktop_core-1.zip: 88%
2023-12-19T05:29:35.573Z [Modules] Streaming discord_desktop_core@1 to /home/irene/.config/discord/0.0.38/modules/pending/discord_desktop_core-1.zip: 90%
2023-12-19T05:29:35.581Z [Modules] Streaming discord_desktop_core@1 to /home/irene/.config/discord/0.0.38/modules/pending/discord_desktop_core-1.zip: 91%
2023-12-19T05:29:35.589Z [Modules] Streaming discord_desktop_core@1 to /home/irene/.config/discord/0.0.38/modules/pending/discord_desktop_core-1.zip: 92%
2023-12-19T05:29:35.617Z [Modules] Streaming discord_desktop_core@1 to /home/irene/.config/discord/0.0.38/modules/pending/discord_desktop_core-1.zip: 94%
2023-12-19T05:29:35.628Z [Modules] Streaming discord_desktop_core@1 to /home/irene/.config/discord/0.0.38/modules/pending/discord_desktop_core-1.zip: 95%
2023-12-19T05:29:35.638Z [Modules] Streaming discord_desktop_core@1 to /home/irene/.config/discord/0.0.38/modules/pending/discord_desktop_core-1.zip: 96%
2023-12-19T05:29:35.646Z [Modules] Streaming discord_desktop_core@1 to /home/irene/.config/discord/0.0.38/modules/pending/discord_desktop_core-1.zip: 97%
2023-12-19T05:29:35.657Z [Modules] Streaming discord_desktop_core@1 to /home/irene/.config/discord/0.0.38/modules/pending/discord_desktop_core-1.zip: 98%
2023-12-19T05:29:35.667Z [Modules] Streaming discord_desktop_core@1 to /home/irene/.config/discord/0.0.38/modules/pending/discord_desktop_core-1.zip: 100%
2023-12-19T05:29:35.671Z [Modules] Fetching discord_erlpack@1 from https://discord.com/api/modules/stable/discord_erlpack/1
2023-12-19T05:29:35.671Z [Modules] Streaming discord_erlpack@1 to /home/irene/.config/discord/0.0.38/modules/pending/discord_erlpack-1.zip
2023-12-19T05:29:35.915Z [Modules] Streaming discord_erlpack@1 to /home/irene/.config/discord/0.0.38/modules/pending/discord_erlpack-1.zip: 1%
2023-12-19T05:29:35.937Z [Modules] Streaming discord_erlpack@1 to /home/irene/.config/discord/0.0.38/modules/pending/discord_erlpack-1.zip: 2%
2023-12-19T05:29:35.947Z [Modules] Streaming discord_erlpack@1 to /home/irene/.config/discord/0.0.38/modules/pending/discord_erlpack-1.zip: 3%
2023-12-19T05:29:35.948Z [Modules] Streaming discord_erlpack@1 to /home/irene/.config/discord/0.0.38/modules/pending/discord_erlpack-1.zip: 4%
2023-12-19T05:29:35.956Z [Modules] Streaming discord_erlpack@1 to /home/irene/.config/discord/0.0.38/modules/pending/discord_erlpack-1.zip: 5%
2023-12-19T05:29:35.969Z [Modules] Streaming discord_erlpack@1 to /home/irene/.config/discord/0.0.38/modules/pending/discord_erlpack-1.zip: 6%
2023-12-19T05:29:35.974Z [Modules] Streaming discord_erlpack@1 to /home/irene/.config/discord/0.0.38/modules/pending/discord_erlpack-1.zip: 7%
2023-12-19T05:29:35.982Z [Modules] Streaming discord_erlpack@1 to /home/irene/.config/discord/0.0.38/modules/pending/discord_erlpack-1.zip: 8%
2023-12-19T05:29:35.993Z [Modules] Streaming discord_erlpack@1 to /home/irene/.config/discord/0.0.38/modules/pending/discord_erlpack-1.zip: 9%
2023-12-19T05:29:35.996Z [Modules] Streaming discord_erlpack@1 to /home/irene/.config/discord/0.0.38/modules/pending/discord_erlpack-1.zip: 10%
2023-12-19T05:29:36.003Z [Modules] Streaming discord_erlpack@1 to /home/irene/.config/discord/0.0.38/modules/pending/discord_erlpack-1.zip: 11%
2023-12-19T05:29:36.025Z [Modules] Streaming discord_erlpack@1 to /home/irene/.config/discord/0.0.38/modules/pending/discord_erlpack-1.zip: 12%
2023-12-19T05:29:36.048Z [Modules] Streaming discord_erlpack@1 to /home/irene/.config/discord/0.0.38/modules/pending/discord_erlpack-1.zip: 14%
2023-12-19T05:29:36.051Z [Modules] Streaming discord_erlpack@1 to /home/irene/.config/discord/0.0.38/modules/pending/discord_erlpack-1.zip: 15%
2023-12-19T05:29:36.078Z [Modules] Streaming discord_erlpack@1 to /home/irene/.config/discord/0.0.38/modules/pending/discord_erlpack-1.zip: 16%
2023-12-19T05:29:36.104Z [Modules] Streaming discord_erlpack@1 to /home/irene/.config/discord/0.0.38/modules/pending/discord_erlpack-1.zip: 17%
2023-12-19T05:29:36.133Z [Modules] Streaming discord_erlpack@1 to /home/irene/.config/discord/0.0.38/modules/pending/discord_erlpack-1.zip: 21%
2023-12-19T05:29:36.163Z [Modules] Streaming discord_erlpack@1 to /home/irene/.config/discord/0.0.38/modules/pending/discord_erlpack-1.zip: 22%
2023-12-19T05:29:36.180Z [Modules] Streaming discord_erlpack@1 to /home/irene/.config/discord/0.0.38/modules/pending/discord_erlpack-1.zip: 23%
2023-12-19T05:29:36.215Z [Modules] Streaming discord_erlpack@1 to /home/irene/.config/discord/0.0.38/modules/pending/discord_erlpack-1.zip: 24%
2023-12-19T05:29:36.235Z [Modules] Streaming discord_erlpack@1 to /home/irene/.config/discord/0.0.38/modules/pending/discord_erlpack-1.zip: 25%
2023-12-19T05:29:36.263Z [Modules] Streaming discord_erlpack@1 to /home/irene/.config/discord/0.0.38/modules/pending/discord_erlpack-1.zip: 26%
2023-12-19T05:29:36.270Z [Modules] Streaming discord_erlpack@1 to /home/irene/.config/discord/0.0.38/modules/pending/discord_erlpack-1.zip: 27%
2023-12-19T05:29:36.281Z [Modules] Streaming discord_erlpack@1 to /home/irene/.config/discord/0.0.38/modules/pending/discord_erlpack-1.zip: 28%
2023-12-19T05:29:36.289Z [Modules] Streaming discord_erlpack@1 to /home/irene/.config/discord/0.0.38/modules/pending/discord_erlpack-1.zip: 29%
2023-12-19T05:29:36.328Z [Modules] Streaming discord_erlpack@1 to /home/irene/.config/discord/0.0.38/modules/pending/discord_erlpack-1.zip: 30%
2023-12-19T05:29:36.333Z [Modules] Streaming discord_erlpack@1 to /home/irene/.config/discord/0.0.38/modules/pending/discord_erlpack-1.zip: 31%
2023-12-19T05:29:36.359Z [Modules] Streaming discord_erlpack@1 to /home/irene/.config/discord/0.0.38/modules/pending/discord_erlpack-1.zip: 32%
2023-12-19T05:29:36.365Z [Modules] Streaming discord_erlpack@1 to /home/irene/.config/discord/0.0.38/modules/pending/discord_erlpack-1.zip: 33%
2023-12-19T05:29:36.376Z [Modules] Streaming discord_erlpack@1 to /home/irene/.config/discord/0.0.38/modules/pending/discord_erlpack-1.zip: 34%
2023-12-19T05:29:36.382Z [Modules] Streaming discord_erlpack@1 to /home/irene/.config/discord/0.0.38/modules/pending/discord_erlpack-1.zip: 35%
2023-12-19T05:29:36.397Z [Modules] Streaming discord_erlpack@1 to /home/irene/.config/discord/0.0.38/modules/pending/discord_erlpack-1.zip: 36%
2023-12-19T05:29:36.422Z [Modules] Streaming discord_erlpack@1 to /home/irene/.config/discord/0.0.38/modules/pending/discord_erlpack-1.zip: 37%
2023-12-19T05:29:36.434Z [Modules] Streaming discord_erlpack@1 to /home/irene/.config/discord/0.0.38/modules/pending/discord_erlpack-1.zip: 38%
2023-12-19T05:29:36.464Z [Modules] Streaming discord_erlpack@1 to /home/irene/.config/discord/0.0.38/modules/pending/discord_erlpack-1.zip: 40%
2023-12-19T05:29:36.476Z [Modules] Streaming discord_erlpack@1 to /home/irene/.config/discord/0.0.38/modules/pending/discord_erlpack-1.zip: 41%
2023-12-19T05:29:36.559Z [Modules] Streaming discord_erlpack@1 to /home/irene/.config/discord/0.0.38/modules/pending/discord_erlpack-1.zip: 42%
2023-12-19T05:29:36.620Z [Modules] Streaming discord_erlpack@1 to /home/irene/.config/discord/0.0.38/modules/pending/discord_erlpack-1.zip: 44%
2023-12-19T05:29:36.636Z [Modules] Streaming discord_erlpack@1 to /home/irene/.config/discord/0.0.38/modules/pending/discord_erlpack-1.zip: 47%
2023-12-19T05:29:36.641Z [Modules] Streaming discord_erlpack@1 to /home/irene/.config/discord/0.0.38/modules/pending/discord_erlpack-1.zip: 48%
2023-12-19T05:29:36.677Z [Modules] Streaming discord_erlpack@1 to /home/irene/.config/discord/0.0.38/modules/pending/discord_erlpack-1.zip: 50%
2023-12-19T05:29:36.685Z [Modules] Streaming discord_erlpack@1 to /home/irene/.config/discord/0.0.38/modules/pending/discord_erlpack-1.zip: 51%
2023-12-19T05:29:36.703Z [Modules] Streaming discord_erlpack@1 to /home/irene/.config/discord/0.0.38/modules/pending/discord_erlpack-1.zip: 52%
2023-12-19T05:29:36.727Z [Modules] Streaming discord_erlpack@1 to /home/irene/.config/discord/0.0.38/modules/pending/discord_erlpack-1.zip: 53%
2023-12-19T05:29:36.734Z [Modules] Streaming discord_erlpack@1 to /home/irene/.config/discord/0.0.38/modules/pending/discord_erlpack-1.zip: 54%
2023-12-19T05:29:36.742Z [Modules] Streaming discord_erlpack@1 to /home/irene/.config/discord/0.0.38/modules/pending/discord_erlpack-1.zip: 55%
2023-12-19T05:29:36.750Z [Modules] Streaming discord_erlpack@1 to /home/irene/.config/discord/0.0.38/modules/pending/discord_erlpack-1.zip: 56%
2023-12-19T05:29:36.778Z [Modules] Streaming discord_erlpack@1 to /home/irene/.config/discord/0.0.38/modules/pending/discord_erlpack-1.zip: 59%
2023-12-19T05:29:36.847Z [Modules] Streaming discord_erlpack@1 to /home/irene/.config/discord/0.0.38/modules/pending/discord_erlpack-1.zip: 63%
2023-12-19T05:29:36.849Z [Modules] Streaming discord_erlpack@1 to /home/irene/.config/discord/0.0.38/modules/pending/discord_erlpack-1.zip: 64%
2023-12-19T05:29:36.858Z [Modules] Streaming discord_erlpack@1 to /home/irene/.config/discord/0.0.38/modules/pending/discord_erlpack-1.zip: 65%
2023-12-19T05:29:36.863Z [Modules] Streaming discord_erlpack@1 to /home/irene/.config/discord/0.0.38/modules/pending/discord_erlpack-1.zip: 69%
2023-12-19T05:29:36.876Z [Modules] Streaming discord_erlpack@1 to /home/irene/.config/discord/0.0.38/modules/pending/discord_erlpack-1.zip: 70%
2023-12-19T05:29:36.882Z [Modules] Streaming discord_erlpack@1 to /home/irene/.config/discord/0.0.38/modules/pending/discord_erlpack-1.zip: 71%
2023-12-19T05:29:36.959Z [Modules] Streaming discord_erlpack@1 to /home/irene/.config/discord/0.0.38/modules/pending/discord_erlpack-1.zip: 72%
2023-12-19T05:29:36.974Z [Modules] Streaming discord_erlpack@1 to /home/irene/.config/discord/0.0.38/modules/pending/discord_erlpack-1.zip: 73%
2023-12-19T05:29:36.992Z [Modules] Streaming discord_erlpack@1 to /home/irene/.config/discord/0.0.38/modules/pending/discord_erlpack-1.zip: 75%
2023-12-19T05:29:37.007Z [Modules] Streaming discord_erlpack@1 to /home/irene/.config/discord/0.0.38/modules/pending/discord_erlpack-1.zip: 77%
2023-12-19T05:29:37.034Z [Modules] Streaming discord_erlpack@1 to /home/irene/.config/discord/0.0.38/modules/pending/discord_erlpack-1.zip: 78%
2023-12-19T05:29:37.048Z [Modules] Streaming discord_erlpack@1 to /home/irene/.config/discord/0.0.38/modules/pending/discord_erlpack-1.zip: 79%
2023-12-19T05:29:37.060Z [Modules] Streaming discord_erlpack@1 to /home/irene/.config/discord/0.0.38/modules/pending/discord_erlpack-1.zip: 80%
2023-12-19T05:29:37.070Z [Modules] Streaming discord_erlpack@1 to /home/irene/.config/discord/0.0.38/modules/pending/discord_erlpack-1.zip: 82%
2023-12-19T05:29:37.074Z [Modules] Streaming discord_erlpack@1 to /home/irene/.config/discord/0.0.38/modules/pending/discord_erlpack-1.zip: 85%
2023-12-19T05:29:37.082Z [Modules] Streaming discord_erlpack@1 to /home/irene/.config/discord/0.0.38/modules/pending/discord_erlpack-1.zip: 86%
2023-12-19T05:29:37.087Z [Modules] Streaming discord_erlpack@1 to /home/irene/.config/discord/0.0.38/modules/pending/discord_erlpack-1.zip: 87%
2023-12-19T05:29:37.097Z [Modules] Streaming discord_erlpack@1 to /home/irene/.config/discord/0.0.38/modules/pending/discord_erlpack-1.zip: 88%
2023-12-19T05:29:37.101Z [Modules] Streaming discord_erlpack@1 to /home/irene/.config/discord/0.0.38/modules/pending/discord_erlpack-1.zip: 89%
2023-12-19T05:29:37.108Z [Modules] Streaming discord_erlpack@1 to /home/irene/.config/discord/0.0.38/modules/pending/discord_erlpack-1.zip: 90%
2023-12-19T05:29:37.116Z [Modules] Streaming discord_erlpack@1 to /home/irene/.config/discord/0.0.38/modules/pending/discord_erlpack-1.zip: 91%
2023-12-19T05:29:37.131Z [Modules] Streaming discord_erlpack@1 to /home/irene/.config/discord/0.0.38/modules/pending/discord_erlpack-1.zip: 92%
2023-12-19T05:29:37.147Z [Modules] Streaming discord_erlpack@1 to /home/irene/.config/discord/0.0.38/modules/pending/discord_erlpack-1.zip: 95%
2023-12-19T05:29:37.175Z [Modules] Streaming discord_erlpack@1 to /home/irene/.config/discord/0.0.38/modules/pending/discord_erlpack-1.zip: 99%
2023-12-19T05:29:37.177Z [Modules] Streaming discord_erlpack@1 to /home/irene/.config/discord/0.0.38/modules/pending/discord_erlpack-1.zip: 100%
2023-12-19T05:29:37.181Z [Modules] Fetching discord_spellcheck@1 from https://discord.com/api/modules/stable/discord_spellcheck/1
2023-12-19T05:29:37.181Z [Modules] Streaming discord_spellcheck@1 to /home/irene/.config/discord/0.0.38/modules/pending/discord_spellcheck-1.zip
2023-12-19T05:29:37.447Z [Modules] Streaming discord_spellcheck@1 to /home/irene/.config/discord/0.0.38/modules/pending/discord_spellcheck-1.zip: 1%
2023-12-19T05:29:37.520Z [Modules] Streaming discord_spellcheck@1 to /home/irene/.config/discord/0.0.38/modules/pending/discord_spellcheck-1.zip: 2%
2023-12-19T05:29:37.547Z [Modules] Streaming discord_spellcheck@1 to /home/irene/.config/discord/0.0.38/modules/pending/discord_spellcheck-1.zip: 3%
2023-12-19T05:29:37.565Z [Modules] Streaming discord_spellcheck@1 to /home/irene/.config/discord/0.0.38/modules/pending/discord_spellcheck-1.zip: 4%
2023-12-19T05:29:37.605Z [Modules] Streaming discord_spellcheck@1 to /home/irene/.config/discord/0.0.38/modules/pending/discord_spellcheck-1.zip: 5%
2023-12-19T05:29:37.676Z [Modules] Streaming discord_spellcheck@1 to /home/irene/.config/discord/0.0.38/modules/pending/discord_spellcheck-1.zip: 6%
2023-12-19T05:29:37.770Z [Modules] Streaming discord_spellcheck@1 to /home/irene/.config/discord/0.0.38/modules/pending/discord_spellcheck-1.zip: 7%
2023-12-19T05:29:37.839Z [Modules] Streaming discord_spellcheck@1 to /home/irene/.config/discord/0.0.38/modules/pending/discord_spellcheck-1.zip: 8%
2023-12-19T05:29:37.943Z [Modules] Streaming discord_spellcheck@1 to /home/irene/.config/discord/0.0.38/modules/pending/discord_spellcheck-1.zip: 9%
2023-12-19T05:29:37.992Z [Modules] Streaming discord_spellcheck@1 to /home/irene/.config/discord/0.0.38/modules/pending/discord_spellcheck-1.zip: 10%
2023-12-19T05:29:38.067Z [Modules] Streaming discord_spellcheck@1 to /home/irene/.config/discord/0.0.38/modules/pending/discord_spellcheck-1.zip: 11%
2023-12-19T05:29:38.148Z [Modules] Streaming discord_spellcheck@1 to /home/irene/.config/discord/0.0.38/modules/pending/discord_spellcheck-1.zip: 12%
2023-12-19T05:29:38.200Z [Modules] Streaming discord_spellcheck@1 to /home/irene/.config/discord/0.0.38/modules/pending/discord_spellcheck-1.zip: 13%
2023-12-19T05:29:38.218Z [Modules] Streaming discord_spellcheck@1 to /home/irene/.config/discord/0.0.38/modules/pending/discord_spellcheck-1.zip: 14%
2023-12-19T05:29:38.274Z [Modules] Streaming discord_spellcheck@1 to /home/irene/.config/discord/0.0.38/modules/pending/discord_spellcheck-1.zip: 15%
2023-12-19T05:29:38.348Z [Modules] Streaming discord_spellcheck@1 to /home/irene/.config/discord/0.0.38/modules/pending/discord_spellcheck-1.zip: 16%
2023-12-19T05:29:38.422Z [Modules] Streaming discord_spellcheck@1 to /home/irene/.config/discord/0.0.38/modules/pending/discord_spellcheck-1.zip: 17%
2023-12-19T05:29:38.442Z [Modules] Streaming discord_spellcheck@1 to /home/irene/.config/discord/0.0.38/modules/pending/discord_spellcheck-1.zip: 18%
2023-12-19T05:29:38.478Z [Modules] Streaming discord_spellcheck@1 to /home/irene/.config/discord/0.0.38/modules/pending/discord_spellcheck-1.zip: 19%
2023-12-19T05:29:38.546Z [Modules] Streaming discord_spellcheck@1 to /home/irene/.config/discord/0.0.38/modules/pending/discord_spellcheck-1.zip: 20%
2023-12-19T05:29:38.603Z [Modules] Streaming discord_spellcheck@1 to /home/irene/.config/discord/0.0.38/modules/pending/discord_spellcheck-1.zip: 21%
2023-12-19T05:29:38.647Z [Modules] Streaming discord_spellcheck@1 to /home/irene/.config/discord/0.0.38/modules/pending/discord_spellcheck-1.zip: 22%
2023-12-19T05:29:38.699Z [Modules] Streaming discord_spellcheck@1 to /home/irene/.config/discord/0.0.38/modules/pending/discord_spellcheck-1.zip: 23%
2023-12-19T05:29:38.811Z [Modules] Streaming discord_spellcheck@1 to /home/irene/.config/discord/0.0.38/modules/pending/discord_spellcheck-1.zip: 24%
2023-12-19T05:29:38.836Z [Modules] Streaming discord_spellcheck@1 to /home/irene/.config/discord/0.0.38/modules/pending/discord_spellcheck-1.zip: 25%
2023-12-19T05:29:38.891Z [Modules] Streaming discord_spellcheck@1 to /home/irene/.config/discord/0.0.38/modules/pending/discord_spellcheck-1.zip: 26%
2023-12-19T05:29:38.960Z [Modules] Streaming discord_spellcheck@1 to /home/irene/.config/discord/0.0.38/modules/pending/discord_spellcheck-1.zip: 27%
2023-12-19T05:29:39.019Z [Modules] Streaming discord_spellcheck@1 to /home/irene/.config/discord/0.0.38/modules/pending/discord_spellcheck-1.zip: 28%
2023-12-19T05:29:39.090Z [Modules] Streaming discord_spellcheck@1 to /home/irene/.config/discord/0.0.38/modules/pending/discord_spellcheck-1.zip: 29%
2023-12-19T05:29:39.165Z [Modules] Streaming discord_spellcheck@1 to /home/irene/.config/discord/0.0.38/modules/pending/discord_spellcheck-1.zip: 30%
2023-12-19T05:29:39.229Z [Modules] Streaming discord_spellcheck@1 to /home/irene/.config/discord/0.0.38/modules/pending/discord_spellcheck-1.zip: 31%
2023-12-19T05:29:39.304Z [Modules] Streaming discord_spellcheck@1 to /home/irene/.config/discord/0.0.38/modules/pending/discord_spellcheck-1.zip: 32%
2023-12-19T05:29:39.355Z [Modules] Streaming discord_spellcheck@1 to /home/irene/.config/discord/0.0.38/modules/pending/discord_spellcheck-1.zip: 33%
2023-12-19T05:29:39.397Z [Modules] Streaming discord_spellcheck@1 to /home/irene/.config/discord/0.0.38/modules/pending/discord_spellcheck-1.zip: 34%
2023-12-19T05:29:39.468Z [Modules] Streaming discord_spellcheck@1 to /home/irene/.config/discord/0.0.38/modules/pending/discord_spellcheck-1.zip: 35%
2023-12-19T05:29:39.539Z [Modules] Streaming discord_spellcheck@1 to /home/irene/.config/discord/0.0.38/modules/pending/discord_spellcheck-1.zip: 36%
2023-12-19T05:29:39.583Z [Modules] Streaming discord_spellcheck@1 to /home/irene/.config/discord/0.0.38/modules/pending/discord_spellcheck-1.zip: 37%
2023-12-19T05:29:39.630Z [Modules] Streaming discord_spellcheck@1 to /home/irene/.config/discord/0.0.38/modules/pending/discord_spellcheck-1.zip: 38%
2023-12-19T05:29:39.670Z [Modules] Streaming discord_spellcheck@1 to /home/irene/.config/discord/0.0.38/modules/pending/discord_spellcheck-1.zip: 39%
2023-12-19T05:29:39.750Z [Modules] Streaming discord_spellcheck@1 to /home/irene/.config/discord/0.0.38/modules/pending/discord_spellcheck-1.zip: 40%
2023-12-19T05:29:39.809Z [Modules] Streaming discord_spellcheck@1 to /home/irene/.config/discord/0.0.38/modules/pending/discord_spellcheck-1.zip: 41%
2023-12-19T05:29:39.857Z [Modules] Streaming discord_spellcheck@1 to /home/irene/.config/discord/0.0.38/modules/pending/discord_spellcheck-1.zip: 42%
2023-12-19T05:29:39.946Z [Modules] Streaming discord_spellcheck@1 to /home/irene/.config/discord/0.0.38/modules/pending/discord_spellcheck-1.zip: 43%
2023-12-19T05:29:40.022Z [Modules] Streaming discord_spellcheck@1 to /home/irene/.config/discord/0.0.38/modules/pending/discord_spellcheck-1.zip: 44%
2023-12-19T05:29:40.091Z [Modules] Streaming discord_spellcheck@1 to /home/irene/.config/discord/0.0.38/modules/pending/discord_spellcheck-1.zip: 45%
2023-12-19T05:29:40.175Z [Modules] Streaming discord_spellcheck@1 to /home/irene/.config/discord/0.0.38/modules/pending/discord_spellcheck-1.zip: 46%
2023-12-19T05:29:40.261Z [Modules] Streaming discord_spellcheck@1 to /home/irene/.config/discord/0.0.38/modules/pending/discord_spellcheck-1.zip: 47%
2023-12-19T05:29:40.353Z [Modules] Streaming discord_spellcheck@1 to /home/irene/.config/discord/0.0.38/modules/pending/discord_spellcheck-1.zip: 48%
2023-12-19T05:29:40.378Z [Modules] Streaming discord_spellcheck@1 to /home/irene/.config/discord/0.0.38/modules/pending/discord_spellcheck-1.zip: 49%
2023-12-19T05:29:40.402Z [Modules] Streaming discord_spellcheck@1 to /home/irene/.config/discord/0.0.38/modules/pending/discord_spellcheck-1.zip: 50%
2023-12-19T05:29:40.451Z [Modules] Streaming discord_spellcheck@1 to /home/irene/.config/discord/0.0.38/modules/pending/discord_spellcheck-1.zip: 51%
2023-12-19T05:29:40.538Z [Modules] Streaming discord_spellcheck@1 to /home/irene/.config/discord/0.0.38/modules/pending/discord_spellcheck-1.zip: 52%
2023-12-19T05:29:40.565Z [Modules] Streaming discord_spellcheck@1 to /home/irene/.config/discord/0.0.38/modules/pending/discord_spellcheck-1.zip: 53%
2023-12-19T05:29:40.604Z [Modules] Streaming discord_spellcheck@1 to /home/irene/.config/discord/0.0.38/modules/pending/discord_spellcheck-1.zip: 54%
2023-12-19T05:29:40.647Z [Modules] Streaming discord_spellcheck@1 to /home/irene/.config/discord/0.0.38/modules/pending/discord_spellcheck-1.zip: 55%
2023-12-19T05:29:40.709Z [Modules] Streaming discord_spellcheck@1 to /home/irene/.config/discord/0.0.38/modules/pending/discord_spellcheck-1.zip: 56%
2023-12-19T05:29:40.787Z [Modules] Streaming discord_spellcheck@1 to /home/irene/.config/discord/0.0.38/modules/pending/discord_spellcheck-1.zip: 57%
2023-12-19T05:29:41.008Z [Modules] Streaming discord_spellcheck@1 to /home/irene/.config/discord/0.0.38/modules/pending/discord_spellcheck-1.zip: 58%
2023-12-19T05:29:41.084Z [Modules] Streaming discord_spellcheck@1 to /home/irene/.config/discord/0.0.38/modules/pending/discord_spellcheck-1.zip: 59%
2023-12-19T05:29:41.124Z [Modules] Streaming discord_spellcheck@1 to /home/irene/.config/discord/0.0.38/modules/pending/discord_spellcheck-1.zip: 60%
2023-12-19T05:29:41.182Z [Modules] Streaming discord_spellcheck@1 to /home/irene/.config/discord/0.0.38/modules/pending/discord_spellcheck-1.zip: 61%
2023-12-19T05:29:41.250Z [Modules] Streaming discord_spellcheck@1 to /home/irene/.config/discord/0.0.38/modules/pending/discord_spellcheck-1.zip: 62%
2023-12-19T05:29:41.392Z [Modules] Streaming discord_spellcheck@1 to /home/irene/.config/discord/0.0.38/modules/pending/discord_spellcheck-1.zip: 63%
2023-12-19T05:29:41.466Z [Modules] Streaming discord_spellcheck@1 to /home/irene/.config/discord/0.0.38/modules/pending/discord_spellcheck-1.zip: 64%
2023-12-19T05:29:41.577Z [Modules] Streaming discord_spellcheck@1 to /home/irene/.config/discord/0.0.38/modules/pending/discord_spellcheck-1.zip: 65%
2023-12-19T05:29:41.589Z [Modules] Streaming discord_spellcheck@1 to /home/irene/.config/discord/0.0.38/modules/pending/discord_spellcheck-1.zip: 66%
2023-12-19T05:29:41.647Z [Modules] Streaming discord_spellcheck@1 to /home/irene/.config/discord/0.0.38/modules/pending/discord_spellcheck-1.zip: 67%
2023-12-19T05:29:41.698Z [Modules] Streaming discord_spellcheck@1 to /home/irene/.config/discord/0.0.38/modules/pending/discord_spellcheck-1.zip: 68%
2023-12-19T05:29:41.722Z [Modules] Streaming discord_spellcheck@1 to /home/irene/.config/discord/0.0.38/modules/pending/discord_spellcheck-1.zip: 69%
2023-12-19T05:29:41.840Z [Modules] Streaming discord_spellcheck@1 to /home/irene/.config/discord/0.0.38/modules/pending/discord_spellcheck-1.zip: 70%
2023-12-19T05:29:41.842Z [Modules] Streaming discord_spellcheck@1 to /home/irene/.config/discord/0.0.38/modules/pending/discord_spellcheck-1.zip: 71%
2023-12-19T05:29:41.863Z [Modules] Streaming discord_spellcheck@1 to /home/irene/.config/discord/0.0.38/modules/pending/discord_spellcheck-1.zip: 72%
2023-12-19T05:29:41.867Z [Modules] Streaming discord_spellcheck@1 to /home/irene/.config/discord/0.0.38/modules/pending/discord_spellcheck-1.zip: 73%
2023-12-19T05:29:41.938Z [Modules] Streaming discord_spellcheck@1 to /home/irene/.config/discord/0.0.38/modules/pending/discord_spellcheck-1.zip: 74%
2023-12-19T05:29:42.006Z [Modules] Streaming discord_spellcheck@1 to /home/irene/.config/discord/0.0.38/modules/pending/discord_spellcheck-1.zip: 75%
2023-12-19T05:29:42.066Z [Modules] Streaming discord_spellcheck@1 to /home/irene/.config/discord/0.0.38/modules/pending/discord_spellcheck-1.zip: 76%
2023-12-19T05:29:42.107Z [Modules] Streaming discord_spellcheck@1 to /home/irene/.config/discord/0.0.38/modules/pending/discord_spellcheck-1.zip: 77%
2023-12-19T05:29:42.193Z [Modules] Streaming discord_spellcheck@1 to /home/irene/.config/discord/0.0.38/modules/pending/discord_spellcheck-1.zip: 78%
2023-12-19T05:29:42.261Z [Modules] Streaming discord_spellcheck@1 to /home/irene/.config/discord/0.0.38/modules/pending/discord_spellcheck-1.zip: 79%
2023-12-19T05:29:42.343Z [Modules] Streaming discord_spellcheck@1 to /home/irene/.config/discord/0.0.38/modules/pending/discord_spellcheck-1.zip: 80%
2023-12-19T05:29:42.408Z [Modules] Streaming discord_spellcheck@1 to /home/irene/.config/discord/0.0.38/modules/pending/discord_spellcheck-1.zip: 81%
2023-12-19T05:29:42.446Z [Modules] Streaming discord_spellcheck@1 to /home/irene/.config/discord/0.0.38/modules/pending/discord_spellcheck-1.zip: 82%
2023-12-19T05:29:42.521Z [Modules] Streaming discord_spellcheck@1 to /home/irene/.config/discord/0.0.38/modules/pending/discord_spellcheck-1.zip: 83%
2023-12-19T05:29:42.588Z [Modules] Streaming discord_spellcheck@1 to /home/irene/.config/discord/0.0.38/modules/pending/discord_spellcheck-1.zip: 84%
2023-12-19T05:29:42.640Z [Modules] Streaming discord_spellcheck@1 to /home/irene/.config/discord/0.0.38/modules/pending/discord_spellcheck-1.zip: 85%
2023-12-19T05:29:42.703Z [Modules] Streaming discord_spellcheck@1 to /home/irene/.config/discord/0.0.38/modules/pending/discord_spellcheck-1.zip: 86%
2023-12-19T05:29:42.758Z [Modules] Streaming discord_spellcheck@1 to /home/irene/.config/discord/0.0.38/modules/pending/discord_spellcheck-1.zip: 87%
2023-12-19T05:29:42.831Z [Modules] Streaming discord_spellcheck@1 to /home/irene/.config/discord/0.0.38/modules/pending/discord_spellcheck-1.zip: 88%
2023-12-19T05:29:42.904Z [Modules] Streaming discord_spellcheck@1 to /home/irene/.config/discord/0.0.38/modules/pending/discord_spellcheck-1.zip: 89%
2023-12-19T05:29:42.949Z [Modules] Streaming discord_spellcheck@1 to /home/irene/.config/discord/0.0.38/modules/pending/discord_spellcheck-1.zip: 90%
2023-12-19T05:29:42.992Z [Modules] Streaming discord_spellcheck@1 to /home/irene/.config/discord/0.0.38/modules/pending/discord_spellcheck-1.zip: 91%
2023-12-19T05:29:43.366Z [Modules] Streaming discord_spellcheck@1 to /home/irene/.config/discord/0.0.38/modules/pending/discord_spellcheck-1.zip: 92%
2023-12-19T05:29:43.443Z [Modules] Streaming discord_spellcheck@1 to /home/irene/.config/discord/0.0.38/modules/pending/discord_spellcheck-1.zip: 93%
2023-12-19T05:29:43.537Z [Modules] Streaming discord_spellcheck@1 to /home/irene/.config/discord/0.0.38/modules/pending/discord_spellcheck-1.zip: 94%
2023-12-19T05:29:43.631Z [Modules] Streaming discord_spellcheck@1 to /home/irene/.config/discord/0.0.38/modules/pending/discord_spellcheck-1.zip: 95%
2023-12-19T05:29:43.647Z [Modules] Streaming discord_spellcheck@1 to /home/irene/.config/discord/0.0.38/modules/pending/discord_spellcheck-1.zip: 96%
2023-12-19T05:29:43.847Z [Modules] Streaming discord_spellcheck@1 to /home/irene/.config/discord/0.0.38/modules/pending/discord_spellcheck-1.zip: 97%
2023-12-19T05:29:43.932Z [Modules] Streaming discord_spellcheck@1 to /home/irene/.config/discord/0.0.38/modules/pending/discord_spellcheck-1.zip: 98%
2023-12-19T05:29:43.952Z [Modules] Streaming discord_spellcheck@1 to /home/irene/.config/discord/0.0.38/modules/pending/discord_spellcheck-1.zip: 99%
2023-12-19T05:29:43.990Z [Modules] Streaming discord_spellcheck@1 to /home/irene/.config/discord/0.0.38/modules/pending/discord_spellcheck-1.zip: 100%
2023-12-19T05:29:43.994Z [Modules] Fetching discord_utils@1 from https://discord.com/api/modules/stable/discord_utils/1
2023-12-19T05:29:43.994Z [Modules] Streaming discord_utils@1 to /home/irene/.config/discord/0.0.38/modules/pending/discord_utils-1.zip
2023-12-19T05:29:44.342Z [Modules] Streaming discord_utils@1 to /home/irene/.config/discord/0.0.38/modules/pending/discord_utils-1.zip: 2%
2023-12-19T05:29:44.348Z [Modules] Streaming discord_utils@1 to /home/irene/.config/discord/0.0.38/modules/pending/discord_utils-1.zip: 3%
2023-12-19T05:29:44.400Z [Modules] Streaming discord_utils@1 to /home/irene/.config/discord/0.0.38/modules/pending/discord_utils-1.zip: 4%
2023-12-19T05:29:44.526Z [Modules] Streaming discord_utils@1 to /home/irene/.config/discord/0.0.38/modules/pending/discord_utils-1.zip: 5%
2023-12-19T05:29:44.551Z [Modules] Streaming discord_utils@1 to /home/irene/.config/discord/0.0.38/modules/pending/discord_utils-1.zip: 6%
2023-12-19T05:29:44.565Z [Modules] Streaming discord_utils@1 to /home/irene/.config/discord/0.0.38/modules/pending/discord_utils-1.zip: 7%
2023-12-19T05:29:44.614Z [Modules] Streaming discord_utils@1 to /home/irene/.config/discord/0.0.38/modules/pending/discord_utils-1.zip: 8%
2023-12-19T05:29:44.628Z [Modules] Streaming discord_utils@1 to /home/irene/.config/discord/0.0.38/modules/pending/discord_utils-1.zip: 9%
2023-12-19T05:29:44.655Z [Modules] Streaming discord_utils@1 to /home/irene/.config/discord/0.0.38/modules/pending/discord_utils-1.zip: 11%
2023-12-19T05:29:44.686Z [Modules] Streaming discord_utils@1 to /home/irene/.config/discord/0.0.38/modules/pending/discord_utils-1.zip: 12%
2023-12-19T05:29:44.744Z [Modules] Streaming discord_utils@1 to /home/irene/.config/discord/0.0.38/modules/pending/discord_utils-1.zip: 13%
2023-12-19T05:29:44.766Z [Modules] Streaming discord_utils@1 to /home/irene/.config/discord/0.0.38/modules/pending/discord_utils-1.zip: 14%
2023-12-19T05:29:44.782Z [Modules] Streaming discord_utils@1 to /home/irene/.config/discord/0.0.38/modules/pending/discord_utils-1.zip: 15%
2023-12-19T05:29:44.836Z [Modules] Streaming discord_utils@1 to /home/irene/.config/discord/0.0.38/modules/pending/discord_utils-1.zip: 16%
2023-12-19T05:29:44.845Z [Modules] Streaming discord_utils@1 to /home/irene/.config/discord/0.0.38/modules/pending/discord_utils-1.zip: 17%
2023-12-19T05:29:45.183Z [Modules] Streaming discord_utils@1 to /home/irene/.config/discord/0.0.38/modules/pending/discord_utils-1.zip: 18%
2023-12-19T05:29:45.198Z [Modules] Streaming discord_utils@1 to /home/irene/.config/discord/0.0.38/modules/pending/discord_utils-1.zip: 19%
2023-12-19T05:29:45.243Z [Modules] Streaming discord_utils@1 to /home/irene/.config/discord/0.0.38/modules/pending/discord_utils-1.zip: 20%
2023-12-19T05:29:45.286Z [Modules] Streaming discord_utils@1 to /home/irene/.config/discord/0.0.38/modules/pending/discord_utils-1.zip: 22%
2023-12-19T05:29:45.303Z [Modules] Streaming discord_utils@1 to /home/irene/.config/discord/0.0.38/modules/pending/discord_utils-1.zip: 23%
2023-12-19T05:29:45.323Z [Modules] Streaming discord_utils@1 to /home/irene/.config/discord/0.0.38/modules/pending/discord_utils-1.zip: 24%
2023-12-19T05:29:45.358Z [Modules] Streaming discord_utils@1 to /home/irene/.config/discord/0.0.38/modules/pending/discord_utils-1.zip: 25%
2023-12-19T05:29:45.391Z [Modules] Streaming discord_utils@1 to /home/irene/.config/discord/0.0.38/modules/pending/discord_utils-1.zip: 27%
2023-12-19T05:29:45.394Z [Modules] Streaming discord_utils@1 to /home/irene/.config/discord/0.0.38/modules/pending/discord_utils-1.zip: 28%
2023-12-19T05:29:45.421Z [Modules] Streaming discord_utils@1 to /home/irene/.config/discord/0.0.38/modules/pending/discord_utils-1.zip: 29%
2023-12-19T05:29:45.449Z [Modules] Streaming discord_utils@1 to /home/irene/.config/discord/0.0.38/modules/pending/discord_utils-1.zip: 30%
2023-12-19T05:29:45.481Z [Modules] Streaming discord_utils@1 to /home/irene/.config/discord/0.0.38/modules/pending/discord_utils-1.zip: 32%
2023-12-19T05:29:45.496Z [Modules] Streaming discord_utils@1 to /home/irene/.config/discord/0.0.38/modules/pending/discord_utils-1.zip: 34%
2023-12-19T05:29:45.498Z [Modules] Streaming discord_utils@1 to /home/irene/.config/discord/0.0.38/modules/pending/discord_utils-1.zip: 35%
2023-12-19T05:29:45.499Z [Modules] Streaming discord_utils@1 to /home/irene/.config/discord/0.0.38/modules/pending/discord_utils-1.zip: 36%
2023-12-19T05:29:45.510Z [Modules] Streaming discord_utils@1 to /home/irene/.config/discord/0.0.38/modules/pending/discord_utils-1.zip: 37%
2023-12-19T05:29:45.516Z [Modules] Streaming discord_utils@1 to /home/irene/.config/discord/0.0.38/modules/pending/discord_utils-1.zip: 38%
2023-12-19T05:29:45.543Z [Modules] Streaming discord_utils@1 to /home/irene/.config/discord/0.0.38/modules/pending/discord_utils-1.zip: 39%
2023-12-19T05:29:45.563Z [Modules] Streaming discord_utils@1 to /home/irene/.config/discord/0.0.38/modules/pending/discord_utils-1.zip: 40%
2023-12-19T05:29:45.577Z [Modules] Streaming discord_utils@1 to /home/irene/.config/discord/0.0.38/modules/pending/discord_utils-1.zip: 41%
2023-12-19T05:29:45.608Z [Modules] Streaming discord_utils@1 to /home/irene/.config/discord/0.0.38/modules/pending/discord_utils-1.zip: 42%
2023-12-19T05:29:45.617Z [Modules] Streaming discord_utils@1 to /home/irene/.config/discord/0.0.38/modules/pending/discord_utils-1.zip: 43%
2023-12-19T05:29:45.637Z [Modules] Streaming discord_utils@1 to /home/irene/.config/discord/0.0.38/modules/pending/discord_utils-1.zip: 44%
2023-12-19T05:29:45.654Z [Modules] Streaming discord_utils@1 to /home/irene/.config/discord/0.0.38/modules/pending/discord_utils-1.zip: 45%
2023-12-19T05:29:45.661Z [Modules] Streaming discord_utils@1 to /home/irene/.config/discord/0.0.38/modules/pending/discord_utils-1.zip: 46%
2023-12-19T05:29:45.678Z [Modules] Streaming discord_utils@1 to /home/irene/.config/discord/0.0.38/modules/pending/discord_utils-1.zip: 47%
2023-12-19T05:29:45.696Z [Modules] Streaming discord_utils@1 to /home/irene/.config/discord/0.0.38/modules/pending/discord_utils-1.zip: 48%
2023-12-19T05:29:45.715Z [Modules] Streaming discord_utils@1 to /home/irene/.config/discord/0.0.38/modules/pending/discord_utils-1.zip: 49%
2023-12-19T05:29:45.727Z [Modules] Streaming discord_utils@1 to /home/irene/.config/discord/0.0.38/modules/pending/discord_utils-1.zip: 50%
2023-12-19T05:29:45.739Z [Modules] Streaming discord_utils@1 to /home/irene/.config/discord/0.0.38/modules/pending/discord_utils-1.zip: 51%
2023-12-19T05:29:45.749Z [Modules] Streaming discord_utils@1 to /home/irene/.config/discord/0.0.38/modules/pending/discord_utils-1.zip: 52%
2023-12-19T05:29:45.756Z [Modules] Streaming discord_utils@1 to /home/irene/.config/discord/0.0.38/modules/pending/discord_utils-1.zip: 53%
2023-12-19T05:29:45.777Z [Modules] Streaming discord_utils@1 to /home/irene/.config/discord/0.0.38/modules/pending/discord_utils-1.zip: 54%
2023-12-19T05:29:45.785Z [Modules] Streaming discord_utils@1 to /home/irene/.config/discord/0.0.38/modules/pending/discord_utils-1.zip: 56%
2023-12-19T05:29:45.795Z [Modules] Streaming discord_utils@1 to /home/irene/.config/discord/0.0.38/modules/pending/discord_utils-1.zip: 57%
2023-12-19T05:29:45.822Z [Modules] Streaming discord_utils@1 to /home/irene/.config/discord/0.0.38/modules/pending/discord_utils-1.zip: 58%
2023-12-19T05:29:45.841Z [Modules] Streaming discord_utils@1 to /home/irene/.config/discord/0.0.38/modules/pending/discord_utils-1.zip: 59%
2023-12-19T05:29:45.871Z [Modules] Streaming discord_utils@1 to /home/irene/.config/discord/0.0.38/modules/pending/discord_utils-1.zip: 60%
2023-12-19T05:29:45.897Z [Modules] Streaming discord_utils@1 to /home/irene/.config/discord/0.0.38/modules/pending/discord_utils-1.zip: 61%
2023-12-19T05:29:45.909Z [Modules] Streaming discord_utils@1 to /home/irene/.config/discord/0.0.38/modules/pending/discord_utils-1.zip: 62%
2023-12-19T05:29:45.928Z [Modules] Streaming discord_utils@1 to /home/irene/.config/discord/0.0.38/modules/pending/discord_utils-1.zip: 63%
2023-12-19T05:29:45.936Z [Modules] Streaming discord_utils@1 to /home/irene/.config/discord/0.0.38/modules/pending/discord_utils-1.zip: 65%
2023-12-19T05:29:45.964Z [Modules] Streaming discord_utils@1 to /home/irene/.config/discord/0.0.38/modules/pending/discord_utils-1.zip: 66%
2023-12-19T05:29:45.970Z [Modules] Streaming discord_utils@1 to /home/irene/.config/discord/0.0.38/modules/pending/discord_utils-1.zip: 67%
2023-12-19T05:29:45.981Z [Modules] Streaming discord_utils@1 to /home/irene/.config/discord/0.0.38/modules/pending/discord_utils-1.zip: 68%
2023-12-19T05:29:45.997Z [Modules] Streaming discord_utils@1 to /home/irene/.config/discord/0.0.38/modules/pending/discord_utils-1.zip: 69%
2023-12-19T05:29:46.004Z [Modules] Streaming discord_utils@1 to /home/irene/.config/discord/0.0.38/modules/pending/discord_utils-1.zip: 70%
2023-12-19T05:29:46.020Z [Modules] Streaming discord_utils@1 to /home/irene/.config/discord/0.0.38/modules/pending/discord_utils-1.zip: 71%
2023-12-19T05:29:46.066Z [Modules] Streaming discord_utils@1 to /home/irene/.config/discord/0.0.38/modules/pending/discord_utils-1.zip: 72%
2023-12-19T05:29:46.106Z [Modules] Streaming discord_utils@1 to /home/irene/.config/discord/0.0.38/modules/pending/discord_utils-1.zip: 75%
2023-12-19T05:29:46.130Z [Modules] Streaming discord_utils@1 to /home/irene/.config/discord/0.0.38/modules/pending/discord_utils-1.zip: 76%
2023-12-19T05:29:46.164Z [Modules] Streaming discord_utils@1 to /home/irene/.config/discord/0.0.38/modules/pending/discord_utils-1.zip: 77%
2023-12-19T05:29:46.175Z [Modules] Streaming discord_utils@1 to /home/irene/.config/discord/0.0.38/modules/pending/discord_utils-1.zip: 78%
2023-12-19T05:29:46.191Z [Modules] Streaming discord_utils@1 to /home/irene/.config/discord/0.0.38/modules/pending/discord_utils-1.zip: 80%
2023-12-19T05:29:46.195Z [Modules] Streaming discord_utils@1 to /home/irene/.config/discord/0.0.38/modules/pending/discord_utils-1.zip: 82%
2023-12-19T05:29:46.231Z [Modules] Streaming discord_utils@1 to /home/irene/.config/discord/0.0.38/modules/pending/discord_utils-1.zip: 84%
2023-12-19T05:29:46.246Z [Modules] Streaming discord_utils@1 to /home/irene/.config/discord/0.0.38/modules/pending/discord_utils-1.zip: 85%
2023-12-19T05:29:46.258Z [Modules] Streaming discord_utils@1 to /home/irene/.config/discord/0.0.38/modules/pending/discord_utils-1.zip: 86%
2023-12-19T05:29:46.289Z [Modules] Streaming discord_utils@1 to /home/irene/.config/discord/0.0.38/modules/pending/discord_utils-1.zip: 87%
2023-12-19T05:29:46.294Z [Modules] Streaming discord_utils@1 to /home/irene/.config/discord/0.0.38/modules/pending/discord_utils-1.zip: 88%
2023-12-19T05:29:46.343Z [Modules] Streaming discord_utils@1 to /home/irene/.config/discord/0.0.38/modules/pending/discord_utils-1.zip: 89%
2023-12-19T05:29:46.369Z [Modules] Streaming discord_utils@1 to /home/irene/.config/discord/0.0.38/modules/pending/discord_utils-1.zip: 91%
2023-12-19T05:29:46.380Z [Modules] Streaming discord_utils@1 to /home/irene/.config/discord/0.0.38/modules/pending/discord_utils-1.zip: 92%
2023-12-19T05:29:46.392Z [Modules] Streaming discord_utils@1 to /home/irene/.config/discord/0.0.38/modules/pending/discord_utils-1.zip: 93%
2023-12-19T05:29:46.444Z [Modules] Streaming discord_utils@1 to /home/irene/.config/discord/0.0.38/modules/pending/discord_utils-1.zip: 94%
2023-12-19T05:29:46.475Z [Modules] Streaming discord_utils@1 to /home/irene/.config/discord/0.0.38/modules/pending/discord_utils-1.zip: 96%
2023-12-19T05:29:46.478Z [Modules] Streaming discord_utils@1 to /home/irene/.config/discord/0.0.38/modules/pending/discord_utils-1.zip: 100%
2023-12-19T05:29:46.482Z [Modules] Fetching discord_voice@1 from https://discord.com/api/modules/stable/discord_voice/1
2023-12-19T05:29:46.482Z [Modules] Streaming discord_voice@1 to /home/irene/.config/discord/0.0.38/modules/pending/discord_voice-1.zip
2023-12-19T05:29:46.907Z [Modules] Streaming discord_voice@1 to /home/irene/.config/discord/0.0.38/modules/pending/discord_voice-1.zip: 1%
2023-12-19T05:29:46.975Z [Modules] Streaming discord_voice@1 to /home/irene/.config/discord/0.0.38/modules/pending/discord_voice-1.zip: 2%
2023-12-19T05:29:47.192Z [Modules] Streaming discord_voice@1 to /home/irene/.config/discord/0.0.38/modules/pending/discord_voice-1.zip: 3%
2023-12-19T05:29:47.763Z [Modules] Streaming discord_voice@1 to /home/irene/.config/discord/0.0.38/modules/pending/discord_voice-1.zip: 4%
2023-12-19T05:29:47.766Z [Modules] Streaming discord_voice@1 to /home/irene/.config/discord/0.0.38/modules/pending/discord_voice-1.zip: 5%
2023-12-19T05:29:47.884Z [Modules] Streaming discord_voice@1 to /home/irene/.config/discord/0.0.38/modules/pending/discord_voice-1.zip: 6%
2023-12-19T05:29:48.099Z [Modules] Streaming discord_voice@1 to /home/irene/.config/discord/0.0.38/modules/pending/discord_voice-1.zip: 7%
2023-12-19T05:29:48.648Z [Modules] Streaming discord_voice@1 to /home/irene/.config/discord/0.0.38/modules/pending/discord_voice-1.zip: 8%
2023-12-19T05:29:48.651Z [Modules] Streaming discord_voice@1 to /home/irene/.config/discord/0.0.38/modules/pending/discord_voice-1.zip: 9%
2023-12-19T05:29:48.667Z [Modules] Streaming discord_voice@1 to /home/irene/.config/discord/0.0.38/modules/pending/discord_voice-1.zip: 10%
2023-12-19T05:29:48.783Z [Modules] Streaming discord_voice@1 to /home/irene/.config/discord/0.0.38/modules/pending/discord_voice-1.zip: 11%
2023-12-19T05:29:48.888Z [Modules] Streaming discord_voice@1 to /home/irene/.config/discord/0.0.38/modules/pending/discord_voice-1.zip: 12%
2023-12-19T05:29:49.051Z [Modules] Streaming discord_voice@1 to /home/irene/.config/discord/0.0.38/modules/pending/discord_voice-1.zip: 13%
2023-12-19T05:29:49.185Z [Modules] Streaming discord_voice@1 to /home/irene/.config/discord/0.0.38/modules/pending/discord_voice-1.zip: 14%
2023-12-19T05:29:49.323Z [Modules] Streaming discord_voice@1 to /home/irene/.config/discord/0.0.38/modules/pending/discord_voice-1.zip: 15%
2023-12-19T05:29:49.502Z [Modules] Streaming discord_voice@1 to /home/irene/.config/discord/0.0.38/modules/pending/discord_voice-1.zip: 16%
2023-12-19T05:29:49.657Z [Modules] Streaming discord_voice@1 to /home/irene/.config/discord/0.0.38/modules/pending/discord_voice-1.zip: 17%
2023-12-19T05:29:49.776Z [Modules] Streaming discord_voice@1 to /home/irene/.config/discord/0.0.38/modules/pending/discord_voice-1.zip: 18%
2023-12-19T05:29:49.902Z [Modules] Streaming discord_voice@1 to /home/irene/.config/discord/0.0.38/modules/pending/discord_voice-1.zip: 19%
2023-12-19T05:29:50.076Z [Modules] Streaming discord_voice@1 to /home/irene/.config/discord/0.0.38/modules/pending/discord_voice-1.zip: 20%
2023-12-19T05:29:50.189Z [Modules] Streaming discord_voice@1 to /home/irene/.config/discord/0.0.38/modules/pending/discord_voice-1.zip: 21%
2023-12-19T05:29:50.411Z [Modules] Streaming discord_voice@1 to /home/irene/.config/discord/0.0.38/modules/pending/discord_voice-1.zip: 22%
2023-12-19T05:29:50.597Z [Modules] Streaming discord_voice@1 to /home/irene/.config/discord/0.0.38/modules/pending/discord_voice-1.zip: 23%
2023-12-19T05:29:50.780Z [Modules] Streaming discord_voice@1 to /home/irene/.config/discord/0.0.38/modules/pending/discord_voice-1.zip: 24%
2023-12-19T05:29:50.908Z [Modules] Streaming discord_voice@1 to /home/irene/.config/discord/0.0.38/modules/pending/discord_voice-1.zip: 25%
2023-12-19T05:29:51.097Z [Modules] Streaming discord_voice@1 to /home/irene/.config/discord/0.0.38/modules/pending/discord_voice-1.zip: 26%
2023-12-19T05:29:51.278Z [Modules] Streaming discord_voice@1 to /home/irene/.config/discord/0.0.38/modules/pending/discord_voice-1.zip: 27%
2023-12-19T05:29:51.447Z [Modules] Streaming discord_voice@1 to /home/irene/.config/discord/0.0.38/modules/pending/discord_voice-1.zip: 28%
2023-12-19T05:29:51.684Z [Modules] Streaming discord_voice@1 to /home/irene/.config/discord/0.0.38/modules/pending/discord_voice-1.zip: 29%
2023-12-19T05:29:51.938Z [Modules] Streaming discord_voice@1 to /home/irene/.config/discord/0.0.38/modules/pending/discord_voice-1.zip: 30%
2023-12-19T05:29:52.046Z [Modules] Streaming discord_voice@1 to /home/irene/.config/discord/0.0.38/modules/pending/discord_voice-1.zip: 31%
2023-12-19T05:29:52.244Z [Modules] Streaming discord_voice@1 to /home/irene/.config/discord/0.0.38/modules/pending/discord_voice-1.zip: 32%
2023-12-19T05:29:52.458Z [Modules] Streaming discord_voice@1 to /home/irene/.config/discord/0.0.38/modules/pending/discord_voice-1.zip: 33%
2023-12-19T05:29:52.737Z [Modules] Streaming discord_voice@1 to /home/irene/.config/discord/0.0.38/modules/pending/discord_voice-1.zip: 34%
2023-12-19T05:29:54.097Z [Modules] Streaming discord_voice@1 to /home/irene/.config/discord/0.0.38/modules/pending/discord_voice-1.zip: 35%
2023-12-19T05:29:54.119Z [Modules] Streaming discord_voice@1 to /home/irene/.config/discord/0.0.38/modules/pending/discord_voice-1.zip: 36%
2023-12-19T05:29:54.838Z [Modules] Streaming discord_voice@1 to /home/irene/.config/discord/0.0.38/modules/pending/discord_voice-1.zip: 37%
2023-12-19T05:29:54.840Z [Modules] Streaming discord_voice@1 to /home/irene/.config/discord/0.0.38/modules/pending/discord_voice-1.zip: 38%
2023-12-19T05:29:55.141Z [Modules] Streaming discord_voice@1 to /home/irene/.config/discord/0.0.38/modules/pending/discord_voice-1.zip: 39%
2023-12-19T05:29:55.455Z [Modules] Streaming discord_voice@1 to /home/irene/.config/discord/0.0.38/modules/pending/discord_voice-1.zip: 40%
2023-12-19T05:29:55.570Z [Modules] Streaming discord_voice@1 to /home/irene/.config/discord/0.0.38/modules/pending/discord_voice-1.zip: 41%
2023-12-19T05:29:55.739Z [Modules] Streaming discord_voice@1 to /home/irene/.config/discord/0.0.38/modules/pending/discord_voice-1.zip: 42%
2023-12-19T05:29:55.917Z [Modules] Streaming discord_voice@1 to /home/irene/.config/discord/0.0.38/modules/pending/discord_voice-1.zip: 43%
2023-12-19T05:29:56.098Z [Modules] Streaming discord_voice@1 to /home/irene/.config/discord/0.0.38/modules/pending/discord_voice-1.zip: 44%
2023-12-19T05:29:56.302Z [Modules] Streaming discord_voice@1 to /home/irene/.config/discord/0.0.38/modules/pending/discord_voice-1.zip: 45%
2023-12-19T05:29:56.607Z [Modules] Streaming discord_voice@1 to /home/irene/.config/discord/0.0.38/modules/pending/discord_voice-1.zip: 46%
2023-12-19T05:29:56.826Z [Modules] Streaming discord_voice@1 to /home/irene/.config/discord/0.0.38/modules/pending/discord_voice-1.zip: 47%
2023-12-19T05:29:57.881Z [Modules] Streaming discord_voice@1 to /home/irene/.config/discord/0.0.38/modules/pending/discord_voice-1.zip: 48%
2023-12-19T05:29:58.048Z [Modules] Streaming discord_voice@1 to /home/irene/.config/discord/0.0.38/modules/pending/discord_voice-1.zip: 49%
2023-12-19T05:29:58.316Z [Modules] Streaming discord_voice@1 to /home/irene/.config/discord/0.0.38/modules/pending/discord_voice-1.zip: 50%
2023-12-19T05:29:58.532Z [Modules] Streaming discord_voice@1 to /home/irene/.config/discord/0.0.38/modules/pending/discord_voice-1.zip: 51%
2023-12-19T05:29:58.644Z [Modules] Streaming discord_voice@1 to /home/irene/.config/discord/0.0.38/modules/pending/discord_voice-1.zip: 52%
2023-12-19T05:29:58.734Z [Modules] Streaming discord_voice@1 to /home/irene/.config/discord/0.0.38/modules/pending/discord_voice-1.zip: 53%
2023-12-19T05:29:59.140Z [Modules] Streaming discord_voice@1 to /home/irene/.config/discord/0.0.38/modules/pending/discord_voice-1.zip: 54%
2023-12-19T05:29:59.156Z [Modules] Streaming discord_voice@1 to /home/irene/.config/discord/0.0.38/modules/pending/discord_voice-1.zip: 55%
2023-12-19T05:29:59.174Z [Modules] Streaming discord_voice@1 to /home/irene/.config/discord/0.0.38/modules/pending/discord_voice-1.zip: 56%
2023-12-19T05:29:59.315Z [Modules] Streaming discord_voice@1 to /home/irene/.config/discord/0.0.38/modules/pending/discord_voice-1.zip: 57%
2023-12-19T05:29:59.486Z [Modules] Streaming discord_voice@1 to /home/irene/.config/discord/0.0.38/modules/pending/discord_voice-1.zip: 58%
2023-12-19T05:29:59.707Z [Modules] Streaming discord_voice@1 to /home/irene/.config/discord/0.0.38/modules/pending/discord_voice-1.zip: 59%
2023-12-19T05:29:59.994Z [Modules] Streaming discord_voice@1 to /home/irene/.config/discord/0.0.38/modules/pending/discord_voice-1.zip: 60%
2023-12-19T05:30:00.221Z [Modules] Streaming discord_voice@1 to /home/irene/.config/discord/0.0.38/modules/pending/discord_voice-1.zip: 61%
2023-12-19T05:30:00.514Z [Modules] Streaming discord_voice@1 to /home/irene/.config/discord/0.0.38/modules/pending/discord_voice-1.zip: 62%
2023-12-19T05:30:00.752Z [Modules] Streaming discord_voice@1 to /home/irene/.config/discord/0.0.38/modules/pending/discord_voice-1.zip: 63%
2023-12-19T05:30:00.930Z [Modules] Streaming discord_voice@1 to /home/irene/.config/discord/0.0.38/modules/pending/discord_voice-1.zip: 64%
2023-12-19T05:30:01.173Z [Modules] Streaming discord_voice@1 to /home/irene/.config/discord/0.0.38/modules/pending/discord_voice-1.zip: 65%
2023-12-19T05:30:01.406Z [Modules] Streaming discord_voice@1 to /home/irene/.config/discord/0.0.38/modules/pending/discord_voice-1.zip: 66%
2023-12-19T05:30:01.527Z [Modules] Streaming discord_voice@1 to /home/irene/.config/discord/0.0.38/modules/pending/discord_voice-1.zip: 67%
2023-12-19T05:30:01.625Z [Modules] Streaming discord_voice@1 to /home/irene/.config/discord/0.0.38/modules/pending/discord_voice-1.zip: 68%
2023-12-19T05:30:01.806Z [Modules] Streaming discord_voice@1 to /home/irene/.config/discord/0.0.38/modules/pending/discord_voice-1.zip: 69%
2023-12-19T05:30:01.955Z [Modules] Streaming discord_voice@1 to /home/irene/.config/discord/0.0.38/modules/pending/discord_voice-1.zip: 70%
2023-12-19T05:30:02.133Z [Modules] Streaming discord_voice@1 to /home/irene/.config/discord/0.0.38/modules/pending/discord_voice-1.zip: 71%
2023-12-19T05:30:02.341Z [Modules] Streaming discord_voice@1 to /home/irene/.config/discord/0.0.38/modules/pending/discord_voice-1.zip: 72%
2023-12-19T05:30:02.571Z [Modules] Streaming discord_voice@1 to /home/irene/.config/discord/0.0.38/modules/pending/discord_voice-1.zip: 73%
2023-12-19T05:30:02.726Z [Modules] Streaming discord_voice@1 to /home/irene/.config/discord/0.0.38/modules/pending/discord_voice-1.zip: 74%
2023-12-19T05:30:02.892Z [Modules] Streaming discord_voice@1 to /home/irene/.config/discord/0.0.38/modules/pending/discord_voice-1.zip: 75%
2023-12-19T05:30:03.371Z [Modules] Streaming discord_voice@1 to /home/irene/.config/discord/0.0.38/modules/pending/discord_voice-1.zip: 76%
2023-12-19T05:30:03.829Z [Modules] Streaming discord_voice@1 to /home/irene/.config/discord/0.0.38/modules/pending/discord_voice-1.zip: 77%
2023-12-19T05:30:04.171Z [Modules] Streaming discord_voice@1 to /home/irene/.config/discord/0.0.38/modules/pending/discord_voice-1.zip: 78%
2023-12-19T05:30:04.354Z [Modules] Streaming discord_voice@1 to /home/irene/.config/discord/0.0.38/modules/pending/discord_voice-1.zip: 79%
2023-12-19T05:30:04.582Z [Modules] Streaming discord_voice@1 to /home/irene/.config/discord/0.0.38/modules/pending/discord_voice-1.zip: 80%
2023-12-19T05:30:04.771Z [Modules] Streaming discord_voice@1 to /home/irene/.config/discord/0.0.38/modules/pending/discord_voice-1.zip: 81%
2023-12-19T05:30:04.941Z [Modules] Streaming discord_voice@1 to /home/irene/.config/discord/0.0.38/modules/pending/discord_voice-1.zip: 82%
2023-12-19T05:30:05.106Z [Modules] Streaming discord_voice@1 to /home/irene/.config/discord/0.0.38/modules/pending/discord_voice-1.zip: 83%
2023-12-19T05:30:05.272Z [Modules] Streaming discord_voice@1 to /home/irene/.config/discord/0.0.38/modules/pending/discord_voice-1.zip: 84%
2023-12-19T05:30:05.447Z [Modules] Streaming discord_voice@1 to /home/irene/.config/discord/0.0.38/modules/pending/discord_voice-1.zip: 85%
2023-12-19T05:30:05.609Z [Modules] Streaming discord_voice@1 to /home/irene/.config/discord/0.0.38/modules/pending/discord_voice-1.zip: 86%
2023-12-19T05:30:05.722Z [Modules] Streaming discord_voice@1 to /home/irene/.config/discord/0.0.38/modules/pending/discord_voice-1.zip: 87%
2023-12-19T05:30:05.886Z [Modules] Streaming discord_voice@1 to /home/irene/.config/discord/0.0.38/modules/pending/discord_voice-1.zip: 88%
2023-12-19T05:30:06.009Z [Modules] Streaming discord_voice@1 to /home/irene/.config/discord/0.0.38/modules/pending/discord_voice-1.zip: 89%
2023-12-19T05:30:06.142Z [Modules] Streaming discord_voice@1 to /home/irene/.config/discord/0.0.38/modules/pending/discord_voice-1.zip: 90%
2023-12-19T05:30:06.330Z [Modules] Streaming discord_voice@1 to /home/irene/.config/discord/0.0.38/modules/pending/discord_voice-1.zip: 91%
2023-12-19T05:30:06.477Z [Modules] Streaming discord_voice@1 to /home/irene/.config/discord/0.0.38/modules/pending/discord_voice-1.zip: 92%
2023-12-19T05:30:06.643Z [Modules] Streaming discord_voice@1 to /home/irene/.config/discord/0.0.38/modules/pending/discord_voice-1.zip: 93%
2023-12-19T05:30:06.896Z [Modules] Streaming discord_voice@1 to /home/irene/.config/discord/0.0.38/modules/pending/discord_voice-1.zip: 94%
2023-12-19T05:30:06.954Z [Modules] Streaming discord_voice@1 to /home/irene/.config/discord/0.0.38/modules/pending/discord_voice-1.zip: 95%
2023-12-19T05:30:07.072Z [Modules] Streaming discord_voice@1 to /home/irene/.config/discord/0.0.38/modules/pending/discord_voice-1.zip: 96%
2023-12-19T05:30:07.194Z [Modules] Streaming discord_voice@1 to /home/irene/.config/discord/0.0.38/modules/pending/discord_voice-1.zip: 97%
2023-12-19T05:30:07.366Z [Modules] Streaming discord_voice@1 to /home/irene/.config/discord/0.0.38/modules/pending/discord_voice-1.zip: 98%
2023-12-19T05:30:07.486Z [Modules] Streaming discord_voice@1 to /home/irene/.config/discord/0.0.38/modules/pending/discord_voice-1.zip: 99%
2023-12-19T05:30:07.678Z [Modules] Streaming discord_voice@1 to /home/irene/.config/discord/0.0.38/modules/pending/discord_voice-1.zip: 100%
2023-12-19T05:30:07.683Z [Modules] Finished module downloads. [success: 5] [failure: 0]
2023-12-19T05:30:07.683Z [Modules] Installing updates...
2023-12-19T05:30:07.684Z [Modules] Installing discord_desktop_core@1 from /home/irene/.config/discord/0.0.38/modules/pending/discord_desktop_core-1.zip
2023-12-19T05:30:07.859Z [Modules] Installing discord_erlpack@1 from /home/irene/.config/discord/0.0.38/modules/pending/discord_erlpack-1.zip
2023-12-19T05:30:07.999Z [Modules] Installing discord_spellcheck@1 from /home/irene/.config/discord/0.0.38/modules/pending/discord_spellcheck-1.zip
2023-12-19T05:30:09.780Z [Modules] Installing discord_utils@1 from /home/irene/.config/discord/0.0.38/modules/pending/discord_utils-1.zip
2023-12-19T05:30:10.064Z [Modules] Installing discord_voice@1 from /home/irene/.config/discord/0.0.38/modules/pending/discord_voice-1.zip
2023-12-19T05:30:11.668Z [Modules] Finished module installations. [success: 5] [failure: 0]
2023-12-19T05:30:11.669Z [Modules] Checking for host updates.
2023-12-19T05:30:11.816Z [Modules] Host is up to date.
2023-12-19T05:30:11.816Z [Modules] Checking for module updates at https://discord.com/api/modules/stable/versions.json
2023-12-19T05:30:11.956Z [Modules] No module updates available.
2023-12-19T05:30:16.678Z [Modules] Starting to install discord_krisp...
2023-12-19T05:30:16.679Z [Modules] Fetching discord_krisp@1 from https://discord.com/api/modules/stable/discord_krisp/1
2023-12-19T05:30:16.679Z [Modules] Streaming discord_krisp@1 to /home/irene/.config/discord/0.0.38/modules/pending/discord_krisp-1.zip
2023-12-19T05:30:16.696Z [Modules] Starting to install discord_game_utils...
2023-12-19T05:30:18.297Z [Modules] Checking for host updates.
2023-12-19T05:30:18.472Z [Modules] Starting to install discord_rpc...
2023-12-19T05:30:18.491Z [Modules] Streaming discord_krisp@1 to /home/irene/.config/discord/0.0.38/modules/pending/discord_krisp-1.zip: 1%
2023-12-19T05:30:18.492Z [Modules] Host is up to date.
2023-12-19T05:30:18.492Z [Modules] Checking for module updates at https://discord.com/api/modules/stable/versions.json
2023-12-19T05:30:18.499Z [Modules] No module updates available.
2023-12-19T05:30:18.626Z [Modules] Streaming discord_krisp@1 to /home/irene/.config/discord/0.0.38/modules/pending/discord_krisp-1.zip: 2%
2023-12-19T05:30:18.775Z [Modules] Streaming discord_krisp@1 to /home/irene/.config/discord/0.0.38/modules/pending/discord_krisp-1.zip: 3%
2023-12-19T05:30:18.992Z [Modules] Streaming discord_krisp@1 to /home/irene/.config/discord/0.0.38/modules/pending/discord_krisp-1.zip: 4%
2023-12-19T05:30:19.149Z [Modules] Streaming discord_krisp@1 to /home/irene/.config/discord/0.0.38/modules/pending/discord_krisp-1.zip: 5%
2023-12-19T05:30:19.251Z [Modules] Streaming discord_krisp@1 to /home/irene/.config/discord/0.0.38/modules/pending/discord_krisp-1.zip: 6%
2023-12-19T05:30:19.372Z [Modules] Streaming discord_krisp@1 to /home/irene/.config/discord/0.0.38/modules/pending/discord_krisp-1.zip: 7%
2023-12-19T05:30:19.481Z [Modules] Streaming discord_krisp@1 to /home/irene/.config/discord/0.0.38/modules/pending/discord_krisp-1.zip: 8%
2023-12-19T05:30:19.589Z [Modules] Streaming discord_krisp@1 to /home/irene/.config/discord/0.0.38/modules/pending/discord_krisp-1.zip: 9%
2023-12-19T05:30:19.708Z [Modules] Streaming discord_krisp@1 to /home/irene/.config/discord/0.0.38/modules/pending/discord_krisp-1.zip: 10%
2023-12-19T05:30:19.803Z [Modules] Streaming discord_krisp@1 to /home/irene/.config/discord/0.0.38/modules/pending/discord_krisp-1.zip: 11%
2023-12-19T05:30:20.020Z [Modules] Streaming discord_krisp@1 to /home/irene/.config/discord/0.0.38/modules/pending/discord_krisp-1.zip: 12%
2023-12-19T05:30:20.184Z [Modules] Streaming discord_krisp@1 to /home/irene/.config/discord/0.0.38/modules/pending/discord_krisp-1.zip: 13%
2023-12-19T05:30:20.236Z [Modules] Streaming discord_krisp@1 to /home/irene/.config/discord/0.0.38/modules/pending/discord_krisp-1.zip: 14%
2023-12-19T05:30:20.445Z [Modules] Streaming discord_krisp@1 to /home/irene/.config/discord/0.0.38/modules/pending/discord_krisp-1.zip: 15%
2023-12-19T05:30:20.659Z [Modules] Streaming discord_krisp@1 to /home/irene/.config/discord/0.0.38/modules/pending/discord_krisp-1.zip: 16%
2023-12-19T05:30:20.777Z [Modules] Streaming discord_krisp@1 to /home/irene/.config/discord/0.0.38/modules/pending/discord_krisp-1.zip: 17%
2023-12-19T05:30:20.901Z [Modules] Streaming discord_krisp@1 to /home/irene/.config/discord/0.0.38/modules/pending/discord_krisp-1.zip: 18%
2023-12-19T05:30:21.075Z [Modules] Streaming discord_krisp@1 to /home/irene/.config/discord/0.0.38/modules/pending/discord_krisp-1.zip: 19%
2023-12-19T05:30:21.168Z [Modules] Streaming discord_krisp@1 to /home/irene/.config/discord/0.0.38/modules/pending/discord_krisp-1.zip: 20%
2023-12-19T05:30:21.351Z [Modules] Streaming discord_krisp@1 to /home/irene/.config/discord/0.0.38/modules/pending/discord_krisp-1.zip: 21%
2023-12-19T05:30:21.632Z [Modules] Streaming discord_krisp@1 to /home/irene/.config/discord/0.0.38/modules/pending/discord_krisp-1.zip: 22%
2023-12-19T05:30:21.679Z [Modules] Streaming discord_krisp@1 to /home/irene/.config/discord/0.0.38/modules/pending/discord_krisp-1.zip: 23%
2023-12-19T05:30:21.907Z [Modules] Streaming discord_krisp@1 to /home/irene/.config/discord/0.0.38/modules/pending/discord_krisp-1.zip: 24%
2023-12-19T05:30:22.014Z [Modules] Streaming discord_krisp@1 to /home/irene/.config/discord/0.0.38/modules/pending/discord_krisp-1.zip: 25%
2023-12-19T05:30:22.105Z [Modules] Streaming discord_krisp@1 to /home/irene/.config/discord/0.0.38/modules/pending/discord_krisp-1.zip: 26%
2023-12-19T05:30:22.246Z [Modules] Streaming discord_krisp@1 to /home/irene/.config/discord/0.0.38/modules/pending/discord_krisp-1.zip: 27%
2023-12-19T05:30:22.380Z [Modules] Streaming discord_krisp@1 to /home/irene/.config/discord/0.0.38/modules/pending/discord_krisp-1.zip: 28%
2023-12-19T05:30:22.686Z [Modules] Streaming discord_krisp@1 to /home/irene/.config/discord/0.0.38/modules/pending/discord_krisp-1.zip: 29%
2023-12-19T05:30:22.809Z [Modules] Streaming discord_krisp@1 to /home/irene/.config/discord/0.0.38/modules/pending/discord_krisp-1.zip: 30%
2023-12-19T05:30:23.135Z [Modules] Streaming discord_krisp@1 to /home/irene/.config/discord/0.0.38/modules/pending/discord_krisp-1.zip: 31%
2023-12-19T05:30:24.040Z [Modules] Streaming discord_krisp@1 to /home/irene/.config/discord/0.0.38/modules/pending/discord_krisp-1.zip: 32%
2023-12-19T05:30:24.101Z [Modules] Streaming discord_krisp@1 to /home/irene/.config/discord/0.0.38/modules/pending/discord_krisp-1.zip: 33%
2023-12-19T05:30:25.444Z [Modules] Streaming discord_krisp@1 to /home/irene/.config/discord/0.0.38/modules/pending/discord_krisp-1.zip: 34%
2023-12-19T05:30:25.589Z [Modules] Streaming discord_krisp@1 to /home/irene/.config/discord/0.0.38/modules/pending/discord_krisp-1.zip: 35%
2023-12-19T05:30:25.767Z [Modules] Streaming discord_krisp@1 to /home/irene/.config/discord/0.0.38/modules/pending/discord_krisp-1.zip: 36%
2023-12-19T05:30:26.300Z [Modules] Streaming discord_krisp@1 to /home/irene/.config/discord/0.0.38/modules/pending/discord_krisp-1.zip: 37%
2023-12-19T05:30:26.997Z [Modules] Streaming discord_krisp@1 to /home/irene/.config/discord/0.0.38/modules/pending/discord_krisp-1.zip: 38%
2023-12-19T05:30:27.011Z [Modules] Streaming discord_krisp@1 to /home/irene/.config/discord/0.0.38/modules/pending/discord_krisp-1.zip: 39%
2023-12-19T05:30:27.035Z [Modules] Streaming discord_krisp@1 to /home/irene/.config/discord/0.0.38/modules/pending/discord_krisp-1.zip: 40%
2023-12-19T05:30:27.317Z [Modules] Streaming discord_krisp@1 to /home/irene/.config/discord/0.0.38/modules/pending/discord_krisp-1.zip: 41%
2023-12-19T05:30:27.473Z [Modules] Streaming discord_krisp@1 to /home/irene/.config/discord/0.0.38/modules/pending/discord_krisp-1.zip: 42%
2023-12-19T05:30:27.683Z [Modules] Streaming discord_krisp@1 to /home/irene/.config/discord/0.0.38/modules/pending/discord_krisp-1.zip: 43%
2023-12-19T05:30:28.018Z [Modules] Streaming discord_krisp@1 to /home/irene/.config/discord/0.0.38/modules/pending/discord_krisp-1.zip: 44%
2023-12-19T05:30:28.296Z [Modules] Streaming discord_krisp@1 to /home/irene/.config/discord/0.0.38/modules/pending/discord_krisp-1.zip: 45%
2023-12-19T05:30:28.535Z [Modules] Streaming discord_krisp@1 to /home/irene/.config/discord/0.0.38/modules/pending/discord_krisp-1.zip: 46%
2023-12-19T05:30:28.781Z [Modules] Streaming discord_krisp@1 to /home/irene/.config/discord/0.0.38/modules/pending/discord_krisp-1.zip: 47%
2023-12-19T05:30:29.351Z [Modules] Streaming discord_krisp@1 to /home/irene/.config/discord/0.0.38/modules/pending/discord_krisp-1.zip: 48%
2023-12-19T05:30:30.438Z [Modules] Streaming discord_krisp@1 to /home/irene/.config/discord/0.0.38/modules/pending/discord_krisp-1.zip: 49%
2023-12-19T05:30:30.796Z [Modules] Streaming discord_krisp@1 to /home/irene/.config/discord/0.0.38/modules/pending/discord_krisp-1.zip: 50%
2023-12-19T05:30:31.146Z [Modules] Streaming discord_krisp@1 to /home/irene/.config/discord/0.0.38/modules/pending/discord_krisp-1.zip: 51%
2023-12-19T05:30:31.530Z [Modules] Streaming discord_krisp@1 to /home/irene/.config/discord/0.0.38/modules/pending/discord_krisp-1.zip: 52%
2023-12-19T05:30:31.963Z [Modules] Streaming discord_krisp@1 to /home/irene/.config/discord/0.0.38/modules/pending/discord_krisp-1.zip: 53%
2023-12-19T05:30:36.707Z [Modules] Streaming discord_krisp@1 to /home/irene/.config/discord/0.0.38/modules/pending/discord_krisp-1.zip: 54%
2023-12-19T05:30:38.418Z [Modules] Streaming discord_krisp@1 to /home/irene/.config/discord/0.0.38/modules/pending/discord_krisp-1.zip: 55%
2023-12-19T05:30:39.731Z [Modules] Streaming discord_krisp@1 to /home/irene/.config/discord/0.0.38/modules/pending/discord_krisp-1.zip: 56%
2023-12-19T05:30:41.299Z [Modules] Streaming discord_krisp@1 to /home/irene/.config/discord/0.0.38/modules/pending/discord_krisp-1.zip: 57%
2023-12-19T05:30:42.208Z [Modules] Streaming discord_krisp@1 to /home/irene/.config/discord/0.0.38/modules/pending/discord_krisp-1.zip: 58%
2023-12-19T05:30:43.514Z [Modules] Streaming discord_krisp@1 to /home/irene/.config/discord/0.0.38/modules/pending/discord_krisp-1.zip: 59%
2023-12-19T05:30:45.362Z [Modules] Streaming discord_krisp@1 to /home/irene/.config/discord/0.0.38/modules/pending/discord_krisp-1.zip: 60%
2023-12-19T05:30:46.722Z [Modules] Streaming discord_krisp@1 to /home/irene/.config/discord/0.0.38/modules/pending/discord_krisp-1.zip: 61%
2023-12-19T05:30:47.861Z [Modules] Streaming discord_krisp@1 to /home/irene/.config/discord/0.0.38/modules/pending/discord_krisp-1.zip: 62%
2023-12-19T05:30:48.298Z [Modules] Streaming discord_krisp@1 to /home/irene/.config/discord/0.0.38/modules/pending/discord_krisp-1.zip: 63%
2023-12-19T05:30:48.726Z [Modules] Streaming discord_krisp@1 to /home/irene/.config/discord/0.0.38/modules/pending/discord_krisp-1.zip: 64%
2023-12-19T05:30:49.250Z [Modules] Streaming discord_krisp@1 to /home/irene/.config/discord/0.0.38/modules/pending/discord_krisp-1.zip: 65%
2023-12-19T05:30:49.738Z [Modules] Streaming discord_krisp@1 to /home/irene/.config/discord/0.0.38/modules/pending/discord_krisp-1.zip: 66%
2023-12-19T05:30:50.278Z [Modules] Streaming discord_krisp@1 to /home/irene/.config/discord/0.0.38/modules/pending/discord_krisp-1.zip: 67%
2023-12-19T05:30:50.901Z [Modules] Streaming discord_krisp@1 to /home/irene/.config/discord/0.0.38/modules/pending/discord_krisp-1.zip: 68%
2023-12-19T05:30:51.970Z [Modules] Streaming discord_krisp@1 to /home/irene/.config/discord/0.0.38/modules/pending/discord_krisp-1.zip: 69%
2023-12-19T05:30:52.941Z [Modules] Streaming discord_krisp@1 to /home/irene/.config/discord/0.0.38/modules/pending/discord_krisp-1.zip: 70%
2023-12-19T05:30:53.576Z [Modules] Streaming discord_krisp@1 to /home/irene/.config/discord/0.0.38/modules/pending/discord_krisp-1.zip: 71%
2023-12-19T05:30:56.873Z [Modules] Streaming discord_krisp@1 to /home/irene/.config/discord/0.0.38/modules/pending/discord_krisp-1.zip: 72%
2023-12-19T05:30:57.550Z [Modules] Streaming discord_krisp@1 to /home/irene/.config/discord/0.0.38/modules/pending/discord_krisp-1.zip: 73%
2023-12-19T05:30:59.031Z [Modules] Streaming discord_krisp@1 to /home/irene/.config/discord/0.0.38/modules/pending/discord_krisp-1.zip: 74%
2023-12-19T05:30:59.596Z [Modules] Streaming discord_krisp@1 to /home/irene/.config/discord/0.0.38/modules/pending/discord_krisp-1.zip: 75%
2023-12-19T05:31:00.655Z [Modules] Streaming discord_krisp@1 to /home/irene/.config/discord/0.0.38/modules/pending/discord_krisp-1.zip: 76%
2023-12-19T05:31:02.096Z [Modules] Streaming discord_krisp@1 to /home/irene/.config/discord/0.0.38/modules/pending/discord_krisp-1.zip: 77%
2023-12-19T05:31:02.250Z [Modules] Streaming discord_krisp@1 to /home/irene/.config/discord/0.0.38/modules/pending/discord_krisp-1.zip: 78%
2023-12-19T05:31:02.818Z [Modules] Streaming discord_krisp@1 to /home/irene/.config/discord/0.0.38/modules/pending/discord_krisp-1.zip: 79%
2023-12-19T05:31:04.956Z [Modules] Streaming discord_krisp@1 to /home/irene/.config/discord/0.0.38/modules/pending/discord_krisp-1.zip: 80%
2023-12-19T05:31:05.323Z [Modules] Streaming discord_krisp@1 to /home/irene/.config/discord/0.0.38/modules/pending/discord_krisp-1.zip: 81%
2023-12-19T05:31:06.063Z [Modules] Streaming discord_krisp@1 to /home/irene/.config/discord/0.0.38/modules/pending/discord_krisp-1.zip: 82%
2023-12-19T05:31:06.732Z [Modules] Streaming discord_krisp@1 to /home/irene/.config/discord/0.0.38/modules/pending/discord_krisp-1.zip: 83%
2023-12-19T05:31:07.940Z [Modules] Streaming discord_krisp@1 to /home/irene/.config/discord/0.0.38/modules/pending/discord_krisp-1.zip: 84%
2023-12-19T05:31:08.804Z [Modules] Streaming discord_krisp@1 to /home/irene/.config/discord/0.0.38/modules/pending/discord_krisp-1.zip: 85%
2023-12-19T05:31:11.391Z [Modules] Streaming discord_krisp@1 to /home/irene/.config/discord/0.0.38/modules/pending/discord_krisp-1.zip: 86%
2023-12-19T05:31:12.157Z [Modules] Streaming discord_krisp@1 to /home/irene/.config/discord/0.0.38/modules/pending/discord_krisp-1.zip: 87%
2023-12-19T05:31:12.866Z [Modules] Streaming discord_krisp@1 to /home/irene/.config/discord/0.0.38/modules/pending/discord_krisp-1.zip: 88%
2023-12-19T05:31:13.434Z [Modules] Streaming discord_krisp@1 to /home/irene/.config/discord/0.0.38/modules/pending/discord_krisp-1.zip: 89%
2023-12-19T05:31:14.267Z [Modules] Streaming discord_krisp@1 to /home/irene/.config/discord/0.0.38/modules/pending/discord_krisp-1.zip: 90%
2023-12-19T05:31:15.789Z [Modules] Streaming discord_krisp@1 to /home/irene/.config/discord/0.0.38/modules/pending/discord_krisp-1.zip: 91%
2023-12-19T05:31:17.275Z [Modules] Streaming discord_krisp@1 to /home/irene/.config/discord/0.0.38/modules/pending/discord_krisp-1.zip: 92%
2023-12-19T05:31:17.861Z [Modules] Streaming discord_krisp@1 to /home/irene/.config/discord/0.0.38/modules/pending/discord_krisp-1.zip: 93%
2023-12-19T05:31:19.123Z [Modules] Streaming discord_krisp@1 to /home/irene/.config/discord/0.0.38/modules/pending/discord_krisp-1.zip: 94%
2023-12-19T05:31:19.590Z [Modules] Streaming discord_krisp@1 to /home/irene/.config/discord/0.0.38/modules/pending/discord_krisp-1.zip: 95%
2023-12-19T05:31:20.304Z [Modules] Streaming discord_krisp@1 to /home/irene/.config/discord/0.0.38/modules/pending/discord_krisp-1.zip: 96%
2023-12-19T05:31:21.122Z [Modules] Streaming discord_krisp@1 to /home/irene/.config/discord/0.0.38/modules/pending/discord_krisp-1.zip: 97%
2023-12-19T05:31:21.398Z [Modules] Streaming discord_krisp@1 to /home/irene/.config/discord/0.0.38/modules/pending/discord_krisp-1.zip: 98%
2023-12-19T05:31:22.175Z [Modules] Streaming discord_krisp@1 to /home/irene/.config/discord/0.0.38/modules/pending/discord_krisp-1.zip: 99%
2023-12-19T05:31:22.908Z [Modules] Streaming discord_krisp@1 to /home/irene/.config/discord/0.0.38/modules/pending/discord_krisp-1.zip: 100%
2023-12-19T05:31:22.911Z [Modules] Fetching discord_game_utils@1 from https://discord.com/api/modules/stable/discord_game_utils/1
2023-12-19T05:31:22.911Z [Modules] Streaming discord_game_utils@1 to /home/irene/.config/discord/0.0.38/modules/pending/discord_game_utils-1.zip
2023-12-19T05:31:22.911Z [Modules] Installing discord_krisp@1 from /home/irene/.config/discord/0.0.38/modules/pending/discord_krisp-1.zip
2023-12-19T05:31:23.939Z [Modules] Finished module installations. [success: 1] [failure: 0]
2023-12-19T05:31:24.237Z [Modules] Streaming discord_game_utils@1 to /home/irene/.config/discord/0.0.38/modules/pending/discord_game_utils-1.zip: 1%
2023-12-19T05:31:24.270Z [Modules] Streaming discord_game_utils@1 to /home/irene/.config/discord/0.0.38/modules/pending/discord_game_utils-1.zip: 3%
2023-12-19T05:31:26.289Z [Modules] Streaming discord_game_utils@1 to /home/irene/.config/discord/0.0.38/modules/pending/discord_game_utils-1.zip: 5%
2023-12-19T05:31:26.302Z [Modules] Streaming discord_game_utils@1 to /home/irene/.config/discord/0.0.38/modules/pending/discord_game_utils-1.zip: 7%
2023-12-19T05:31:26.304Z [Modules] Streaming discord_game_utils@1 to /home/irene/.config/discord/0.0.38/modules/pending/discord_game_utils-1.zip: 8%
2023-12-19T05:31:26.406Z [Modules] Streaming discord_game_utils@1 to /home/irene/.config/discord/0.0.38/modules/pending/discord_game_utils-1.zip: 9%
2023-12-19T05:31:26.557Z [Modules] Streaming discord_game_utils@1 to /home/irene/.config/discord/0.0.38/modules/pending/discord_game_utils-1.zip: 10%
2023-12-19T05:31:26.669Z [Modules] Streaming discord_game_utils@1 to /home/irene/.config/discord/0.0.38/modules/pending/discord_game_utils-1.zip: 11%
2023-12-19T05:31:26.775Z [Modules] Streaming discord_game_utils@1 to /home/irene/.config/discord/0.0.38/modules/pending/discord_game_utils-1.zip: 12%
2023-12-19T05:31:26.876Z [Modules] Streaming discord_game_utils@1 to /home/irene/.config/discord/0.0.38/modules/pending/discord_game_utils-1.zip: 13%
2023-12-19T05:31:26.934Z [Modules] Streaming discord_game_utils@1 to /home/irene/.config/discord/0.0.38/modules/pending/discord_game_utils-1.zip: 14%
2023-12-19T05:31:26.978Z [Modules] Streaming discord_game_utils@1 to /home/irene/.config/discord/0.0.38/modules/pending/discord_game_utils-1.zip: 15%
2023-12-19T05:31:27.032Z [Modules] Streaming discord_game_utils@1 to /home/irene/.config/discord/0.0.38/modules/pending/discord_game_utils-1.zip: 16%
2023-12-19T05:31:27.073Z [Modules] Streaming discord_game_utils@1 to /home/irene/.config/discord/0.0.38/modules/pending/discord_game_utils-1.zip: 17%
2023-12-19T05:31:27.150Z [Modules] Streaming discord_game_utils@1 to /home/irene/.config/discord/0.0.38/modules/pending/discord_game_utils-1.zip: 18%
2023-12-19T05:31:27.254Z [Modules] Streaming discord_game_utils@1 to /home/irene/.config/discord/0.0.38/modules/pending/discord_game_utils-1.zip: 20%
2023-12-19T05:31:27.362Z [Modules] Streaming discord_game_utils@1 to /home/irene/.config/discord/0.0.38/modules/pending/discord_game_utils-1.zip: 21%
2023-12-19T05:31:27.396Z [Modules] Streaming discord_game_utils@1 to /home/irene/.config/discord/0.0.38/modules/pending/discord_game_utils-1.zip: 22%
2023-12-19T05:31:27.539Z [Modules] Streaming discord_game_utils@1 to /home/irene/.config/discord/0.0.38/modules/pending/discord_game_utils-1.zip: 23%
2023-12-19T05:31:27.673Z [Modules] Streaming discord_game_utils@1 to /home/irene/.config/discord/0.0.38/modules/pending/discord_game_utils-1.zip: 24%
2023-12-19T05:31:27.724Z [Modules] Streaming discord_game_utils@1 to /home/irene/.config/discord/0.0.38/modules/pending/discord_game_utils-1.zip: 25%
2023-12-19T05:31:28.128Z [Modules] Streaming discord_game_utils@1 to /home/irene/.config/discord/0.0.38/modules/pending/discord_game_utils-1.zip: 27%
2023-12-19T05:31:28.133Z [Modules] Streaming discord_game_utils@1 to /home/irene/.config/discord/0.0.38/modules/pending/discord_game_utils-1.zip: 29%
2023-12-19T05:31:28.219Z [Modules] Streaming discord_game_utils@1 to /home/irene/.config/discord/0.0.38/modules/pending/discord_game_utils-1.zip: 30%
2023-12-19T05:31:28.295Z [Modules] Streaming discord_game_utils@1 to /home/irene/.config/discord/0.0.38/modules/pending/discord_game_utils-1.zip: 31%
2023-12-19T05:31:28.380Z [Modules] Streaming discord_game_utils@1 to /home/irene/.config/discord/0.0.38/modules/pending/discord_game_utils-1.zip: 32%
2023-12-19T05:31:28.507Z [Modules] Streaming discord_game_utils@1 to /home/irene/.config/discord/0.0.38/modules/pending/discord_game_utils-1.zip: 33%
2023-12-19T05:31:28.731Z [Modules] Streaming discord_game_utils@1 to /home/irene/.config/discord/0.0.38/modules/pending/discord_game_utils-1.zip: 34%
2023-12-19T05:31:28.800Z [Modules] Streaming discord_game_utils@1 to /home/irene/.config/discord/0.0.38/modules/pending/discord_game_utils-1.zip: 35%
2023-12-19T05:31:29.007Z [Modules] Streaming discord_game_utils@1 to /home/irene/.config/discord/0.0.38/modules/pending/discord_game_utils-1.zip: 36%
2023-12-19T05:31:29.043Z [Modules] Streaming discord_game_utils@1 to /home/irene/.config/discord/0.0.38/modules/pending/discord_game_utils-1.zip: 38%
2023-12-19T05:31:29.165Z [Modules] Streaming discord_game_utils@1 to /home/irene/.config/discord/0.0.38/modules/pending/discord_game_utils-1.zip: 39%
2023-12-19T05:31:29.227Z [Modules] Streaming discord_game_utils@1 to /home/irene/.config/discord/0.0.38/modules/pending/discord_game_utils-1.zip: 40%
2023-12-19T05:31:29.523Z [Modules] Streaming discord_game_utils@1 to /home/irene/.config/discord/0.0.38/modules/pending/discord_game_utils-1.zip: 41%
2023-12-19T05:31:29.589Z [Modules] Streaming discord_game_utils@1 to /home/irene/.config/discord/0.0.38/modules/pending/discord_game_utils-1.zip: 42%
2023-12-19T05:31:29.665Z [Modules] Streaming discord_game_utils@1 to /home/irene/.config/discord/0.0.38/modules/pending/discord_game_utils-1.zip: 43%
2023-12-19T05:31:29.719Z [Modules] Streaming discord_game_utils@1 to /home/irene/.config/discord/0.0.38/modules/pending/discord_game_utils-1.zip: 44%
2023-12-19T05:31:30.065Z [Modules] Streaming discord_game_utils@1 to /home/irene/.config/discord/0.0.38/modules/pending/discord_game_utils-1.zip: 45%
2023-12-19T05:31:30.103Z [Modules] Streaming discord_game_utils@1 to /home/irene/.config/discord/0.0.38/modules/pending/discord_game_utils-1.zip: 46%
2023-12-19T05:31:30.115Z [Modules] Streaming discord_game_utils@1 to /home/irene/.config/discord/0.0.38/modules/pending/discord_game_utils-1.zip: 47%
2023-12-19T05:31:30.331Z [Modules] Streaming discord_game_utils@1 to /home/irene/.config/discord/0.0.38/modules/pending/discord_game_utils-1.zip: 48%
2023-12-19T05:31:30.400Z [Modules] Streaming discord_game_utils@1 to /home/irene/.config/discord/0.0.38/modules/pending/discord_game_utils-1.zip: 49%
2023-12-19T05:31:30.537Z [Modules] Streaming discord_game_utils@1 to /home/irene/.config/discord/0.0.38/modules/pending/discord_game_utils-1.zip: 50%
2023-12-19T05:31:30.672Z [Modules] Streaming discord_game_utils@1 to /home/irene/.config/discord/0.0.38/modules/pending/discord_game_utils-1.zip: 51%
2023-12-19T05:31:31.585Z [Modules] Streaming discord_game_utils@1 to /home/irene/.config/discord/0.0.38/modules/pending/discord_game_utils-1.zip: 54%
2023-12-19T05:31:31.587Z [Modules] Streaming discord_game_utils@1 to /home/irene/.config/discord/0.0.38/modules/pending/discord_game_utils-1.zip: 55%
2023-12-19T05:31:32.944Z [Modules] Streaming discord_game_utils@1 to /home/irene/.config/discord/0.0.38/modules/pending/discord_game_utils-1.zip: 56%
2023-12-19T05:31:32.976Z [Modules] Streaming discord_game_utils@1 to /home/irene/.config/discord/0.0.38/modules/pending/discord_game_utils-1.zip: 57%
2023-12-19T05:31:33.038Z [Modules] Streaming discord_game_utils@1 to /home/irene/.config/discord/0.0.38/modules/pending/discord_game_utils-1.zip: 58%
2023-12-19T05:31:33.170Z [Modules] Streaming discord_game_utils@1 to /home/irene/.config/discord/0.0.38/modules/pending/discord_game_utils-1.zip: 59%
2023-12-19T05:31:33.446Z [Modules] Streaming discord_game_utils@1 to /home/irene/.config/discord/0.0.38/modules/pending/discord_game_utils-1.zip: 60%
2023-12-19T05:31:33.778Z [Modules] Streaming discord_game_utils@1 to /home/irene/.config/discord/0.0.38/modules/pending/discord_game_utils-1.zip: 61%
2023-12-19T05:31:33.813Z [Modules] Streaming discord_game_utils@1 to /home/irene/.config/discord/0.0.38/modules/pending/discord_game_utils-1.zip: 62%
2023-12-19T05:31:34.082Z [Modules] Streaming discord_game_utils@1 to /home/irene/.config/discord/0.0.38/modules/pending/discord_game_utils-1.zip: 63%
2023-12-19T05:31:34.115Z [Modules] Streaming discord_game_utils@1 to /home/irene/.config/discord/0.0.38/modules/pending/discord_game_utils-1.zip: 64%
2023-12-19T05:31:34.133Z [Modules] Streaming discord_game_utils@1 to /home/irene/.config/discord/0.0.38/modules/pending/discord_game_utils-1.zip: 66%
2023-12-19T05:31:34.138Z [Modules] Streaming discord_game_utils@1 to /home/irene/.config/discord/0.0.38/modules/pending/discord_game_utils-1.zip: 67%
2023-12-19T05:31:34.201Z [Modules] Streaming discord_game_utils@1 to /home/irene/.config/discord/0.0.38/modules/pending/discord_game_utils-1.zip: 68%
2023-12-19T05:31:34.276Z [Modules] Streaming discord_game_utils@1 to /home/irene/.config/discord/0.0.38/modules/pending/discord_game_utils-1.zip: 69%
2023-12-19T05:31:34.312Z [Modules] Streaming discord_game_utils@1 to /home/irene/.config/discord/0.0.38/modules/pending/discord_game_utils-1.zip: 70%
2023-12-19T05:31:34.404Z [Modules] Streaming discord_game_utils@1 to /home/irene/.config/discord/0.0.38/modules/pending/discord_game_utils-1.zip: 72%
2023-12-19T05:31:34.727Z [Modules] Streaming discord_game_utils@1 to /home/irene/.config/discord/0.0.38/modules/pending/discord_game_utils-1.zip: 73%
2023-12-19T05:31:34.934Z [Modules] Streaming discord_game_utils@1 to /home/irene/.config/discord/0.0.38/modules/pending/discord_game_utils-1.zip: 74%
2023-12-19T05:31:34.959Z [Modules] Streaming discord_game_utils@1 to /home/irene/.config/discord/0.0.38/modules/pending/discord_game_utils-1.zip: 75%
2023-12-19T05:31:35.179Z [Modules] Streaming discord_game_utils@1 to /home/irene/.config/discord/0.0.38/modules/pending/discord_game_utils-1.zip: 76%
2023-12-19T05:31:35.215Z [Modules] Streaming discord_game_utils@1 to /home/irene/.config/discord/0.0.38/modules/pending/discord_game_utils-1.zip: 77%
2023-12-19T05:31:35.353Z [Modules] Streaming discord_game_utils@1 to /home/irene/.config/discord/0.0.38/modules/pending/discord_game_utils-1.zip: 78%
2023-12-19T05:31:35.493Z [Modules] Streaming discord_game_utils@1 to /home/irene/.config/discord/0.0.38/modules/pending/discord_game_utils-1.zip: 79%
2023-12-19T05:31:35.611Z [Modules] Streaming discord_game_utils@1 to /home/irene/.config/discord/0.0.38/modules/pending/discord_game_utils-1.zip: 80%
2023-12-19T05:31:35.731Z [Modules] Streaming discord_game_utils@1 to /home/irene/.config/discord/0.0.38/modules/pending/discord_game_utils-1.zip: 81%
2023-12-19T05:31:35.863Z [Modules] Streaming discord_game_utils@1 to /home/irene/.config/discord/0.0.38/modules/pending/discord_game_utils-1.zip: 82%
2023-12-19T05:31:35.902Z [Modules] Streaming discord_game_utils@1 to /home/irene/.config/discord/0.0.38/modules/pending/discord_game_utils-1.zip: 83%
2023-12-19T05:31:36.142Z [Modules] Streaming discord_game_utils@1 to /home/irene/.config/discord/0.0.38/modules/pending/discord_game_utils-1.zip: 85%
2023-12-19T05:31:36.208Z [Modules] Streaming discord_game_utils@1 to /home/irene/.config/discord/0.0.38/modules/pending/discord_game_utils-1.zip: 86%
2023-12-19T05:31:36.243Z [Modules] Streaming discord_game_utils@1 to /home/irene/.config/discord/0.0.38/modules/pending/discord_game_utils-1.zip: 87%
2023-12-19T05:31:36.286Z [Modules] Streaming discord_game_utils@1 to /home/irene/.config/discord/0.0.38/modules/pending/discord_game_utils-1.zip: 88%
2023-12-19T05:31:36.511Z [Modules] Streaming discord_game_utils@1 to /home/irene/.config/discord/0.0.38/modules/pending/discord_game_utils-1.zip: 90%
2023-12-19T05:31:36.579Z [Modules] Streaming discord_game_utils@1 to /home/irene/.config/discord/0.0.38/modules/pending/discord_game_utils-1.zip: 91%
2023-12-19T05:31:36.674Z [Modules] Streaming discord_game_utils@1 to /home/irene/.config/discord/0.0.38/modules/pending/discord_game_utils-1.zip: 92%
2023-12-19T05:31:36.973Z [Modules] Streaming discord_game_utils@1 to /home/irene/.config/discord/0.0.38/modules/pending/discord_game_utils-1.zip: 93%
2023-12-19T05:31:37.028Z [Modules] Streaming discord_game_utils@1 to /home/irene/.config/discord/0.0.38/modules/pending/discord_game_utils-1.zip: 94%
2023-12-19T05:31:37.210Z [Modules] Streaming discord_game_utils@1 to /home/irene/.config/discord/0.0.38/modules/pending/discord_game_utils-1.zip: 95%
2023-12-19T05:31:37.313Z [Modules] Streaming discord_game_utils@1 to /home/irene/.config/discord/0.0.38/modules/pending/discord_game_utils-1.zip: 96%
2023-12-19T05:31:37.402Z [Modules] Streaming discord_game_utils@1 to /home/irene/.config/discord/0.0.38/modules/pending/discord_game_utils-1.zip: 97%
2023-12-19T05:31:37.479Z [Modules] Streaming discord_game_utils@1 to /home/irene/.config/discord/0.0.38/modules/pending/discord_game_utils-1.zip: 98%
2023-12-19T05:31:37.617Z [Modules] Streaming discord_game_utils@1 to /home/irene/.config/discord/0.0.38/modules/pending/discord_game_utils-1.zip: 100%
2023-12-19T05:31:37.620Z [Modules] Fetching discord_rpc@1 from https://discord.com/api/modules/stable/discord_rpc/1
2023-12-19T05:31:37.620Z [Modules] Streaming discord_rpc@1 to /home/irene/.config/discord/0.0.38/modules/pending/discord_rpc-1.zip
2023-12-19T05:31:37.620Z [Modules] Installing discord_game_utils@1 from /home/irene/.config/discord/0.0.38/modules/pending/discord_game_utils-1.zip
2023-12-19T05:31:37.753Z [Modules] Finished module installations. [success: 1] [failure: 0]
2023-12-19T05:31:38.976Z [Modules] Streaming discord_rpc@1 to /home/irene/.config/discord/0.0.38/modules/pending/discord_rpc-1.zip: 38%
2023-12-19T05:31:39.124Z [Modules] Streaming discord_rpc@1 to /home/irene/.config/discord/0.0.38/modules/pending/discord_rpc-1.zip: 75%
2023-12-19T05:31:39.131Z [Modules] Streaming discord_rpc@1 to /home/irene/.config/discord/0.0.38/modules/pending/discord_rpc-1.zip: 100%
2023-12-19T05:31:39.133Z [Modules] Finished module downloads. [success: 3] [failure: 0]
2023-12-19T05:31:39.134Z [Modules] Installing discord_rpc@1 from /home/irene/.config/discord/0.0.38/modules/pending/discord_rpc-1.zip
2023-12-19T05:31:39.170Z [Modules] Finished module installations. [success: 1] [failure: 0]
