2023-12-20 11:32:24 Loading main app package /usr/lib/obsidian/obsidian.asar
2023-12-20 11:32:25 Checking for update using Github
2023-12-20 11:32:25 Success.
2023-12-20 11:32:25 Latest version is 1.4.16
2023-12-20 11:32:25 App is up to date.
2023-12-20 11:33:11 Loading main app package /usr/lib/obsidian/obsidian.asar
2023-12-20 11:33:11 Checking for update using Github
2023-12-20 11:33:11 Success.
2023-12-20 11:33:11 Latest version is 1.4.16
2023-12-20 11:33:11 App is up to date.
2023-12-20 11:33:30 Loading main app package /usr/lib/obsidian/obsidian.asar
2023-12-20 11:33:30 Checking for update using Github
2023-12-20 11:33:30 Success.
2023-12-20 11:33:30 Latest version is 1.4.16
2023-12-20 11:33:30 App is up to date.
2024-01-25 01:49:53 Loading main app package /usr/lib/obsidian/obsidian.asar
2024-01-25 01:49:53 Checking for update using Github
2024-01-25 01:50:04 Success.
2024-01-25 01:50:04 Latest version is 1.5.3
2024-01-25 01:50:04 App is up to date.
2024-01-25 02:49:53 Checking for update using Github
2024-01-25 02:49:54 Success.
2024-01-25 02:49:54 Latest version is 1.5.3
2024-01-25 02:49:54 App is up to date.
2024-01-25 03:49:53 Checking for update using Github
2024-01-25 03:49:55 Success.
2024-01-25 03:49:55 Latest version is 1.5.3
2024-01-25 03:49:55 App is up to date.
2024-01-25 04:49:53 Checking for update using Github
2024-01-25 04:49:54 Success.
2024-01-25 04:49:54 Latest version is 1.5.3
2024-01-25 04:49:54 App is up to date.
2024-01-25 12:38:10 Loading main app package /usr/lib/obsidian/obsidian.asar
2024-01-25 12:38:10 Checking for update using Github
2024-01-25 12:38:11 Success.
2024-01-25 12:38:11 Latest version is 1.5.3
2024-01-25 12:38:11 App is up to date.
2024-01-25 15:59:00 Loading main app package /usr/lib/obsidian/obsidian.asar
2024-01-25 15:59:00 Checking for update using Github
2024-01-25 15:59:01 Success.
2024-01-25 15:59:01 Latest version is 1.5.3
2024-01-25 15:59:01 App is up to date.
2024-01-25 16:59:00 Checking for update using Github
2024-01-25 16:59:00 Success.
2024-01-25 16:59:00 Latest version is 1.5.3
2024-01-25 16:59:00 App is up to date.
2024-01-25 17:59:00 Checking for update using Github
2024-01-25 17:59:10 Success.
2024-01-25 17:59:10 Latest version is 1.5.3
2024-01-25 17:59:10 App is up to date.
2024-01-25 18:59:00 Checking for update using Github
2024-01-25 18:59:02 Success.
2024-01-25 18:59:02 Latest version is 1.5.3
2024-01-25 18:59:02 App is up to date.
2024-01-25 19:59:00 Checking for update using Github
2024-01-25 19:59:00 Success.
2024-01-25 19:59:00 Latest version is 1.5.3
2024-01-25 19:59:00 App is up to date.
2024-01-25 20:59:00 Checking for update using Github
2024-01-25 20:59:00 Success.
2024-01-25 20:59:00 Latest version is 1.5.3
2024-01-25 20:59:00 App is up to date.
2024-01-25 21:59:01 Checking for update using Github
2024-01-25 21:59:01 Failed to check for update using Github (net::ERR_INTERNET_DISCONNECTED)
2024-01-25 21:59:01 Checking for update using obsidian.md
2024-01-25 21:59:01 Failed to check for update using obsidian.md (net::ERR_INTERNET_DISCONNECTED)
2024-01-25 22:59:01 Checking for update using Github
2024-01-25 22:59:01 Success.
2024-01-25 22:59:01 Latest version is 1.5.3
2024-01-25 22:59:01 App is up to date.
2024-01-25 23:59:01 Checking for update using Github
2024-01-25 23:59:03 Success.
2024-01-25 23:59:03 Latest version is 1.5.3
2024-01-25 23:59:03 App is up to date.
2024-01-26 00:59:01 Checking for update using Github
2024-01-26 00:59:01 Success.
2024-01-26 00:59:01 Latest version is 1.5.3
2024-01-26 00:59:01 App is up to date.
2024-01-26 01:59:01 Checking for update using Github
2024-01-26 01:59:03 Success.
2024-01-26 01:59:03 Latest version is 1.5.3
2024-01-26 01:59:03 App is up to date.
2024-01-26 02:59:01 Checking for update using Github
2024-01-26 02:59:02 Success.
2024-01-26 02:59:02 Latest version is 1.5.3
2024-01-26 02:59:02 App is up to date.
2024-01-26 03:59:01 Checking for update using Github
2024-01-26 03:59:01 Success.
2024-01-26 03:59:01 Latest version is 1.5.3
2024-01-26 03:59:01 App is up to date.
2024-01-26 04:59:01 Checking for update using Github
2024-01-26 04:59:01 Success.
2024-01-26 04:59:01 Latest version is 1.5.3
2024-01-26 04:59:01 App is up to date.
