2024-01-29 21:48:30.620 [info] Extension host with pid 141392 started
2024-01-29 21:48:30.647 [info] ExtensionService#_doActivateExtension vscode.emmet, startup: false, activationEvent: 'onLanguage'
2024-01-29 21:48:30.722 [info] ExtensionService#_doActivateExtension vscode.git-base, startup: true, activationEvent: '*'
2024-01-29 21:48:30.728 [info] ExtensionService#_doActivateExtension vscode.github, startup: true, activationEvent: '*'
2024-01-29 21:48:30.799 [info] Eager extensions activated
2024-01-29 21:48:30.806 [info] ExtensionService#_doActivateExtension vscode.debug-auto-launch, startup: false, activationEvent: 'onStartupFinished'
2024-01-29 21:48:30.809 [info] ExtensionService#_doActivateExtension vscode.merge-conflict, startup: false, activationEvent: 'onStartupFinished'
2024-01-29 21:48:30.849 [info] ExtensionService#_doActivateExtension vscode.github-authentication, startup: false, activationEvent: 'onStartupFinished', root cause: GitHub.vscode-pull-request-github
2024-01-29 21:48:30.961 [info] ExtensionService#_doActivateExtension GitHub.vscode-pull-request-github, startup: false, activationEvent: 'onStartupFinished'
2024-01-29 21:48:31.185 [error] Activating extension GitHub.vscode-pull-request-github failed due to an error:
2024-01-29 21:48:31.185 [error] Error: Extension 'GitHub.vscode-pull-request-github' CANNOT use API proposal: readonlyMessage.
Its package.json#enabledApiProposals-property declares:  but NOT readonlyMessage.
 The missing proposal MUST be added and you must start in extension development mode or use the following command line switch: --enable-proposed-api GitHub.vscode-pull-request-github
	at v (/usr/lib/code/out/vs/workbench/api/node/extensionHostProcess.js:138:48007)
	at v.registerFileSystemProvider (/usr/lib/code/out/vs/workbench/api/node/extensionHostProcess.js:143:20533)
	at Object.registerFileSystemProvider (/usr/lib/code/out/vs/workbench/api/node/extensionHostProcess.js:158:38166)
	at M2 (/home/irene/.vscode-oss/extensions/github.vscode-pull-request-github-0.78.1-universal/dist/extension.js:2242:8320)
	at async I2 (/home/irene/.vscode-oss/extensions/github.vscode-pull-request-github-0.78.1-universal/dist/extension.js:2242:5740)
	at async u.n (/usr/lib/code/out/vs/workbench/api/node/extensionHostProcess.js:140:6255)
	at async u.m (/usr/lib/code/out/vs/workbench/api/node/extensionHostProcess.js:140:6218)
	at async u.l (/usr/lib/code/out/vs/workbench/api/node/extensionHostProcess.js:140:5675)
2024-01-29 21:48:32.818 [info] Extension host terminating: renderer closed the MessagePort
2024-01-29 21:48:32.822 [info] Extension host with pid 141392 exiting with code 0
