2024-01-14 04:27:05.236 [info] Test server listening.
2024-01-14 04:27:05.236 [info] Python interpreter path: /bin/python
2024-01-14 04:27:05.275 [error] [
  'Failed to activate a workspace, Class name = g, completed in 52ms, has a falsy return value, Arg 1: undefined, Return Value: undefined',
  [Error: Extension 'ms-python.python' CANNOT use API proposal: testObserver.
  Its package.json#enabledApiProposals-property declares:  but NOT testObserver.
   The missing proposal MUST be added and you must start in extension development mode or use the following command line switch: --enable-proposed-api ms-python.python
  	at v (/usr/lib/code/out/vs/workbench/api/node/extensionHostProcess.js:138:48007)
  	at get testResults [as testResults] (/usr/lib/code/out/vs/workbench/api/node/extensionHostProcess.js:158:23805)
  	at w.activate (/home/irene/.vscode-oss/extensions/ms-python.python-2023.22.1-universal/out/client/extension.js:2:795716)
  	at /home/irene/.vscode-oss/extensions/ms-python.python-2023.22.1-universal/out/client/extension.js:2:2455
  	at Array.map (<anonymous>)
  	at g.activateWorkspace (/home/irene/.vscode-oss/extensions/ms-python.python-2023.22.1-universal/out/client/extension.js:2:2445)]
]
2024-01-14 04:27:05.276 [error] Failure during activation. [Error: Extension 'ms-python.python' CANNOT use API proposal: testObserver.
Its package.json#enabledApiProposals-property declares:  but NOT testObserver.
 The missing proposal MUST be added and you must start in extension development mode or use the following command line switch: --enable-proposed-api ms-python.python
	at v (/usr/lib/code/out/vs/workbench/api/node/extensionHostProcess.js:138:48007)
	at get testResults [as testResults] (/usr/lib/code/out/vs/workbench/api/node/extensionHostProcess.js:158:23805)
	at w.activate (/home/irene/.vscode-oss/extensions/ms-python.python-2023.22.1-universal/out/client/extension.js:2:795716)
	at /home/irene/.vscode-oss/extensions/ms-python.python-2023.22.1-universal/out/client/extension.js:2:2455
	at Array.map (<anonymous>)
	at g.activateWorkspace (/home/irene/.vscode-oss/extensions/ms-python.python-2023.22.1-universal/out/client/extension.js:2:2445)]
2024-01-14 04:27:05.276 [error] sendStartupTelemetry() failed. [Error: Extension 'ms-python.python' CANNOT use API proposal: testObserver.
Its package.json#enabledApiProposals-property declares:  but NOT testObserver.
 The missing proposal MUST be added and you must start in extension development mode or use the following command line switch: --enable-proposed-api ms-python.python
	at v (/usr/lib/code/out/vs/workbench/api/node/extensionHostProcess.js:138:48007)
	at get testResults [as testResults] (/usr/lib/code/out/vs/workbench/api/node/extensionHostProcess.js:158:23805)
	at w.activate (/home/irene/.vscode-oss/extensions/ms-python.python-2023.22.1-universal/out/client/extension.js:2:795716)
	at /home/irene/.vscode-oss/extensions/ms-python.python-2023.22.1-universal/out/client/extension.js:2:2455
	at Array.map (<anonymous>)
	at g.activateWorkspace (/home/irene/.vscode-oss/extensions/ms-python.python-2023.22.1-universal/out/client/extension.js:2:2445)]
2024-01-14 04:27:05.280 [warning] Retry failed, storage update failed for key PYTHON_GLOBAL_STORAGE_KEYS
2024-01-14 04:27:05.417 [warning] Retry failed, storage update failed for key PYTHON_GLOBAL_STORAGE_KEYS
2024-01-14 04:27:05.417 [warning] Retry failed, storage update failed for key PYTHON_GLOBAL_STORAGE_KEYS
2024-01-14 04:27:05.417 [warning] Retry failed, storage update failed for key PYTHON_GLOBAL_STORAGE_KEYS
2024-01-14 04:27:05.417 [warning] Retry failed, storage update failed for key PYTHON_GLOBAL_STORAGE_KEYS
2024-01-14 04:27:05.417 [warning] Retry failed, storage update failed for key PYTHON_WORKSPACE_STORAGE_KEYS
2024-01-14 04:27:05.417 [warning] Retry failed, storage update failed for key PYTHON_WORKSPACE_STORAGE_KEYS
2024-01-14 04:27:05.417 [warning] Retry failed, storage update failed for key PYTHON_WORKSPACE_STORAGE_KEYS
2024-01-14 04:27:05.884 [info] Starting Jedi language server for default.
