2024-01-29 20:57:17.877 [info] Extension host with pid 109854 started
2024-01-29 20:57:17.992 [info] ExtensionService#_doActivateExtension vscode.emmet, startup: false, activationEvent: 'onLanguage'
2024-01-29 20:57:18.065 [info] ExtensionService#_doActivateExtension vscode.git-base, startup: true, activationEvent: '*'
2024-01-29 20:57:18.072 [info] ExtensionService#_doActivateExtension vscode.github, startup: true, activationEvent: '*'
2024-01-29 20:57:18.130 [info] Eager extensions activated
2024-01-29 20:57:18.133 [info] ExtensionService#_doActivateExtension vscode.debug-auto-launch, startup: false, activationEvent: 'onStartupFinished'
2024-01-29 20:57:18.137 [info] ExtensionService#_doActivateExtension vscode.merge-conflict, startup: false, activationEvent: 'onStartupFinished'
2024-01-29 20:57:18.171 [info] ExtensionService#_doActivateExtension vscode.github-authentication, startup: false, activationEvent: 'onStartupFinished', root cause: GitHub.vscode-pull-request-github
2024-01-29 20:57:18.290 [info] ExtensionService#_doActivateExtension GitHub.vscode-pull-request-github, startup: false, activationEvent: 'onStartupFinished'
2024-01-29 20:57:18.519 [error] Activating extension GitHub.vscode-pull-request-github failed due to an error:
2024-01-29 20:57:18.519 [error] Error: Extension 'GitHub.vscode-pull-request-github' CANNOT use API proposal: readonlyMessage.
Its package.json#enabledApiProposals-property declares:  but NOT readonlyMessage.
 The missing proposal MUST be added and you must start in extension development mode or use the following command line switch: --enable-proposed-api GitHub.vscode-pull-request-github
	at v (/usr/lib/code/out/vs/workbench/api/node/extensionHostProcess.js:138:48007)
	at v.registerFileSystemProvider (/usr/lib/code/out/vs/workbench/api/node/extensionHostProcess.js:143:20533)
	at Object.registerFileSystemProvider (/usr/lib/code/out/vs/workbench/api/node/extensionHostProcess.js:158:38166)
	at M2 (/home/irene/.vscode-oss/extensions/github.vscode-pull-request-github-0.78.1-universal/dist/extension.js:2242:8320)
	at async I2 (/home/irene/.vscode-oss/extensions/github.vscode-pull-request-github-0.78.1-universal/dist/extension.js:2242:5740)
	at async u.n (/usr/lib/code/out/vs/workbench/api/node/extensionHostProcess.js:140:6255)
	at async u.m (/usr/lib/code/out/vs/workbench/api/node/extensionHostProcess.js:140:6218)
	at async u.l (/usr/lib/code/out/vs/workbench/api/node/extensionHostProcess.js:140:5675)
2024-01-29 20:57:24.474 [info] Extension host terminating: renderer closed the MessagePort
2024-01-29 20:57:24.478 [info] Extension host with pid 109854 exiting with code 0
