2023-12-28 03:17:25.969 [info] Log level: Info
2023-12-28 03:17:25.969 [info] Validating found git in: "git"
2023-12-28 03:17:25.969 [info] Using git "2.43.0" from "git"
2023-12-28 03:17:25.969 [info] > git rev-parse --show-toplevel [11ms]
2023-12-28 03:17:25.969 [info] > git rev-parse --git-dir --git-common-dir [4ms]
2023-12-28 03:17:25.969 [info] Open repository: /home/irene/gits/Projects
2023-12-28 03:17:26.122 [info] > git config --get commit.template [139ms]
2023-12-28 03:17:26.152 [info] > git for-each-ref --format=%(refname)%00%(upstream:short)%00%(objectname)%00%(upstream:track)%00%(upstream:remotename)%00%(upstream:remoteref) refs/heads/main refs/remotes/main [4ms]
2023-12-28 03:17:26.177 [info] > git status -z -uall [11ms]
2023-12-28 03:17:26.408 [info] > git config --get commit.template [203ms]
2023-12-28 03:17:26.498 [info] > git show --textconv :Bash_Scripts/test.sh [27ms]
2023-12-28 03:17:26.498 [info] > git ls-files --stage -- /home/irene/gits/Projects/Bash_Scripts/test.sh [13ms]
2023-12-28 03:17:26.514 [info] > git for-each-ref --format=%(refname)%00%(upstream:short)%00%(objectname)%00%(upstream:track)%00%(upstream:remotename)%00%(upstream:remoteref) refs/heads/main refs/remotes/main [62ms]
2023-12-28 03:17:26.518 [info] > git cat-file -s 8c826836d576067fc67debe2116e12b0e6dcad53 [6ms]
2023-12-28 03:17:26.643 [info] > git status -z -uall [21ms]
2023-12-28 03:17:26.643 [info] > git check-ignore -v -z --stdin [2ms]
2023-12-28 03:17:27.354 [info] > git fetch [1392ms]
2023-12-28 03:17:27.384 [info] > git config --get commit.template [15ms]
2023-12-28 03:17:27.401 [info] > git for-each-ref --format=%(refname)%00%(upstream:short)%00%(objectname)%00%(upstream:track)%00%(upstream:remotename)%00%(upstream:remoteref) refs/heads/main refs/remotes/main [3ms]
2023-12-28 03:17:27.419 [info] > git status -z -uall [3ms]
2023-12-28 03:17:30.873 [info] > git config --get commit.template [18ms]
2023-12-28 03:17:30.891 [info] > git for-each-ref --format=%(refname)%00%(upstream:short)%00%(objectname)%00%(upstream:track)%00%(upstream:remotename)%00%(upstream:remoteref) refs/heads/main refs/remotes/main [20ms]
2023-12-28 03:17:30.893 [info] > git ls-files --stage -- /home/irene/gits/Projects/Bash_Scripts/test.sh [3ms]
2023-12-28 03:17:30.926 [info] > git cat-file -s 8c826836d576067fc67debe2116e12b0e6dcad53 [17ms]
2023-12-28 03:17:30.928 [info] > git status -z -uall [3ms]
2023-12-28 03:17:30.949 [info] > git show --textconv :Bash_Scripts/test.sh [3ms]
2023-12-28 03:18:29.776 [info] > git config --get commit.template [3ms]
2023-12-28 03:18:29.792 [info] > git for-each-ref --format=%(refname)%00%(upstream:short)%00%(objectname)%00%(upstream:track)%00%(upstream:remotename)%00%(upstream:remoteref) refs/heads/main refs/remotes/main [2ms]
2023-12-28 03:18:29.811 [info] > git status -z -uall [3ms]
2023-12-28 03:18:59.149 [info] > git config --get commit.template [4ms]
2023-12-28 03:18:59.168 [info] > git for-each-ref --format=%(refname)%00%(upstream:short)%00%(objectname)%00%(upstream:track)%00%(upstream:remotename)%00%(upstream:remoteref) refs/heads/main refs/remotes/main [2ms]
2023-12-28 03:18:59.188 [info] > git status -z -uall [3ms]
2023-12-28 03:19:16.122 [info] > git config --get commit.template [18ms]
2023-12-28 03:19:16.123 [info] > git for-each-ref --format=%(refname)%00%(upstream:short)%00%(objectname)%00%(upstream:track)%00%(upstream:remotename)%00%(upstream:remoteref) refs/heads/main refs/remotes/main [3ms]
2023-12-28 03:19:16.144 [info] > git status -z -uall [5ms]
2023-12-28 03:19:22.764 [info] > git config --get commit.template [19ms]
2023-12-28 03:19:22.766 [info] > git for-each-ref --format=%(refname)%00%(upstream:short)%00%(objectname)%00%(upstream:track)%00%(upstream:remotename)%00%(upstream:remoteref) refs/heads/main refs/remotes/main [2ms]
2023-12-28 03:19:22.786 [info] > git status -z -uall [4ms]
2023-12-28 03:19:49.950 [info] > git config --get commit.template [19ms]
2023-12-28 03:19:49.952 [info] > git for-each-ref --format=%(refname)%00%(upstream:short)%00%(objectname)%00%(upstream:track)%00%(upstream:remotename)%00%(upstream:remoteref) refs/heads/main refs/remotes/main [2ms]
2023-12-28 03:19:49.972 [info] > git status -z -uall [4ms]
2023-12-28 03:19:58.387 [info] > git config --get commit.template [18ms]
2023-12-28 03:19:58.389 [info] > git for-each-ref --format=%(refname)%00%(upstream:short)%00%(objectname)%00%(upstream:track)%00%(upstream:remotename)%00%(upstream:remoteref) refs/heads/main refs/remotes/main [2ms]
2023-12-28 03:19:58.409 [info] > git status -z -uall [3ms]
2023-12-28 03:20:12.507 [info] > git config --get commit.template [20ms]
2023-12-28 03:20:12.508 [info] > git for-each-ref --format=%(refname)%00%(upstream:short)%00%(objectname)%00%(upstream:track)%00%(upstream:remotename)%00%(upstream:remoteref) refs/heads/main refs/remotes/main [3ms]
2023-12-28 03:20:12.529 [info] > git status -z -uall [3ms]
2023-12-28 03:20:17.554 [info] > git config --get commit.template [2ms]
2023-12-28 03:20:17.574 [info] > git for-each-ref --format=%(refname)%00%(upstream:short)%00%(objectname)%00%(upstream:track)%00%(upstream:remotename)%00%(upstream:remoteref) refs/heads/main refs/remotes/main [4ms]
2023-12-28 03:20:17.595 [info] > git status -z -uall [4ms]
2023-12-28 03:20:27.000 [info] > git config --get commit.template [21ms]
2023-12-28 03:20:27.001 [info] > git for-each-ref --format=%(refname)%00%(upstream:short)%00%(objectname)%00%(upstream:track)%00%(upstream:remotename)%00%(upstream:remoteref) refs/heads/main refs/remotes/main [2ms]
2023-12-28 03:20:27.025 [info] > git status -z -uall [5ms]
2023-12-28 03:20:28.641 [info] > git ls-files --stage -- /home/irene/gits/Projects/Bash_Scripts/test.sh [3ms]
2023-12-28 03:20:28.658 [info] > git cat-file -s 8c826836d576067fc67debe2116e12b0e6dcad53 [3ms]
2023-12-28 03:20:28.680 [info] > git show --textconv :Bash_Scripts/test.sh [3ms]
2023-12-28 03:20:29.333 [info] > git fetch [1894ms]
2023-12-28 03:20:29.370 [info] > git config --get commit.template [18ms]
2023-12-28 03:20:29.372 [info] > git for-each-ref --format=%(refname)%00%(upstream:short)%00%(objectname)%00%(upstream:track)%00%(upstream:remotename)%00%(upstream:remoteref) refs/heads/main refs/remotes/main [4ms]
2023-12-28 03:20:29.393 [info] > git status -z -uall [4ms]
2023-12-28 03:20:30.523 [info] > git ls-files --stage -- /home/irene/gits/Projects/Bash_Scripts/test.sh [3ms]
2023-12-28 03:20:30.542 [info] > git cat-file -s 8c826836d576067fc67debe2116e12b0e6dcad53 [4ms]
2023-12-28 03:20:30.564 [info] > git show --textconv :Bash_Scripts/test.sh [3ms]
2023-12-28 03:20:32.063 [info] > git config --get commit.template [16ms]
2023-12-28 03:20:32.064 [info] > git for-each-ref --format=%(refname)%00%(upstream:short)%00%(objectname)%00%(upstream:track)%00%(upstream:remotename)%00%(upstream:remoteref) refs/heads/main refs/remotes/main [2ms]
2023-12-28 03:20:32.082 [info] > git status -z -uall [3ms]
2023-12-28 03:20:37.122 [info] > git config --get commit.template [19ms]
2023-12-28 03:20:37.124 [info] > git for-each-ref --format=%(refname)%00%(upstream:short)%00%(objectname)%00%(upstream:track)%00%(upstream:remotename)%00%(upstream:remoteref) refs/heads/main refs/remotes/main [4ms]
2023-12-28 03:20:37.143 [info] > git status -z -uall [3ms]
2023-12-28 03:20:49.303 [info] > git config --get commit.template [19ms]
2023-12-28 03:20:49.304 [info] > git for-each-ref --format=%(refname)%00%(upstream:short)%00%(objectname)%00%(upstream:track)%00%(upstream:remotename)%00%(upstream:remoteref) refs/heads/main refs/remotes/main [3ms]
2023-12-28 03:20:49.325 [info] > git status -z -uall [4ms]
2023-12-28 03:24:50.549 [info] > git config --get commit.template [17ms]
2023-12-28 03:24:50.551 [info] > git for-each-ref --format=%(refname)%00%(upstream:short)%00%(objectname)%00%(upstream:track)%00%(upstream:remotename)%00%(upstream:remoteref) refs/heads/main refs/remotes/main [3ms]
2023-12-28 03:24:50.570 [info] > git status -z -uall [3ms]
2023-12-28 03:24:52.900 [info] > git fetch [2384ms]
2023-12-28 03:24:52.934 [info] > git config --get commit.template [18ms]
2023-12-28 03:24:52.935 [info] > git for-each-ref --format=%(refname)%00%(upstream:short)%00%(objectname)%00%(upstream:track)%00%(upstream:remotename)%00%(upstream:remoteref) refs/heads/main refs/remotes/main [3ms]
2023-12-28 03:24:52.955 [info] > git status -z -uall [3ms]
2023-12-28 03:27:25.128 [info] > git config --get commit.template [25ms]
2023-12-28 03:27:25.151 [info] > git ls-files --stage -- /home/irene/gits/Projects/Bash_Scripts/test.sh [25ms]
2023-12-28 03:27:25.178 [info] > git for-each-ref --format=%(refname)%00%(upstream:short)%00%(objectname)%00%(upstream:track)%00%(upstream:remotename)%00%(upstream:remoteref) refs/heads/main refs/remotes/main [28ms]
2023-12-28 03:27:25.179 [info] > git cat-file -s 8c826836d576067fc67debe2116e12b0e6dcad53 [4ms]
2023-12-28 03:27:25.229 [info] > git status -z -uall [29ms]
2023-12-28 03:27:25.236 [info] > git show --textconv :Bash_Scripts/test.sh [9ms]
2023-12-28 04:29:15.915 [info] > git fetch [436ms]
2023-12-28 04:29:15.934 [info] > git config --get commit.template [9ms]
2023-12-28 04:29:15.935 [info] > git for-each-ref --format=%(refname)%00%(upstream:short)%00%(objectname)%00%(upstream:track)%00%(upstream:remotename)%00%(upstream:remoteref) refs/heads/main refs/remotes/main [2ms]
2023-12-28 04:29:15.946 [info] > git status -z -uall [2ms]
2023-12-28 04:29:18.776 [info] > git config --get commit.template [2ms]
2023-12-28 04:29:18.796 [info] > git ls-files --stage -- /home/irene/gits/Projects/Bash_Scripts/test.sh [10ms]
2023-12-28 04:29:18.807 [info] > git for-each-ref --format=%(refname)%00%(upstream:short)%00%(objectname)%00%(upstream:track)%00%(upstream:remotename)%00%(upstream:remoteref) refs/heads/main refs/remotes/main [11ms]
2023-12-28 04:29:18.808 [info] > git cat-file -s 8c826836d576067fc67debe2116e12b0e6dcad53 [2ms]
2023-12-28 04:29:18.829 [info] > git status -z -uall [10ms]
2023-12-28 04:29:18.832 [info] > git show --textconv :Bash_Scripts/test.sh [3ms]
2023-12-28 04:29:33.799 [info] > git config --get commit.template [10ms]
2023-12-28 04:29:33.799 [info] > git for-each-ref --format=%(refname)%00%(upstream:short)%00%(objectname)%00%(upstream:track)%00%(upstream:remotename)%00%(upstream:remoteref) refs/heads/main refs/remotes/main [1ms]
2023-12-28 04:29:33.810 [info] > git status -z -uall [2ms]
2023-12-28 04:29:44.765 [info] > git config --get commit.template [1ms]
2023-12-28 04:29:44.774 [info] > git for-each-ref --format=%(refname)%00%(upstream:short)%00%(objectname)%00%(upstream:track)%00%(upstream:remotename)%00%(upstream:remoteref) refs/heads/main refs/remotes/main [1ms]
2023-12-28 04:29:44.785 [info] > git status -z -uall [2ms]
2023-12-28 10:21:15.377 [info] > git config --get commit.template [12ms]
2023-12-28 10:21:15.378 [info] > git for-each-ref --format=%(refname)%00%(upstream:short)%00%(objectname)%00%(upstream:track)%00%(upstream:remotename)%00%(upstream:remoteref) refs/heads/main refs/remotes/main [1ms]
2023-12-28 10:21:15.390 [info] > git status -z -uall [2ms]
2023-12-28 10:21:16.546 [info] > git ls-files --stage -- /home/irene/gits/Projects/Bash_Scripts/test.sh [1ms]
2023-12-28 10:21:16.556 [info] > git cat-file -s 8c826836d576067fc67debe2116e12b0e6dcad53 [2ms]
2023-12-28 10:21:16.568 [info] > git show --textconv :Bash_Scripts/test.sh [1ms]
2023-12-28 10:21:18.171 [info] > git fetch [2817ms]
2023-12-28 10:21:18.190 [info] > git config --get commit.template [10ms]
2023-12-28 10:21:18.190 [info] > git for-each-ref --format=%(refname)%00%(upstream:short)%00%(objectname)%00%(upstream:track)%00%(upstream:remotename)%00%(upstream:remoteref) refs/heads/main refs/remotes/main [1ms]
2023-12-28 10:21:18.202 [info] > git status -z -uall [2ms]
2023-12-28 10:26:13.064 [info] > git config --get commit.template [19ms]
2023-12-28 10:26:13.080 [info] > git ls-files --stage -- /home/irene/gits/Projects/Bash_Scripts/test.sh [18ms]
2023-12-28 10:26:13.097 [info] > git for-each-ref --format=%(refname)%00%(upstream:short)%00%(objectname)%00%(upstream:track)%00%(upstream:remotename)%00%(upstream:remoteref) refs/heads/main refs/remotes/main [18ms]
2023-12-28 10:26:13.114 [info] > git cat-file -s 8c826836d576067fc67debe2116e12b0e6dcad53 [18ms]
2023-12-28 10:26:13.116 [info] > git status -z -uall [3ms]
2023-12-28 10:26:13.141 [info] > git show --textconv :Bash_Scripts/test.sh [3ms]
2023-12-28 10:26:14.451 [info] > git fetch [1421ms]
2023-12-28 10:26:14.487 [info] > git config --get commit.template [19ms]
2023-12-28 10:26:14.488 [info] > git for-each-ref --format=%(refname)%00%(upstream:short)%00%(objectname)%00%(upstream:track)%00%(upstream:remotename)%00%(upstream:remoteref) refs/heads/main refs/remotes/main [3ms]
2023-12-28 10:26:14.510 [info] > git status -z -uall [5ms]
2023-12-28 10:26:25.714 [info] > git config --get commit.template [20ms]
2023-12-28 10:26:25.730 [info] > git ls-files --stage -- /home/irene/gits/Projects/Bash_Scripts/test.sh [18ms]
2023-12-28 10:26:25.746 [info] > git for-each-ref --format=%(refname)%00%(upstream:short)%00%(objectname)%00%(upstream:track)%00%(upstream:remotename)%00%(upstream:remoteref) refs/heads/main refs/remotes/main [17ms]
2023-12-28 10:26:25.747 [info] > git cat-file -s 8c826836d576067fc67debe2116e12b0e6dcad53 [2ms]
2023-12-28 10:26:25.784 [info] > git status -z -uall [20ms]
2023-12-28 10:26:25.784 [info] > git show --textconv :Bash_Scripts/test.sh [3ms]
2023-12-28 10:47:54.927 [info] > git fetch [1364ms]
2023-12-28 10:47:54.960 [info] > git config --get commit.template [16ms]
2023-12-28 10:47:54.961 [info] > git for-each-ref --format=%(refname)%00%(upstream:short)%00%(objectname)%00%(upstream:track)%00%(upstream:remotename)%00%(upstream:remoteref) refs/heads/main refs/remotes/main [3ms]
2023-12-28 10:47:54.981 [info] > git status -z -uall [4ms]
2023-12-28 10:56:30.973 [info] > git config --get commit.template [1ms]
2023-12-28 10:56:30.992 [info] > git ls-files --stage -- /home/irene/gits/Projects/Bash_Scripts/test.sh [11ms]
2023-12-28 10:56:31.001 [info] > git for-each-ref --format=%(refname)%00%(upstream:short)%00%(objectname)%00%(upstream:track)%00%(upstream:remotename)%00%(upstream:remoteref) refs/heads/main refs/remotes/main [9ms]
2023-12-28 10:56:31.001 [info] > git cat-file -s 8c826836d576067fc67debe2116e12b0e6dcad53 [1ms]
2023-12-28 10:56:31.020 [info] > git status -z -uall [10ms]
2023-12-28 10:56:31.023 [info] > git show --textconv :Bash_Scripts/test.sh [4ms]
2023-12-28 10:56:33.163 [info] > git fetch [2201ms]
2023-12-28 10:56:33.182 [info] > git config --get commit.template [9ms]
2023-12-28 10:56:33.182 [info] > git for-each-ref --format=%(refname)%00%(upstream:short)%00%(objectname)%00%(upstream:track)%00%(upstream:remotename)%00%(upstream:remoteref) refs/heads/main refs/remotes/main [1ms]
2023-12-28 10:56:33.193 [info] > git status -z -uall [1ms]
2023-12-28 10:56:40.812 [info] > git config --get commit.template [1ms]
2023-12-28 10:56:40.832 [info] > git ls-files --stage -- /home/irene/gits/Projects/Bash_Scripts/test.sh [8ms]
2023-12-28 10:56:40.842 [info] > git for-each-ref --format=%(refname)%00%(upstream:short)%00%(objectname)%00%(upstream:track)%00%(upstream:remotename)%00%(upstream:remoteref) refs/heads/main refs/remotes/main [11ms]
2023-12-28 10:56:40.851 [info] > git cat-file -s 8c826836d576067fc67debe2116e12b0e6dcad53 [9ms]
2023-12-28 10:56:40.852 [info] > git status -z -uall [2ms]
2023-12-28 10:56:40.867 [info] > git show --textconv :Bash_Scripts/test.sh [2ms]
2023-12-28 11:14:17.023 [info] > git fetch [20581ms]
2023-12-28 11:14:17.034 [info] > git config --get commit.template [2ms]
2023-12-28 11:14:17.044 [info] > git for-each-ref --format=%(refname)%00%(upstream:short)%00%(objectname)%00%(upstream:track)%00%(upstream:remotename)%00%(upstream:remoteref) refs/heads/main refs/remotes/main [1ms]
2023-12-28 11:14:17.054 [info] > git status -z -uall [2ms]
2023-12-28 11:19:28.384 [info] > git ls-files --stage -- /home/irene/gits/Projects/Bash_Scripts/test.sh [1ms]
2023-12-28 11:19:28.394 [info] > git config --get commit.template [21ms]
2023-12-28 11:19:28.405 [info] > git cat-file -s 8c826836d576067fc67debe2116e12b0e6dcad53 [10ms]
2023-12-28 11:19:28.406 [info] > git for-each-ref --format=%(refname)%00%(upstream:short)%00%(objectname)%00%(upstream:track)%00%(upstream:remotename)%00%(upstream:remoteref) refs/heads/main refs/remotes/main [3ms]
2023-12-28 11:19:28.426 [info] > git show --textconv :Bash_Scripts/test.sh [10ms]
2023-12-28 11:19:28.427 [info] > git status -z -uall [2ms]
2023-12-28 11:19:29.976 [info] > git fetch [1615ms]
2023-12-28 11:19:29.993 [info] > git config --get commit.template [9ms]
2023-12-28 11:19:29.994 [info] > git for-each-ref --format=%(refname)%00%(upstream:short)%00%(objectname)%00%(upstream:track)%00%(upstream:remotename)%00%(upstream:remoteref) refs/heads/main refs/remotes/main [1ms]
2023-12-28 11:19:30.003 [info] > git status -z -uall [1ms]
2023-12-28 12:00:59.889 [info] > git config --get commit.template [20ms]
2023-12-28 12:00:59.905 [info] > git ls-files --stage -- /home/irene/gits/Projects/Bash_Scripts/test.sh [18ms]
2023-12-28 12:00:59.921 [info] > git for-each-ref --format=%(refname)%00%(upstream:short)%00%(objectname)%00%(upstream:track)%00%(upstream:remotename)%00%(upstream:remoteref) refs/heads/main refs/remotes/main [17ms]
2023-12-28 12:00:59.922 [info] > git cat-file -s 8c826836d576067fc67debe2116e12b0e6dcad53 [2ms]
2023-12-28 12:00:59.961 [info] > git status -z -uall [22ms]
2023-12-28 12:00:59.961 [info] > git show --textconv :Bash_Scripts/test.sh [3ms]
2023-12-28 12:01:01.130 [info] > git fetch [1277ms]
2023-12-28 12:01:01.165 [info] > git config --get commit.template [18ms]
2023-12-28 12:01:01.166 [info] > git for-each-ref --format=%(refname)%00%(upstream:short)%00%(objectname)%00%(upstream:track)%00%(upstream:remotename)%00%(upstream:remoteref) refs/heads/main refs/remotes/main [3ms]
2023-12-28 12:01:01.186 [info] > git status -z -uall [4ms]
2023-12-28 12:01:54.832 [info] > git config --get commit.template [20ms]
2023-12-28 12:01:54.833 [info] > git for-each-ref --format=%(refname)%00%(upstream:short)%00%(objectname)%00%(upstream:track)%00%(upstream:remotename)%00%(upstream:remoteref) refs/heads/main refs/remotes/main [4ms]
2023-12-28 12:01:54.853 [info] > git status -z -uall [4ms]
2023-12-28 12:01:54.892 [info] > git ls-files --stage -- /home/irene/gits/Projects/Bash_Scripts/test.sh [3ms]
2023-12-28 12:01:54.910 [info] > git cat-file -s 8c826836d576067fc67debe2116e12b0e6dcad53 [3ms]
2023-12-28 12:01:54.932 [info] > git show --textconv :Bash_Scripts/test.sh [3ms]
2023-12-28 12:02:07.018 [info] > git config --get commit.template [19ms]
2023-12-28 12:02:07.019 [info] > git for-each-ref --format=%(refname)%00%(upstream:short)%00%(objectname)%00%(upstream:track)%00%(upstream:remotename)%00%(upstream:remoteref) refs/heads/main refs/remotes/main [3ms]
2023-12-28 12:02:07.039 [info] > git status -z -uall [3ms]
2023-12-28 13:44:09.040 [info] > git ls-files --stage -- /home/irene/gits/Projects/Bash_Scripts/test.sh [1ms]
2023-12-28 13:44:09.048 [info] > git cat-file -s 8c826836d576067fc67debe2116e12b0e6dcad53 [1ms]
2023-12-28 13:44:09.060 [info] > git show --textconv :Bash_Scripts/test.sh [2ms]
2023-12-28 13:44:09.526 [info] > git fetch [1678ms]
2023-12-28 13:44:09.543 [info] > git config --get commit.template [9ms]
2023-12-28 13:44:09.544 [info] > git for-each-ref --format=%(refname)%00%(upstream:short)%00%(objectname)%00%(upstream:track)%00%(upstream:remotename)%00%(upstream:remoteref) refs/heads/main refs/remotes/main [1ms]
2023-12-28 13:44:09.554 [info] > git status -z -uall [2ms]
2023-12-28 13:44:10.618 [info] > git config --get commit.template [9ms]
2023-12-28 13:44:10.619 [info] > git for-each-ref --format=%(refname)%00%(upstream:short)%00%(objectname)%00%(upstream:track)%00%(upstream:remotename)%00%(upstream:remoteref) refs/heads/main refs/remotes/main [2ms]
2023-12-28 13:44:10.630 [info] > git status -z -uall [2ms]
2023-12-28 13:44:10.709 [info] > git ls-files --stage -- /home/irene/gits/Projects/Bash_Scripts/test.sh [2ms]
2023-12-28 13:44:10.718 [info] > git cat-file -s 8c826836d576067fc67debe2116e12b0e6dcad53 [1ms]
2023-12-28 13:44:10.729 [info] > git show --textconv :Bash_Scripts/test.sh [1ms]
2023-12-28 13:44:26.075 [info] > git config --get commit.template [10ms]
2023-12-28 13:44:26.076 [info] > git for-each-ref --format=%(refname)%00%(upstream:short)%00%(objectname)%00%(upstream:track)%00%(upstream:remotename)%00%(upstream:remoteref) refs/heads/main refs/remotes/main [1ms]
2023-12-28 13:44:26.088 [info] > git status -z -uall [2ms]
2023-12-28 13:44:31.109 [info] > git config --get commit.template [10ms]
2023-12-28 13:44:31.109 [info] > git for-each-ref --format=%(refname)%00%(upstream:short)%00%(objectname)%00%(upstream:track)%00%(upstream:remotename)%00%(upstream:remoteref) refs/heads/main refs/remotes/main [1ms]
2023-12-28 13:44:31.119 [info] > git status -z -uall [2ms]
2023-12-28 13:45:34.364 [info] > git config --get commit.template [10ms]
2023-12-28 13:45:34.364 [info] > git for-each-ref --format=%(refname)%00%(upstream:short)%00%(objectname)%00%(upstream:track)%00%(upstream:remotename)%00%(upstream:remoteref) refs/heads/main refs/remotes/main [1ms]
2023-12-28 13:45:34.376 [info] > git status -z -uall [2ms]
2023-12-28 13:45:39.400 [info] > git config --get commit.template [10ms]
2023-12-28 13:45:39.400 [info] > git for-each-ref --format=%(refname)%00%(upstream:short)%00%(objectname)%00%(upstream:track)%00%(upstream:remotename)%00%(upstream:remoteref) refs/heads/main refs/remotes/main [1ms]
2023-12-28 13:45:39.411 [info] > git status -z -uall [2ms]
2023-12-28 13:46:33.337 [info] > git for-each-ref --format=%(refname)%00%(upstream:short)%00%(objectname)%00%(upstream:track)%00%(upstream:remotename)%00%(upstream:remoteref) refs/heads/main refs/remotes/main [1ms]
2023-12-28 13:46:33.337 [info] > git config --get commit.template [11ms]
2023-12-28 13:46:33.348 [info] > git status -z -uall [2ms]
2023-12-28 13:46:52.532 [info] > git config --get commit.template [10ms]
2023-12-28 13:46:52.532 [info] > git for-each-ref --format=%(refname)%00%(upstream:short)%00%(objectname)%00%(upstream:track)%00%(upstream:remotename)%00%(upstream:remoteref) refs/heads/main refs/remotes/main [1ms]
2023-12-28 13:46:52.543 [info] > git status -z -uall [2ms]
2023-12-28 13:47:18.431 [info] > git fetch [1033ms]
2023-12-28 13:47:18.441 [info] > git config --get commit.template [1ms]
2023-12-28 13:47:18.451 [info] > git for-each-ref --format=%(refname)%00%(upstream:short)%00%(objectname)%00%(upstream:track)%00%(upstream:remotename)%00%(upstream:remoteref) refs/heads/main refs/remotes/main [2ms]
2023-12-28 13:47:18.463 [info] > git status -z -uall [2ms]
2023-12-28 13:47:19.520 [info] > git config --get commit.template [9ms]
2023-12-28 13:47:19.521 [info] > git for-each-ref --format=%(refname)%00%(upstream:short)%00%(objectname)%00%(upstream:track)%00%(upstream:remotename)%00%(upstream:remoteref) refs/heads/main refs/remotes/main [1ms]
2023-12-28 13:47:19.532 [info] > git status -z -uall [2ms]
2023-12-28 13:47:19.614 [info] > git ls-files --stage -- /home/irene/gits/Projects/Bash_Scripts/test.sh [1ms]
2023-12-28 13:47:19.624 [info] > git cat-file -s 8c826836d576067fc67debe2116e12b0e6dcad53 [1ms]
2023-12-28 13:47:19.636 [info] > git show --textconv :Bash_Scripts/test.sh [2ms]
2023-12-28 13:48:23.731 [info] > git config --get commit.template [9ms]
2023-12-28 13:48:23.732 [info] > git for-each-ref --format=%(refname)%00%(upstream:short)%00%(objectname)%00%(upstream:track)%00%(upstream:remotename)%00%(upstream:remoteref) refs/heads/main refs/remotes/main [2ms]
2023-12-28 13:48:23.744 [info] > git status -z -uall [3ms]
