2024-01-14 04:27:05.705 [info] Log level: Info
2024-01-14 04:27:05.705 [info] Validating found git in: "git"
2024-01-14 04:27:05.705 [info] Using git "2.43.0" from "git"
2024-01-14 04:27:05.705 [info] > git rev-parse --show-toplevel [7ms]
2024-01-14 04:27:05.705 [info] > git rev-parse --git-dir --git-common-dir [13ms]
2024-01-14 04:27:05.705 [info] Open repository: /home/irene/gits/Projects
2024-01-14 04:27:05.706 [info] > git config --get commit.template [99ms]
2024-01-14 04:27:05.723 [info] > git for-each-ref --format=%(refname)%00%(upstream:short)%00%(objectname)%00%(upstream:track)%00%(upstream:remotename)%00%(upstream:remoteref) refs/heads/main refs/remotes/main [2ms]
2024-01-14 04:27:05.737 [info] > git status -z -uall [3ms]
2024-01-14 04:27:05.759 [info] > git config --get commit.template [3ms]
2024-01-14 04:27:05.808 [info] > git for-each-ref --format=%(refname)%00%(upstream:short)%00%(objectname)%00%(upstream:track)%00%(upstream:remotename)%00%(upstream:remoteref) refs/heads/main refs/remotes/main [41ms]
2024-01-14 04:27:05.820 [info] > git status -z -uall [1ms]
2024-01-14 04:27:06.041 [info] > git fetch [448ms]
2024-01-14 04:27:06.058 [info] > git config --get commit.template [9ms]
2024-01-14 04:27:06.059 [info] > git for-each-ref --format=%(refname)%00%(upstream:short)%00%(objectname)%00%(upstream:track)%00%(upstream:remotename)%00%(upstream:remoteref) refs/heads/main refs/remotes/main [1ms]
2024-01-14 04:27:06.069 [info] > git status -z -uall [1ms]
2024-01-14 04:27:06.146 [info] > git show --textconv :PythonMain/waybar_change.py [11ms]
2024-01-14 04:27:06.147 [info] > git ls-files --stage -- /home/irene/gits/Projects/PythonMain/waybar_change.py [2ms]
2024-01-14 04:27:06.215 [info] > git check-ignore -v -z --stdin [1ms]
2024-01-14 04:27:07.275 [info] > git ls-files --stage -- /home/irene/gits/Projects/PythonMain/waybar_change.py [1ms]
2024-01-14 04:27:07.287 [info] > git show --textconv :PythonMain/waybar_change.py [2ms]
2024-01-14 04:27:07.583 [info] > git config --get commit.template [11ms]
2024-01-14 04:27:07.583 [info] > git for-each-ref --format=%(refname)%00%(upstream:short)%00%(objectname)%00%(upstream:track)%00%(upstream:remotename)%00%(upstream:remoteref) refs/heads/main refs/remotes/main [1ms]
2024-01-14 04:27:07.595 [info] > git status -z -uall [2ms]
