2024-01-27 09:34:07.121 [info] Started local extension host with pid 27294.
2024-01-27 09:34:07.834 [error] Extension 'GitHub.vscode-pull-request-github CANNOT USE these API proposals 'tokenInformation, contribShareMenu, fileComments, contribCommentPeekContext, contribCommentThreadAdditionalMenu, codiconDecoration, diffCommand, contribCommentEditorActionsMenu, shareProvider, quickDiffProvider, readonlyMessage, treeViewMarkdownMessage'. You MUST start in extension development mode or use the --enable-proposed-api command line flag
2024-01-27 09:34:07.835 [error] Extension 'ms-python.python CANNOT USE these API proposals 'contribEditorContentMenu, quickPickSortByLabel, testObserver, quickPickItemTooltip, saveEditor, terminalDataWriteEvent, terminalExecuteCommandEvent'. You MUST start in extension development mode or use the --enable-proposed-api command line flag
2024-01-27 09:34:07.968 [error] [GitHub.vscode-pull-request-github]: comments/comment/editorActions is a proposed menu identifier. It requires 'package.json#enabledApiProposals: ["contribCommentEditorActionsMenu"]' and is only available when running out of dev or with the following command line switch: --enable-proposed-api GitHub.vscode-pull-request-github
2024-01-27 09:34:07.969 [error] [GitHub.vscode-pull-request-github]: comments/commentThread/additionalActions is a proposed menu identifier. It requires 'package.json#enabledApiProposals: ["contribCommentThreadAdditionalMenu"]' and is only available when running out of dev or with the following command line switch: --enable-proposed-api GitHub.vscode-pull-request-github
2024-01-27 09:34:07.970 [error] [GitHub.vscode-pull-request-github]: comments/commentThread/title/context is a proposed menu identifier. It requires 'package.json#enabledApiProposals: ["contribCommentPeekContext"]' and is only available when running out of dev or with the following command line switch: --enable-proposed-api GitHub.vscode-pull-request-github
2024-01-27 09:34:07.970 [error] [GitHub.vscode-pull-request-github]: comments/commentThread/comment/context is a proposed menu identifier. It requires 'package.json#enabledApiProposals: ["contribCommentPeekContext"]' and is only available when running out of dev or with the following command line switch: --enable-proposed-api GitHub.vscode-pull-request-github
2024-01-27 09:34:07.971 [error] [GitHub.vscode-pull-request-github]: editor/context/share is a proposed menu identifier. It requires 'package.json#enabledApiProposals: ["contribShareMenu"]' and is only available when running out of dev or with the following command line switch: --enable-proposed-api GitHub.vscode-pull-request-github
2024-01-27 09:34:07.971 [error] [GitHub.vscode-pull-request-github]: file/share is a proposed menu identifier. It requires 'package.json#enabledApiProposals: ["contribShareMenu"]' and is only available when running out of dev or with the following command line switch: --enable-proposed-api GitHub.vscode-pull-request-github
2024-01-27 09:34:07.971 [error] [GitHub.vscode-pull-request-github]: editor/title/context/share is a proposed menu identifier. It requires 'package.json#enabledApiProposals: ["contribShareMenu"]' and is only available when running out of dev or with the following command line switch: --enable-proposed-api GitHub.vscode-pull-request-github
2024-01-27 09:34:07.972 [error] [GitHub.vscode-pull-request-github]: explorer/context/share is a proposed menu identifier. It requires 'package.json#enabledApiProposals: ["contribShareMenu"]' and is only available when running out of dev or with the following command line switch: --enable-proposed-api GitHub.vscode-pull-request-github
2024-01-27 09:34:07.973 [error] [ms-python.python]: editor/content is a proposed menu identifier. It requires 'package.json#enabledApiProposals: ["contribEditorContentMenu"]' and is only available when running out of dev or with the following command line switch: --enable-proposed-api ms-python.python
2024-01-27 09:34:10.503 [error] jedi.api.environment.InvalidPythonEnvironment: bin/python seems to be missing.: Error: jedi.api.environment.InvalidPythonEnvironment: bin/python seems to be missing.
	at /home/irene/.vscode-oss/extensions/ms-python.python-2023.22.1-universal/out/client/extension.js:2:2339625
	at re (/home/irene/.vscode-oss/extensions/ms-python.python-2023.22.1-universal/out/client/extension.js:2:2339919)
	at /home/irene/.vscode-oss/extensions/ms-python.python-2023.22.1-universal/out/client/extension.js:2:2334703
	at Immediate.<anonymous> (/home/irene/.vscode-oss/extensions/ms-python.python-2023.22.1-universal/out/client/extension.js:2:2334723)
	at process.processImmediate (node:internal/timers:476:21)
2024-01-27 09:34:11.649 [error] jedi.api.environment.InvalidPythonEnvironment: bin/python seems to be missing.: Error: jedi.api.environment.InvalidPythonEnvironment: bin/python seems to be missing.
	at /home/irene/.vscode-oss/extensions/ms-python.python-2023.22.1-universal/out/client/extension.js:2:2339625
	at re (/home/irene/.vscode-oss/extensions/ms-python.python-2023.22.1-universal/out/client/extension.js:2:2339919)
	at /home/irene/.vscode-oss/extensions/ms-python.python-2023.22.1-universal/out/client/extension.js:2:2334703
	at Immediate.<anonymous> (/home/irene/.vscode-oss/extensions/ms-python.python-2023.22.1-universal/out/client/extension.js:2:2334723)
	at process.processImmediate (node:internal/timers:476:21)
2024-01-27 09:34:13.448 [info] [perf] Render performance baseline is 225ms
2024-01-27 09:34:23.928 [error] jedi.api.environment.InvalidPythonEnvironment: bin/python seems to be missing.: Error: jedi.api.environment.InvalidPythonEnvironment: bin/python seems to be missing.
	at /home/irene/.vscode-oss/extensions/ms-python.python-2023.22.1-universal/out/client/extension.js:2:2339625
	at re (/home/irene/.vscode-oss/extensions/ms-python.python-2023.22.1-universal/out/client/extension.js:2:2339919)
	at /home/irene/.vscode-oss/extensions/ms-python.python-2023.22.1-universal/out/client/extension.js:2:2334703
	at Immediate.<anonymous> (/home/irene/.vscode-oss/extensions/ms-python.python-2023.22.1-universal/out/client/extension.js:2:2334723)
	at process.processImmediate (node:internal/timers:476:21)
2024-01-27 09:34:24.937 [error] jedi.api.environment.InvalidPythonEnvironment: bin/python seems to be missing.: Error: jedi.api.environment.InvalidPythonEnvironment: bin/python seems to be missing.
	at /home/irene/.vscode-oss/extensions/ms-python.python-2023.22.1-universal/out/client/extension.js:2:2339625
	at re (/home/irene/.vscode-oss/extensions/ms-python.python-2023.22.1-universal/out/client/extension.js:2:2339919)
	at /home/irene/.vscode-oss/extensions/ms-python.python-2023.22.1-universal/out/client/extension.js:2:2334703
	at Immediate.<anonymous> (/home/irene/.vscode-oss/extensions/ms-python.python-2023.22.1-universal/out/client/extension.js:2:2334723)
	at process.processImmediate (node:internal/timers:476:21)
