2024-01-22 22:50:19.847 [info] Added views:workbench.panel.markers.view in workbench.panel.markers
2024-01-22 22:50:19.847 [info] Added views:workbench.panel.output in workbench.panel.output
2024-01-22 22:50:19.847 [info] Added views:terminal in terminal
2024-01-22 22:50:19.847 [info] Added views:outline in workbench.view.explorer
2024-01-22 22:50:19.847 [info] Added views:workbench.scm in workbench.view.scm
2024-01-22 22:50:19.847 [info] Added views:workbench.view.search in workbench.view.search
2024-01-22 22:50:19.847 [info] Added views:timeline in workbench.view.explorer
2024-01-22 22:50:19.847 [info] Added views:workbench.explorer.fileView in workbench.view.explorer
2024-01-22 22:50:20.074 [info] Added views:workbench.debug.welcome in workbench.view.debug
2024-01-22 22:50:20.613 [info] Added views:pr:github,issues:github in workbench.view.extension.github-pull-requests
2024-01-22 22:50:21.388 [info] Added views:workbench.panel.repl.view in workbench.panel.repl
2024-01-22 22:50:22.117 [info] Added views:workbench.view.testing in workbench.view.extension.test
2024-01-22 22:50:22.354 [info] Added views:~remote.forwardedPorts in ~remote.forwardedPortsContainer
2024-01-22 22:50:40.842 [info] Added views:workbench.debug.breakPointsView in workbench.view.debug
2024-01-22 22:50:44.194 [info] Removed views:workbench.debug.welcome from workbench.view.debug
2024-01-22 22:50:44.233 [info] Added views:workbench.debug.variablesView,workbench.debug.watchExpressionsView,workbench.debug.callStackView in workbench.view.debug
2024-01-22 22:50:45.334 [info] Removed views:workbench.debug.callStackView,workbench.debug.watchExpressionsView,workbench.debug.variablesView from workbench.view.debug
2024-01-22 22:50:45.369 [info] Added views:workbench.debug.welcome in workbench.view.debug
2024-01-22 22:51:04.635 [info] Removed views:workbench.debug.welcome from workbench.view.debug
2024-01-22 22:51:04.668 [info] Added views:workbench.debug.variablesView,workbench.debug.watchExpressionsView,workbench.debug.callStackView in workbench.view.debug
2024-01-22 22:51:10.855 [info] Removed views:workbench.debug.callStackView,workbench.debug.watchExpressionsView,workbench.debug.variablesView from workbench.view.debug
2024-01-22 22:51:10.891 [info] Added views:workbench.debug.welcome in workbench.view.debug
2024-01-22 22:51:12.303 [info] Removed views:workbench.debug.welcome from workbench.view.debug
2024-01-22 22:51:12.335 [info] Added views:workbench.debug.variablesView,workbench.debug.watchExpressionsView,workbench.debug.callStackView in workbench.view.debug
2024-01-22 22:51:13.475 [info] Removed views:workbench.debug.callStackView,workbench.debug.watchExpressionsView,workbench.debug.variablesView from workbench.view.debug
2024-01-22 22:51:13.513 [info] Added views:workbench.debug.welcome in workbench.view.debug
2024-01-22 23:13:03.076 [info] Removed views:workbench.view.testing from workbench.view.extension.test
