2024-03-18 07:11:47.571 [info] Default formatter is set to null for workspace /home/irene/gits/Projects
2024-03-18 07:11:47.571 [error] Unable to check if shell integration is active [Error: Extension 'ms-python.python' CANNOT use API proposal: terminalDataWriteEvent.
Its package.json#enabledApiProposals-property declares:  but NOT terminalDataWriteEvent.
 The missing proposal MUST be added and you must start in extension development mode or use the following command line switch: --enable-proposed-api ms-python.python
	at k (/usr/lib/code/out/vs/workbench/api/node/extensionHostProcess.js:138:51400)
	at a.onDidWriteTerminalData (/usr/lib/code/out/vs/workbench/api/node/extensionHostProcess.js:160:31409)
	at new g (/home/irene/.vscode-oss/extensions/ms-python.python-2024.2.1-universal/out/client/extension.js:2:747407)
	at t.resolveInstance (/home/irene/.vscode-oss/extensions/ms-python.python-2024.2.1-universal/out/client/extension.js:2:2008019)
	at /home/irene/.vscode-oss/extensions/ms-python.python-2024.2.1-universal/out/client/extension.js:2:2009927
	at Array.map (<anonymous>)
	at t.resolveInstance (/home/irene/.vscode-oss/extensions/ms-python.python-2024.2.1-universal/out/client/extension.js:2:2007793)
	at /home/irene/.vscode-oss/extensions/ms-python.python-2024.2.1-universal/out/client/extension.js:2:2009927
	at t.resolve (/home/irene/.vscode-oss/extensions/ms-python.python-2024.2.1-universal/out/client/extension.js:2:2010190)
	at /home/irene/.vscode-oss/extensions/ms-python.python-2024.2.1-universal/out/client/extension.js:2:1993753
	at e._get (/home/irene/.vscode-oss/extensions/ms-python.python-2024.2.1-universal/out/client/extension.js:2:1993519)
	at e.get (/home/irene/.vscode-oss/extensions/ms-python.python-2024.2.1-universal/out/client/extension.js:2:1992231)
	at e.dynamicValue (/home/irene/.vscode-oss/extensions/ms-python.python-2024.2.1-universal/out/client/extension.js:2:2015295)
	at /home/irene/.vscode-oss/extensions/ms-python.python-2024.2.1-universal/out/client/extension.js:2:2009416
	at c (/home/irene/.vscode-oss/extensions/ms-python.python-2024.2.1-universal/out/client/extension.js:2:2008462)
	at /home/irene/.vscode-oss/extensions/ms-python.python-2024.2.1-universal/out/client/extension.js:2:2009356
	at /home/irene/.vscode-oss/extensions/ms-python.python-2024.2.1-universal/out/client/extension.js:2:2008875
	at Array.map (<anonymous>)
	at /home/irene/.vscode-oss/extensions/ms-python.python-2024.2.1-universal/out/client/extension.js:2:2008847
	at Array.map (<anonymous>)
	at t.resolveInstance (/home/irene/.vscode-oss/extensions/ms-python.python-2024.2.1-universal/out/client/extension.js:2:2007793)
	at /home/irene/.vscode-oss/extensions/ms-python.python-2024.2.1-universal/out/client/extension.js:2:2009927
	at t.resolve (/home/irene/.vscode-oss/extensions/ms-python.python-2024.2.1-universal/out/client/extension.js:2:2010190)
	at /home/irene/.vscode-oss/extensions/ms-python.python-2024.2.1-universal/out/client/extension.js:2:1993753
	at e._get (/home/irene/.vscode-oss/extensions/ms-python.python-2024.2.1-universal/out/client/extension.js:2:1993519)
	at e.get (/home/irene/.vscode-oss/extensions/ms-python.python-2024.2.1-universal/out/client/extension.js:2:1992231)
	at a.get (/home/irene/.vscode-oss/extensions/ms-python.python-2024.2.1-universal/out/client/extension.js:2:467094)
	at /home/irene/.vscode-oss/extensions/ms-python.python-2024.2.1-universal/out/client/extension.js:2:388673
	at async t.activateComponents (/home/irene/.vscode-oss/extensions/ms-python.python-2024.2.1-universal/out/client/extension.js:2:386960)
	at async /home/irene/.vscode-oss/extensions/ms-python.python-2024.2.1-universal/out/client/extension.js:2:2903459
	at async e (/home/irene/.vscode-oss/extensions/ms-python.python-2024.2.1-universal/out/client/extension.js:2:2902991)
	at async u.n (/usr/lib/code/out/vs/workbench/api/node/extensionHostProcess.js:140:6255)
	at async u.m (/usr/lib/code/out/vs/workbench/api/node/extensionHostProcess.js:140:6218)
	at async u.l (/usr/lib/code/out/vs/workbench/api/node/extensionHostProcess.js:140:5675)]
2024-03-18 07:11:47.592 [info] Test server listening.
2024-03-18 07:11:47.633 [info] > ~/gits/Python_Venv/bin/python3.11 -I ~/.vscode-oss/extensions/ms-python.python-2024.2.1-universal/pythonFiles/get_output_via_markers.py ~/.vscode-oss/extensions/ms-python.python-2024.2.1-universal/pythonFiles/interpreterInfo.py
2024-03-18 07:11:47.639 [error] [
  'Failed to activate a workspace, Class name = g, completed in 64ms, has a falsy return value, Arg 1: <Uri:/home/irene/gits/Projects/PythonMain/web_crawler.py>, Arg 2: {"started":1710763907209}, Return Value: undefined',
  [Error: Extension 'ms-python.python' CANNOT use API proposal: testObserver.
  Its package.json#enabledApiProposals-property declares:  but NOT testObserver.
   The missing proposal MUST be added and you must start in extension development mode or use the following command line switch: --enable-proposed-api ms-python.python
  	at k (/usr/lib/code/out/vs/workbench/api/node/extensionHostProcess.js:138:51400)
  	at get testResults [as testResults] (/usr/lib/code/out/vs/workbench/api/node/extensionHostProcess.js:160:24146)
  	at T.activate (/home/irene/.vscode-oss/extensions/ms-python.python-2024.2.1-universal/out/client/extension.js:2:776051)
  	at /home/irene/.vscode-oss/extensions/ms-python.python-2024.2.1-universal/out/client/extension.js:2:2460
  	at Array.map (<anonymous>)
  	at g.activateWorkspace (/home/irene/.vscode-oss/extensions/ms-python.python-2024.2.1-universal/out/client/extension.js:2:2450)]
]
2024-03-18 07:11:47.639 [error] Failure during activation. [Error: Extension 'ms-python.python' CANNOT use API proposal: testObserver.
Its package.json#enabledApiProposals-property declares:  but NOT testObserver.
 The missing proposal MUST be added and you must start in extension development mode or use the following command line switch: --enable-proposed-api ms-python.python
	at k (/usr/lib/code/out/vs/workbench/api/node/extensionHostProcess.js:138:51400)
	at get testResults [as testResults] (/usr/lib/code/out/vs/workbench/api/node/extensionHostProcess.js:160:24146)
	at T.activate (/home/irene/.vscode-oss/extensions/ms-python.python-2024.2.1-universal/out/client/extension.js:2:776051)
	at /home/irene/.vscode-oss/extensions/ms-python.python-2024.2.1-universal/out/client/extension.js:2:2460
	at Array.map (<anonymous>)
	at g.activateWorkspace (/home/irene/.vscode-oss/extensions/ms-python.python-2024.2.1-universal/out/client/extension.js:2:2450)]
2024-03-18 07:11:47.639 [error] sendStartupTelemetry() failed. [Error: Extension 'ms-python.python' CANNOT use API proposal: testObserver.
Its package.json#enabledApiProposals-property declares:  but NOT testObserver.
 The missing proposal MUST be added and you must start in extension development mode or use the following command line switch: --enable-proposed-api ms-python.python
	at k (/usr/lib/code/out/vs/workbench/api/node/extensionHostProcess.js:138:51400)
	at get testResults [as testResults] (/usr/lib/code/out/vs/workbench/api/node/extensionHostProcess.js:160:24146)
	at T.activate (/home/irene/.vscode-oss/extensions/ms-python.python-2024.2.1-universal/out/client/extension.js:2:776051)
	at /home/irene/.vscode-oss/extensions/ms-python.python-2024.2.1-universal/out/client/extension.js:2:2460
	at Array.map (<anonymous>)
	at g.activateWorkspace (/home/irene/.vscode-oss/extensions/ms-python.python-2024.2.1-universal/out/client/extension.js:2:2450)]
2024-03-18 07:11:47.678 [info] Python interpreter path: ~/gits/Python_Venv/bin/python3.11
2024-03-18 07:11:48.462 [info] Starting Jedi language server for Projects.
2024-03-18 07:11:54.232 [info] Discover tests for workspace name: Projects - uri: /home/irene/gits/Projects/PythonMain/web_crawler.py
