2024-01-29 21:51:05.222 [info] Reading sessions from keychain...
2024-01-29 21:51:05.222 [info] Getting sessions for all scopes...
2024-01-29 21:51:05.410 [info] Got stored sessions!
2024-01-29 21:51:05.410 [info] Got 1 verified sessions.
2024-01-29 21:51:05.411 [info] Got 1 sessions for ...
2024-01-29 21:51:05.414 [info] Getting sessions for all scopes...
2024-01-29 21:51:05.414 [info] Got 1 sessions for ...
2024-01-29 21:51:05.483 [info] Getting sessions for project,read:org,read:user,repo,user:email,workflow...
2024-01-29 21:51:05.484 [info] Got 0 sessions for project,read:org,read:user,repo,user:email,workflow...
2024-01-29 21:51:05.489 [info] Getting sessions for read:user,repo,user:email,workflow...
2024-01-29 21:51:05.490 [info] Got 1 sessions for read:user,repo,user:email,workflow...
2024-01-29 21:51:05.494 [info] Getting sessions for read:user,repo,user:email...
2024-01-29 21:51:05.494 [info] Got 0 sessions for read:user,repo,user:email...
2024-01-29 21:51:05.497 [info] Getting sessions for read:user,repo,user:email,workflow...
2024-01-29 21:51:05.497 [info] Got 1 sessions for read:user,repo,user:email,workflow...
2024-01-29 21:51:20.868 [info] Reading sessions from keychain...
2024-01-29 21:51:20.868 [info] Getting sessions for all scopes...
2024-01-29 21:51:20.868 [info] Got stored sessions!
2024-01-29 21:51:20.868 [info] Got 1 verified sessions.
2024-01-29 21:51:20.868 [info] Got 1 sessions for ...
2024-01-29 21:51:20.868 [info] Getting sessions for all scopes...
2024-01-29 21:51:20.868 [info] Got 1 sessions for ...
2024-01-29 21:51:20.896 [info] Getting sessions for project,read:org,read:user,repo,user:email,workflow...
2024-01-29 21:51:20.896 [info] Got 0 sessions for project,read:org,read:user,repo,user:email,workflow...
2024-01-29 21:51:20.899 [info] Getting sessions for read:user,repo,user:email,workflow...
2024-01-29 21:51:20.899 [info] Got 1 sessions for read:user,repo,user:email,workflow...
2024-01-29 21:51:20.904 [info] Getting sessions for read:user,repo,user:email...
2024-01-29 21:51:20.904 [info] Got 0 sessions for read:user,repo,user:email...
2024-01-29 21:51:20.907 [info] Getting sessions for read:user,repo,user:email,workflow...
2024-01-29 21:51:20.907 [info] Got 1 sessions for read:user,repo,user:email,workflow...
2024-01-29 21:51:21.745 [info] Getting sessions for read:user,repo,user:email,workflow...
2024-01-29 21:51:21.745 [info] Got 1 sessions for read:user,repo,user:email,workflow...
2024-01-29 21:51:23.399 [info] Getting sessions for read:user,repo,user:email,workflow...
2024-01-29 21:51:23.399 [info] Got 1 sessions for read:user,repo,user:email,workflow...
2024-01-29 21:52:39.875 [info] Getting sessions for read:user,repo,user:email,workflow...
2024-01-29 21:52:39.875 [info] Got 1 sessions for read:user,repo,user:email,workflow...
