2024-03-18 07:11:34.540 [info] Started local extension host with pid 6067.
2024-03-18 07:11:34.631 [error] Extension 'ms-python.debugpy CANNOT USE these API proposals 'portsAttributes'. You MUST start in extension development mode or use the --enable-proposed-api command line flag
2024-03-18 07:11:34.632 [error] Extension 'ms-python.python CANNOT USE these API proposals 'contribEditorContentMenu, quickPickSortByLabel, testObserver, quickPickItemTooltip, terminalDataWriteEvent, terminalExecuteCommandEvent'. You MUST start in extension development mode or use the --enable-proposed-api command line flag
2024-03-18 07:11:34.632 [error] Extension 'ms-toolsai.jupyter CANNOT USE these API proposals 'notebookDeprecated, notebookMessaging, notebookMime, notebookCellExecutionState, contribNotebookStaticPreloads, portsAttributes, quickPickSortByLabel, notebookKernelSource, interactiveWindow, notebookControllerAffinityHidden, quickPickItemTooltip, notebookExecution'. You MUST start in extension development mode or use the --enable-proposed-api command line flag
2024-03-18 07:11:34.633 [error] Extension 'ms-toolsai.jupyter-renderers CANNOT USE these API proposals 'contribNotebookStaticPreloads'. You MUST start in extension development mode or use the --enable-proposed-api command line flag
2024-03-18 07:11:34.679 [error] [ms-python.python]: editor/content is a proposed menu identifier. It requires 'package.json#enabledApiProposals: ["contribEditorContentMenu"]' and is only available when running out of dev or with the following command line switch: --enable-proposed-api ms-python.python
2024-03-18 07:11:37.605 [info] [perf] Render performance baseline is 161ms
2024-03-18 07:11:46.431 [info] Started local extension host with pid 6172.
2024-03-18 07:11:46.530 [error] Extension 'ms-python.debugpy CANNOT USE these API proposals 'portsAttributes'. You MUST start in extension development mode or use the --enable-proposed-api command line flag
2024-03-18 07:11:46.530 [error] Extension 'ms-python.python CANNOT USE these API proposals 'contribEditorContentMenu, quickPickSortByLabel, testObserver, quickPickItemTooltip, terminalDataWriteEvent, terminalExecuteCommandEvent'. You MUST start in extension development mode or use the --enable-proposed-api command line flag
2024-03-18 07:11:46.530 [error] Extension 'ms-toolsai.jupyter CANNOT USE these API proposals 'notebookDeprecated, notebookMessaging, notebookMime, notebookCellExecutionState, contribNotebookStaticPreloads, portsAttributes, quickPickSortByLabel, notebookKernelSource, interactiveWindow, notebookControllerAffinityHidden, quickPickItemTooltip, notebookExecution'. You MUST start in extension development mode or use the --enable-proposed-api command line flag
2024-03-18 07:11:46.531 [error] Extension 'ms-toolsai.jupyter-renderers CANNOT USE these API proposals 'contribNotebookStaticPreloads'. You MUST start in extension development mode or use the --enable-proposed-api command line flag
2024-03-18 07:11:46.565 [error] [ms-python.python]: editor/content is a proposed menu identifier. It requires 'package.json#enabledApiProposals: ["contribEditorContentMenu"]' and is only available when running out of dev or with the following command line switch: --enable-proposed-api ms-python.python
2024-03-18 07:11:47.536 [error] [Extension Host] extension activation failed Error: Extension 'ms-toolsai.jupyter' CANNOT use API proposal: notebookCellExecutionState.
Its package.json#enabledApiProposals-property declares:  but NOT notebookCellExecutionState.
 The missing proposal MUST be added and you must start in extension development mode or use the following command line switch: --enable-proposed-api ms-toolsai.jupyter
	at k (/usr/lib/code/out/vs/workbench/api/node/extensionHostProcess.js:138:51400)
	at Oc.onDidChangeNotebookCellExecutionState (/usr/lib/code/out/vs/workbench/api/node/extensionHostProcess.js:160:44795)
	at new Pk (/home/irene/.vscode-oss/extensions/ms-toolsai.jupyter-2023.9.100-universal/out/extension.node.js:24:500973)
	at f (/home/irene/.vscode-oss/extensions/ms-toolsai.jupyter-2023.9.100-universal/out/extension.node.js:2:1032729)
	at /home/irene/.vscode-oss/extensions/ms-toolsai.jupyter-2023.9.100-universal/out/extension.node.js:2:1034619
	at t.resolveInstance (/home/irene/.vscode-oss/extensions/ms-toolsai.jupyter-2023.9.100-universal/out/extension.node.js:2:1034646)
	at /home/irene/.vscode-oss/extensions/ms-toolsai.jupyter-2023.9.100-universal/out/extension.node.js:2:1037678
	at /home/irene/.vscode-oss/extensions/ms-toolsai.jupyter-2023.9.100-universal/out/extension.node.js:2:1038015
	at /home/irene/.vscode-oss/extensions/ms-toolsai.jupyter-2023.9.100-universal/out/extension.node.js:2:1037338
	at v (/home/irene/.vscode-oss/extensions/ms-toolsai.jupyter-2023.9.100-universal/out/extension.node.js:2:1037370)
	at /home/irene/.vscode-oss/extensions/ms-toolsai.jupyter-2023.9.100-universal/out/extension.node.js:2:1037232
	at /home/irene/.vscode-oss/extensions/ms-toolsai.jupyter-2023.9.100-universal/out/extension.node.js:2:1037166
	at Array.map (<anonymous>)
	at /home/irene/.vscode-oss/extensions/ms-toolsai.jupyter-2023.9.100-universal/out/extension.node.js:2:1037138
	at /home/irene/.vscode-oss/extensions/ms-toolsai.jupyter-2023.9.100-universal/out/extension.node.js:2:1033977
	at Array.reduce (<anonymous>)
	at /home/irene/.vscode-oss/extensions/ms-toolsai.jupyter-2023.9.100-universal/out/extension.node.js:2:1033949
	at /home/irene/.vscode-oss/extensions/ms-toolsai.jupyter-2023.9.100-universal/out/extension.node.js:2:1034276
	at t.resolveInstance (/home/irene/.vscode-oss/extensions/ms-toolsai.jupyter-2023.9.100-universal/out/extension.node.js:2:1034646)
	at /home/irene/.vscode-oss/extensions/ms-toolsai.jupyter-2023.9.100-universal/out/extension.node.js:2:1037678
	at /home/irene/.vscode-oss/extensions/ms-toolsai.jupyter-2023.9.100-universal/out/extension.node.js:2:1038015
	at /home/irene/.vscode-oss/extensions/ms-toolsai.jupyter-2023.9.100-universal/out/extension.node.js:2:1037338
	at v (/home/irene/.vscode-oss/extensions/ms-toolsai.jupyter-2023.9.100-universal/out/extension.node.js:2:1037370)
	at /home/irene/.vscode-oss/extensions/ms-toolsai.jupyter-2023.9.100-universal/out/extension.node.js:2:1037232
	at t.resolve (/home/irene/.vscode-oss/extensions/ms-toolsai.jupyter-2023.9.100-universal/out/extension.node.js:2:1039202)
	at /home/irene/.vscode-oss/extensions/ms-toolsai.jupyter-2023.9.100-universal/out/extension.node.js:2:1008175
	at e._get (/home/irene/.vscode-oss/extensions/ms-toolsai.jupyter-2023.9.100-universal/out/extension.node.js:2:1007544)
	at e._getButThrowIfAsync (/home/irene/.vscode-oss/extensions/ms-toolsai.jupyter-2023.9.100-universal/out/extension.node.js:2:1007604)
	at e.get (/home/irene/.vscode-oss/extensions/ms-toolsai.jupyter-2023.9.100-universal/out/extension.node.js:2:1003299)
	at Kp.get (/home/irene/.vscode-oss/extensions/ms-toolsai.jupyter-2023.9.100-universal/out/extension.node.js:17:35919)
	at /home/irene/.vscode-oss/extensions/ms-toolsai.jupyter-2023.9.100-universal/out/extension.node.js:24:649097
2024-03-18 07:11:49.930 [info] [perf] Render performance baseline is 155ms
