2024-03-18 07:11:34.357 [info] Added views:workbench.panel.markers.view in workbench.panel.markers
2024-03-18 07:11:34.357 [info] Added views:workbench.panel.output in workbench.panel.output
2024-03-18 07:11:34.357 [info] Added views:terminal in terminal
2024-03-18 07:11:34.357 [info] Added views:outline in workbench.view.explorer
2024-03-18 07:11:34.357 [info] Added views:workbench.scm in workbench.view.scm
2024-03-18 07:11:34.357 [info] Added views:workbench.view.search in workbench.view.search
2024-03-18 07:11:34.357 [info] Added views:timeline in workbench.view.explorer
2024-03-18 07:11:34.357 [info] Added views:workbench.explorer.emptyView in workbench.view.explorer
2024-03-18 07:11:34.594 [info] Added views:workbench.debug.welcome in workbench.view.debug
2024-03-18 07:11:34.919 [info] Added views:workbench.panel.repl.view in workbench.panel.repl
2024-03-18 07:11:35.160 [info] Added views:~remote.forwardedPorts in ~remote.forwardedPortsContainer
2024-03-18 07:11:46.360 [info] Added views:workbench.panel.markers.view in workbench.panel.markers
2024-03-18 07:11:46.360 [info] Added views:workbench.panel.output in workbench.panel.output
2024-03-18 07:11:46.360 [info] Added views:terminal in terminal
2024-03-18 07:11:46.360 [info] Added views:workbench.scm in workbench.view.scm
2024-03-18 07:11:46.360 [info] Added views:workbench.view.search in workbench.view.search
2024-03-18 07:11:46.360 [info] Added views:outline in workbench.view.explorer
2024-03-18 07:11:46.361 [info] Added views:timeline in workbench.view.explorer
2024-03-18 07:11:46.361 [info] Added views:workbench.explorer.fileView in workbench.view.explorer
2024-03-18 07:11:46.441 [info] Added views:workbench.debug.welcome in workbench.view.debug
2024-03-18 07:11:46.999 [info] Added views:workbench.panel.repl.view in workbench.panel.repl
2024-03-18 07:11:47.603 [info] Added views:workbench.view.testing in workbench.view.extension.test
2024-03-18 07:11:47.746 [info] Added views:~remote.forwardedPorts in ~remote.forwardedPortsContainer
2024-03-18 07:13:11.881 [info] Removed views:workbench.view.testing from workbench.view.extension.test
