2024-01-14 19:01:13.808 [info] Added views:workbench.panel.markers.view in workbench.panel.markers
2024-01-14 19:01:13.808 [info] Added views:workbench.panel.output in workbench.panel.output
2024-01-14 19:01:13.808 [info] Added views:terminal in terminal
2024-01-14 19:01:13.808 [info] Added views:outline in workbench.view.explorer
2024-01-14 19:01:13.808 [info] Added views:workbench.scm in workbench.view.scm
2024-01-14 19:01:13.808 [info] Added views:workbench.view.search in workbench.view.search
2024-01-14 19:01:13.808 [info] Added views:timeline in workbench.view.explorer
2024-01-14 19:01:13.808 [info] Added views:workbench.explorer.emptyView in workbench.view.explorer
2024-01-14 19:01:14.005 [info] Added views:workbench.debug.welcome in workbench.view.debug
2024-01-14 19:01:14.371 [info] Added views:pr:github,issues:github in workbench.view.extension.github-pull-requests
2024-01-14 19:01:14.866 [info] Added views:workbench.panel.repl.view in workbench.panel.repl
2024-01-14 19:01:15.346 [info] Added views:~remote.forwardedPorts in ~remote.forwardedPortsContainer
2024-01-14 19:01:15.508 [info] Added views:workbench.view.testing in workbench.view.extension.test
2024-01-14 19:01:39.936 [info] Removed views:workbench.view.testing from workbench.view.extension.test
2024-01-14 19:01:40.932 [info] Added views:workbench.panel.markers.view in workbench.panel.markers
2024-01-14 19:01:40.932 [info] Added views:workbench.panel.output in workbench.panel.output
2024-01-14 19:01:40.932 [info] Added views:terminal in terminal
2024-01-14 19:01:40.932 [info] Added views:outline in workbench.view.explorer
2024-01-14 19:01:40.932 [info] Added views:workbench.scm in workbench.view.scm
2024-01-14 19:01:40.932 [info] Added views:workbench.view.search in workbench.view.search
2024-01-14 19:01:40.932 [info] Added views:timeline in workbench.view.explorer
2024-01-14 19:01:40.932 [info] Added views:workbench.explorer.fileView in workbench.view.explorer
2024-01-14 19:01:41.443 [info] Added views:pr:github,issues:github in workbench.view.extension.github-pull-requests
2024-01-14 19:01:41.855 [info] Added views:workbench.debug.welcome in workbench.view.debug
2024-01-14 19:01:42.185 [info] Added views:workbench.panel.repl.view in workbench.panel.repl
2024-01-14 19:01:44.511 [info] Added views:~remote.forwardedPorts in ~remote.forwardedPortsContainer
2024-01-14 19:01:46.519 [info] Added views:workbench.view.testing in workbench.view.extension.test
2024-01-14 19:07:43.015 [info] Removed views:workbench.view.testing from workbench.view.extension.test
