2023-12-27 22:19:03.501 [info] Log level: Info
2023-12-27 22:19:03.501 [info] Validating found git in: "git"
2023-12-27 22:19:03.501 [info] Using git "2.43.0" from "git"
2023-12-27 22:21:22.276 [info] > git rev-parse --show-toplevel [3ms]
2023-12-27 22:21:27.308 [info] > git rev-parse --show-toplevel [1ms]
2023-12-27 22:21:27.318 [info] > git rev-parse --git-dir --git-common-dir [2ms]
2023-12-27 22:21:27.341 [info] Open repository: /home/irene/gits/Projects
2023-12-27 22:21:27.356 [info] > git config --get commit.template [3ms]
2023-12-27 22:21:27.366 [info] > git for-each-ref --format=%(refname)%00%(upstream:short)%00%(objectname)%00%(upstream:track)%00%(upstream:remotename)%00%(upstream:remoteref) refs/heads/main refs/remotes/main [2ms]
2023-12-27 22:21:27.377 [info] > git status -z -uall [2ms]
2023-12-27 22:21:27.395 [info] > git config --get commit.template [1ms]
2023-12-27 22:21:27.451 [info] > git for-each-ref --format=%(refname)%00%(upstream:short)%00%(objectname)%00%(upstream:track)%00%(upstream:remotename)%00%(upstream:remoteref) refs/heads/main refs/remotes/main [45ms]
2023-12-27 22:21:27.465 [info] > git status -z -uall [2ms]
2023-12-27 22:21:27.674 [info] > git show --textconv :Bash_Scripts/test.sh [10ms]
2023-12-27 22:21:27.676 [info] > git ls-files --stage -- /home/irene/gits/Projects/Bash_Scripts/test.sh [2ms]
2023-12-27 22:21:27.866 [info] > git check-ignore -v -z --stdin [2ms]
2023-12-27 22:21:28.481 [info] > git fetch [1141ms]
2023-12-27 22:21:28.504 [info] > git config --get commit.template [11ms]
2023-12-27 22:21:28.505 [info] > git for-each-ref --format=%(refname)%00%(upstream:short)%00%(objectname)%00%(upstream:track)%00%(upstream:remotename)%00%(upstream:remoteref) refs/heads/main refs/remotes/main [2ms]
2023-12-27 22:21:28.517 [info] > git status -z -uall [1ms]
2023-12-27 22:21:28.745 [info] > git merge-base refs/heads/main refs/remotes/origin/main [2ms]
2023-12-27 22:21:28.760 [info] > git rev-list --count --left-right refs/heads/main...refs/remotes/origin/main [5ms]
2023-12-27 22:21:29.237 [info] > git check-ignore -v -z --stdin [2ms]
2023-12-27 22:21:29.565 [info] > git config --get commit.template [1ms]
2023-12-27 22:21:29.576 [info] > git for-each-ref --format=%(refname)%00%(upstream:short)%00%(objectname)%00%(upstream:track)%00%(upstream:remotename)%00%(upstream:remoteref) refs/heads/main refs/remotes/main [2ms]
2023-12-27 22:21:29.586 [info] > git status -z -uall [2ms]
2023-12-27 22:21:29.668 [info] > git ls-files --stage -- /home/irene/gits/Projects/Bash_Scripts/test.sh [1ms]
2023-12-27 22:21:29.680 [info] > git show --textconv :Bash_Scripts/test.sh [1ms]
2023-12-27 22:21:33.507 [info] > git add -A -- /home/irene/gits/Projects/C++_Programs/Test/test.cpp /home/irene/gits/Projects/Bash_Scripts/test.sh [3ms]
2023-12-27 22:21:33.526 [info] > git config --get commit.template [10ms]
2023-12-27 22:21:33.526 [info] > git for-each-ref --format=%(refname)%00%(upstream:short)%00%(objectname)%00%(upstream:track)%00%(upstream:remotename)%00%(upstream:remoteref) refs/heads/main refs/remotes/main [1ms]
2023-12-27 22:21:33.537 [info] > git status -z -uall [2ms]
2023-12-27 22:21:35.055 [info] > git show --textconv :.git/COMMIT_EDITMSG [11ms]
2023-12-27 22:21:35.056 [info] > git ls-files --stage -- /home/irene/gits/Projects/.git/COMMIT_EDITMSG [2ms]
2023-12-27 22:21:35.363 [info] > git check-ignore -v -z --stdin [1ms]
2023-12-27 22:21:35.964 [info] > git ls-files --stage -- /home/irene/gits/Projects/.git/COMMIT_EDITMSG [1ms]
2023-12-27 22:21:35.976 [info] > git show --textconv :.git/COMMIT_EDITMSG [1ms]
2023-12-27 22:21:38.829 [info] > git -c user.useConfigOnly=true commit --quiet [4202ms]
2023-12-27 22:21:38.843 [info] > git config --get commit.template [2ms]
2023-12-27 22:21:38.855 [info] > git for-each-ref --format=%(refname)%00%(upstream:short)%00%(objectname)%00%(upstream:track)%00%(upstream:remotename)%00%(upstream:remoteref) refs/heads/main refs/remotes/main [3ms]
2023-12-27 22:21:38.865 [info] > git status -z -uall [1ms]
2023-12-27 22:21:38.882 [info] > git config --get commit.template [2ms]
2023-12-27 22:21:38.915 [info] > git for-each-ref --format=%(refname)%00%(upstream:short)%00%(objectname)%00%(upstream:track)%00%(upstream:remotename)%00%(upstream:remoteref) refs/heads/main refs/remotes/main [22ms]
2023-12-27 22:21:38.916 [info] > git config --get commit.template [2ms]
2023-12-27 22:21:38.916 [info] > git merge-base refs/heads/main refs/remotes/origin/main [11ms]
2023-12-27 22:21:38.939 [info] > git rev-list --count --left-right refs/heads/main...refs/remotes/origin/main [13ms]
2023-12-27 22:21:38.940 [info] > git for-each-ref --format=%(refname)%00%(upstream:short)%00%(objectname)%00%(upstream:track)%00%(upstream:remotename)%00%(upstream:remoteref) refs/heads/main refs/remotes/main [2ms]
2023-12-27 22:21:38.951 [info] > git status -z -uall [2ms]
2023-12-27 22:21:39.278 [info] > git show --textconv :Bash_Scripts/test.sh [13ms]
2023-12-27 22:21:39.279 [info] > git ls-files --stage -- /home/irene/gits/Projects/Bash_Scripts/test.sh [3ms]
2023-12-27 22:21:39.290 [info] > git cat-file -s 8c826836d576067fc67debe2116e12b0e6dcad53 [2ms]
2023-12-27 22:21:39.988 [info] > git log --oneline --cherry main...main@{upstream} -- [2ms]
2023-12-27 22:21:41.093 [info] > git pull --tags origin main [1096ms]
2023-12-27 22:21:41.093 [info] From https://github.com/RandomCoder982/Projects
 * branch            main       -> FETCH_HEAD
2023-12-27 22:21:42.383 [info] > git ls-files --stage -- /home/irene/gits/Projects/Bash_Scripts/test.sh [2ms]
2023-12-27 22:21:42.394 [info] > git cat-file -s 8c826836d576067fc67debe2116e12b0e6dcad53 [1ms]
2023-12-27 22:21:42.407 [info] > git show --textconv :Bash_Scripts/test.sh [2ms]
2023-12-27 22:21:42.936 [info] > git push origin main:main [1833ms]
2023-12-27 22:21:42.936 [info] To https://github.com/RandomCoder982/Projects.git
   f122fa4..2a9cc02  main -> main
2023-12-27 22:21:42.957 [info] > git config --get commit.template [11ms]
2023-12-27 22:21:42.958 [info] > git for-each-ref --format=%(refname)%00%(upstream:short)%00%(objectname)%00%(upstream:track)%00%(upstream:remotename)%00%(upstream:remoteref) refs/heads/main refs/remotes/main [1ms]
2023-12-27 22:21:42.971 [info] > git status -z -uall [3ms]
2023-12-27 22:21:42.993 [info] > git merge-base refs/heads/main refs/remotes/origin/main [1ms]
2023-12-27 22:21:43.006 [info] > git rev-list --count --left-right refs/heads/main...refs/remotes/origin/main [2ms]
2023-12-27 22:22:21.104 [info] > git config --get commit.template [12ms]
2023-12-27 22:22:21.113 [info] > git ls-files --stage -- /home/irene/gits/Projects/Bash_Scripts/test.sh [11ms]
2023-12-27 22:22:21.124 [info] > git for-each-ref --format=%(refname)%00%(upstream:short)%00%(objectname)%00%(upstream:track)%00%(upstream:remotename)%00%(upstream:remoteref) refs/heads/main refs/remotes/main [11ms]
2023-12-27 22:22:21.124 [info] > git cat-file -s 8c826836d576067fc67debe2116e12b0e6dcad53 [1ms]
2023-12-27 22:22:21.146 [info] > git status -z -uall [13ms]
2023-12-27 22:22:21.149 [info] > git show --textconv :Bash_Scripts/test.sh [3ms]
2023-12-27 22:23:18.606 [info] > git config --get commit.template [1ms]
2023-12-27 22:23:18.616 [info] > git for-each-ref --format=%(refname)%00%(upstream:short)%00%(objectname)%00%(upstream:track)%00%(upstream:remotename)%00%(upstream:remoteref) refs/heads/main refs/remotes/main [2ms]
2023-12-27 22:23:18.628 [info] > git status -z -uall [2ms]
2023-12-27 22:23:25.425 [info] > git config --get commit.template [2ms]
2023-12-27 22:23:25.436 [info] > git for-each-ref --format=%(refname)%00%(upstream:short)%00%(objectname)%00%(upstream:track)%00%(upstream:remotename)%00%(upstream:remoteref) refs/heads/main refs/remotes/main [1ms]
2023-12-27 22:23:25.447 [info] > git status -z -uall [2ms]
2023-12-27 22:23:30.464 [info] > git config --get commit.template [2ms]
2023-12-27 22:23:30.475 [info] > git for-each-ref --format=%(refname)%00%(upstream:short)%00%(objectname)%00%(upstream:track)%00%(upstream:remotename)%00%(upstream:remoteref) refs/heads/main refs/remotes/main [1ms]
2023-12-27 22:23:30.488 [info] > git status -z -uall [2ms]
2023-12-27 22:23:43.909 [info] > git config --get commit.template [2ms]
2023-12-27 22:23:43.919 [info] > git for-each-ref --format=%(refname)%00%(upstream:short)%00%(objectname)%00%(upstream:track)%00%(upstream:remotename)%00%(upstream:remoteref) refs/heads/main refs/remotes/main [1ms]
2023-12-27 22:23:43.930 [info] > git status -z -uall [2ms]
2023-12-27 22:23:49.041 [info] > git config --get commit.template [1ms]
2023-12-27 22:23:49.052 [info] > git for-each-ref --format=%(refname)%00%(upstream:short)%00%(objectname)%00%(upstream:track)%00%(upstream:remotename)%00%(upstream:remoteref) refs/heads/main refs/remotes/main [1ms]
2023-12-27 22:23:49.063 [info] > git status -z -uall [2ms]
2023-12-27 22:24:08.521 [info] > git config --get commit.template [10ms]
2023-12-27 22:24:08.523 [info] > git for-each-ref --format=%(refname)%00%(upstream:short)%00%(objectname)%00%(upstream:track)%00%(upstream:remotename)%00%(upstream:remoteref) refs/heads/main refs/remotes/main [1ms]
2023-12-27 22:24:08.535 [info] > git status -z -uall [2ms]
2023-12-27 22:24:13.557 [info] > git config --get commit.template [10ms]
2023-12-27 22:24:13.557 [info] > git for-each-ref --format=%(refname)%00%(upstream:short)%00%(objectname)%00%(upstream:track)%00%(upstream:remotename)%00%(upstream:remoteref) refs/heads/main refs/remotes/main [1ms]
2023-12-27 22:24:13.570 [info] > git status -z -uall [2ms]
2023-12-27 22:24:37.256 [info] > git config --get commit.template [2ms]
2023-12-27 22:24:37.267 [info] > git for-each-ref --format=%(refname)%00%(upstream:short)%00%(objectname)%00%(upstream:track)%00%(upstream:remotename)%00%(upstream:remoteref) refs/heads/main refs/remotes/main [1ms]
2023-12-27 22:24:37.278 [info] > git status -z -uall [1ms]
2023-12-27 22:24:39.639 [info] > git fetch [2394ms]
2023-12-27 22:24:39.658 [info] > git config --get commit.template [9ms]
2023-12-27 22:24:39.658 [info] > git for-each-ref --format=%(refname)%00%(upstream:short)%00%(objectname)%00%(upstream:track)%00%(upstream:remotename)%00%(upstream:remoteref) refs/heads/main refs/remotes/main [1ms]
2023-12-27 22:24:39.669 [info] > git status -z -uall [1ms]
2023-12-27 22:24:40.911 [info] > git ls-files --stage -- /home/irene/gits/Projects/Bash_Scripts/test.sh [1ms]
2023-12-27 22:24:40.923 [info] > git cat-file -s 8c826836d576067fc67debe2116e12b0e6dcad53 [2ms]
2023-12-27 22:24:40.934 [info] > git show --textconv :Bash_Scripts/test.sh [1ms]
2023-12-27 22:24:42.749 [info] > git config --get commit.template [11ms]
2023-12-27 22:24:42.750 [info] > git for-each-ref --format=%(refname)%00%(upstream:short)%00%(objectname)%00%(upstream:track)%00%(upstream:remotename)%00%(upstream:remoteref) refs/heads/main refs/remotes/main [1ms]
2023-12-27 22:24:42.760 [info] > git status -z -uall [2ms]
2023-12-28 02:41:28.560 [info] > git fetch [19ms]
2023-12-28 02:41:28.560 [info] fatal: unable to access 'https://github.com/RandomCoder982/Projects.git/': Could not resolve host: github.com
2023-12-28 02:41:28.594 [info] > git config --get commit.template [17ms]
2023-12-28 02:41:28.595 [info] > git for-each-ref --format=%(refname)%00%(upstream:short)%00%(objectname)%00%(upstream:track)%00%(upstream:remotename)%00%(upstream:remoteref) refs/heads/main refs/remotes/main [3ms]
2023-12-28 02:41:28.615 [info] > git status -z -uall [3ms]
2023-12-28 02:41:29.659 [info] > git config --get commit.template [17ms]
2023-12-28 02:41:29.661 [info] > git for-each-ref --format=%(refname)%00%(upstream:short)%00%(objectname)%00%(upstream:track)%00%(upstream:remotename)%00%(upstream:remoteref) refs/heads/main refs/remotes/main [3ms]
2023-12-28 02:41:29.682 [info] > git status -z -uall [4ms]
2023-12-28 02:41:29.747 [info] > git ls-files --stage -- /home/irene/gits/Projects/Bash_Scripts/test.sh [2ms]
2023-12-28 02:41:29.766 [info] > git cat-file -s 8c826836d576067fc67debe2116e12b0e6dcad53 [3ms]
2023-12-28 02:41:29.787 [info] > git show --textconv :Bash_Scripts/test.sh [2ms]
