2023-12-22 21:17:11.711 [info] Log level: Info
2023-12-22 21:17:11.711 [info] Validating found git in: "git"
2023-12-22 21:17:11.711 [info] Using git "2.43.0" from "git"
2023-12-22 21:17:11.711 [info] > git rev-parse --show-toplevel [4ms]
2023-12-22 21:17:11.711 [info] > git rev-parse --git-dir --git-common-dir [1ms]
2023-12-22 21:17:11.729 [info] Open repository: /home/irene/gits/Projects
2023-12-22 21:17:11.750 [info] > git config --get commit.template [8ms]
2023-12-22 21:17:11.751 [info] > git rev-parse --show-toplevel [3ms]
2023-12-22 21:17:11.770 [info] > git for-each-ref --format=%(refname)%00%(upstream:short)%00%(objectname)%00%(upstream:track)%00%(upstream:remotename)%00%(upstream:remoteref) refs/heads/main refs/remotes/main [10ms]
2023-12-22 21:17:11.778 [warning] ENOENT: no such file or directory, open '/home/irene/gits/Projects/.git/refs/remotes/origin/main'
2023-12-22 21:17:11.779 [info] > git rev-parse --show-toplevel [10ms]
2023-12-22 21:17:11.787 [info] > git rev-parse refs/remotes/origin/main [9ms]
2023-12-22 21:17:11.796 [info] > git rev-parse --show-toplevel [10ms]
2023-12-22 21:17:11.808 [info] > git status -z -uall [13ms]
2023-12-22 21:17:11.826 [info] > git rev-parse --show-toplevel [18ms]
2023-12-22 21:17:11.846 [info] > git config --get commit.template [21ms]
2023-12-22 21:17:11.847 [info] > git rev-parse --show-toplevel [2ms]
2023-12-22 21:17:11.860 [info] > git for-each-ref --format=%(refname)%00%(upstream:short)%00%(objectname)%00%(upstream:track)%00%(upstream:remotename)%00%(upstream:remoteref) refs/heads/main refs/remotes/main [2ms]
2023-12-22 21:17:11.868 [warning] ENOENT: no such file or directory, open '/home/irene/gits/Projects/.git/refs/remotes/origin/main'
2023-12-22 21:17:11.869 [info] > git rev-parse refs/remotes/origin/main [1ms]
2023-12-22 21:17:11.880 [info] > git status -z -uall [1ms]
2023-12-22 21:17:12.361 [info] > git check-ignore -v -z --stdin [2ms]
2023-12-22 21:17:13.986 [info] > git merge-base refs/heads/main refs/remotes/origin/main [17ms]
2023-12-22 21:17:13.998 [info] > git rev-list --count --left-right refs/heads/main...refs/remotes/origin/main [2ms]
2023-12-22 21:17:14.452 [info] > git check-ignore -v -z --stdin [1ms]
2023-12-22 21:20:11.640 [info] > git check-ignore -v -z --stdin [1ms]
2023-12-22 21:20:12.940 [info] > git check-ignore -v -z --stdin [1ms]
2023-12-22 21:20:14.498 [info] > git show --textconv :C++_Programs/Test/test.cpp [11ms]
2023-12-22 21:20:14.499 [info] > git ls-files --stage -- /home/irene/gits/Projects/C++_Programs/Test/test.cpp [2ms]
2023-12-22 21:20:14.509 [info] > git cat-file -s 74936f1800b000805015c403c4d6ee9a21ae8520 [1ms]
2023-12-22 21:21:01.771 [info] > git config --get commit.template [12ms]
2023-12-22 21:21:01.772 [info] > git for-each-ref --format=%(refname)%00%(upstream:short)%00%(objectname)%00%(upstream:track)%00%(upstream:remotename)%00%(upstream:remoteref) refs/heads/main refs/remotes/main [2ms]
2023-12-22 21:21:01.780 [warning] ENOENT: no such file or directory, open '/home/irene/gits/Projects/.git/refs/remotes/origin/main'
2023-12-22 21:21:01.782 [info] > git rev-parse refs/remotes/origin/main [1ms]
2023-12-22 21:21:01.792 [info] > git status -z -uall [1ms]
2023-12-22 21:22:50.692 [info] > git config --get commit.template [1ms]
2023-12-22 21:22:50.703 [info] > git for-each-ref --format=%(refname)%00%(upstream:short)%00%(objectname)%00%(upstream:track)%00%(upstream:remotename)%00%(upstream:remoteref) refs/heads/main refs/remotes/main [2ms]
2023-12-22 21:22:50.713 [warning] ENOENT: no such file or directory, open '/home/irene/gits/Projects/.git/refs/remotes/origin/main'
2023-12-22 21:22:50.714 [info] > git rev-parse refs/remotes/origin/main [1ms]
2023-12-22 21:22:50.725 [info] > git status -z -uall [2ms]
2023-12-22 21:22:55.739 [info] > git config --get commit.template [1ms]
2023-12-22 21:22:55.749 [info] > git for-each-ref --format=%(refname)%00%(upstream:short)%00%(objectname)%00%(upstream:track)%00%(upstream:remotename)%00%(upstream:remoteref) refs/heads/main refs/remotes/main [1ms]
2023-12-22 21:22:55.757 [warning] ENOENT: no such file or directory, open '/home/irene/gits/Projects/.git/refs/remotes/origin/main'
2023-12-22 21:22:55.758 [info] > git rev-parse refs/remotes/origin/main [1ms]
2023-12-22 21:22:55.768 [info] > git status -z -uall [2ms]
2023-12-22 21:23:13.498 [info] > git config --get commit.template [2ms]
2023-12-22 21:23:13.508 [info] > git for-each-ref --format=%(refname)%00%(upstream:short)%00%(objectname)%00%(upstream:track)%00%(upstream:remotename)%00%(upstream:remoteref) refs/heads/main refs/remotes/main [1ms]
2023-12-22 21:23:13.516 [warning] ENOENT: no such file or directory, open '/home/irene/gits/Projects/.git/refs/remotes/origin/main'
2023-12-22 21:23:13.518 [info] > git rev-parse refs/remotes/origin/main [2ms]
2023-12-22 21:23:13.528 [info] > git status -z -uall [2ms]
2023-12-22 21:25:10.003 [info] > git add -A -- /home/irene/gits/Projects/C++_Programs/Test/test.cpp /home/irene/gits/Projects/C++_Programs/Test/test1 [2ms]
2023-12-22 21:25:10.024 [info] > git config --get commit.template [11ms]
2023-12-22 21:25:10.026 [info] > git for-each-ref --format=%(refname)%00%(upstream:short)%00%(objectname)%00%(upstream:track)%00%(upstream:remotename)%00%(upstream:remoteref) refs/heads/main refs/remotes/main [3ms]
2023-12-22 21:25:10.035 [warning] ENOENT: no such file or directory, open '/home/irene/gits/Projects/.git/refs/remotes/origin/main'
2023-12-22 21:25:10.036 [info] > git rev-parse refs/remotes/origin/main [1ms]
2023-12-22 21:25:10.047 [info] > git status -z -uall [2ms]
2023-12-22 21:25:11.094 [info] > git config --get commit.template [1ms]
2023-12-22 21:25:11.104 [info] > git for-each-ref --format=%(refname)%00%(upstream:short)%00%(objectname)%00%(upstream:track)%00%(upstream:remotename)%00%(upstream:remoteref) refs/heads/main refs/remotes/main [1ms]
2023-12-22 21:25:11.114 [warning] ENOENT: no such file or directory, open '/home/irene/gits/Projects/.git/refs/remotes/origin/main'
2023-12-22 21:25:11.115 [info] > git rev-parse refs/remotes/origin/main [1ms]
2023-12-22 21:25:11.128 [info] > git status -z -uall [1ms]
2023-12-22 21:25:11.194 [info] > git ls-files --stage -- /home/irene/gits/Projects/C++_Programs/Test/test.cpp [2ms]
2023-12-22 21:25:11.204 [info] > git cat-file -s 9ade1ffee9f2080f7c635ce19df6f075d8548b16 [1ms]
2023-12-22 21:25:11.218 [info] > git show --textconv :C++_Programs/Test/test.cpp [2ms]
2023-12-22 21:25:15.086 [info] > git show --textconv :.git/COMMIT_EDITMSG [12ms]
2023-12-22 21:25:15.087 [info] > git ls-files --stage -- /home/irene/gits/Projects/.git/COMMIT_EDITMSG [2ms]
2023-12-22 21:25:15.390 [info] > git check-ignore -v -z --stdin [1ms]
2023-12-22 21:25:15.846 [info] > git ls-files --stage -- /home/irene/gits/Projects/.git/COMMIT_EDITMSG [1ms]
2023-12-22 21:25:15.860 [info] > git show --textconv :.git/COMMIT_EDITMSG [1ms]
2023-12-22 21:25:19.269 [info] > git ls-files --stage -- /home/irene/gits/Projects/.git/COMMIT_EDITMSG [2ms]
2023-12-22 21:25:19.283 [info] > git show --textconv :.git/COMMIT_EDITMSG [2ms]
2023-12-22 21:25:19.450 [info] > git -c user.useConfigOnly=true commit --quiet [4801ms]
2023-12-22 21:25:19.465 [info] > git config --get commit.template [2ms]
2023-12-22 21:25:19.479 [info] > git for-each-ref --format=%(refname)%00%(upstream:short)%00%(objectname)%00%(upstream:track)%00%(upstream:remotename)%00%(upstream:remoteref) refs/heads/main refs/remotes/main [2ms]
2023-12-22 21:25:19.491 [warning] ENOENT: no such file or directory, open '/home/irene/gits/Projects/.git/refs/remotes/origin/main'
2023-12-22 21:25:19.492 [info] > git rev-parse refs/remotes/origin/main [1ms]
2023-12-22 21:25:19.504 [info] > git status -z -uall [2ms]
2023-12-22 21:25:19.549 [info] > git merge-base refs/heads/main refs/remotes/origin/main [14ms]
2023-12-22 21:25:19.561 [info] > git config --get commit.template [13ms]
2023-12-22 21:25:19.571 [info] > git rev-list --count --left-right refs/heads/main...refs/remotes/origin/main [11ms]
2023-12-22 21:25:19.573 [info] > git for-each-ref --format=%(refname)%00%(upstream:short)%00%(objectname)%00%(upstream:track)%00%(upstream:remotename)%00%(upstream:remoteref) refs/heads/main refs/remotes/main [2ms]
2023-12-22 21:25:19.583 [warning] ENOENT: no such file or directory, open '/home/irene/gits/Projects/.git/refs/remotes/origin/main'
2023-12-22 21:25:19.584 [info] > git rev-parse refs/remotes/origin/main [1ms]
2023-12-22 21:25:19.596 [info] > git status -z -uall [1ms]
2023-12-22 21:25:19.924 [info] > git show --textconv :C++_Programs/Test/test.cpp [11ms]
2023-12-22 21:25:19.925 [info] > git ls-files --stage -- /home/irene/gits/Projects/C++_Programs/Test/test.cpp [2ms]
2023-12-22 21:25:19.935 [info] > git cat-file -s 9ade1ffee9f2080f7c635ce19df6f075d8548b16 [1ms]
2023-12-22 21:25:24.201 [info] > git log --oneline --cherry main...main@{upstream} -- [3ms]
2023-12-22 21:25:24.855 [info] > git pull --tags origin main [642ms]
2023-12-22 21:25:24.855 [info] From https://github.com/RandomCoder982/Projects
 * branch            main       -> FETCH_HEAD
2023-12-22 21:25:26.042 [info] > git ls-files --stage -- /home/irene/gits/Projects/C++_Programs/Test/test.cpp [1ms]
2023-12-22 21:25:26.053 [info] > git cat-file -s 9ade1ffee9f2080f7c635ce19df6f075d8548b16 [2ms]
2023-12-22 21:25:26.065 [info] > git show --textconv :C++_Programs/Test/test.cpp [1ms]
2023-12-22 21:25:26.502 [info] > git push origin main:main [1637ms]
2023-12-22 21:25:26.502 [info] To https://github.com/RandomCoder982/Projects.git
   3aea694..f122fa4  main -> main
2023-12-22 21:25:26.523 [info] > git config --get commit.template [11ms]
2023-12-22 21:25:26.524 [info] > git for-each-ref --format=%(refname)%00%(upstream:short)%00%(objectname)%00%(upstream:track)%00%(upstream:remotename)%00%(upstream:remoteref) refs/heads/main refs/remotes/main [2ms]
2023-12-22 21:25:26.536 [info] > git status -z -uall [2ms]
2023-12-22 21:25:26.562 [info] > git merge-base refs/heads/main refs/remotes/origin/main [1ms]
2023-12-22 21:25:26.575 [info] > git rev-list --count --left-right refs/heads/main...refs/remotes/origin/main [2ms]
2023-12-22 21:25:27.600 [info] > git config --get commit.template [11ms]
2023-12-22 21:25:27.601 [info] > git for-each-ref --format=%(refname)%00%(upstream:short)%00%(objectname)%00%(upstream:track)%00%(upstream:remotename)%00%(upstream:remoteref) refs/heads/main refs/remotes/main [1ms]
2023-12-22 21:25:27.613 [info] > git status -z -uall [2ms]
2023-12-22 21:25:27.692 [info] > git ls-files --stage -- /home/irene/gits/Projects/C++_Programs/Test/test.cpp [1ms]
2023-12-22 21:25:27.703 [info] > git cat-file -s 9ade1ffee9f2080f7c635ce19df6f075d8548b16 [2ms]
2023-12-22 21:25:27.717 [info] > git show --textconv :C++_Programs/Test/test.cpp [1ms]
2023-12-22 21:25:36.242 [info] > git fetch [719ms]
2023-12-22 21:25:36.262 [info] > git config --get commit.template [11ms]
2023-12-22 21:25:36.263 [info] > git for-each-ref --format=%(refname)%00%(upstream:short)%00%(objectname)%00%(upstream:track)%00%(upstream:remotename)%00%(upstream:remoteref) refs/heads/main refs/remotes/main [1ms]
2023-12-22 21:25:36.276 [info] > git status -z -uall [2ms]
2023-12-22 21:25:37.334 [info] > git config --get commit.template [10ms]
2023-12-22 21:25:37.335 [info] > git for-each-ref --format=%(refname)%00%(upstream:short)%00%(objectname)%00%(upstream:track)%00%(upstream:remotename)%00%(upstream:remoteref) refs/heads/main refs/remotes/main [1ms]
2023-12-22 21:25:37.347 [info] > git status -z -uall [2ms]
2023-12-22 21:25:37.426 [info] > git ls-files --stage -- /home/irene/gits/Projects/C++_Programs/Test/test.cpp [1ms]
2023-12-22 21:25:37.437 [info] > git cat-file -s 9ade1ffee9f2080f7c635ce19df6f075d8548b16 [1ms]
2023-12-22 21:25:37.450 [info] > git show --textconv :C++_Programs/Test/test.cpp [1ms]
2023-12-22 22:26:58.096 [info] > git fetch [1703ms]
2023-12-22 22:26:58.117 [info] > git config --get commit.template [11ms]
2023-12-22 22:26:58.117 [info] > git for-each-ref --format=%(refname)%00%(upstream:short)%00%(objectname)%00%(upstream:track)%00%(upstream:remotename)%00%(upstream:remoteref) refs/heads/main refs/remotes/main [1ms]
2023-12-22 22:26:58.131 [info] > git status -z -uall [2ms]
2023-12-22 22:28:02.398 [info] > git config --get commit.template [10ms]
2023-12-22 22:28:02.398 [info] > git for-each-ref --format=%(refname)%00%(upstream:short)%00%(objectname)%00%(upstream:track)%00%(upstream:remotename)%00%(upstream:remoteref) refs/heads/main refs/remotes/main [1ms]
2023-12-22 22:28:02.410 [info] > git status -z -uall [2ms]
2023-12-23 00:55:58.286 [info] > git fetch [840ms]
2023-12-23 00:55:58.315 [info] > git config --get commit.template [15ms]
2023-12-23 00:55:58.316 [info] > git for-each-ref --format=%(refname)%00%(upstream:short)%00%(objectname)%00%(upstream:track)%00%(upstream:remotename)%00%(upstream:remoteref) refs/heads/main refs/remotes/main [2ms]
2023-12-23 00:55:58.334 [info] > git status -z -uall [3ms]
2023-12-23 00:55:59.401 [info] > git config --get commit.template [22ms]
2023-12-23 00:55:59.403 [info] > git for-each-ref --format=%(refname)%00%(upstream:short)%00%(objectname)%00%(upstream:track)%00%(upstream:remotename)%00%(upstream:remoteref) refs/heads/main refs/remotes/main [3ms]
2023-12-23 00:55:59.425 [info] > git status -z -uall [4ms]
2023-12-23 01:37:06.102 [info] > git fetch [555ms]
2023-12-23 01:37:06.145 [info] > git config --get commit.template [21ms]
2023-12-23 01:37:06.147 [info] > git for-each-ref --format=%(refname)%00%(upstream:short)%00%(objectname)%00%(upstream:track)%00%(upstream:remotename)%00%(upstream:remoteref) refs/heads/main refs/remotes/main [3ms]
2023-12-23 01:37:06.170 [info] > git status -z -uall [5ms]
2023-12-23 01:47:50.626 [info] > git fetch [420ms]
2023-12-23 01:47:50.658 [info] > git config --get commit.template [16ms]
2023-12-23 01:47:50.659 [info] > git for-each-ref --format=%(refname)%00%(upstream:short)%00%(objectname)%00%(upstream:track)%00%(upstream:remotename)%00%(upstream:remoteref) refs/heads/main refs/remotes/main [2ms]
2023-12-23 01:47:50.683 [info] > git status -z -uall [4ms]
2023-12-23 01:48:00.053 [info] > git config --get commit.template [2ms]
2023-12-23 01:48:00.074 [info] > git for-each-ref --format=%(refname)%00%(upstream:short)%00%(objectname)%00%(upstream:track)%00%(upstream:remotename)%00%(upstream:remoteref) refs/heads/main refs/remotes/main [2ms]
2023-12-23 01:48:00.099 [info] > git status -z -uall [4ms]
2023-12-23 02:51:02.860 [info] > git fetch [1629ms]
2023-12-23 02:51:02.896 [info] > git config --get commit.template [18ms]
2023-12-23 02:51:02.898 [info] > git for-each-ref --format=%(refname)%00%(upstream:short)%00%(objectname)%00%(upstream:track)%00%(upstream:remotename)%00%(upstream:remoteref) refs/heads/main refs/remotes/main [3ms]
2023-12-23 02:51:02.922 [info] > git status -z -uall [6ms]
2023-12-23 02:51:03.972 [info] > git config --get commit.template [20ms]
2023-12-23 02:51:03.974 [info] > git for-each-ref --format=%(refname)%00%(upstream:short)%00%(objectname)%00%(upstream:track)%00%(upstream:remotename)%00%(upstream:remoteref) refs/heads/main refs/remotes/main [3ms]
2023-12-23 02:51:03.995 [info] > git status -z -uall [3ms]
2023-12-23 03:11:22.901 [info] > git fetch [616ms]
2023-12-23 03:11:22.934 [info] > git config --get commit.template [17ms]
2023-12-23 03:11:22.935 [info] > git for-each-ref --format=%(refname)%00%(upstream:short)%00%(objectname)%00%(upstream:track)%00%(upstream:remotename)%00%(upstream:remoteref) refs/heads/main refs/remotes/main [2ms]
2023-12-23 03:11:22.955 [info] > git status -z -uall [3ms]
2023-12-23 03:11:24.014 [info] > git config --get commit.template [23ms]
2023-12-23 03:11:24.015 [info] > git for-each-ref --format=%(refname)%00%(upstream:short)%00%(objectname)%00%(upstream:track)%00%(upstream:remotename)%00%(upstream:remoteref) refs/heads/main refs/remotes/main [3ms]
2023-12-23 03:11:24.038 [info] > git status -z -uall [3ms]
2023-12-23 03:11:24.353 [info] > git show --textconv :C++_Programs/Test/test.cpp [16ms]
2023-12-23 03:11:24.354 [info] > git ls-files --stage -- /home/irene/gits/Projects/C++_Programs/Test/test.cpp [2ms]
2023-12-23 03:11:24.370 [info] > git cat-file -s 9ade1ffee9f2080f7c635ce19df6f075d8548b16 [2ms]
2023-12-23 03:11:42.143 [info] > git check-ignore -v -z --stdin [2ms]
2023-12-23 03:11:43.031 [info] > git show --textconv :C++_Programs/rockPaperScissors/RockPaperScissors.c++ [17ms]
2023-12-23 03:11:43.033 [info] > git ls-files --stage -- /home/irene/gits/Projects/C++_Programs/rockPaperScissors/RockPaperScissors.c++ [2ms]
2023-12-23 03:11:43.053 [info] > git cat-file -s 5f63f6a7b143da5a6e4cee341cdf0bfd2994ef96 [2ms]
2023-12-23 03:11:48.356 [info] > git check-ignore -v -z --stdin [3ms]
2023-12-23 03:11:48.996 [info] > git show --textconv :C++_Programs/.vscode/tasks.json [21ms]
2023-12-23 03:11:48.998 [info] > git ls-files --stage -- /home/irene/gits/Projects/C++_Programs/.vscode/tasks.json [3ms]
2023-12-23 03:11:49.018 [info] > git cat-file -s 6a852293e50f1b51babb5a35bbca18b4b1e19745 [3ms]
2023-12-23 03:11:51.745 [info] > git check-ignore -v -z --stdin [2ms]
2023-12-23 03:11:52.551 [info] > git show --textconv :Java Programs/JavaSurvey.java [19ms]
2023-12-23 03:11:52.552 [info] > git ls-files --stage -- /home/irene/gits/Projects/Java Programs/JavaSurvey.java [3ms]
2023-12-23 03:11:52.570 [info] > git cat-file -s 3a61e70d364aee55c024745b0e66676710b334e8 [3ms]
2023-12-23 03:13:00.707 [info] > git config --get commit.template [21ms]
2023-12-23 03:13:00.708 [info] > git for-each-ref --format=%(refname)%00%(upstream:short)%00%(objectname)%00%(upstream:track)%00%(upstream:remotename)%00%(upstream:remoteref) refs/heads/main refs/remotes/main [2ms]
2023-12-23 03:13:00.729 [info] > git status -z -uall [3ms]
2023-12-23 03:37:54.931 [info] > git fetch [555ms]
2023-12-23 03:37:54.975 [info] > git config --get commit.template [22ms]
2023-12-23 03:37:54.975 [info] > git for-each-ref --format=%(refname)%00%(upstream:short)%00%(objectname)%00%(upstream:track)%00%(upstream:remotename)%00%(upstream:remoteref) refs/heads/main refs/remotes/main [2ms]
2023-12-23 03:37:55.002 [info] > git status -z -uall [7ms]
