2024-01-22 07:26:04.916 [info] Log level: Info
2024-01-22 07:26:04.916 [info] Validating found git in: "git"
2024-01-22 07:26:04.916 [info] Using git "2.43.0" from "git"
2024-01-22 07:26:04.916 [info] > git rev-parse --show-toplevel [4ms]
2024-01-22 07:26:04.918 [info] > git rev-parse --git-dir --git-common-dir [8ms]
2024-01-22 07:26:04.945 [info] Open repository: /home/irene/gits/Projects
2024-01-22 07:26:05.058 [info] > git rev-parse --show-toplevel [89ms]
2024-01-22 07:26:05.059 [info] > git config --get commit.template [97ms]
2024-01-22 07:26:05.094 [info] > git for-each-ref --format=%(refname)%00%(upstream:short)%00%(objectname)%00%(upstream:track)%00%(upstream:remotename)%00%(upstream:remoteref) refs/heads/main refs/remotes/main [8ms]
2024-01-22 07:26:05.094 [info] > git rev-parse --show-toplevel [18ms]
2024-01-22 07:26:05.109 [info] > git rev-parse --show-toplevel [4ms]
2024-01-22 07:26:05.261 [info] > git status -z -uall [11ms]
2024-01-22 07:26:05.293 [info] > git config --get commit.template [2ms]
2024-01-22 07:26:05.309 [info] > git for-each-ref --format=%(refname)%00%(upstream:short)%00%(objectname)%00%(upstream:track)%00%(upstream:remotename)%00%(upstream:remoteref) refs/heads/main refs/remotes/main [3ms]
2024-01-22 07:26:05.335 [info] > git status -z -uall [16ms]
2024-01-22 07:26:05.537 [info] > git fetch [593ms]
2024-01-22 07:26:05.553 [info] > git config --get commit.template [2ms]
2024-01-22 07:26:05.577 [info] > git for-each-ref --format=%(refname)%00%(upstream:short)%00%(objectname)%00%(upstream:track)%00%(upstream:remotename)%00%(upstream:remoteref) refs/heads/main refs/remotes/main [12ms]
2024-01-22 07:26:05.591 [info] > git status -z -uall [4ms]
2024-01-22 07:26:05.725 [info] > git show --textconv :PythonMain/test.py [17ms]
2024-01-22 07:26:05.739 [info] > git ls-files --stage -- /home/irene/gits/Projects/PythonMain/test.py [22ms]
2024-01-22 07:26:05.749 [info] > git cat-file -s 185f21791454c785d5512125c4449a5d44f4c1e8 [2ms]
2024-01-22 07:26:05.767 [info] > git check-ignore -v -z --stdin [1ms]
2024-01-22 07:26:06.637 [info] > git config --get commit.template [11ms]
2024-01-22 07:26:06.638 [info] > git for-each-ref --format=%(refname)%00%(upstream:short)%00%(objectname)%00%(upstream:track)%00%(upstream:remotename)%00%(upstream:remoteref) refs/heads/main refs/remotes/main [2ms]
2024-01-22 07:26:06.649 [info] > git status -z -uall [2ms]
2024-01-22 07:26:06.750 [info] > git ls-files --stage -- /home/irene/gits/Projects/PythonMain/test.py [1ms]
2024-01-22 07:26:06.762 [info] > git cat-file -s 185f21791454c785d5512125c4449a5d44f4c1e8 [2ms]
2024-01-22 07:26:06.824 [info] > git show --textconv :PythonMain/test.py [1ms]
2024-01-22 07:26:12.220 [info] > git check-ignore -v -z --stdin [1ms]
2024-01-22 07:26:52.091 [info] > git config --get commit.template [1ms]
2024-01-22 07:26:52.101 [info] > git for-each-ref --format=%(refname)%00%(upstream:short)%00%(objectname)%00%(upstream:track)%00%(upstream:remotename)%00%(upstream:remoteref) refs/heads/main refs/remotes/main [2ms]
2024-01-22 07:26:52.112 [info] > git status -z -uall [2ms]
2024-01-22 07:27:10.737 [info] > git config --get commit.template [1ms]
2024-01-22 07:27:10.747 [info] > git for-each-ref --format=%(refname)%00%(upstream:short)%00%(objectname)%00%(upstream:track)%00%(upstream:remotename)%00%(upstream:remoteref) refs/heads/main refs/remotes/main [2ms]
2024-01-22 07:27:10.759 [info] > git status -z -uall [1ms]
2024-01-22 07:27:34.112 [info] > git config --get commit.template [10ms]
2024-01-22 07:27:34.113 [info] > git for-each-ref --format=%(refname)%00%(upstream:short)%00%(objectname)%00%(upstream:track)%00%(upstream:remotename)%00%(upstream:remoteref) refs/heads/main refs/remotes/main [1ms]
2024-01-22 07:27:34.125 [info] > git status -z -uall [2ms]
2024-01-22 07:27:56.528 [info] > git config --get commit.template [1ms]
2024-01-22 07:27:56.541 [info] > git for-each-ref --format=%(refname)%00%(upstream:short)%00%(objectname)%00%(upstream:track)%00%(upstream:remotename)%00%(upstream:remoteref) refs/heads/main refs/remotes/main [1ms]
2024-01-22 07:27:56.553 [info] > git status -z -uall [2ms]
2024-01-22 07:28:32.108 [info] > git config --get commit.template [11ms]
2024-01-22 07:28:32.108 [info] > git for-each-ref --format=%(refname)%00%(upstream:short)%00%(objectname)%00%(upstream:track)%00%(upstream:remotename)%00%(upstream:remoteref) refs/heads/main refs/remotes/main [1ms]
2024-01-22 07:28:32.121 [info] > git status -z -uall [2ms]
