2023-12-27 22:19:03.709 [info] Reading sessions from keychain...
2023-12-27 22:19:03.709 [info] Getting sessions for all scopes...
2023-12-27 22:19:03.711 [info] Got stored sessions!
2023-12-27 22:19:03.711 [info] Got 1 verified sessions.
2023-12-27 22:19:03.711 [info] Got 1 sessions for ...
2023-12-27 22:19:03.711 [info] Getting sessions for all scopes...
2023-12-27 22:19:03.711 [info] Got 1 sessions for ...
2023-12-27 22:19:03.717 [info] Getting sessions for project,read:org,read:user,repo,user:email,workflow...
2023-12-27 22:19:03.717 [info] Got 0 sessions for project,read:org,read:user,repo,user:email,workflow...
2023-12-27 22:19:03.721 [info] Getting sessions for read:user,repo,user:email,workflow...
2023-12-27 22:19:03.721 [info] Got 1 sessions for read:user,repo,user:email,workflow...
2023-12-27 22:19:03.723 [info] Getting sessions for read:user,repo,user:email...
2023-12-27 22:19:03.723 [info] Got 0 sessions for read:user,repo,user:email...
2023-12-27 22:19:03.726 [info] Getting sessions for read:user,repo,user:email,workflow...
2023-12-27 22:19:03.726 [info] Got 1 sessions for read:user,repo,user:email,workflow...
2023-12-27 22:21:27.397 [info] Getting sessions for read:user,repo,user:email,workflow...
2023-12-27 22:21:27.397 [info] Got 1 sessions for read:user,repo,user:email,workflow...
2023-12-27 22:21:28.433 [info] Getting sessions for read:user,repo,user:email,workflow...
2023-12-27 22:21:28.433 [info] Got 1 sessions for read:user,repo,user:email,workflow...
2023-12-27 22:21:41.963 [info] Getting sessions for read:user,repo,user:email,workflow...
2023-12-27 22:21:41.963 [info] Got 1 sessions for read:user,repo,user:email,workflow...
