2024-03-07 19:18:14.509 [info] Added views:workbench.panel.markers.view in workbench.panel.markers
2024-03-07 19:18:14.509 [info] Added views:workbench.panel.output in workbench.panel.output
2024-03-07 19:18:14.509 [info] Added views:terminal in terminal
2024-03-07 19:18:14.509 [info] Added views:outline in workbench.view.explorer
2024-03-07 19:18:14.509 [info] Added views:workbench.scm in workbench.view.scm
2024-03-07 19:18:14.509 [info] Added views:workbench.view.search in workbench.view.search
2024-03-07 19:18:14.509 [info] Added views:timeline in workbench.view.explorer
2024-03-07 19:18:14.509 [info] Added views:workbench.explorer.emptyView in workbench.view.explorer
2024-03-07 19:18:14.843 [info] Added views:workbench.debug.welcome in workbench.view.debug
2024-03-07 19:18:15.052 [info] Added views:workbench.panel.repl.view in workbench.panel.repl
2024-03-07 19:18:15.266 [info] Added views:~remote.forwardedPorts in ~remote.forwardedPortsContainer
2024-03-07 19:19:49.812 [info] Added views:workbench.panel.markers.view in workbench.panel.markers
2024-03-07 19:19:49.812 [info] Added views:workbench.panel.output in workbench.panel.output
2024-03-07 19:19:49.812 [info] Added views:terminal in terminal
2024-03-07 19:19:49.812 [info] Added views:outline in workbench.view.explorer
2024-03-07 19:19:49.812 [info] Added views:workbench.scm in workbench.view.scm
2024-03-07 19:19:49.812 [info] Added views:workbench.view.search in workbench.view.search
2024-03-07 19:19:49.812 [info] Added views:timeline in workbench.view.explorer
2024-03-07 19:19:49.812 [info] Added views:workbench.explorer.fileView in workbench.view.explorer
2024-03-07 19:19:50.176 [info] Added views:workbench.debug.variablesView,workbench.debug.watchExpressionsView,workbench.debug.callStackView,workbench.debug.breakPointsView in workbench.view.debug
2024-03-07 19:19:50.279 [info] Added views:workbench.panel.repl.view in workbench.panel.repl
2024-03-07 19:19:50.281 [info] Removed views:workbench.debug.breakPointsView,workbench.debug.callStackView,workbench.debug.watchExpressionsView,workbench.debug.variablesView from workbench.view.debug
2024-03-07 19:19:50.281 [info] Added views:workbench.debug.welcome in workbench.view.debug
2024-03-07 19:19:50.325 [info] Added views:~remote.forwardedPorts in ~remote.forwardedPortsContainer
2024-03-07 19:20:31.565 [info] Added views:workbench.view.testing in workbench.view.extension.test
2024-03-07 19:28:34.643 [info] Added views:workbench.debug.breakPointsView in workbench.view.debug
2024-03-07 19:30:07.816 [info] Removed views:workbench.debug.welcome from workbench.view.debug
2024-03-07 19:30:07.843 [info] Added views:workbench.debug.variablesView,workbench.debug.watchExpressionsView,workbench.debug.callStackView in workbench.view.debug
2024-03-07 19:30:13.216 [info] Removed views:workbench.debug.callStackView,workbench.debug.watchExpressionsView,workbench.debug.variablesView from workbench.view.debug
2024-03-07 19:30:13.239 [info] Added views:workbench.debug.welcome in workbench.view.debug
2024-03-07 20:04:19.759 [info] Removed views:workbench.debug.welcome from workbench.view.debug
2024-03-07 20:04:19.783 [info] Added views:workbench.debug.variablesView,workbench.debug.watchExpressionsView,workbench.debug.callStackView in workbench.view.debug
2024-03-07 20:04:31.069 [info] Removed views:workbench.debug.callStackView,workbench.debug.watchExpressionsView,workbench.debug.variablesView from workbench.view.debug
2024-03-07 20:04:31.074 [info] Added views:workbench.debug.welcome in workbench.view.debug
