2023-12-26 21:02:55.562 [info] Extension host with pid 9936 started
2023-12-26 21:02:55.583 [info] ExtensionService#_doActivateExtension vscode.emmet, startup: false, activationEvent: 'onLanguage'
2023-12-26 21:02:55.668 [info] ExtensionService#_doActivateExtension vscode.git-base, startup: true, activationEvent: '*'
2023-12-26 21:02:55.702 [info] ExtensionService#_doActivateExtension vscode.github, startup: true, activationEvent: '*'
2023-12-26 21:02:55.757 [info] Eager extensions activated
2023-12-26 21:02:55.762 [info] ExtensionService#_doActivateExtension vscode.debug-auto-launch, startup: false, activationEvent: 'onStartupFinished'
2023-12-26 21:02:55.767 [info] ExtensionService#_doActivateExtension vscode.merge-conflict, startup: false, activationEvent: 'onStartupFinished'
2023-12-26 21:02:55.806 [info] ExtensionService#_doActivateExtension vscode.github-authentication, startup: false, activationEvent: 'onStartupFinished', root cause: GitHub.vscode-pull-request-github
2023-12-26 21:02:55.920 [info] ExtensionService#_doActivateExtension GitHub.vscode-pull-request-github, startup: false, activationEvent: 'onStartupFinished'
2023-12-26 21:02:56.166 [error] Activating extension GitHub.vscode-pull-request-github failed due to an error:
2023-12-26 21:02:56.166 [error] Error: Extension 'GitHub.vscode-pull-request-github' CANNOT use API proposal: readonlyMessage.
Its package.json#enabledApiProposals-property declares:  but NOT readonlyMessage.
 The missing proposal MUST be added and you must start in extension development mode or use the following command line switch: --enable-proposed-api GitHub.vscode-pull-request-github
	at v (/usr/lib/code/out/vs/workbench/api/node/extensionHostProcess.js:138:48007)
	at v.registerFileSystemProvider (/usr/lib/code/out/vs/workbench/api/node/extensionHostProcess.js:143:20533)
	at Object.registerFileSystemProvider (/usr/lib/code/out/vs/workbench/api/node/extensionHostProcess.js:158:38166)
	at M2 (/home/irene/.vscode-oss/extensions/github.vscode-pull-request-github-0.78.1-universal/dist/extension.js:2242:8320)
	at async I2 (/home/irene/.vscode-oss/extensions/github.vscode-pull-request-github-0.78.1-universal/dist/extension.js:2242:5740)
	at async u.n (/usr/lib/code/out/vs/workbench/api/node/extensionHostProcess.js:140:6255)
	at async u.m (/usr/lib/code/out/vs/workbench/api/node/extensionHostProcess.js:140:6218)
	at async u.l (/usr/lib/code/out/vs/workbench/api/node/extensionHostProcess.js:140:5675)
2023-12-26 21:03:18.319 [info] Extension host terminating: renderer closed the MessagePort
2023-12-26 21:03:18.323 [info] Extension host with pid 9936 exiting with code 0
2023-12-26 21:03:20.104 [info] Extension host with pid 10391 started
2023-12-26 21:03:20.104 [info] Skipping acquiring lock for /home/irene/.config/Code - OSS/User/workspaceStorage/868e77cf5fd1b1304bae7844451b9fa5.
2023-12-26 21:03:20.158 [info] ExtensionService#_doActivateExtension vscode.emmet, startup: false, activationEvent: 'onLanguage'
2023-12-26 21:03:20.230 [info] ExtensionService#_doActivateExtension vscode.git-base, startup: true, activationEvent: '*', root cause: vscode.git
2023-12-26 21:03:20.285 [info] ExtensionService#_doActivateExtension vscode.git, startup: true, activationEvent: '*'
2023-12-26 21:03:20.428 [info] ExtensionService#_doActivateExtension vscode.github, startup: true, activationEvent: '*'
2023-12-26 21:03:20.586 [info] Eager extensions activated
2023-12-26 21:03:20.632 [info] ExtensionService#_doActivateExtension vscode.debug-auto-launch, startup: false, activationEvent: 'onStartupFinished'
2023-12-26 21:03:20.638 [info] ExtensionService#_doActivateExtension vscode.merge-conflict, startup: false, activationEvent: 'onStartupFinished'
2023-12-26 21:03:20.675 [info] ExtensionService#_doActivateExtension vscode.github-authentication, startup: false, activationEvent: 'onStartupFinished', root cause: GitHub.vscode-pull-request-github
2023-12-26 21:03:20.882 [info] ExtensionService#_doActivateExtension GitHub.vscode-pull-request-github, startup: false, activationEvent: 'onStartupFinished'
2023-12-26 21:03:21.438 [error] Activating extension GitHub.vscode-pull-request-github failed due to an error:
2023-12-26 21:03:21.438 [error] Error: Extension 'GitHub.vscode-pull-request-github' CANNOT use API proposal: readonlyMessage.
Its package.json#enabledApiProposals-property declares:  but NOT readonlyMessage.
 The missing proposal MUST be added and you must start in extension development mode or use the following command line switch: --enable-proposed-api GitHub.vscode-pull-request-github
	at v (/usr/lib/code/out/vs/workbench/api/node/extensionHostProcess.js:138:48007)
	at v.registerFileSystemProvider (/usr/lib/code/out/vs/workbench/api/node/extensionHostProcess.js:143:20533)
	at Object.registerFileSystemProvider (/usr/lib/code/out/vs/workbench/api/node/extensionHostProcess.js:158:38166)
	at M2 (/home/irene/.vscode-oss/extensions/github.vscode-pull-request-github-0.78.1-universal/dist/extension.js:2242:8320)
	at async I2 (/home/irene/.vscode-oss/extensions/github.vscode-pull-request-github-0.78.1-universal/dist/extension.js:2242:5740)
	at async u.n (/usr/lib/code/out/vs/workbench/api/node/extensionHostProcess.js:140:6255)
	at async u.m (/usr/lib/code/out/vs/workbench/api/node/extensionHostProcess.js:140:6218)
	at async u.l (/usr/lib/code/out/vs/workbench/api/node/extensionHostProcess.js:140:5675)
2023-12-26 21:03:27.391 [info] Extension host terminating: renderer closed the MessagePort
2023-12-26 21:03:27.405 [error] Canceled: Canceled
	at new g (/usr/lib/code/out/vs/workbench/api/node/extensionHostProcess.js:141:110274)
	at l.U (/usr/lib/code/out/vs/workbench/api/node/extensionHostProcess.js:150:10866)
	at P.<computed>.j.charCodeAt.P.<computed> (/usr/lib/code/out/vs/workbench/api/node/extensionHostProcess.js:150:8317)
	at d.g (/usr/lib/code/out/vs/workbench/api/node/extensionHostProcess.js:141:139555)
	at d.executeCommand (/usr/lib/code/out/vs/workbench/api/node/extensionHostProcess.js:141:138993)
	at p.registerCommand.description (/usr/lib/code/out/vs/workbench/api/node/extensionHostProcess.js:141:138317)
	at d.h (/usr/lib/code/out/vs/workbench/api/node/extensionHostProcess.js:141:140094)
	at d.g (/usr/lib/code/out/vs/workbench/api/node/extensionHostProcess.js:141:139086)
	at d.executeCommand (/usr/lib/code/out/vs/workbench/api/node/extensionHostProcess.js:141:138993)
	at Object.executeCommand (/usr/lib/code/out/vs/workbench/api/node/extensionHostProcess.js:158:21333)
	at f.I [as value] (/usr/lib/code/extensions/git/dist/main.js:2:924696)
	at n.y (/usr/lib/code/out/vs/workbench/api/node/extensionHostProcess.js:80:1902)
	at n.z (/usr/lib/code/out/vs/workbench/api/node/extensionHostProcess.js:80:1972)
	at n.fire (/usr/lib/code/out/vs/workbench/api/node/extensionHostProcess.js:80:2188)
	at Object.m [as dispose] (/usr/lib/code/extensions/git/dist/main.js:2:940613)
	at /usr/lib/code/extensions/git/dist/main.js:2:945566
	at Array.forEach (<anonymous>)
	at p.dispose (/usr/lib/code/extensions/git/dist/main.js:2:945552)
	at u.<anonymous> (/usr/lib/code/out/vs/workbench/api/node/extensionHostProcess.js:137:3620)
	at u.dispose (/usr/lib/code/out/vs/workbench/api/node/extensionHostProcess.js:137:3717)
	at u.<anonymous> (/usr/lib/code/extensions/git/dist/main.js:2:926708)
	at u.dispose (/usr/lib/code/out/vs/workbench/api/node/extensionHostProcess.js:137:3717)
	at s (/usr/lib/code/out/vs/workbench/api/node/extensionHostProcess.js:30:754)
	at f.cb (/usr/lib/code/out/vs/workbench/api/node/extensionHostProcess.js:154:9873)
	at /usr/lib/code/out/vs/workbench/api/node/extensionHostProcess.js:154:7808
	at Array.map (<anonymous>)
	at f.Y (/usr/lib/code/out/vs/workbench/api/node/extensionHostProcess.js:154:7795)
	at f.terminate (/usr/lib/code/out/vs/workbench/api/node/extensionHostProcess.js:154:8068)
	at s.terminate (/usr/lib/code/out/vs/workbench/api/node/extensionHostProcess.js:158:1513)
	at a (/usr/lib/code/out/vs/workbench/api/node/extensionHostProcess.js:171:9802)
	at MessagePortMain.<anonymous> (/usr/lib/code/out/vs/workbench/api/node/extensionHostProcess.js:171:6227)
	at MessagePortMain.emit (node:events:513:28)
	at MessagePortMain._internalPort.emit (node:electron/js2c/utility_init:2:367) setContext undefined
2023-12-26 21:03:27.406 [error] Canceled: Canceled
	at new g (/usr/lib/code/out/vs/workbench/api/node/extensionHostProcess.js:141:110274)
	at l.U (/usr/lib/code/out/vs/workbench/api/node/extensionHostProcess.js:150:10866)
	at P.<computed>.j.charCodeAt.P.<computed> (/usr/lib/code/out/vs/workbench/api/node/extensionHostProcess.js:150:8317)
	at d.g (/usr/lib/code/out/vs/workbench/api/node/extensionHostProcess.js:141:139555)
	at d.executeCommand (/usr/lib/code/out/vs/workbench/api/node/extensionHostProcess.js:141:138993)
	at p.registerCommand.description (/usr/lib/code/out/vs/workbench/api/node/extensionHostProcess.js:141:138317)
	at d.h (/usr/lib/code/out/vs/workbench/api/node/extensionHostProcess.js:141:140094)
	at d.g (/usr/lib/code/out/vs/workbench/api/node/extensionHostProcess.js:141:139086)
	at d.executeCommand (/usr/lib/code/out/vs/workbench/api/node/extensionHostProcess.js:141:138993)
	at Object.executeCommand (/usr/lib/code/out/vs/workbench/api/node/extensionHostProcess.js:158:21333)
	at set b [as b] (/usr/lib/code/extensions/github/dist/extension.js:2:322364)
	at /usr/lib/code/extensions/github/dist/extension.js:2:323005
	at f.value (/usr/lib/code/extensions/git/dist/main.js:2:1016450)
	at n.y (/usr/lib/code/out/vs/workbench/api/node/extensionHostProcess.js:80:1902)
	at n.z (/usr/lib/code/out/vs/workbench/api/node/extensionHostProcess.js:80:1972)
	at n.fire (/usr/lib/code/out/vs/workbench/api/node/extensionHostProcess.js:80:2188)
	at Object.m [as dispose] (/usr/lib/code/extensions/git/dist/main.js:2:940613)
	at /usr/lib/code/extensions/git/dist/main.js:2:945566
	at Array.forEach (<anonymous>)
	at p.dispose (/usr/lib/code/extensions/git/dist/main.js:2:945552)
	at u.<anonymous> (/usr/lib/code/out/vs/workbench/api/node/extensionHostProcess.js:137:3620)
	at u.dispose (/usr/lib/code/out/vs/workbench/api/node/extensionHostProcess.js:137:3717)
	at u.<anonymous> (/usr/lib/code/extensions/git/dist/main.js:2:926708)
	at u.dispose (/usr/lib/code/out/vs/workbench/api/node/extensionHostProcess.js:137:3717)
	at s (/usr/lib/code/out/vs/workbench/api/node/extensionHostProcess.js:30:754)
	at f.cb (/usr/lib/code/out/vs/workbench/api/node/extensionHostProcess.js:154:9873)
	at /usr/lib/code/out/vs/workbench/api/node/extensionHostProcess.js:154:7808
	at Array.map (<anonymous>)
	at f.Y (/usr/lib/code/out/vs/workbench/api/node/extensionHostProcess.js:154:7795)
	at f.terminate (/usr/lib/code/out/vs/workbench/api/node/extensionHostProcess.js:154:8068)
	at s.terminate (/usr/lib/code/out/vs/workbench/api/node/extensionHostProcess.js:158:1513)
	at a (/usr/lib/code/out/vs/workbench/api/node/extensionHostProcess.js:171:9802)
	at MessagePortMain.<anonymous> (/usr/lib/code/out/vs/workbench/api/node/extensionHostProcess.js:171:6227)
	at MessagePortMain.emit (node:events:513:28)
	at MessagePortMain._internalPort.emit (node:electron/js2c/utility_init:2:367) setContext undefined
2023-12-26 21:03:27.407 [info] Extension host with pid 10391 exiting with code 0
