2024-01-14 19:01:16.388 [info] Reading sessions from keychain...
2024-01-14 19:01:16.388 [info] Getting sessions for all scopes...
2024-01-14 19:01:16.388 [info] Got stored sessions!
2024-01-14 19:01:16.388 [info] Got 1 verified sessions.
2024-01-14 19:01:16.388 [info] Got 1 sessions for ...
2024-01-14 19:01:16.388 [info] Getting sessions for all scopes...
2024-01-14 19:01:16.388 [info] Got 1 sessions for ...
2024-01-14 19:01:16.388 [info] Getting sessions for read:user,repo,user:email,workflow...
2024-01-14 19:01:16.388 [info] Got 1 sessions for read:user,repo,user:email,workflow...
2024-01-14 19:01:16.389 [info] Getting sessions for project,read:org,read:user,repo,user:email,workflow...
2024-01-14 19:01:16.389 [info] Got 0 sessions for project,read:org,read:user,repo,user:email,workflow...
2024-01-14 19:01:16.541 [info] Getting sessions for read:user,repo,user:email,workflow...
2024-01-14 19:01:16.541 [info] Got 1 sessions for read:user,repo,user:email,workflow...
2024-01-14 19:01:16.559 [info] Getting sessions for read:user,repo,user:email...
2024-01-14 19:01:16.559 [info] Got 0 sessions for read:user,repo,user:email...
2024-01-14 19:01:16.562 [info] Getting sessions for read:user,repo,user:email,workflow...
2024-01-14 19:01:16.562 [info] Got 1 sessions for read:user,repo,user:email,workflow...
2024-01-14 19:01:17.033 [info] Getting sessions for read:user,repo,user:email,workflow...
2024-01-14 19:01:17.033 [info] Got 1 sessions for read:user,repo,user:email,workflow...
2024-01-14 19:01:43.358 [info] Reading sessions from keychain...
2024-01-14 19:01:43.358 [info] Getting sessions for all scopes...
2024-01-14 19:01:43.599 [info] Got stored sessions!
2024-01-14 19:01:43.599 [info] Got 1 verified sessions.
2024-01-14 19:01:43.600 [info] Got 1 sessions for ...
2024-01-14 19:01:43.635 [info] Getting sessions for read:user,repo,user:email,workflow...
2024-01-14 19:01:43.635 [info] Got 1 sessions for read:user,repo,user:email,workflow...
2024-01-14 19:01:43.817 [info] Getting sessions for project,read:org,read:user,repo,user:email,workflow...
2024-01-14 19:01:43.817 [info] Got 0 sessions for project,read:org,read:user,repo,user:email,workflow...
2024-01-14 19:01:43.833 [info] Getting sessions for read:user,repo,user:email,workflow...
2024-01-14 19:01:43.833 [info] Got 1 sessions for read:user,repo,user:email,workflow...
2024-01-14 19:01:43.859 [info] Getting sessions for read:user,repo,user:email...
2024-01-14 19:01:43.859 [info] Got 0 sessions for read:user,repo,user:email...
2024-01-14 19:01:43.894 [info] Getting sessions for read:user,repo,user:email,workflow...
2024-01-14 19:01:43.894 [info] Got 1 sessions for read:user,repo,user:email,workflow...
2024-01-14 19:01:44.031 [info] Getting sessions for all scopes...
2024-01-14 19:01:44.031 [info] Got 1 sessions for ...
2024-01-14 19:01:44.428 [info] Getting sessions for read:user,repo,user:email,workflow...
2024-01-14 19:01:44.428 [info] Got 1 sessions for read:user,repo,user:email,workflow...
2024-01-14 19:01:44.459 [info] Getting sessions for all scopes...
2024-01-14 19:01:44.459 [info] Got 1 sessions for ...
