2023-12-30 12:56:58.909 [info] Reading sessions from keychain...
2023-12-30 12:56:58.909 [info] Getting sessions for all scopes...
2023-12-30 12:56:58.909 [info] Got stored sessions!
2023-12-30 12:56:58.909 [info] Got 1 verified sessions.
2023-12-30 12:56:58.909 [info] Got 1 sessions for ...
2023-12-30 12:56:58.909 [info] Getting sessions for all scopes...
2023-12-30 12:56:58.909 [info] Got 1 sessions for ...
2023-12-30 12:56:58.946 [info] Getting sessions for project,read:org,read:user,repo,user:email,workflow...
2023-12-30 12:56:58.946 [info] Got 0 sessions for project,read:org,read:user,repo,user:email,workflow...
2023-12-30 12:56:58.946 [info] Getting sessions for read:user,repo,user:email,workflow...
2023-12-30 12:56:58.946 [info] Got 1 sessions for read:user,repo,user:email,workflow...
2023-12-30 12:56:59.087 [info] Getting sessions for read:user,repo,user:email,workflow...
2023-12-30 12:56:59.087 [info] Got 1 sessions for read:user,repo,user:email,workflow...
2023-12-30 12:56:59.119 [info] Getting sessions for read:user,repo,user:email...
2023-12-30 12:56:59.119 [info] Got 0 sessions for read:user,repo,user:email...
2023-12-30 12:56:59.125 [info] Getting sessions for read:user,repo,user:email,workflow...
2023-12-30 12:56:59.125 [info] Got 1 sessions for read:user,repo,user:email,workflow...
2023-12-30 12:56:59.545 [info] Getting sessions for read:user,repo,user:email,workflow...
2023-12-30 12:56:59.546 [info] Got 1 sessions for read:user,repo,user:email,workflow...
2023-12-30 12:57:09.721 [info] Reading sessions from keychain...
2023-12-30 12:57:09.721 [info] Getting sessions for all scopes...
2023-12-30 12:57:09.721 [info] Got stored sessions!
2023-12-30 12:57:09.721 [info] Got 1 verified sessions.
2023-12-30 12:57:09.721 [info] Got 1 sessions for ...
2023-12-30 12:57:09.721 [info] Getting sessions for all scopes...
2023-12-30 12:57:09.721 [info] Got 1 sessions for ...
2023-12-30 12:57:09.767 [info] Getting sessions for project,read:org,read:user,repo,user:email,workflow...
2023-12-30 12:57:09.767 [info] Got 0 sessions for project,read:org,read:user,repo,user:email,workflow...
2023-12-30 12:57:09.802 [info] Getting sessions for read:user,repo,user:email,workflow...
2023-12-30 12:57:09.802 [info] Got 1 sessions for read:user,repo,user:email,workflow...
2023-12-30 12:57:09.803 [info] Getting sessions for read:user,repo,user:email,workflow...
2023-12-30 12:57:09.803 [info] Got 1 sessions for read:user,repo,user:email,workflow...
2023-12-30 12:57:09.911 [info] Getting sessions for read:user,repo,user:email...
2023-12-30 12:57:09.911 [info] Got 0 sessions for read:user,repo,user:email...
2023-12-30 12:57:09.918 [info] Getting sessions for read:user,repo,user:email,workflow...
2023-12-30 12:57:09.918 [info] Got 1 sessions for read:user,repo,user:email,workflow...
2023-12-30 12:57:10.286 [info] Getting sessions for read:user,repo,user:email,workflow...
2023-12-30 12:57:10.286 [info] Got 1 sessions for read:user,repo,user:email,workflow...
2023-12-30 12:57:15.812 [info] Getting sessions for read:user,repo,user:email,workflow...
2023-12-30 12:57:15.812 [info] Got 1 sessions for read:user,repo,user:email,workflow...
2023-12-30 13:06:21.092 [info] Reading sessions from keychain...
2023-12-30 13:06:21.092 [info] Getting sessions for all scopes...
2023-12-30 13:06:21.092 [info] Got stored sessions!
2023-12-30 13:06:21.092 [info] Got 1 verified sessions.
2023-12-30 13:06:21.092 [info] Got 1 sessions for ...
2023-12-30 13:06:21.143 [info] Getting sessions for project,read:org,read:user,repo,user:email,workflow...
2023-12-30 13:06:21.143 [info] Got 0 sessions for project,read:org,read:user,repo,user:email,workflow...
2023-12-30 13:06:21.148 [info] Getting sessions for read:user,repo,user:email,workflow...
2023-12-30 13:06:21.149 [info] Got 1 sessions for read:user,repo,user:email,workflow...
2023-12-30 13:06:21.151 [info] Getting sessions for read:user,repo,user:email...
2023-12-30 13:06:21.151 [info] Got 0 sessions for read:user,repo,user:email...
2023-12-30 13:06:21.153 [info] Getting sessions for read:user,repo,user:email,workflow...
2023-12-30 13:06:21.153 [info] Got 1 sessions for read:user,repo,user:email,workflow...
2023-12-30 13:06:22.007 [info] Getting sessions for read:user,repo,user:email,workflow...
2023-12-30 13:06:22.007 [info] Got 1 sessions for read:user,repo,user:email,workflow...
2023-12-30 13:06:23.118 [info] Getting sessions for read:user,repo,user:email,workflow...
2023-12-30 13:06:23.118 [info] Got 1 sessions for read:user,repo,user:email,workflow...
2023-12-30 13:06:24.543 [info] Getting sessions for all scopes...
2023-12-30 13:06:24.543 [info] Got 1 sessions for ...
2023-12-30 13:06:26.465 [info] Getting sessions for all scopes...
2023-12-30 13:06:26.465 [info] Got 1 sessions for ...
