2024-01-21 17:14:41.934 [info] Default formatter is set to null for workspace /home/irene/gits/Projects/PythonMain
2024-01-21 17:14:41.951 [info] Test server listening.
2024-01-21 17:14:41.954 [info] Python interpreter path: /bin/python
2024-01-21 17:14:41.995 [error] [
  'Failed to activate a workspace, Class name = g, completed in 47ms, has a falsy return value, Arg 1: <Uri:/home/irene/gits/Projects/PythonMain/NotMine/Slingshot-Effect-Simulation-main/main.py>, Return Value: undefined',
  [Error: Extension 'ms-python.python' CANNOT use API proposal: testObserver.
  Its package.json#enabledApiProposals-property declares:  but NOT testObserver.
   The missing proposal MUST be added and you must start in extension development mode or use the following command line switch: --enable-proposed-api ms-python.python
  	at v (/usr/lib/code/out/vs/workbench/api/node/extensionHostProcess.js:138:48007)
  	at get testResults [as testResults] (/usr/lib/code/out/vs/workbench/api/node/extensionHostProcess.js:158:23805)
  	at w.activate (/home/irene/.vscode-oss/extensions/ms-python.python-2023.22.1-universal/out/client/extension.js:2:795716)
  	at /home/irene/.vscode-oss/extensions/ms-python.python-2023.22.1-universal/out/client/extension.js:2:2455
  	at Array.map (<anonymous>)
  	at g.activateWorkspace (/home/irene/.vscode-oss/extensions/ms-python.python-2023.22.1-universal/out/client/extension.js:2:2445)]
]
2024-01-21 17:14:41.995 [error] Failure during activation. [Error: Extension 'ms-python.python' CANNOT use API proposal: testObserver.
Its package.json#enabledApiProposals-property declares:  but NOT testObserver.
 The missing proposal MUST be added and you must start in extension development mode or use the following command line switch: --enable-proposed-api ms-python.python
	at v (/usr/lib/code/out/vs/workbench/api/node/extensionHostProcess.js:138:48007)
	at get testResults [as testResults] (/usr/lib/code/out/vs/workbench/api/node/extensionHostProcess.js:158:23805)
	at w.activate (/home/irene/.vscode-oss/extensions/ms-python.python-2023.22.1-universal/out/client/extension.js:2:795716)
	at /home/irene/.vscode-oss/extensions/ms-python.python-2023.22.1-universal/out/client/extension.js:2:2455
	at Array.map (<anonymous>)
	at g.activateWorkspace (/home/irene/.vscode-oss/extensions/ms-python.python-2023.22.1-universal/out/client/extension.js:2:2445)]
2024-01-21 17:14:41.995 [error] sendStartupTelemetry() failed. [Error: Extension 'ms-python.python' CANNOT use API proposal: testObserver.
Its package.json#enabledApiProposals-property declares:  but NOT testObserver.
 The missing proposal MUST be added and you must start in extension development mode or use the following command line switch: --enable-proposed-api ms-python.python
	at v (/usr/lib/code/out/vs/workbench/api/node/extensionHostProcess.js:138:48007)
	at get testResults [as testResults] (/usr/lib/code/out/vs/workbench/api/node/extensionHostProcess.js:158:23805)
	at w.activate (/home/irene/.vscode-oss/extensions/ms-python.python-2023.22.1-universal/out/client/extension.js:2:795716)
	at /home/irene/.vscode-oss/extensions/ms-python.python-2023.22.1-universal/out/client/extension.js:2:2455
	at Array.map (<anonymous>)
	at g.activateWorkspace (/home/irene/.vscode-oss/extensions/ms-python.python-2023.22.1-universal/out/client/extension.js:2:2445)]
2024-01-21 17:14:42.686 [info] Starting Jedi language server for PythonMain.
2024-01-21 17:15:00.625 [info] Discover tests for workspace name: PythonMain - uri: /home/irene/gits/Projects/PythonMain/test.py
2024-01-21 17:15:01.400 [info] DAP Server launched with command: /bin/python /home/irene/.vscode-oss/extensions/ms-python.python-2023.22.1-universal/pythonFiles/lib/python/debugpy/adapter
2024-01-21 17:15:02.682 [info] Send text to terminal:  /usr/bin/env /bin/python /home/irene/.vscode-oss/extensions/ms-python.python-2023.22.1-universal/pythonFiles/lib/python/debugpy/adapter/../../debugpy/launcher 57857 -- /home/irene/gits/Projects/PythonMain/test.py 
2024-01-21 17:15:10.322 [info] Discover tests for workspace name: PythonMain - uri: /home/irene/gits/Projects/PythonMain/test.py
2024-01-21 17:15:10.437 [info] DAP Server launched with command: /bin/python /home/irene/.vscode-oss/extensions/ms-python.python-2023.22.1-universal/pythonFiles/lib/python/debugpy/adapter
2024-01-21 17:15:10.562 [info] Send text to terminal:  cd /home/irene/gits/Projects/PythonMain ; /usr/bin/env /bin/python /home/irene/.vscode-oss/extensions/ms-python.python-2023.22.1-universal/pythonFiles/lib/python/debugpy/adapter/../../debugpy/launcher 50759 -- /home/irene/gits/Projects/PythonMain/test.py 
2024-01-21 17:15:21.054 [info] DAP Server launched with command: /bin/python /home/irene/.vscode-oss/extensions/ms-python.python-2023.22.1-universal/pythonFiles/lib/python/debugpy/adapter
2024-01-21 17:15:21.187 [info] Send text to terminal:  cd /home/irene/gits/Projects/PythonMain ; /usr/bin/env /bin/python /home/irene/.vscode-oss/extensions/ms-python.python-2023.22.1-universal/pythonFiles/lib/python/debugpy/adapter/../../debugpy/launcher 60103 -- /home/irene/gits/Projects/PythonMain/test.py 
2024-01-21 17:15:21.225 [info] Discover tests for workspace name: PythonMain - uri: /home/irene/gits/Projects/PythonMain/test.py
2024-01-21 17:15:34.003 [info] Discover tests for workspace name: PythonMain - uri: /home/irene/gits/Projects/PythonMain/test.py
2024-01-21 17:15:34.119 [info] DAP Server launched with command: /bin/python /home/irene/.vscode-oss/extensions/ms-python.python-2023.22.1-universal/pythonFiles/lib/python/debugpy/adapter
2024-01-21 17:15:34.244 [info] Send text to terminal:  cd /home/irene/gits/Projects/PythonMain ; /usr/bin/env /bin/python /home/irene/.vscode-oss/extensions/ms-python.python-2023.22.1-universal/pythonFiles/lib/python/debugpy/adapter/../../debugpy/launcher 35821 -- /home/irene/gits/Projects/PythonMain/test.py 
2024-01-21 17:15:35.530 [info] DAP Server launched with command: /bin/python /home/irene/.vscode-oss/extensions/ms-python.python-2023.22.1-universal/pythonFiles/lib/python/debugpy/adapter
2024-01-21 17:15:35.729 [info] Send text to terminal:  cd /home/irene/gits/Projects/PythonMain ; /usr/bin/env /bin/python /home/irene/.vscode-oss/extensions/ms-python.python-2023.22.1-universal/pythonFiles/lib/python/debugpy/adapter/../../debugpy/launcher 53237 -- /home/irene/gits/Projects/PythonMain/test.py 
2024-01-21 17:15:43.185 [info] DAP Server launched with command: /bin/python /home/irene/.vscode-oss/extensions/ms-python.python-2023.22.1-universal/pythonFiles/lib/python/debugpy/adapter
2024-01-21 17:15:43.318 [info] Send text to terminal:  cd /home/irene/gits/Projects/PythonMain ; /usr/bin/env /bin/python /home/irene/.vscode-oss/extensions/ms-python.python-2023.22.1-universal/pythonFiles/lib/python/debugpy/adapter/../../debugpy/launcher 55771 -- /home/irene/gits/Projects/PythonMain/test.py 
2024-01-21 17:15:43.371 [info] Discover tests for workspace name: PythonMain - uri: /home/irene/gits/Projects/PythonMain/test.py
2024-01-21 17:15:55.488 [info] Discover tests for workspace name: PythonMain - uri: /home/irene/gits/Projects/PythonMain/test.py
2024-01-21 17:15:55.607 [info] DAP Server launched with command: /bin/python /home/irene/.vscode-oss/extensions/ms-python.python-2023.22.1-universal/pythonFiles/lib/python/debugpy/adapter
2024-01-21 17:15:55.738 [info] Send text to terminal:  cd /home/irene/gits/Projects/PythonMain ; /usr/bin/env /bin/python /home/irene/.vscode-oss/extensions/ms-python.python-2023.22.1-universal/pythonFiles/lib/python/debugpy/adapter/../../debugpy/launcher 60541 -- /home/irene/gits/Projects/PythonMain/test.py 
