2023-12-30 12:56:56.783 [info] Added views:workbench.panel.markers.view in workbench.panel.markers
2023-12-30 12:56:56.783 [info] Added views:workbench.panel.output in workbench.panel.output
2023-12-30 12:56:56.783 [info] Added views:terminal in terminal
2023-12-30 12:56:56.783 [info] Added views:outline in workbench.view.explorer
2023-12-30 12:56:56.783 [info] Added views:workbench.scm in workbench.view.scm
2023-12-30 12:56:56.783 [info] Added views:workbench.view.search in workbench.view.search
2023-12-30 12:56:56.783 [info] Added views:timeline in workbench.view.explorer
2023-12-30 12:56:56.784 [info] Added views:workbench.explorer.emptyView in workbench.view.explorer
2023-12-30 12:56:57.104 [info] Added views:workbench.debug.welcome in workbench.view.debug
2023-12-30 12:56:57.346 [info] Added views:pr:github,issues:github in workbench.view.extension.github-pull-requests
2023-12-30 12:56:57.919 [info] Added views:workbench.panel.repl.view in workbench.panel.repl
2023-12-30 12:56:58.609 [info] Added views:~remote.forwardedPorts in ~remote.forwardedPortsContainer
2023-12-30 12:57:07.951 [info] Added views:workbench.panel.markers.view in workbench.panel.markers
2023-12-30 12:57:07.952 [info] Added views:workbench.panel.output in workbench.panel.output
2023-12-30 12:57:07.952 [info] Added views:terminal in terminal
2023-12-30 12:57:07.952 [info] Added views:outline in workbench.view.explorer
2023-12-30 12:57:07.952 [info] Added views:workbench.scm in workbench.view.scm
2023-12-30 12:57:07.952 [info] Added views:workbench.view.search in workbench.view.search
2023-12-30 12:57:07.952 [info] Added views:timeline in workbench.view.explorer
2023-12-30 12:57:07.952 [info] Added views:workbench.explorer.fileView in workbench.view.explorer
2023-12-30 12:57:08.234 [info] Added views:pr:github,issues:github in workbench.view.extension.github-pull-requests
2023-12-30 12:57:08.462 [info] Added views:workbench.debug.variablesView,workbench.debug.watchExpressionsView,workbench.debug.callStackView,workbench.debug.breakPointsView in workbench.view.debug
2023-12-30 12:57:08.575 [info] Added views:~remote.forwardedPorts in ~remote.forwardedPortsContainer
2023-12-30 12:57:08.904 [info] Added views:workbench.panel.repl.view in workbench.panel.repl
2023-12-30 12:57:08.908 [info] Removed views:workbench.debug.breakPointsView,workbench.debug.callStackView,workbench.debug.watchExpressionsView,workbench.debug.variablesView from workbench.view.debug
2023-12-30 12:57:08.909 [info] Added views:workbench.debug.welcome in workbench.view.debug
2023-12-30 13:06:19.571 [info] Added views:workbench.panel.markers.view in workbench.panel.markers
2023-12-30 13:06:19.571 [info] Added views:workbench.panel.output in workbench.panel.output
2023-12-30 13:06:19.571 [info] Added views:terminal in terminal
2023-12-30 13:06:19.571 [info] Added views:outline in workbench.view.explorer
2023-12-30 13:06:19.571 [info] Added views:workbench.scm in workbench.view.scm
2023-12-30 13:06:19.571 [info] Added views:workbench.view.search in workbench.view.search
2023-12-30 13:06:19.571 [info] Added views:timeline in workbench.view.explorer
2023-12-30 13:06:19.571 [info] Added views:workbench.explorer.fileView in workbench.view.explorer
2023-12-30 13:06:19.781 [info] Added views:pr:github,issues:github in workbench.view.extension.github-pull-requests
2023-12-30 13:06:20.324 [info] Added views:workbench.debug.variablesView,workbench.debug.watchExpressionsView,workbench.debug.callStackView,workbench.debug.breakPointsView in workbench.view.debug
2023-12-30 13:06:20.379 [info] Added views:workbench.panel.repl.view in workbench.panel.repl
2023-12-30 13:06:20.382 [info] Removed views:workbench.debug.breakPointsView,workbench.debug.callStackView,workbench.debug.watchExpressionsView,workbench.debug.variablesView from workbench.view.debug
2023-12-30 13:06:20.383 [info] Added views:workbench.debug.welcome in workbench.view.debug
2023-12-30 13:06:26.491 [info] Added views:~remote.forwardedPorts in ~remote.forwardedPortsContainer
