2024-01-14 19:01:15.922 [info] Log level: Info
2024-01-14 19:01:15.922 [info] Validating found git in: "git"
2024-01-14 19:01:15.922 [info] Using git "2.43.0" from "git"
2024-01-14 19:01:15.922 [info] > git rev-parse --show-toplevel [8ms]
2024-01-14 19:01:15.923 [info] > git rev-parse --git-dir --git-common-dir [2ms]
2024-01-14 19:01:15.956 [info] Open repository: /home/irene/gits/Projects
2024-01-14 19:01:15.994 [info] > git config --get commit.template [18ms]
2024-01-14 19:01:16.120 [info] > git for-each-ref --format=%(refname)%00%(upstream:short)%00%(objectname)%00%(upstream:track)%00%(upstream:remotename)%00%(upstream:remoteref) refs/heads/main refs/remotes/main [130ms]
2024-01-14 19:01:16.328 [info] > git status -z -uall [179ms]
2024-01-14 19:01:16.363 [info] > git config --get commit.template [2ms]
2024-01-14 19:01:16.387 [info] > git for-each-ref --format=%(refname)%00%(upstream:short)%00%(objectname)%00%(upstream:track)%00%(upstream:remotename)%00%(upstream:remoteref) refs/heads/main refs/remotes/main [3ms]
2024-01-14 19:01:16.506 [info] > git status -z -uall [95ms]
2024-01-14 19:01:16.639 [info] > git check-ignore -v -z --stdin [2ms]
2024-01-14 19:01:16.745 [info] > git show --textconv :PythonMain/waybar_change.py [18ms]
2024-01-14 19:01:16.748 [info] > git ls-files --stage -- /home/irene/gits/Projects/PythonMain/waybar_change.py [4ms]
2024-01-14 19:01:16.897 [info] > git fetch [942ms]
2024-01-14 19:01:16.932 [info] > git config --get commit.template [17ms]
2024-01-14 19:01:16.937 [info] > git for-each-ref --format=%(refname)%00%(upstream:short)%00%(objectname)%00%(upstream:track)%00%(upstream:remotename)%00%(upstream:remoteref) refs/heads/main refs/remotes/main [7ms]
2024-01-14 19:01:16.957 [info] > git status -z -uall [3ms]
2024-01-14 19:01:18.022 [info] > git config --get commit.template [22ms]
2024-01-14 19:01:18.039 [info] > git merge-base refs/heads/main refs/remotes/origin/main [19ms]
2024-01-14 19:01:18.056 [info] > git for-each-ref --format=%(refname)%00%(upstream:short)%00%(objectname)%00%(upstream:track)%00%(upstream:remotename)%00%(upstream:remoteref) refs/heads/main refs/remotes/main [18ms]
2024-01-14 19:01:18.057 [info] > git rev-list --count --left-right refs/heads/main...refs/remotes/origin/main [2ms]
2024-01-14 19:01:18.076 [info] > git status -z -uall [3ms]
2024-01-14 19:01:18.117 [info] > git ls-files --stage -- /home/irene/gits/Projects/PythonMain/waybar_change.py [2ms]
2024-01-14 19:01:18.155 [info] > git show --textconv :PythonMain/waybar_change.py [2ms]
2024-01-14 19:01:18.488 [info] > git check-ignore -v -z --stdin [2ms]
2024-01-14 19:01:22.702 [info] > git add -A -- /home/irene/gits/Projects/PythonMain/NotMine/Snake.py /home/irene/gits/Projects/PythonMain/NotMine/SnakeAiPytorch.py /home/irene/gits/Projects/PythonMain/NotMine/tempCodeRunnerFile.py /home/irene/gits/Projects/PythonMain/NotMine/Slingshot-Effect-Simulation-main/README.md /home/irene/gits/Projects/PythonMain/NotMine/Slingshot-Effect-Simulation-main/background.jpg /home/irene/gits/Projects/PythonMain/NotMine/Slingshot-Effect-Simulation-main/jupiter.png /home/irene/gits/Projects/PythonMain/NotMine/Slingshot-Effect-Simulation-main/main.py /home/irene/gits/Projects/PythonMain/waybar_change.py [185ms]
2024-01-14 19:01:22.739 [info] > git config --get commit.template [19ms]
2024-01-14 19:01:22.740 [info] > git for-each-ref --format=%(refname)%00%(upstream:short)%00%(objectname)%00%(upstream:track)%00%(upstream:remotename)%00%(upstream:remoteref) refs/heads/main refs/remotes/main [2ms]
2024-01-14 19:01:22.761 [info] > git status -z -uall [3ms]
2024-01-14 19:01:23.953 [info] > git config --get commit.template [20ms]
2024-01-14 19:01:23.954 [info] > git for-each-ref --format=%(refname)%00%(upstream:short)%00%(objectname)%00%(upstream:track)%00%(upstream:remotename)%00%(upstream:remoteref) refs/heads/main refs/remotes/main [2ms]
2024-01-14 19:01:23.977 [info] > git status -z -uall [5ms]
2024-01-14 19:01:24.036 [info] > git ls-files --stage -- /home/irene/gits/Projects/PythonMain/waybar_change.py [2ms]
2024-01-14 19:01:24.057 [info] > git cat-file -s 182cdc32127099feac01cd42d825f516e354ee5c [3ms]
2024-01-14 19:01:24.082 [info] > git show --textconv :PythonMain/waybar_change.py [4ms]
2024-01-14 19:01:26.489 [info] > git show --textconv :.git/COMMIT_EDITMSG [21ms]
2024-01-14 19:01:26.491 [info] > git ls-files --stage -- /home/irene/gits/Projects/.git/COMMIT_EDITMSG [3ms]
2024-01-14 19:01:26.810 [info] > git check-ignore -v -z --stdin [2ms]
2024-01-14 19:01:27.160 [info] > git ls-files --stage -- /home/irene/gits/Projects/.git/COMMIT_EDITMSG [2ms]
2024-01-14 19:01:27.184 [info] > git show --textconv :.git/COMMIT_EDITMSG [3ms]
2024-01-14 19:01:30.712 [info] > git -c user.useConfigOnly=true commit --quiet [4864ms]
2024-01-14 19:01:30.740 [info] > git config --get commit.template [3ms]
2024-01-14 19:01:30.768 [info] > git for-each-ref --format=%(refname)%00%(upstream:short)%00%(objectname)%00%(upstream:track)%00%(upstream:remotename)%00%(upstream:remoteref) refs/heads/main refs/remotes/main [5ms]
2024-01-14 19:01:30.794 [info] > git status -z -uall [4ms]
2024-01-14 19:01:30.902 [info] > git config --get commit.template [24ms]
2024-01-14 19:01:30.905 [info] > git merge-base refs/heads/main refs/remotes/origin/main [6ms]
2024-01-14 19:01:30.949 [info] > git for-each-ref --format=%(refname)%00%(upstream:short)%00%(objectname)%00%(upstream:track)%00%(upstream:remotename)%00%(upstream:remoteref) refs/heads/main refs/remotes/main [3ms]
2024-01-14 19:01:30.949 [info] > git rev-list --count --left-right refs/heads/main...refs/remotes/origin/main [24ms]
2024-01-14 19:01:30.975 [info] > git status -z -uall [4ms]
2024-01-14 19:01:31.245 [info] > git show --textconv :PythonMain/waybar_change.py [21ms]
2024-01-14 19:01:31.247 [info] > git ls-files --stage -- /home/irene/gits/Projects/PythonMain/waybar_change.py [3ms]
2024-01-14 19:01:31.269 [info] > git cat-file -s 182cdc32127099feac01cd42d825f516e354ee5c [4ms]
2024-01-14 19:01:32.072 [info] > git ls-files --stage -- /home/irene/gits/Projects/PythonMain/waybar_change.py [2ms]
2024-01-14 19:01:32.089 [info] > git cat-file -s 182cdc32127099feac01cd42d825f516e354ee5c [2ms]
2024-01-14 19:01:32.109 [info] > git show --textconv :PythonMain/waybar_change.py [3ms]
2024-01-14 19:01:42.879 [info] Log level: Info
2024-01-14 19:01:42.879 [info] Validating found git in: "git"
2024-01-14 19:01:42.879 [info] Using git "2.43.0" from "git"
2024-01-14 19:01:42.879 [info] > git rev-parse --show-toplevel [6ms]
2024-01-14 19:01:42.881 [info] > git rev-parse --git-dir --git-common-dir [2ms]
2024-01-14 19:01:42.925 [info] Open repository: /home/irene/gits/Projects
2024-01-14 19:01:42.959 [info] > git config --get commit.template [14ms]
2024-01-14 19:01:42.960 [info] > git rev-parse --show-toplevel [3ms]
2024-01-14 19:01:42.980 [info] > git for-each-ref --format=%(refname)%00%(upstream:short)%00%(objectname)%00%(upstream:track)%00%(upstream:remotename)%00%(upstream:remoteref) refs/heads/main refs/remotes/main [3ms]
2024-01-14 19:01:43.002 [info] > git status -z -uall [4ms]
2024-01-14 19:01:43.044 [info] > git config --get commit.template [16ms]
2024-01-14 19:01:43.045 [info] > git for-each-ref --format=%(refname)%00%(upstream:short)%00%(objectname)%00%(upstream:track)%00%(upstream:remotename)%00%(upstream:remoteref) refs/heads/main refs/remotes/main [2ms]
2024-01-14 19:01:43.062 [info] > git status -z -uall [3ms]
2024-01-14 19:01:43.576 [info] > git fetch [652ms]
2024-01-14 19:01:43.637 [info] > git config --get commit.template [14ms]
2024-01-14 19:01:43.660 [info] > git for-each-ref --format=%(refname)%00%(upstream:short)%00%(objectname)%00%(upstream:track)%00%(upstream:remotename)%00%(upstream:remoteref) refs/heads/main refs/remotes/main [7ms]
2024-01-14 19:01:43.775 [info] > git status -z -uall [19ms]
2024-01-14 19:01:43.775 [info] > git check-ignore -v -z --stdin [3ms]
2024-01-14 19:01:44.523 [info] > git check-ignore -v -z --stdin [2ms]
2024-01-14 19:01:46.426 [info] > git show --textconv :PythonMain/NotMine/Snake.py [19ms]
2024-01-14 19:01:46.441 [info] > git ls-files --stage -- /home/irene/gits/Projects/PythonMain/NotMine/Snake.py [18ms]
2024-01-14 19:01:46.521 [info] > git cat-file -s 5644694d52230315a4354f485b0bad4914d6535b [65ms]
2024-01-14 19:01:47.851 [info] > git show --textconv :PythonMain/NotMine/SnakeAiPytorch.py [19ms]
2024-01-14 19:01:47.853 [info] > git ls-files --stage -- /home/irene/gits/Projects/PythonMain/NotMine/SnakeAiPytorch.py [3ms]
2024-01-14 19:01:47.874 [info] > git cat-file -s 60adf31ce2fe11318c7d2bb158ed8071dbbe8e36 [2ms]
2024-01-14 19:01:55.580 [info] > git show --textconv :PythonMain/NotMine/Snake.py [22ms]
2024-01-14 19:01:55.583 [info] > git ls-files --stage -- /home/irene/gits/Projects/PythonMain/NotMine/Snake.py [3ms]
2024-01-14 19:01:55.605 [info] > git cat-file -s 5644694d52230315a4354f485b0bad4914d6535b [3ms]
2024-01-14 19:01:57.339 [info] > git check-ignore -v -z --stdin [3ms]
2024-01-14 19:02:38.256 [info] > git check-ignore -v -z --stdin [2ms]
2024-01-14 19:04:44.270 [info] > git fetch [469ms]
2024-01-14 19:04:44.299 [info] > git config --get commit.template [5ms]
2024-01-14 19:04:44.326 [info] > git for-each-ref --format=%(refname)%00%(upstream:short)%00%(objectname)%00%(upstream:track)%00%(upstream:remotename)%00%(upstream:remoteref) refs/heads/main refs/remotes/main [3ms]
2024-01-14 19:04:44.358 [info] > git status -z -uall [7ms]
2024-01-14 19:04:45.499 [info] > git config --get commit.template [19ms]
2024-01-14 19:04:45.500 [info] > git for-each-ref --format=%(refname)%00%(upstream:short)%00%(objectname)%00%(upstream:track)%00%(upstream:remotename)%00%(upstream:remoteref) refs/heads/main refs/remotes/main [3ms]
2024-01-14 19:04:45.521 [info] > git status -z -uall [3ms]
2024-01-14 19:04:45.582 [info] > git ls-files --stage -- /home/irene/gits/Projects/PythonMain/NotMine/Snake.py [2ms]
2024-01-14 19:04:45.601 [info] > git cat-file -s 5644694d52230315a4354f485b0bad4914d6535b [2ms]
2024-01-14 19:04:45.626 [info] > git show --textconv :PythonMain/NotMine/Snake.py [5ms]
2024-01-14 19:04:52.573 [info] > git show --textconv :PythonMain/NotMine/Slingshot-Effect-Simulation-main/main.py [22ms]
2024-01-14 19:04:52.576 [info] > git ls-files --stage -- /home/irene/gits/Projects/PythonMain/NotMine/Slingshot-Effect-Simulation-main/main.py [4ms]
2024-01-14 19:04:52.603 [info] > git cat-file -s 87cf3968a2d6bb57be1f2a73359b82e883894cbe [3ms]
2024-01-14 19:04:54.291 [info] > git show --textconv :PythonMain/NotMine/Slingshot-Effect-Simulation-main/math [18ms]
2024-01-14 19:04:54.292 [info] > git ls-files --stage -- /home/irene/gits/Projects/PythonMain/NotMine/Slingshot-Effect-Simulation-main/math [3ms]
2024-01-14 19:04:57.899 [info] > git show --textconv :PythonMain/NotMine/Slingshot-Effect-Simulation-main/README.md [22ms]
2024-01-14 19:04:57.900 [info] > git ls-files --stage -- /home/irene/gits/Projects/PythonMain/NotMine/Slingshot-Effect-Simulation-main/README.md [4ms]
2024-01-14 19:04:57.922 [info] > git cat-file -s ec793ec651d0003de85f2c394e584a55567bf1fe [4ms]
2024-01-14 19:04:58.828 [info] > git show --textconv :PythonMain/NotMine/Slingshot-Effect-Simulation-main/pygame [22ms]
2024-01-14 19:04:58.834 [info] > git ls-files --stage -- /home/irene/gits/Projects/PythonMain/NotMine/Slingshot-Effect-Simulation-main/pygame [8ms]
2024-01-14 19:04:59.054 [info] > git show --textconv :PythonMain/NotMine/Slingshot-Effect-Simulation-main/main.py [26ms]
2024-01-14 19:04:59.056 [info] > git ls-files --stage -- /home/irene/gits/Projects/PythonMain/NotMine/Slingshot-Effect-Simulation-main/main.py [3ms]
2024-01-14 19:04:59.079 [info] > git cat-file -s 87cf3968a2d6bb57be1f2a73359b82e883894cbe [3ms]
2024-01-14 19:06:18.225 [info] > git config --get commit.template [24ms]
2024-01-14 19:06:18.227 [info] > git for-each-ref --format=%(refname)%00%(upstream:short)%00%(objectname)%00%(upstream:track)%00%(upstream:remotename)%00%(upstream:remoteref) refs/heads/main refs/remotes/main [4ms]
2024-01-14 19:06:18.250 [info] > git status -z -uall [3ms]
2024-01-14 19:06:28.653 [info] > git config --get commit.template [23ms]
2024-01-14 19:06:28.654 [info] > git for-each-ref --format=%(refname)%00%(upstream:short)%00%(objectname)%00%(upstream:track)%00%(upstream:remotename)%00%(upstream:remoteref) refs/heads/main refs/remotes/main [3ms]
2024-01-14 19:06:28.680 [info] > git status -z -uall [4ms]
2024-01-14 19:06:49.297 [info] > git config --get commit.template [22ms]
2024-01-14 19:06:49.298 [info] > git for-each-ref --format=%(refname)%00%(upstream:short)%00%(objectname)%00%(upstream:track)%00%(upstream:remotename)%00%(upstream:remoteref) refs/heads/main refs/remotes/main [3ms]
2024-01-14 19:06:49.319 [info] > git status -z -uall [3ms]
2024-01-14 19:06:56.806 [info] > git config --get commit.template [3ms]
2024-01-14 19:06:56.830 [info] > git for-each-ref --format=%(refname)%00%(upstream:short)%00%(objectname)%00%(upstream:track)%00%(upstream:remotename)%00%(upstream:remoteref) refs/heads/main refs/remotes/main [3ms]
2024-01-14 19:06:56.855 [info] > git status -z -uall [4ms]
2024-01-14 19:07:07.956 [info] > git show --textconv :PythonMain/NotMine/Slingshot-Effect-Simulation-main/pygame [24ms]
2024-01-14 19:07:07.958 [info] > git ls-files --stage -- /home/irene/gits/Projects/PythonMain/NotMine/Slingshot-Effect-Simulation-main/pygame [3ms]
2024-01-14 19:07:13.039 [info] > git show --textconv :PythonMain/NotMine/Slingshot-Effect-Simulation-main/main.py [22ms]
2024-01-14 19:07:13.040 [info] > git ls-files --stage -- /home/irene/gits/Projects/PythonMain/NotMine/Slingshot-Effect-Simulation-main/main.py [2ms]
2024-01-14 19:07:13.062 [info] > git cat-file -s 87cf3968a2d6bb57be1f2a73359b82e883894cbe [2ms]
2024-01-14 19:07:15.644 [info] > git show --textconv :PythonMain/NotMine/Slingshot-Effect-Simulation-main/math [25ms]
2024-01-14 19:07:15.646 [info] > git ls-files --stage -- /home/irene/gits/Projects/PythonMain/NotMine/Slingshot-Effect-Simulation-main/math [3ms]
2024-01-14 19:07:17.245 [info] > git show --textconv :PythonMain/NotMine/Slingshot-Effect-Simulation-main/main.py [19ms]
2024-01-14 19:07:17.246 [info] > git ls-files --stage -- /home/irene/gits/Projects/PythonMain/NotMine/Slingshot-Effect-Simulation-main/main.py [2ms]
2024-01-14 19:07:17.265 [info] > git cat-file -s 87cf3968a2d6bb57be1f2a73359b82e883894cbe [2ms]
2024-01-14 19:07:18.851 [info] > git show --textconv :PythonMain/NotMine/Slingshot-Effect-Simulation-main/README.md [22ms]
2024-01-14 19:07:18.852 [info] > git ls-files --stage -- /home/irene/gits/Projects/PythonMain/NotMine/Slingshot-Effect-Simulation-main/README.md [2ms]
2024-01-14 19:07:18.876 [info] > git cat-file -s ec793ec651d0003de85f2c394e584a55567bf1fe [3ms]
2024-01-14 19:07:21.099 [info] > git show --textconv :PythonMain/NotMine/Slingshot-Effect-Simulation-main/main.py [27ms]
2024-01-14 19:07:21.100 [info] > git ls-files --stage -- /home/irene/gits/Projects/PythonMain/NotMine/Slingshot-Effect-Simulation-main/main.py [3ms]
2024-01-14 19:07:21.127 [info] > git cat-file -s 87cf3968a2d6bb57be1f2a73359b82e883894cbe [4ms]
2024-01-14 19:07:23.296 [info] > git config --get commit.template [25ms]
2024-01-14 19:07:23.297 [info] > git for-each-ref --format=%(refname)%00%(upstream:short)%00%(objectname)%00%(upstream:track)%00%(upstream:remotename)%00%(upstream:remoteref) refs/heads/main refs/remotes/main [3ms]
2024-01-14 19:07:23.325 [info] > git status -z -uall [4ms]
