2024-01-27 09:34:09.497 [info] Log level: Info
2024-01-27 09:34:09.497 [info] Validating found git in: "git"
2024-01-27 09:34:09.497 [info] Using git "2.43.0" from "git"
2024-01-27 09:34:09.506 [info] > git rev-parse --show-toplevel [9ms]
2024-01-27 09:34:09.524 [info] > git rev-parse --git-dir --git-common-dir [2ms]
2024-01-27 09:34:09.558 [info] Open repository: /home/irene/gits/Projects
2024-01-27 09:34:09.746 [info] > git rev-parse --show-toplevel [26ms]
2024-01-27 09:34:09.747 [info] > git config --get commit.template [39ms]
2024-01-27 09:34:09.781 [info] > git rev-parse --show-toplevel [19ms]
2024-01-27 09:34:09.995 [info] > git for-each-ref --format=%(refname)%00%(upstream:short)%00%(objectname)%00%(upstream:track)%00%(upstream:remotename)%00%(upstream:remoteref) refs/heads/main refs/remotes/main [216ms]
2024-01-27 09:34:10.076 [info] > git status -z -uall [38ms]
2024-01-27 09:34:10.076 [info] > git show --textconv :PythonMain/test.py [19ms]
2024-01-27 09:34:10.104 [info] > git ls-files --stage -- /home/irene/gits/Projects/PythonMain/test.py [29ms]
2024-01-27 09:34:10.122 [info] > git config --get commit.template [19ms]
2024-01-27 09:34:10.128 [info] > git cat-file -s 185f21791454c785d5512125c4449a5d44f4c1e8 [9ms]
2024-01-27 09:34:10.150 [info] > git for-each-ref --format=%(refname)%00%(upstream:short)%00%(objectname)%00%(upstream:track)%00%(upstream:remotename)%00%(upstream:remoteref) refs/heads/main refs/remotes/main [4ms]
2024-01-27 09:34:10.296 [info] > git status -z -uall [131ms]
2024-01-27 09:34:10.296 [info] > git check-ignore -v -z --stdin [13ms]
2024-01-27 09:34:10.303 [info] > git fetch [746ms]
2024-01-27 09:34:10.323 [info] > git config --get commit.template [2ms]
2024-01-27 09:34:10.342 [info] > git for-each-ref --format=%(refname)%00%(upstream:short)%00%(objectname)%00%(upstream:track)%00%(upstream:remotename)%00%(upstream:remoteref) refs/heads/main refs/remotes/main [5ms]
2024-01-27 09:34:10.361 [info] > git status -z -uall [3ms]
2024-01-27 09:34:11.518 [info] > git ls-files --stage -- /home/irene/gits/Projects/PythonMain/test.py [2ms]
2024-01-27 09:34:11.535 [info] > git cat-file -s 185f21791454c785d5512125c4449a5d44f4c1e8 [4ms]
2024-01-27 09:34:11.635 [info] > git show --textconv :PythonMain/test.py [3ms]
