2024-03-18 07:11:47.956 [info] Log level: Info
2024-03-18 07:11:47.956 [info] Validating found git in: "git"
2024-03-18 07:11:47.956 [info] Using git "2.44.0" from "git"
2024-03-18 07:11:47.956 [info] > git rev-parse --show-toplevel [22ms]
2024-03-18 07:11:47.956 [info] > git rev-parse --git-dir --git-common-dir [7ms]
2024-03-18 07:11:47.956 [info] Open repository: /home/irene/gits/Projects
2024-03-18 07:11:47.956 [info] > git rev-parse --show-toplevel [16ms]
2024-03-18 07:11:47.956 [info] > git config --get commit.template [35ms]
2024-03-18 07:11:47.957 [info] > git rev-parse --show-toplevel [20ms]
2024-03-18 07:11:47.973 [info] > git for-each-ref --format=%(refname)%00%(upstream:short)%00%(objectname)%00%(upstream:track)%00%(upstream:remotename)%00%(upstream:remoteref) refs/heads/main refs/remotes/main [18ms]
2024-03-18 07:11:47.974 [info] > git rev-parse --show-toplevel [2ms]
2024-03-18 07:11:48.004 [info] > git rev-parse --show-toplevel [15ms]
2024-03-18 07:11:48.020 [info] > git status -z -uall [17ms]
2024-03-18 07:11:48.020 [info] > git rev-parse --show-toplevel [2ms]
2024-03-18 07:11:48.055 [info] > git config --get commit.template [1ms]
2024-03-18 07:11:48.056 [info] > git rev-parse --show-toplevel [16ms]
2024-03-18 07:11:48.119 [info] > git for-each-ref --format=%(refname)%00%(upstream:short)%00%(objectname)%00%(upstream:track)%00%(upstream:remotename)%00%(upstream:remoteref) refs/heads/main refs/remotes/main [31ms]
2024-03-18 07:11:48.120 [info] > git rev-parse --show-toplevel [49ms]
2024-03-18 07:11:48.151 [info] > git rev-parse --show-toplevel [2ms]
2024-03-18 07:11:48.173 [info] > git status -z -uall [3ms]
2024-03-18 07:11:48.424 [info] > git check-ignore -v -z --stdin [1ms]
2024-03-18 07:11:48.425 [info] > git fetch [567ms]
2024-03-18 07:11:48.443 [info] > git config --get commit.template [5ms]
2024-03-18 07:11:48.458 [info] > git for-each-ref --format=%(refname)%00%(upstream:short)%00%(objectname)%00%(upstream:track)%00%(upstream:remotename)%00%(upstream:remoteref) refs/heads/main refs/remotes/main [1ms]
2024-03-18 07:11:48.477 [info] > git status -z -uall [2ms]
2024-03-18 07:11:48.520 [info] > git show --textconv :PythonMain/web_crawler.py [21ms]
2024-03-18 07:11:48.521 [info] > git ls-files --stage -- /home/irene/gits/Projects/PythonMain/web_crawler.py [6ms]
2024-03-18 07:11:48.535 [info] > git cat-file -s e69de29bb2d1d6434b8b29ae775ad8c2e48c5391 [3ms]
2024-03-18 07:11:48.967 [info] > git merge-base refs/heads/main refs/remotes/origin/main [1ms]
2024-03-18 07:11:48.983 [info] > git rev-list --count --left-right refs/heads/main...refs/remotes/origin/main [2ms]
2024-03-18 07:11:49.581 [info] > git for-each-ref --format=%(refname)%00%(upstream:short)%00%(objectname)%00%(upstream:track)%00%(upstream:remotename)%00%(upstream:remoteref) refs/heads/main refs/remotes/main [17ms]
2024-03-18 07:11:49.582 [info] > git config --get commit.template [32ms]
2024-03-18 07:11:49.583 [info] > git check-ignore -v -z --stdin [2ms]
2024-03-18 07:11:49.600 [info] > git status -z -uall [2ms]
2024-03-18 07:11:49.716 [info] > git ls-files --stage -- /home/irene/gits/Projects/PythonMain/web_crawler.py [2ms]
2024-03-18 07:11:49.732 [info] > git cat-file -s e69de29bb2d1d6434b8b29ae775ad8c2e48c5391 [1ms]
2024-03-18 07:11:49.812 [info] > git show --textconv :PythonMain/web_crawler.py [3ms]
2024-03-18 07:11:54.001 [info] > git add -A -- . [3ms]
2024-03-18 07:11:54.018 [info] > git config --get commit.template [1ms]
2024-03-18 07:11:54.034 [info] > git for-each-ref --format=%(refname)%00%(upstream:short)%00%(objectname)%00%(upstream:track)%00%(upstream:remotename)%00%(upstream:remoteref) refs/heads/main refs/remotes/main [1ms]
2024-03-18 07:11:54.052 [info] > git status -z -uall [2ms]
2024-03-18 07:11:54.540 [info] > git show --textconv :.git/COMMIT_EDITMSG [17ms]
2024-03-18 07:11:54.542 [info] > git ls-files --stage -- /home/irene/gits/Projects/.git/COMMIT_EDITMSG [2ms]
2024-03-18 07:11:54.832 [info] > git check-ignore -v -z --stdin [2ms]
2024-03-18 07:11:55.256 [info] > git ls-files --stage -- /home/irene/gits/Projects/.git/COMMIT_EDITMSG [2ms]
2024-03-18 07:11:55.274 [info] > git show --textconv :.git/COMMIT_EDITMSG [2ms]
2024-03-18 07:12:07.499 [info] > git ls-files --stage -- /home/irene/gits/Projects/.git/COMMIT_EDITMSG [1ms]
2024-03-18 07:12:07.518 [info] > git show --textconv :.git/COMMIT_EDITMSG [2ms]
2024-03-18 07:12:28.568 [info] > git ls-files --stage -- /home/irene/gits/Projects/.git/COMMIT_EDITMSG [1ms]
2024-03-18 07:12:28.584 [info] > git show --textconv :.git/COMMIT_EDITMSG [1ms]
2024-03-18 07:12:56.738 [info] > git -c user.useConfigOnly=true commit --quiet [62668ms]
2024-03-18 07:12:56.754 [info] > git config --get commit.template [2ms]
2024-03-18 07:12:56.770 [info] > git for-each-ref --format=%(refname)%00%(upstream:short)%00%(objectname)%00%(upstream:track)%00%(upstream:remotename)%00%(upstream:remoteref) refs/heads/main refs/remotes/main [2ms]
2024-03-18 07:12:56.787 [info] > git status -z -uall [2ms]
2024-03-18 07:12:56.849 [info] > git merge-base refs/heads/main refs/remotes/origin/main [18ms]
2024-03-18 07:12:56.866 [info] > git config --get commit.template [16ms]
2024-03-18 07:12:56.866 [info] > git rev-list --count --left-right refs/heads/main...refs/remotes/origin/main [2ms]
2024-03-18 07:12:56.882 [info] > git for-each-ref --format=%(refname)%00%(upstream:short)%00%(objectname)%00%(upstream:track)%00%(upstream:remotename)%00%(upstream:remoteref) refs/heads/main refs/remotes/main [2ms]
2024-03-18 07:12:56.900 [info] > git status -z -uall [3ms]
2024-03-18 07:12:57.159 [info] > git show --textconv :PythonMain/web_crawler.py [14ms]
2024-03-18 07:12:57.161 [info] > git ls-files --stage -- /home/irene/gits/Projects/PythonMain/web_crawler.py [3ms]
2024-03-18 07:12:57.175 [info] > git cat-file -s 7ca491062116e9c2c2be5a6282c2efa09406b03a [1ms]
2024-03-18 07:12:57.647 [info] > git ls-files --stage -- /home/irene/gits/Projects/PythonMain/web_crawler.py [1ms]
2024-03-18 07:12:57.663 [info] > git cat-file -s 7ca491062116e9c2c2be5a6282c2efa09406b03a [2ms]
2024-03-18 07:12:57.682 [info] > git show --textconv :PythonMain/web_crawler.py [2ms]
2024-03-18 07:12:58.124 [info] > git log --oneline --cherry main...main@{upstream} -- [2ms]
2024-03-18 07:12:58.723 [info] > git pull --tags origin main [586ms]
2024-03-18 07:12:58.723 [info] From https://github.com/RandomCoder982/Projects
 * branch            main       -> FETCH_HEAD
2024-03-18 07:12:59.696 [info] > git push origin main:main [959ms]
2024-03-18 07:12:59.696 [info] To https://github.com/RandomCoder982/Projects
   ee5cb1c..ae55b7e  main -> main
2024-03-18 07:12:59.724 [info] > git config --get commit.template [14ms]
2024-03-18 07:12:59.725 [info] > git for-each-ref --format=%(refname)%00%(upstream:short)%00%(objectname)%00%(upstream:track)%00%(upstream:remotename)%00%(upstream:remoteref) refs/heads/main refs/remotes/main [2ms]
2024-03-18 07:12:59.739 [info] > git status -z -uall [1ms]
2024-03-18 07:12:59.759 [info] > git merge-base refs/heads/main refs/remotes/origin/main [3ms]
2024-03-18 07:12:59.774 [info] > git rev-list --count --left-right refs/heads/main...refs/remotes/origin/main [3ms]
2024-03-18 07:13:00.791 [info] > git config --get commit.template [1ms]
2024-03-18 07:13:00.806 [info] > git for-each-ref --format=%(refname)%00%(upstream:short)%00%(objectname)%00%(upstream:track)%00%(upstream:remotename)%00%(upstream:remoteref) refs/heads/main refs/remotes/main [1ms]
2024-03-18 07:13:00.822 [info] > git status -z -uall [2ms]
2024-03-18 07:13:00.891 [info] > git ls-files --stage -- /home/irene/gits/Projects/PythonMain/web_crawler.py [1ms]
2024-03-18 07:13:00.906 [info] > git cat-file -s 7ca491062116e9c2c2be5a6282c2efa09406b03a [1ms]
2024-03-18 07:13:00.923 [info] > git show --textconv :PythonMain/web_crawler.py [2ms]
