2024-01-21 17:14:42.270 [info] Log level: Info
2024-01-21 17:14:42.270 [info] Validating found git in: "git"
2024-01-21 17:14:42.270 [info] Using git "2.43.0" from "git"
2024-01-21 17:14:42.270 [info] > git rev-parse --show-toplevel [4ms]
2024-01-21 17:14:42.270 [info] > git rev-parse --git-dir --git-common-dir [3ms]
2024-01-21 17:14:42.270 [info] Open repository: /home/irene/gits/Projects
2024-01-21 17:14:42.378 [info] > git rev-parse --show-toplevel [83ms]
2024-01-21 17:14:42.379 [info] > git config --get commit.template [95ms]
2024-01-21 17:14:42.411 [info] > git rev-parse --show-toplevel [12ms]
2024-01-21 17:14:42.521 [info] > git for-each-ref --format=%(refname)%00%(upstream:short)%00%(objectname)%00%(upstream:track)%00%(upstream:remotename)%00%(upstream:remoteref) refs/heads/main refs/remotes/main [111ms]
2024-01-21 17:14:42.543 [info] > git status -z -uall [7ms]
2024-01-21 17:14:42.563 [info] > git config --get commit.template [2ms]
2024-01-21 17:14:42.573 [info] > git for-each-ref --format=%(refname)%00%(upstream:short)%00%(objectname)%00%(upstream:track)%00%(upstream:remotename)%00%(upstream:remoteref) refs/heads/main refs/remotes/main [2ms]
2024-01-21 17:14:42.586 [info] > git status -z -uall [2ms]
2024-01-21 17:14:42.887 [info] > git check-ignore -v -z --stdin [1ms]
2024-01-21 17:14:42.963 [info] > git show --textconv :PythonMain/NotMine/Slingshot-Effect-Simulation-main/main.py [10ms]
2024-01-21 17:14:42.964 [info] > git ls-files --stage -- /home/irene/gits/Projects/PythonMain/NotMine/Slingshot-Effect-Simulation-main/main.py [2ms]
2024-01-21 17:14:42.974 [info] > git cat-file -s 87cf3968a2d6bb57be1f2a73359b82e883894cbe [2ms]
2024-01-21 17:14:44.073 [info] > git fetch [1809ms]
2024-01-21 17:14:44.098 [info] > git config --get commit.template [11ms]
2024-01-21 17:14:44.098 [info] > git for-each-ref --format=%(refname)%00%(upstream:short)%00%(objectname)%00%(upstream:track)%00%(upstream:remotename)%00%(upstream:remoteref) refs/heads/main refs/remotes/main [2ms]
2024-01-21 17:14:44.111 [info] > git status -z -uall [1ms]
2024-01-21 17:14:45.214 [info] > git config --get commit.template [10ms]
2024-01-21 17:14:45.214 [info] > git for-each-ref --format=%(refname)%00%(upstream:short)%00%(objectname)%00%(upstream:track)%00%(upstream:remotename)%00%(upstream:remoteref) refs/heads/main refs/remotes/main [1ms]
2024-01-21 17:14:45.225 [info] > git status -z -uall [2ms]
2024-01-21 17:14:45.308 [info] > git ls-files --stage -- /home/irene/gits/Projects/PythonMain/NotMine/Slingshot-Effect-Simulation-main/main.py [2ms]
2024-01-21 17:14:45.319 [info] > git cat-file -s 87cf3968a2d6bb57be1f2a73359b82e883894cbe [1ms]
2024-01-21 17:14:45.332 [info] > git show --textconv :PythonMain/NotMine/Slingshot-Effect-Simulation-main/main.py [2ms]
2024-01-21 17:14:47.709 [info] > git check-ignore -v -z --stdin [1ms]
2024-01-21 17:14:48.678 [info] > git check-ignore -v -z --stdin [1ms]
2024-01-21 17:14:50.071 [info] > git show --textconv :PythonMain/test.py [11ms]
2024-01-21 17:14:50.072 [info] > git ls-files --stage -- /home/irene/gits/Projects/PythonMain/test.py [2ms]
2024-01-21 17:14:50.081 [info] > git cat-file -s 185f21791454c785d5512125c4449a5d44f4c1e8 [0ms]
2024-01-21 17:15:01.485 [info] > git config --get commit.template [1ms]
2024-01-21 17:15:01.495 [info] > git for-each-ref --format=%(refname)%00%(upstream:short)%00%(objectname)%00%(upstream:track)%00%(upstream:remotename)%00%(upstream:remoteref) refs/heads/main refs/remotes/main [1ms]
2024-01-21 17:15:01.506 [info] > git status -z -uall [1ms]
2024-01-21 17:15:11.196 [info] > git config --get commit.template [2ms]
2024-01-21 17:15:11.207 [info] > git for-each-ref --format=%(refname)%00%(upstream:short)%00%(objectname)%00%(upstream:track)%00%(upstream:remotename)%00%(upstream:remoteref) refs/heads/main refs/remotes/main [2ms]
2024-01-21 17:15:11.219 [info] > git status -z -uall [1ms]
2024-01-21 17:15:22.061 [info] > git config --get commit.template [2ms]
2024-01-21 17:15:22.073 [info] > git for-each-ref --format=%(refname)%00%(upstream:short)%00%(objectname)%00%(upstream:track)%00%(upstream:remotename)%00%(upstream:remoteref) refs/heads/main refs/remotes/main [3ms]
2024-01-21 17:15:22.084 [info] > git status -z -uall [2ms]
2024-01-21 17:15:31.627 [info] > git show --textconv :PythonMain/NotMine/Slingshot-Effect-Simulation-main/main.py [10ms]
2024-01-21 17:15:31.629 [info] > git ls-files --stage -- /home/irene/gits/Projects/PythonMain/NotMine/Slingshot-Effect-Simulation-main/main.py [1ms]
2024-01-21 17:15:31.638 [info] > git cat-file -s 87cf3968a2d6bb57be1f2a73359b82e883894cbe [1ms]
2024-01-21 17:15:32.949 [info] > git show --textconv :PythonMain/test.py [12ms]
2024-01-21 17:15:32.950 [info] > git ls-files --stage -- /home/irene/gits/Projects/PythonMain/test.py [2ms]
2024-01-21 17:15:32.960 [info] > git cat-file -s 185f21791454c785d5512125c4449a5d44f4c1e8 [2ms]
2024-01-21 17:15:34.895 [info] > git config --get commit.template [12ms]
2024-01-21 17:15:34.896 [info] > git for-each-ref --format=%(refname)%00%(upstream:short)%00%(objectname)%00%(upstream:track)%00%(upstream:remotename)%00%(upstream:remoteref) refs/heads/main refs/remotes/main [3ms]
2024-01-21 17:15:34.908 [info] > git status -z -uall [2ms]
2024-01-21 17:15:44.208 [info] > git config --get commit.template [1ms]
2024-01-21 17:15:44.219 [info] > git for-each-ref --format=%(refname)%00%(upstream:short)%00%(objectname)%00%(upstream:track)%00%(upstream:remotename)%00%(upstream:remoteref) refs/heads/main refs/remotes/main [1ms]
2024-01-21 17:15:44.232 [info] > git status -z -uall [2ms]
2024-01-21 17:15:56.320 [info] > git config --get commit.template [0ms]
2024-01-21 17:15:56.332 [info] > git for-each-ref --format=%(refname)%00%(upstream:short)%00%(objectname)%00%(upstream:track)%00%(upstream:remotename)%00%(upstream:remoteref) refs/heads/main refs/remotes/main [2ms]
2024-01-21 17:15:56.344 [info] > git status -z -uall [2ms]
