2024-01-22 07:26:04.454 [info] Default formatter is set to null for workspace /home/irene/gits/Projects/PythonMain
2024-01-22 07:26:04.479 [info] Test server listening.
2024-01-22 07:26:04.480 [info] Python interpreter path: /bin/python
2024-01-22 07:26:04.622 [error] [
  'Failed to activate a workspace, Class name = g, completed in 149ms, has a falsy return value, Arg 1: <Uri:/home/irene/gits/Projects/PythonMain/test.py>, Return Value: undefined',
  [Error: Extension 'ms-python.python' CANNOT use API proposal: testObserver.
  Its package.json#enabledApiProposals-property declares:  but NOT testObserver.
   The missing proposal MUST be added and you must start in extension development mode or use the following command line switch: --enable-proposed-api ms-python.python
  	at v (/usr/lib/code/out/vs/workbench/api/node/extensionHostProcess.js:138:48007)
  	at get testResults [as testResults] (/usr/lib/code/out/vs/workbench/api/node/extensionHostProcess.js:158:23805)
  	at w.activate (/home/irene/.vscode-oss/extensions/ms-python.python-2023.22.1-universal/out/client/extension.js:2:795716)
  	at /home/irene/.vscode-oss/extensions/ms-python.python-2023.22.1-universal/out/client/extension.js:2:2455
  	at Array.map (<anonymous>)
  	at g.activateWorkspace (/home/irene/.vscode-oss/extensions/ms-python.python-2023.22.1-universal/out/client/extension.js:2:2445)]
]
2024-01-22 07:26:04.622 [error] Failure during activation. [Error: Extension 'ms-python.python' CANNOT use API proposal: testObserver.
Its package.json#enabledApiProposals-property declares:  but NOT testObserver.
 The missing proposal MUST be added and you must start in extension development mode or use the following command line switch: --enable-proposed-api ms-python.python
	at v (/usr/lib/code/out/vs/workbench/api/node/extensionHostProcess.js:138:48007)
	at get testResults [as testResults] (/usr/lib/code/out/vs/workbench/api/node/extensionHostProcess.js:158:23805)
	at w.activate (/home/irene/.vscode-oss/extensions/ms-python.python-2023.22.1-universal/out/client/extension.js:2:795716)
	at /home/irene/.vscode-oss/extensions/ms-python.python-2023.22.1-universal/out/client/extension.js:2:2455
	at Array.map (<anonymous>)
	at g.activateWorkspace (/home/irene/.vscode-oss/extensions/ms-python.python-2023.22.1-universal/out/client/extension.js:2:2445)]
2024-01-22 07:26:04.622 [error] sendStartupTelemetry() failed. [Error: Extension 'ms-python.python' CANNOT use API proposal: testObserver.
Its package.json#enabledApiProposals-property declares:  but NOT testObserver.
 The missing proposal MUST be added and you must start in extension development mode or use the following command line switch: --enable-proposed-api ms-python.python
	at v (/usr/lib/code/out/vs/workbench/api/node/extensionHostProcess.js:138:48007)
	at get testResults [as testResults] (/usr/lib/code/out/vs/workbench/api/node/extensionHostProcess.js:158:23805)
	at w.activate (/home/irene/.vscode-oss/extensions/ms-python.python-2023.22.1-universal/out/client/extension.js:2:795716)
	at /home/irene/.vscode-oss/extensions/ms-python.python-2023.22.1-universal/out/client/extension.js:2:2455
	at Array.map (<anonymous>)
	at g.activateWorkspace (/home/irene/.vscode-oss/extensions/ms-python.python-2023.22.1-universal/out/client/extension.js:2:2445)]
2024-01-22 07:26:05.535 [info] Starting Jedi language server for PythonMain.
2024-01-22 07:26:51.226 [info] Discover tests for workspace name: PythonMain - uri: /home/irene/gits/Projects/PythonMain/test.py
2024-01-22 07:26:52.188 [info] DAP Server launched with command: /bin/python /home/irene/.vscode-oss/extensions/ms-python.python-2023.22.1-universal/pythonFiles/lib/python/debugpy/adapter
2024-01-22 07:26:53.474 [info] Send text to terminal:  /usr/bin/env /bin/python /home/irene/.vscode-oss/extensions/ms-python.python-2023.22.1-universal/pythonFiles/lib/python/debugpy/adapter/../../debugpy/launcher 49927 -- /home/irene/gits/Projects/PythonMain/test.py 
2024-01-22 07:27:09.734 [info] DAP Server launched with command: /bin/python /home/irene/.vscode-oss/extensions/ms-python.python-2023.22.1-universal/pythonFiles/lib/python/debugpy/adapter
2024-01-22 07:27:09.871 [info] Send text to terminal:  cd /home/irene/gits/Projects/PythonMain ; /usr/bin/env /bin/python /home/irene/.vscode-oss/extensions/ms-python.python-2023.22.1-universal/pythonFiles/lib/python/debugpy/adapter/../../debugpy/launcher 59707 -- /home/irene/gits/Projects/PythonMain/test.py 
2024-01-22 07:27:09.918 [info] Discover tests for workspace name: PythonMain - uri: /home/irene/gits/Projects/PythonMain/test.py
2024-01-22 07:27:33.093 [info] DAP Server launched with command: /bin/python /home/irene/.vscode-oss/extensions/ms-python.python-2023.22.1-universal/pythonFiles/lib/python/debugpy/adapter
2024-01-22 07:27:33.230 [info] Send text to terminal:  cd /home/irene/gits/Projects/PythonMain ; /usr/bin/env /bin/python /home/irene/.vscode-oss/extensions/ms-python.python-2023.22.1-universal/pythonFiles/lib/python/debugpy/adapter/../../debugpy/launcher 53517 -- /home/irene/gits/Projects/PythonMain/test.py 
2024-01-22 07:27:33.268 [info] Discover tests for workspace name: PythonMain - uri: /home/irene/gits/Projects/PythonMain/test.py
2024-01-22 07:27:55.520 [info] DAP Server launched with command: /bin/python /home/irene/.vscode-oss/extensions/ms-python.python-2023.22.1-universal/pythonFiles/lib/python/debugpy/adapter
2024-01-22 07:27:55.661 [info] Send text to terminal:  cd /home/irene/gits/Projects/PythonMain ; /usr/bin/env /bin/python /home/irene/.vscode-oss/extensions/ms-python.python-2023.22.1-universal/pythonFiles/lib/python/debugpy/adapter/../../debugpy/launcher 38629 -- /home/irene/gits/Projects/PythonMain/test.py 
2024-01-22 07:27:55.697 [info] Discover tests for workspace name: PythonMain - uri: /home/irene/gits/Projects/PythonMain/test.py
2024-01-22 07:28:31.091 [info] DAP Server launched with command: /bin/python /home/irene/.vscode-oss/extensions/ms-python.python-2023.22.1-universal/pythonFiles/lib/python/debugpy/adapter
2024-01-22 07:28:31.227 [info] Send text to terminal:  cd /home/irene/gits/Projects/PythonMain ; /usr/bin/env /bin/python /home/irene/.vscode-oss/extensions/ms-python.python-2023.22.1-universal/pythonFiles/lib/python/debugpy/adapter/../../debugpy/launcher 36453 -- /home/irene/gits/Projects/PythonMain/test.py 
2024-01-22 07:28:31.266 [info] Discover tests for workspace name: PythonMain - uri: /home/irene/gits/Projects/PythonMain/test.py
