[2023:12:23:20:19:53:352180 WARNING] Failed to find pie configuration file "pies.conf"! (This should only happen when Gnome-Pie is started for the first time...)
[2023:12:23:20:19:53:352287 WARNING] Failed to find settings file "gnome-pie.conf"! (This should only happen when Gnome-Pie is started for the first time...)
[2023:12:23:20:19:53:353544 MESSAGE] Welcome to Gnome-Pie 0.7.3!
[2023:12:23:20:19:53:353633 WARNING] Running on Wayland - running with limited options.
[2023:12:23:20:19:53:354301 WARNING] The WindowList slice group is not supported on Wayland.
[2023:12:23:20:19:53:354568 MESSAGE] Creating new configuration file in "/home/irene/.config/gnome-pie/pies.conf".
[2023:12:23:20:19:53:583453  ERROR ] gnome_pie_action_registry_new_for_app_info: assertion 'info != NULL' failed
[2023:12:23:20:19:53:583504  ERROR ] gnome_pie_pie_add_action: assertion 'action != NULL' failed
[2023:12:23:20:19:53:589438 WARNING] Failed to find bookmarks file!
[2023:12:23:20:19:53:630560  ERROR ] gnome_pie_pie_manager_create_dynamic_pie: assertion 'icon_name != NULL' failed
[2023:12:23:20:19:53:630627  ERROR ] gnome_pie_pie_get_id: assertion 'self != NULL' failed
[2023:12:23:20:19:53:630668  ERROR ] gnome_pie_menu_group_construct_sub_menu: assertion 'parent_id != NULL' failed
[2023:12:23:20:19:53:630727  ERROR ] gnome_pie_action_group_add_action: assertion 'self != NULL' failed
[2023:12:23:20:19:53:630767  ERROR ] gnome_pie_pie_get_id: assertion 'self != NULL' failed
[2023:12:23:20:19:53:630808  ERROR ] gnome_pie_menu_group_load_contents: assertion 'self != NULL' failed
[2023:12:23:20:19:53:630846  ERROR ] gnome_pie_pie_add_group: assertion 'self != NULL' failed
[2023:12:23:20:19:53:630885  ERROR ] gnome_pie_pie_get_id: assertion 'self != NULL' failed
[2023:12:23:20:19:53:630920  ERROR ] gnome_pie_pie_action_construct: assertion 'id != NULL' failed
[2023:12:23:20:19:53:630958  ERROR ] gnome_pie_action_group_add_action: assertion 'new_action != NULL' failed
[2023:12:23:20:19:53:631015  ERROR ] gnome_pie_pie_manager_create_dynamic_pie: assertion 'icon_name != NULL' failed
[2023:12:23:20:19:53:631051  ERROR ] gnome_pie_pie_get_id: assertion 'self != NULL' failed
[2023:12:23:20:19:53:631091  ERROR ] gnome_pie_menu_group_construct_sub_menu: assertion 'parent_id != NULL' failed
[2023:12:23:20:19:53:631131  ERROR ] gnome_pie_action_group_add_action: assertion 'self != NULL' failed
[2023:12:23:20:19:53:631168  ERROR ] gnome_pie_pie_get_id: assertion 'self != NULL' failed
[2023:12:23:20:19:53:631205  ERROR ] gnome_pie_menu_group_load_contents: assertion 'self != NULL' failed
[2023:12:23:20:19:53:631242  ERROR ] gnome_pie_pie_add_group: assertion 'self != NULL' failed
[2023:12:23:20:19:53:631277  ERROR ] gnome_pie_pie_get_id: assertion 'self != NULL' failed
[2023:12:23:20:19:53:631313  ERROR ] gnome_pie_pie_action_construct: assertion 'id != NULL' failed
[2023:12:23:20:19:53:631350  ERROR ] gnome_pie_action_group_add_action: assertion 'new_action != NULL' failed
[2023:12:23:20:19:53:631405  ERROR ] gnome_pie_pie_manager_create_dynamic_pie: assertion 'icon_name != NULL' failed
[2023:12:23:20:19:53:631441  ERROR ] gnome_pie_pie_get_id: assertion 'self != NULL' failed
[2023:12:23:20:19:53:631479  ERROR ] gnome_pie_menu_group_construct_sub_menu: assertion 'parent_id != NULL' failed
[2023:12:23:20:19:53:631518  ERROR ] gnome_pie_action_group_add_action: assertion 'self != NULL' failed
[2023:12:23:20:19:53:631556  ERROR ] gnome_pie_pie_get_id: assertion 'self != NULL' failed
[2023:12:23:20:19:53:631592  ERROR ] gnome_pie_menu_group_load_contents: assertion 'self != NULL' failed
[2023:12:23:20:19:53:631629  ERROR ] gnome_pie_pie_add_group: assertion 'self != NULL' failed
[2023:12:23:20:19:53:631664  ERROR ] gnome_pie_pie_get_id: assertion 'self != NULL' failed
[2023:12:23:20:19:53:631702  ERROR ] gnome_pie_pie_action_construct: assertion 'id != NULL' failed
[2023:12:23:20:19:53:631739  ERROR ] gnome_pie_action_group_add_action: assertion 'new_action != NULL' failed
[2023:12:23:20:19:53:631795  ERROR ] gnome_pie_pie_manager_create_dynamic_pie: assertion 'icon_name != NULL' failed
[2023:12:23:20:19:53:631853  ERROR ] gnome_pie_pie_get_id: assertion 'self != NULL' failed
[2023:12:23:20:19:53:631897  ERROR ] gnome_pie_menu_group_construct_sub_menu: assertion 'parent_id != NULL' failed
[2023:12:23:20:19:53:631942  ERROR ] gnome_pie_action_group_add_action: assertion 'self != NULL' failed
[2023:12:23:20:19:53:631985  ERROR ] gnome_pie_pie_get_id: assertion 'self != NULL' failed
[2023:12:23:20:19:53:632026  ERROR ] gnome_pie_menu_group_load_contents: assertion 'self != NULL' failed
[2023:12:23:20:19:53:632060  ERROR ] gnome_pie_pie_add_group: assertion 'self != NULL' failed
[2023:12:23:20:19:53:632092  ERROR ] gnome_pie_pie_get_id: assertion 'self != NULL' failed
[2023:12:23:20:19:53:632125  ERROR ] gnome_pie_pie_action_construct: assertion 'id != NULL' failed
[2023:12:23:20:19:53:632159  ERROR ] gnome_pie_action_group_add_action: assertion 'new_action != NULL' failed
[2023:12:23:20:19:53:632212  ERROR ] gnome_pie_pie_manager_create_dynamic_pie: assertion 'icon_name != NULL' failed
[2023:12:23:20:19:53:632256  ERROR ] gnome_pie_pie_get_id: assertion 'self != NULL' failed
[2023:12:23:20:19:53:632295  ERROR ] gnome_pie_menu_group_construct_sub_menu: assertion 'parent_id != NULL' failed
[2023:12:23:20:19:53:632333  ERROR ] gnome_pie_action_group_add_action: assertion 'self != NULL' failed
[2023:12:23:20:19:53:632368  ERROR ] gnome_pie_pie_get_id: assertion 'self != NULL' failed
[2023:12:23:20:19:53:632402  ERROR ] gnome_pie_menu_group_load_contents: assertion 'self != NULL' failed
[2023:12:23:20:19:53:632437  ERROR ] gnome_pie_pie_add_group: assertion 'self != NULL' failed
[2023:12:23:20:19:53:632470  ERROR ] gnome_pie_pie_get_id: assertion 'self != NULL' failed
[2023:12:23:20:19:53:632506  ERROR ] gnome_pie_pie_action_construct: assertion 'id != NULL' failed
[2023:12:23:20:19:53:632540  ERROR ] gnome_pie_action_group_add_action: assertion 'new_action != NULL' failed
[2023:12:23:20:19:53:632589  ERROR ] gnome_pie_pie_manager_create_dynamic_pie: assertion 'icon_name != NULL' failed
[2023:12:23:20:19:53:632621  ERROR ] gnome_pie_pie_get_id: assertion 'self != NULL' failed
[2023:12:23:20:19:53:632656  ERROR ] gnome_pie_menu_group_construct_sub_menu: assertion 'parent_id != NULL' failed
[2023:12:23:20:19:53:632693  ERROR ] gnome_pie_action_group_add_action: assertion 'self != NULL' failed
[2023:12:23:20:19:53:632726  ERROR ] gnome_pie_pie_get_id: assertion 'self != NULL' failed
[2023:12:23:20:19:53:632760  ERROR ] gnome_pie_menu_group_load_contents: assertion 'self != NULL' failed
[2023:12:23:20:19:53:632794  ERROR ] gnome_pie_pie_add_group: assertion 'self != NULL' failed
[2023:12:23:20:19:53:632829  ERROR ] gnome_pie_pie_get_id: assertion 'self != NULL' failed
[2023:12:23:20:19:53:632867  ERROR ] gnome_pie_pie_action_construct: assertion 'id != NULL' failed
[2023:12:23:20:19:53:632906  ERROR ] gnome_pie_action_group_add_action: assertion 'new_action != NULL' failed
[2023:12:23:20:19:53:632962  ERROR ] gnome_pie_pie_manager_create_dynamic_pie: assertion 'icon_name != NULL' failed
[2023:12:23:20:19:53:633000  ERROR ] gnome_pie_pie_get_id: assertion 'self != NULL' failed
[2023:12:23:20:19:53:633039  ERROR ] gnome_pie_menu_group_construct_sub_menu: assertion 'parent_id != NULL' failed
[2023:12:23:20:19:53:633080  ERROR ] gnome_pie_action_group_add_action: assertion 'self != NULL' failed
[2023:12:23:20:19:53:633117  ERROR ] gnome_pie_pie_get_id: assertion 'self != NULL' failed
[2023:12:23:20:19:53:633154  ERROR ] gnome_pie_menu_group_load_contents: assertion 'self != NULL' failed
[2023:12:23:20:19:53:633196  ERROR ] gnome_pie_pie_add_group: assertion 'self != NULL' failed
[2023:12:23:20:19:53:633239  ERROR ] gnome_pie_pie_get_id: assertion 'self != NULL' failed
[2023:12:23:20:19:53:633281  ERROR ] gnome_pie_pie_action_construct: assertion 'id != NULL' failed
[2023:12:23:20:19:53:633327  ERROR ] gnome_pie_action_group_add_action: assertion 'new_action != NULL' failed
[2023:12:23:20:19:53:633388  ERROR ] gnome_pie_pie_manager_create_dynamic_pie: assertion 'icon_name != NULL' failed
[2023:12:23:20:19:53:633431  ERROR ] gnome_pie_pie_get_id: assertion 'self != NULL' failed
[2023:12:23:20:19:53:633493  ERROR ] gnome_pie_menu_group_construct_sub_menu: assertion 'parent_id != NULL' failed
[2023:12:23:20:19:53:633540  ERROR ] gnome_pie_action_group_add_action: assertion 'self != NULL' failed
[2023:12:23:20:19:53:633584  ERROR ] gnome_pie_pie_get_id: assertion 'self != NULL' failed
[2023:12:23:20:19:53:633625  ERROR ] gnome_pie_menu_group_load_contents: assertion 'self != NULL' failed
[2023:12:23:20:19:53:633668  ERROR ] gnome_pie_pie_add_group: assertion 'self != NULL' failed
[2023:12:23:20:19:53:633733  ERROR ] gnome_pie_pie_get_id: assertion 'self != NULL' failed
[2023:12:23:20:19:53:633775  ERROR ] gnome_pie_pie_action_construct: assertion 'id != NULL' failed
[2023:12:23:20:19:53:633818  ERROR ] gnome_pie_action_group_add_action: assertion 'new_action != NULL' failed
[2023:12:23:20:19:53:633940  ERROR ] gnome_pie_pie_manager_create_dynamic_pie: assertion 'icon_name != NULL' failed
[2023:12:23:20:19:53:634019  ERROR ] gnome_pie_pie_get_id: assertion 'self != NULL' failed
[2023:12:23:20:19:53:634065  ERROR ] gnome_pie_menu_group_construct_sub_menu: assertion 'parent_id != NULL' failed
[2023:12:23:20:19:53:634112  ERROR ] gnome_pie_action_group_add_action: assertion 'self != NULL' failed
[2023:12:23:20:19:53:634156  ERROR ] gnome_pie_pie_get_id: assertion 'self != NULL' failed
[2023:12:23:20:19:53:634199  ERROR ] gnome_pie_menu_group_load_contents: assertion 'self != NULL' failed
[2023:12:23:20:19:53:634246  ERROR ] gnome_pie_pie_add_group: assertion 'self != NULL' failed
[2023:12:23:20:19:53:634286  ERROR ] gnome_pie_pie_get_id: assertion 'self != NULL' failed
[2023:12:23:20:19:53:634325  ERROR ] gnome_pie_pie_action_construct: assertion 'id != NULL' failed
[2023:12:23:20:19:53:634370  ERROR ] gnome_pie_action_group_add_action: assertion 'new_action != NULL' failed
[2023:12:23:20:19:53:634428  ERROR ] gnome_pie_pie_manager_create_dynamic_pie: assertion 'icon_name != NULL' failed
[2023:12:23:20:19:53:634464  ERROR ] gnome_pie_pie_get_id: assertion 'self != NULL' failed
[2023:12:23:20:19:53:634506  ERROR ] gnome_pie_menu_group_construct_sub_menu: assertion 'parent_id != NULL' failed
[2023:12:23:20:19:53:634546  ERROR ] gnome_pie_action_group_add_action: assertion 'self != NULL' failed
[2023:12:23:20:19:53:634580  ERROR ] gnome_pie_pie_get_id: assertion 'self != NULL' failed
[2023:12:23:20:19:53:634614  ERROR ] gnome_pie_menu_group_load_contents: assertion 'self != NULL' failed
[2023:12:23:20:19:53:634647  ERROR ] gnome_pie_pie_add_group: assertion 'self != NULL' failed
[2023:12:23:20:19:53:634681  ERROR ] gnome_pie_pie_get_id: assertion 'self != NULL' failed
[2023:12:23:20:19:53:634714  ERROR ] gnome_pie_pie_action_construct: assertion 'id != NULL' failed
[2023:12:23:20:19:53:634748  ERROR ] gnome_pie_action_group_add_action: assertion 'new_action != NULL' failed
[2023:12:23:20:19:53:634799  ERROR ] gnome_pie_pie_manager_create_dynamic_pie: assertion 'icon_name != NULL' failed
[2023:12:23:20:19:53:634832  ERROR ] gnome_pie_pie_get_id: assertion 'self != NULL' failed
[2023:12:23:20:19:53:634867  ERROR ] gnome_pie_menu_group_construct_sub_menu: assertion 'parent_id != NULL' failed
[2023:12:23:20:19:53:634905  ERROR ] gnome_pie_action_group_add_action: assertion 'self != NULL' failed
[2023:12:23:20:19:53:634940  ERROR ] gnome_pie_pie_get_id: assertion 'self != NULL' failed
[2023:12:23:20:19:53:634974  ERROR ] gnome_pie_menu_group_load_contents: assertion 'self != NULL' failed
[2023:12:23:20:19:53:635006  ERROR ] gnome_pie_pie_add_group: assertion 'self != NULL' failed
[2023:12:23:20:19:53:635039  ERROR ] gnome_pie_pie_get_id: assertion 'self != NULL' failed
[2023:12:23:20:19:53:635071  ERROR ] gnome_pie_pie_action_construct: assertion 'id != NULL' failed
[2023:12:23:20:19:53:635105  ERROR ] gnome_pie_action_group_add_action: assertion 'new_action != NULL' failed
[2023:12:23:20:19:53:635153  ERROR ] gnome_pie_pie_manager_create_dynamic_pie: assertion 'icon_name != NULL' failed
[2023:12:23:20:19:53:635188  ERROR ] gnome_pie_pie_get_id: assertion 'self != NULL' failed
[2023:12:23:20:19:53:635248  ERROR ] gnome_pie_menu_group_construct_sub_menu: assertion 'parent_id != NULL' failed
[2023:12:23:20:19:53:635284  ERROR ] gnome_pie_action_group_add_action: assertion 'self != NULL' failed
[2023:12:23:20:19:53:635318  ERROR ] gnome_pie_pie_get_id: assertion 'self != NULL' failed
[2023:12:23:20:19:53:635352  ERROR ] gnome_pie_menu_group_load_contents: assertion 'self != NULL' failed
[2023:12:23:20:19:53:635385  ERROR ] gnome_pie_pie_add_group: assertion 'self != NULL' failed
[2023:12:23:20:19:53:635416  ERROR ] gnome_pie_pie_get_id: assertion 'self != NULL' failed
[2023:12:23:20:19:53:635450  ERROR ] gnome_pie_pie_action_construct: assertion 'id != NULL' failed
[2023:12:23:20:19:53:635483  ERROR ] gnome_pie_action_group_add_action: assertion 'new_action != NULL' failed
[2023:12:23:20:19:53:637060 MESSAGE] Saving Pies to "/home/irene/.config/gnome-pie/pies.conf".
[2023:12:23:20:19:53:654373 WARNING] Icon "applications-accessories" not found! Using default icon...
[2023:12:23:20:19:53:661512 WARNING] Icon "preferences-system-windows" not found! Using default icon...
[2023:12:23:20:19:53:664101 MESSAGE] Error loading image file: Failed to open file “/org/gtk/libgtk/icons/16x16/actions/media-playback-start.png”: No such file or directory
[2023:12:23:20:19:53:664478 MESSAGE] Error loading image file: Failed to open file “/org/gtk/libgtk/icons/16x16/actions/list-add.png”: No such file or directory
[2023:12:23:20:19:53:700390 MESSAGE] Error loading image file: Failed to open file “/org/gtk/libgtk/icons/16x16/actions/edit-paste.png”: No such file or directory
[2023:12:23:20:19:53:750307 WARNING] Error loading settings: gnome-pie.conf not found! Using defaults...
[2023:12:23:20:19:53:759333 WARNING] No theme specified! Using default...
[2023:12:23:20:19:53:778144 MESSAGE] Started happily...
[2023:12:23:20:20:00:243691 MESSAGE] Caught signal (2), bye!
[2023:12:23:20:20:23:446015 WARNING] Missing argument for --display
[2023:12:23:20:20:23:446113 MESSAGE] Run 'gnome-pie' to launch Gnome-Pie or run 'gnome-pie --help' to see a full list of available command line options.

[2023:12:23:20:20:23:447159 MESSAGE] Welcome to Gnome-Pie 0.7.3!
[2023:12:23:20:20:23:447323 WARNING] Running on Wayland - running with limited options.
[2023:12:23:20:20:23:447958 WARNING] The WindowList slice group is not supported on Wayland.
[2023:12:23:20:20:23:448344 MESSAGE] Loading Pies from "/home/irene/.config/gnome-pie/pies.conf".
[2023:12:23:20:20:23:702886  ERROR ] gnome_pie_pie_manager_create_dynamic_pie: assertion 'icon_name != NULL' failed
[2023:12:23:20:20:23:702978  ERROR ] gnome_pie_pie_get_id: assertion 'self != NULL' failed
[2023:12:23:20:20:23:703030  ERROR ] gnome_pie_menu_group_construct_sub_menu: assertion 'parent_id != NULL' failed
[2023:12:23:20:20:23:703098  ERROR ] gnome_pie_action_group_add_action: assertion 'self != NULL' failed
[2023:12:23:20:20:23:703148  ERROR ] gnome_pie_pie_get_id: assertion 'self != NULL' failed
[2023:12:23:20:20:23:703197  ERROR ] gnome_pie_menu_group_load_contents: assertion 'self != NULL' failed
[2023:12:23:20:20:23:703245  ERROR ] gnome_pie_pie_add_group: assertion 'self != NULL' failed
[2023:12:23:20:20:23:703290  ERROR ] gnome_pie_pie_get_id: assertion 'self != NULL' failed
[2023:12:23:20:20:23:703337  ERROR ] gnome_pie_pie_action_construct: assertion 'id != NULL' failed
[2023:12:23:20:20:23:703386  ERROR ] gnome_pie_action_group_add_action: assertion 'new_action != NULL' failed
[2023:12:23:20:20:23:703450  ERROR ] gnome_pie_pie_manager_create_dynamic_pie: assertion 'icon_name != NULL' failed
[2023:12:23:20:20:23:703492  ERROR ] gnome_pie_pie_get_id: assertion 'self != NULL' failed
[2023:12:23:20:20:23:703538  ERROR ] gnome_pie_menu_group_construct_sub_menu: assertion 'parent_id != NULL' failed
[2023:12:23:20:20:23:703587  ERROR ] gnome_pie_action_group_add_action: assertion 'self != NULL' failed
[2023:12:23:20:20:23:703636  ERROR ] gnome_pie_pie_get_id: assertion 'self != NULL' failed
[2023:12:23:20:20:23:703682  ERROR ] gnome_pie_menu_group_load_contents: assertion 'self != NULL' failed
[2023:12:23:20:20:23:703747  ERROR ] gnome_pie_pie_add_group: assertion 'self != NULL' failed
[2023:12:23:20:20:23:703789  ERROR ] gnome_pie_pie_get_id: assertion 'self != NULL' failed
[2023:12:23:20:20:23:703832  ERROR ] gnome_pie_pie_action_construct: assertion 'id != NULL' failed
[2023:12:23:20:20:23:703981  ERROR ] gnome_pie_action_group_add_action: assertion 'new_action != NULL' failed
[2023:12:23:20:20:23:704040  ERROR ] gnome_pie_pie_manager_create_dynamic_pie: assertion 'icon_name != NULL' failed
[2023:12:23:20:20:23:704074  ERROR ] gnome_pie_pie_get_id: assertion 'self != NULL' failed
[2023:12:23:20:20:23:704118  ERROR ] gnome_pie_menu_group_construct_sub_menu: assertion 'parent_id != NULL' failed
[2023:12:23:20:20:23:704167  ERROR ] gnome_pie_action_group_add_action: assertion 'self != NULL' failed
[2023:12:23:20:20:23:704215  ERROR ] gnome_pie_pie_get_id: assertion 'self != NULL' failed
[2023:12:23:20:20:23:704259  ERROR ] gnome_pie_menu_group_load_contents: assertion 'self != NULL' failed
[2023:12:23:20:20:23:704302  ERROR ] gnome_pie_pie_add_group: assertion 'self != NULL' failed
[2023:12:23:20:20:23:704345  ERROR ] gnome_pie_pie_get_id: assertion 'self != NULL' failed
[2023:12:23:20:20:23:704388  ERROR ] gnome_pie_pie_action_construct: assertion 'id != NULL' failed
[2023:12:23:20:20:23:704431  ERROR ] gnome_pie_action_group_add_action: assertion 'new_action != NULL' failed
[2023:12:23:20:20:23:704491  ERROR ] gnome_pie_pie_manager_create_dynamic_pie: assertion 'icon_name != NULL' failed
[2023:12:23:20:20:23:704535  ERROR ] gnome_pie_pie_get_id: assertion 'self != NULL' failed
[2023:12:23:20:20:23:704577  ERROR ] gnome_pie_menu_group_construct_sub_menu: assertion 'parent_id != NULL' failed
[2023:12:23:20:20:23:704621  ERROR ] gnome_pie_action_group_add_action: assertion 'self != NULL' failed
[2023:12:23:20:20:23:704666  ERROR ] gnome_pie_pie_get_id: assertion 'self != NULL' failed
[2023:12:23:20:20:23:704718  ERROR ] gnome_pie_menu_group_load_contents: assertion 'self != NULL' failed
[2023:12:23:20:20:23:704761  ERROR ] gnome_pie_pie_add_group: assertion 'self != NULL' failed
[2023:12:23:20:20:23:704802  ERROR ] gnome_pie_pie_get_id: assertion 'self != NULL' failed
[2023:12:23:20:20:23:704846  ERROR ] gnome_pie_pie_action_construct: assertion 'id != NULL' failed
[2023:12:23:20:20:23:704891  ERROR ] gnome_pie_action_group_add_action: assertion 'new_action != NULL' failed
[2023:12:23:20:20:23:704952  ERROR ] gnome_pie_pie_manager_create_dynamic_pie: assertion 'icon_name != NULL' failed
[2023:12:23:20:20:23:704994  ERROR ] gnome_pie_pie_get_id: assertion 'self != NULL' failed
[2023:12:23:20:20:23:705043  ERROR ] gnome_pie_menu_group_construct_sub_menu: assertion 'parent_id != NULL' failed
[2023:12:23:20:20:23:705091  ERROR ] gnome_pie_action_group_add_action: assertion 'self != NULL' failed
[2023:12:23:20:20:23:705134  ERROR ] gnome_pie_pie_get_id: assertion 'self != NULL' failed
[2023:12:23:20:20:23:705179  ERROR ] gnome_pie_menu_group_load_contents: assertion 'self != NULL' failed
[2023:12:23:20:20:23:705223  ERROR ] gnome_pie_pie_add_group: assertion 'self != NULL' failed
[2023:12:23:20:20:23:705267  ERROR ] gnome_pie_pie_get_id: assertion 'self != NULL' failed
[2023:12:23:20:20:23:705312  ERROR ] gnome_pie_pie_action_construct: assertion 'id != NULL' failed
[2023:12:23:20:20:23:705358  ERROR ] gnome_pie_action_group_add_action: assertion 'new_action != NULL' failed
[2023:12:23:20:20:23:705421  ERROR ] gnome_pie_pie_manager_create_dynamic_pie: assertion 'icon_name != NULL' failed
[2023:12:23:20:20:23:705465  ERROR ] gnome_pie_pie_get_id: assertion 'self != NULL' failed
[2023:12:23:20:20:23:705512  ERROR ] gnome_pie_menu_group_construct_sub_menu: assertion 'parent_id != NULL' failed
[2023:12:23:20:20:23:705560  ERROR ] gnome_pie_action_group_add_action: assertion 'self != NULL' failed
[2023:12:23:20:20:23:705607  ERROR ] gnome_pie_pie_get_id: assertion 'self != NULL' failed
[2023:12:23:20:20:23:705652  ERROR ] gnome_pie_menu_group_load_contents: assertion 'self != NULL' failed
[2023:12:23:20:20:23:705749  ERROR ] gnome_pie_pie_add_group: assertion 'self != NULL' failed
[2023:12:23:20:20:23:705789  ERROR ] gnome_pie_pie_get_id: assertion 'self != NULL' failed
[2023:12:23:20:20:23:705832  ERROR ] gnome_pie_pie_action_construct: assertion 'id != NULL' failed
[2023:12:23:20:20:23:705875  ERROR ] gnome_pie_action_group_add_action: assertion 'new_action != NULL' failed
[2023:12:23:20:20:23:705936  ERROR ] gnome_pie_pie_manager_create_dynamic_pie: assertion 'icon_name != NULL' failed
[2023:12:23:20:20:23:705977  ERROR ] gnome_pie_pie_get_id: assertion 'self != NULL' failed
[2023:12:23:20:20:23:706021  ERROR ] gnome_pie_menu_group_construct_sub_menu: assertion 'parent_id != NULL' failed
[2023:12:23:20:20:23:706076  ERROR ] gnome_pie_action_group_add_action: assertion 'self != NULL' failed
[2023:12:23:20:20:23:706121  ERROR ] gnome_pie_pie_get_id: assertion 'self != NULL' failed
[2023:12:23:20:20:23:706163  ERROR ] gnome_pie_menu_group_load_contents: assertion 'self != NULL' failed
[2023:12:23:20:20:23:706206  ERROR ] gnome_pie_pie_add_group: assertion 'self != NULL' failed
[2023:12:23:20:20:23:706248  ERROR ] gnome_pie_pie_get_id: assertion 'self != NULL' failed
[2023:12:23:20:20:23:706289  ERROR ] gnome_pie_pie_action_construct: assertion 'id != NULL' failed
[2023:12:23:20:20:23:706332  ERROR ] gnome_pie_action_group_add_action: assertion 'new_action != NULL' failed
[2023:12:23:20:20:23:706389  ERROR ] gnome_pie_pie_manager_create_dynamic_pie: assertion 'icon_name != NULL' failed
[2023:12:23:20:20:23:706429  ERROR ] gnome_pie_pie_get_id: assertion 'self != NULL' failed
[2023:12:23:20:20:23:706473  ERROR ] gnome_pie_menu_group_construct_sub_menu: assertion 'parent_id != NULL' failed
[2023:12:23:20:20:23:706519  ERROR ] gnome_pie_action_group_add_action: assertion 'self != NULL' failed
[2023:12:23:20:20:23:706563  ERROR ] gnome_pie_pie_get_id: assertion 'self != NULL' failed
[2023:12:23:20:20:23:706607  ERROR ] gnome_pie_menu_group_load_contents: assertion 'self != NULL' failed
[2023:12:23:20:20:23:706649  ERROR ] gnome_pie_pie_add_group: assertion 'self != NULL' failed
[2023:12:23:20:20:23:706691  ERROR ] gnome_pie_pie_get_id: assertion 'self != NULL' failed
[2023:12:23:20:20:23:706734  ERROR ] gnome_pie_pie_action_construct: assertion 'id != NULL' failed
[2023:12:23:20:20:23:706782  ERROR ] gnome_pie_action_group_add_action: assertion 'new_action != NULL' failed
[2023:12:23:20:20:23:706845  ERROR ] gnome_pie_pie_manager_create_dynamic_pie: assertion 'icon_name != NULL' failed
[2023:12:23:20:20:23:706889  ERROR ] gnome_pie_pie_get_id: assertion 'self != NULL' failed
[2023:12:23:20:20:23:706934  ERROR ] gnome_pie_menu_group_construct_sub_menu: assertion 'parent_id != NULL' failed
[2023:12:23:20:20:23:706983  ERROR ] gnome_pie_action_group_add_action: assertion 'self != NULL' failed
[2023:12:23:20:20:23:707028  ERROR ] gnome_pie_pie_get_id: assertion 'self != NULL' failed
[2023:12:23:20:20:23:707065  ERROR ] gnome_pie_menu_group_load_contents: assertion 'self != NULL' failed
[2023:12:23:20:20:23:707109  ERROR ] gnome_pie_pie_add_group: assertion 'self != NULL' failed
[2023:12:23:20:20:23:707151  ERROR ] gnome_pie_pie_get_id: assertion 'self != NULL' failed
[2023:12:23:20:20:23:707231  ERROR ] gnome_pie_pie_action_construct: assertion 'id != NULL' failed
[2023:12:23:20:20:23:707294  ERROR ] gnome_pie_action_group_add_action: assertion 'new_action != NULL' failed
[2023:12:23:20:20:23:707356  ERROR ] gnome_pie_pie_manager_create_dynamic_pie: assertion 'icon_name != NULL' failed
[2023:12:23:20:20:23:707397  ERROR ] gnome_pie_pie_get_id: assertion 'self != NULL' failed
[2023:12:23:20:20:23:707442  ERROR ] gnome_pie_menu_group_construct_sub_menu: assertion 'parent_id != NULL' failed
[2023:12:23:20:20:23:707488  ERROR ] gnome_pie_action_group_add_action: assertion 'self != NULL' failed
[2023:12:23:20:20:23:707532  ERROR ] gnome_pie_pie_get_id: assertion 'self != NULL' failed
[2023:12:23:20:20:23:707575  ERROR ] gnome_pie_menu_group_load_contents: assertion 'self != NULL' failed
[2023:12:23:20:20:23:707641  ERROR ] gnome_pie_pie_add_group: assertion 'self != NULL' failed
[2023:12:23:20:20:23:707684  ERROR ] gnome_pie_pie_get_id: assertion 'self != NULL' failed
[2023:12:23:20:20:23:707729  ERROR ] gnome_pie_pie_action_construct: assertion 'id != NULL' failed
[2023:12:23:20:20:23:707774  ERROR ] gnome_pie_action_group_add_action: assertion 'new_action != NULL' failed
[2023:12:23:20:20:23:707835  ERROR ] gnome_pie_pie_manager_create_dynamic_pie: assertion 'icon_name != NULL' failed
[2023:12:23:20:20:23:707878  ERROR ] gnome_pie_pie_get_id: assertion 'self != NULL' failed
[2023:12:23:20:20:23:707924  ERROR ] gnome_pie_menu_group_construct_sub_menu: assertion 'parent_id != NULL' failed
[2023:12:23:20:20:23:707970  ERROR ] gnome_pie_action_group_add_action: assertion 'self != NULL' failed
[2023:12:23:20:20:23:708014  ERROR ] gnome_pie_pie_get_id: assertion 'self != NULL' failed
[2023:12:23:20:20:23:708057  ERROR ] gnome_pie_menu_group_load_contents: assertion 'self != NULL' failed
[2023:12:23:20:20:23:708098  ERROR ] gnome_pie_pie_add_group: assertion 'self != NULL' failed
[2023:12:23:20:20:23:708140  ERROR ] gnome_pie_pie_get_id: assertion 'self != NULL' failed
[2023:12:23:20:20:23:708182  ERROR ] gnome_pie_pie_action_construct: assertion 'id != NULL' failed
[2023:12:23:20:20:23:708228  ERROR ] gnome_pie_action_group_add_action: assertion 'new_action != NULL' failed
[2023:12:23:20:20:23:708288  ERROR ] gnome_pie_pie_manager_create_dynamic_pie: assertion 'icon_name != NULL' failed
[2023:12:23:20:20:23:708327  ERROR ] gnome_pie_pie_get_id: assertion 'self != NULL' failed
[2023:12:23:20:20:23:708373  ERROR ] gnome_pie_menu_group_construct_sub_menu: assertion 'parent_id != NULL' failed
[2023:12:23:20:20:23:708420  ERROR ] gnome_pie_action_group_add_action: assertion 'self != NULL' failed
[2023:12:23:20:20:23:708467  ERROR ] gnome_pie_pie_get_id: assertion 'self != NULL' failed
[2023:12:23:20:20:23:708510  ERROR ] gnome_pie_menu_group_load_contents: assertion 'self != NULL' failed
[2023:12:23:20:20:23:708553  ERROR ] gnome_pie_pie_add_group: assertion 'self != NULL' failed
[2023:12:23:20:20:23:708597  ERROR ] gnome_pie_pie_get_id: assertion 'self != NULL' failed
[2023:12:23:20:20:23:708637  ERROR ] gnome_pie_pie_action_construct: assertion 'id != NULL' failed
[2023:12:23:20:20:23:708681  ERROR ] gnome_pie_action_group_add_action: assertion 'new_action != NULL' failed
[2023:12:23:20:20:23:717506 WARNING] Failed to find bookmarks file!
[2023:12:23:20:20:23:750213 WARNING] Icon "applications-accessories" not found! Using default icon...
[2023:12:23:20:20:23:754904 WARNING] Icon "preferences-system-windows" not found! Using default icon...
[2023:12:23:20:20:23:866743 MESSAGE] Started happily...
[2023:12:23:20:20:49:980333 MESSAGE] Caught signal (2), bye!
