2023-12-22 21:17:11.976 [info] Reading sessions from keychain...
2023-12-22 21:17:11.976 [info] Getting sessions for all scopes...
2023-12-22 21:17:11.977 [info] Getting sessions for read:user,repo,user:email,workflow...
2023-12-22 21:17:11.978 [info] Got stored sessions!
2023-12-22 21:17:11.978 [info] Got 1 verified sessions.
2023-12-22 21:17:11.979 [info] Got 1 sessions for ...
2023-12-22 21:17:11.979 [info] Got 1 sessions for read:user,repo,user:email,workflow...
2023-12-22 21:17:12.020 [info] Getting sessions for all scopes...
2023-12-22 21:17:12.020 [info] Got 1 sessions for ...
2023-12-22 21:17:12.812 [info] Getting sessions for read:user,repo,user:email,workflow...
2023-12-22 21:17:12.812 [info] Got 1 sessions for read:user,repo,user:email,workflow...
2023-12-22 21:19:12.496 [info] Getting sessions for project,read:org,read:user,repo,user:email,workflow...
2023-12-22 21:19:12.496 [info] Got 0 sessions for project,read:org,read:user,repo,user:email,workflow...
2023-12-22 21:19:12.499 [info] Getting sessions for read:user,repo,user:email,workflow...
2023-12-22 21:19:12.499 [info] Got 1 sessions for read:user,repo,user:email,workflow...
2023-12-22 21:19:12.501 [info] Getting sessions for read:user,repo,user:email...
2023-12-22 21:19:12.501 [info] Got 0 sessions for read:user,repo,user:email...
2023-12-22 21:19:12.503 [info] Getting sessions for read:user,repo,user:email,workflow...
2023-12-22 21:19:12.503 [info] Got 1 sessions for read:user,repo,user:email,workflow...
2023-12-22 21:25:25.486 [info] Getting sessions for read:user,repo,user:email,workflow...
2023-12-22 21:25:25.486 [info] Got 1 sessions for read:user,repo,user:email,workflow...
