2023-12-26 21:02:54.637 [info] Added views:workbench.panel.markers.view in workbench.panel.markers
2023-12-26 21:02:54.637 [info] Added views:workbench.panel.output in workbench.panel.output
2023-12-26 21:02:54.637 [info] Added views:terminal in terminal
2023-12-26 21:02:54.637 [info] Added views:outline in workbench.view.explorer
2023-12-26 21:02:54.637 [info] Added views:workbench.scm in workbench.view.scm
2023-12-26 21:02:54.637 [info] Added views:workbench.view.search in workbench.view.search
2023-12-26 21:02:54.637 [info] Added views:timeline in workbench.view.explorer
2023-12-26 21:02:54.637 [info] Added views:workbench.explorer.emptyView in workbench.view.explorer
2023-12-26 21:02:54.950 [info] Added views:workbench.debug.welcome in workbench.view.debug
2023-12-26 21:02:55.125 [info] Added views:pr:github,issues:github in workbench.view.extension.github-pull-requests
2023-12-26 21:02:55.585 [info] Added views:workbench.panel.repl.view in workbench.panel.repl
2023-12-26 21:02:55.718 [info] Added views:~remote.forwardedPorts in ~remote.forwardedPortsContainer
2023-12-26 21:03:19.137 [info] Added views:workbench.panel.markers.view in workbench.panel.markers
2023-12-26 21:03:19.137 [info] Added views:workbench.panel.output in workbench.panel.output
2023-12-26 21:03:19.137 [info] Added views:terminal in terminal
2023-12-26 21:03:19.137 [info] Added views:outline in workbench.view.explorer
2023-12-26 21:03:19.137 [info] Added views:workbench.scm in workbench.view.scm
2023-12-26 21:03:19.137 [info] Added views:workbench.view.search in workbench.view.search
2023-12-26 21:03:19.137 [info] Added views:timeline in workbench.view.explorer
2023-12-26 21:03:19.137 [info] Added views:workbench.explorer.fileView in workbench.view.explorer
2023-12-26 21:03:19.410 [info] Added views:workbench.debug.welcome in workbench.view.debug
2023-12-26 21:03:19.604 [info] Added views:pr:github,issues:github in workbench.view.extension.github-pull-requests
2023-12-26 21:03:20.163 [info] Added views:workbench.panel.repl.view in workbench.panel.repl
2023-12-26 21:03:20.404 [info] Added views:~remote.forwardedPorts in ~remote.forwardedPortsContainer
