2024-01-22 22:50:22.773 [info] Log level: Info
2024-01-22 22:50:22.773 [info] Validating found git in: "git"
2024-01-22 22:50:22.773 [info] Using git "2.43.0" from "git"
2024-01-22 22:50:22.773 [info] > git rev-parse --show-toplevel [18ms]
2024-01-22 22:50:22.773 [info] > git rev-parse --git-dir --git-common-dir [14ms]
2024-01-22 22:50:22.773 [info] Open repository: /home/irene/gits/Projects
2024-01-22 22:50:23.003 [info] > git rev-parse --show-toplevel [200ms]
2024-01-22 22:50:23.004 [info] > git config --get commit.template [215ms]
2024-01-22 22:50:23.041 [info] > git rev-parse --show-toplevel [20ms]
2024-01-22 22:50:23.063 [info] > git rev-parse --show-toplevel [6ms]
2024-01-22 22:50:23.063 [info] > git for-each-ref --format=%(refname)%00%(upstream:short)%00%(objectname)%00%(upstream:track)%00%(upstream:remotename)%00%(upstream:remoteref) refs/heads/main refs/remotes/main [24ms]
2024-01-22 22:50:23.087 [info] > git status -z -uall [5ms]
2024-01-22 22:50:23.116 [info] > git config --get commit.template [3ms]
2024-01-22 22:50:23.135 [info] > git for-each-ref --format=%(refname)%00%(upstream:short)%00%(objectname)%00%(upstream:track)%00%(upstream:remotename)%00%(upstream:remoteref) refs/heads/main refs/remotes/main [3ms]
2024-01-22 22:50:23.250 [info] > git status -z -uall [3ms]
2024-01-22 22:50:23.474 [info] > git show --textconv :PythonMain/test.py [16ms]
2024-01-22 22:50:23.476 [info] > git ls-files --stage -- /home/irene/gits/Projects/PythonMain/test.py [4ms]
2024-01-22 22:50:23.492 [info] > git cat-file -s 185f21791454c785d5512125c4449a5d44f4c1e8 [3ms]
2024-01-22 22:50:23.541 [info] > git check-ignore -v -z --stdin [2ms]
2024-01-22 22:50:26.466 [info] > git ls-files --stage -- /home/irene/gits/Projects/PythonMain/test.py [3ms]
2024-01-22 22:50:26.487 [info] > git cat-file -s 185f21791454c785d5512125c4449a5d44f4c1e8 [4ms]
2024-01-22 22:50:26.509 [info] > git show --textconv :PythonMain/test.py [2ms]
2024-01-22 22:50:28.709 [info] > git fetch [3464ms]
2024-01-22 22:50:28.744 [info] > git config --get commit.template [18ms]
2024-01-22 22:50:28.745 [info] > git for-each-ref --format=%(refname)%00%(upstream:short)%00%(objectname)%00%(upstream:track)%00%(upstream:remotename)%00%(upstream:remoteref) refs/heads/main refs/remotes/main [3ms]
2024-01-22 22:50:28.765 [info] > git status -z -uall [3ms]
2024-01-22 22:50:29.818 [info] > git config --get commit.template [18ms]
2024-01-22 22:50:29.819 [info] > git for-each-ref --format=%(refname)%00%(upstream:short)%00%(objectname)%00%(upstream:track)%00%(upstream:remotename)%00%(upstream:remoteref) refs/heads/main refs/remotes/main [2ms]
2024-01-22 22:50:29.839 [info] > git status -z -uall [3ms]
2024-01-22 22:50:29.924 [info] > git ls-files --stage -- /home/irene/gits/Projects/PythonMain/test.py [3ms]
2024-01-22 22:50:29.942 [info] > git cat-file -s 185f21791454c785d5512125c4449a5d44f4c1e8 [2ms]
2024-01-22 22:50:29.964 [info] > git show --textconv :PythonMain/test.py [3ms]
2024-01-22 22:50:41.771 [info] > git config --get commit.template [3ms]
2024-01-22 22:50:41.793 [info] > git for-each-ref --format=%(refname)%00%(upstream:short)%00%(objectname)%00%(upstream:track)%00%(upstream:remotename)%00%(upstream:remoteref) refs/heads/main refs/remotes/main [3ms]
2024-01-22 22:50:41.815 [info] > git status -z -uall [4ms]
2024-01-22 22:51:04.339 [info] > git config --get commit.template [20ms]
2024-01-22 22:51:04.339 [info] > git for-each-ref --format=%(refname)%00%(upstream:short)%00%(objectname)%00%(upstream:track)%00%(upstream:remotename)%00%(upstream:remoteref) refs/heads/main refs/remotes/main [3ms]
2024-01-22 22:51:04.361 [info] > git status -z -uall [3ms]
2024-01-22 22:51:11.851 [info] > git config --get commit.template [19ms]
2024-01-22 22:51:11.852 [info] > git for-each-ref --format=%(refname)%00%(upstream:short)%00%(objectname)%00%(upstream:track)%00%(upstream:remotename)%00%(upstream:remoteref) refs/heads/main refs/remotes/main [3ms]
2024-01-22 22:51:11.874 [info] > git status -z -uall [3ms]
2024-01-22 23:13:02.755 [info] > git fetch [603ms]
2024-01-22 23:13:02.793 [info] > git config --get commit.template [20ms]
2024-01-22 23:13:02.794 [info] > git for-each-ref --format=%(refname)%00%(upstream:short)%00%(objectname)%00%(upstream:track)%00%(upstream:remotename)%00%(upstream:remoteref) refs/heads/main refs/remotes/main [2ms]
2024-01-22 23:13:02.817 [info] > git status -z -uall [4ms]
