2024-03-08 09:44:03.215 [info] Default formatter is set to null for workspace /home/irene/gits/Projects/PythonMain
2024-03-08 09:44:03.216 [error] Unable to check if shell integration is active [Error: Extension 'ms-python.python' CANNOT use API proposal: terminalDataWriteEvent.
Its package.json#enabledApiProposals-property declares:  but NOT terminalDataWriteEvent.
 The missing proposal MUST be added and you must start in extension development mode or use the following command line switch: --enable-proposed-api ms-python.python
	at k (/usr/lib/code/out/vs/workbench/api/node/extensionHostProcess.js:138:51400)
	at a.onDidWriteTerminalData (/usr/lib/code/out/vs/workbench/api/node/extensionHostProcess.js:160:31409)
	at new g (/home/irene/.vscode-oss/extensions/ms-python.python-2024.2.1-universal/out/client/extension.js:2:747407)
	at t.resolveInstance (/home/irene/.vscode-oss/extensions/ms-python.python-2024.2.1-universal/out/client/extension.js:2:2008019)
	at /home/irene/.vscode-oss/extensions/ms-python.python-2024.2.1-universal/out/client/extension.js:2:2009927
	at Array.map (<anonymous>)
	at t.resolveInstance (/home/irene/.vscode-oss/extensions/ms-python.python-2024.2.1-universal/out/client/extension.js:2:2007793)
	at /home/irene/.vscode-oss/extensions/ms-python.python-2024.2.1-universal/out/client/extension.js:2:2009927
	at t.resolve (/home/irene/.vscode-oss/extensions/ms-python.python-2024.2.1-universal/out/client/extension.js:2:2010190)
	at /home/irene/.vscode-oss/extensions/ms-python.python-2024.2.1-universal/out/client/extension.js:2:1993753
	at e._get (/home/irene/.vscode-oss/extensions/ms-python.python-2024.2.1-universal/out/client/extension.js:2:1993519)
	at e.get (/home/irene/.vscode-oss/extensions/ms-python.python-2024.2.1-universal/out/client/extension.js:2:1992231)
	at e.dynamicValue (/home/irene/.vscode-oss/extensions/ms-python.python-2024.2.1-universal/out/client/extension.js:2:2015295)
	at /home/irene/.vscode-oss/extensions/ms-python.python-2024.2.1-universal/out/client/extension.js:2:2009416
	at c (/home/irene/.vscode-oss/extensions/ms-python.python-2024.2.1-universal/out/client/extension.js:2:2008462)
	at /home/irene/.vscode-oss/extensions/ms-python.python-2024.2.1-universal/out/client/extension.js:2:2009356
	at /home/irene/.vscode-oss/extensions/ms-python.python-2024.2.1-universal/out/client/extension.js:2:2008875
	at Array.map (<anonymous>)
	at /home/irene/.vscode-oss/extensions/ms-python.python-2024.2.1-universal/out/client/extension.js:2:2008847
	at Array.map (<anonymous>)
	at t.resolveInstance (/home/irene/.vscode-oss/extensions/ms-python.python-2024.2.1-universal/out/client/extension.js:2:2007793)
	at /home/irene/.vscode-oss/extensions/ms-python.python-2024.2.1-universal/out/client/extension.js:2:2009927
	at t.resolve (/home/irene/.vscode-oss/extensions/ms-python.python-2024.2.1-universal/out/client/extension.js:2:2010190)
	at /home/irene/.vscode-oss/extensions/ms-python.python-2024.2.1-universal/out/client/extension.js:2:1993753
	at e._get (/home/irene/.vscode-oss/extensions/ms-python.python-2024.2.1-universal/out/client/extension.js:2:1993519)
	at e.get (/home/irene/.vscode-oss/extensions/ms-python.python-2024.2.1-universal/out/client/extension.js:2:1992231)
	at a.get (/home/irene/.vscode-oss/extensions/ms-python.python-2024.2.1-universal/out/client/extension.js:2:467094)
	at /home/irene/.vscode-oss/extensions/ms-python.python-2024.2.1-universal/out/client/extension.js:2:388673
	at async t.activateComponents (/home/irene/.vscode-oss/extensions/ms-python.python-2024.2.1-universal/out/client/extension.js:2:386960)
	at async /home/irene/.vscode-oss/extensions/ms-python.python-2024.2.1-universal/out/client/extension.js:2:2903459
	at async e (/home/irene/.vscode-oss/extensions/ms-python.python-2024.2.1-universal/out/client/extension.js:2:2902991)
	at async u.n (/usr/lib/code/out/vs/workbench/api/node/extensionHostProcess.js:140:6255)
	at async u.m (/usr/lib/code/out/vs/workbench/api/node/extensionHostProcess.js:140:6218)
	at async u.l (/usr/lib/code/out/vs/workbench/api/node/extensionHostProcess.js:140:5675)]
2024-03-08 09:44:03.230 [info] Test server listening.
2024-03-08 09:44:03.264 [info] > ~/gits/Python_Venv/bin/python3.11 -I ~/.vscode-oss/extensions/ms-python.python-2024.2.1-universal/pythonFiles/get_output_via_markers.py ~/.vscode-oss/extensions/ms-python.python-2024.2.1-universal/pythonFiles/interpreterInfo.py
2024-03-08 09:44:03.296 [error] [
  'Failed to activate a workspace, Class name = g, completed in 76ms, has a falsy return value, Arg 1: <Uri:/home/irene/gits/Projects/PythonMain/PlanetSimulation.py>, Arg 2: {"started":1709912642886}, Return Value: undefined',
  [Error: Extension 'ms-python.python' CANNOT use API proposal: testObserver.
  Its package.json#enabledApiProposals-property declares:  but NOT testObserver.
   The missing proposal MUST be added and you must start in extension development mode or use the following command line switch: --enable-proposed-api ms-python.python
  	at k (/usr/lib/code/out/vs/workbench/api/node/extensionHostProcess.js:138:51400)
  	at get testResults [as testResults] (/usr/lib/code/out/vs/workbench/api/node/extensionHostProcess.js:160:24146)
  	at T.activate (/home/irene/.vscode-oss/extensions/ms-python.python-2024.2.1-universal/out/client/extension.js:2:776051)
  	at /home/irene/.vscode-oss/extensions/ms-python.python-2024.2.1-universal/out/client/extension.js:2:2460
  	at Array.map (<anonymous>)
  	at g.activateWorkspace (/home/irene/.vscode-oss/extensions/ms-python.python-2024.2.1-universal/out/client/extension.js:2:2450)]
]
2024-03-08 09:44:03.296 [error] Failure during activation. [Error: Extension 'ms-python.python' CANNOT use API proposal: testObserver.
Its package.json#enabledApiProposals-property declares:  but NOT testObserver.
 The missing proposal MUST be added and you must start in extension development mode or use the following command line switch: --enable-proposed-api ms-python.python
	at k (/usr/lib/code/out/vs/workbench/api/node/extensionHostProcess.js:138:51400)
	at get testResults [as testResults] (/usr/lib/code/out/vs/workbench/api/node/extensionHostProcess.js:160:24146)
	at T.activate (/home/irene/.vscode-oss/extensions/ms-python.python-2024.2.1-universal/out/client/extension.js:2:776051)
	at /home/irene/.vscode-oss/extensions/ms-python.python-2024.2.1-universal/out/client/extension.js:2:2460
	at Array.map (<anonymous>)
	at g.activateWorkspace (/home/irene/.vscode-oss/extensions/ms-python.python-2024.2.1-universal/out/client/extension.js:2:2450)]
2024-03-08 09:44:03.296 [error] sendStartupTelemetry() failed. [Error: Extension 'ms-python.python' CANNOT use API proposal: testObserver.
Its package.json#enabledApiProposals-property declares:  but NOT testObserver.
 The missing proposal MUST be added and you must start in extension development mode or use the following command line switch: --enable-proposed-api ms-python.python
	at k (/usr/lib/code/out/vs/workbench/api/node/extensionHostProcess.js:138:51400)
	at get testResults [as testResults] (/usr/lib/code/out/vs/workbench/api/node/extensionHostProcess.js:160:24146)
	at T.activate (/home/irene/.vscode-oss/extensions/ms-python.python-2024.2.1-universal/out/client/extension.js:2:776051)
	at /home/irene/.vscode-oss/extensions/ms-python.python-2024.2.1-universal/out/client/extension.js:2:2460
	at Array.map (<anonymous>)
	at g.activateWorkspace (/home/irene/.vscode-oss/extensions/ms-python.python-2024.2.1-universal/out/client/extension.js:2:2450)]
2024-03-08 09:44:03.299 [info] Python interpreter path: ~/gits/Python_Venv/bin/python3.11
2024-03-08 09:44:04.243 [info] Starting Jedi language server for PythonMain.
2024-03-08 09:44:04.914 [info] Discover tests for workspace name: PythonMain - uri: /home/irene/gits/Projects/PythonMain/PlanetSimulation.py
2024-03-08 09:44:07.444 [info] Send text to terminal: source /home/irene/gits/Python_Venv/bin/activate
2024-03-08 09:44:07.946 [info] Send text to terminal: /home/irene/gits/Python_Venv/bin/python3.11 /home/irene/gits/Projects/PythonMain/PlanetSimulation.py
2024-03-08 09:44:30.683 [info] Send text to terminal: /home/irene/gits/Python_Venv/bin/python3.11 /home/irene/gits/Projects/PythonMain/PlanetSimulation.py
2024-03-08 09:44:37.348 [info] Discover tests for workspace name: PythonMain - uri: /home/irene/gits/Projects/PythonMain/perfect_numbers.py
2024-03-08 09:47:24.255 [info] Send text to terminal: /home/irene/gits/Python_Venv/bin/python3.11 /home/irene/gits/Projects/PythonMain/perfect_numbers.py
2024-03-08 09:47:43.928 [info] Discover tests for workspace name: PythonMain - uri: /home/irene/gits/Projects/PythonMain/counter.py
2024-03-08 09:47:44.372 [info] Send text to terminal: /home/irene/gits/Python_Venv/bin/python3.11 /home/irene/gits/Projects/PythonMain/counter.py
2024-03-08 09:47:57.476 [info] Discover tests for workspace name: PythonMain - uri: /home/irene/gits/Projects/PythonMain/ktinker.py
2024-03-08 09:48:07.143 [info] Discover tests for workspace name: PythonMain - uri: /home/irene/gits/Projects/PythonMain/ktinker.py
2024-03-08 09:48:07.441 [info] Send text to terminal: /home/irene/gits/Python_Venv/bin/python3.11 /home/irene/gits/Projects/PythonMain/ktinker.py
2024-03-08 10:01:24.744 [info] Send text to terminal: /home/irene/gits/Python_Venv/bin/python3.11 /home/irene/gits/Projects/PythonMain/particleSystem.py
