2024-03-07 19:19:50.429 [info] Log level: Info
2024-03-07 19:19:50.429 [info] Validating found git in: "git"
2024-03-07 19:19:50.429 [info] Using git "2.44.0" from "git"
2024-03-07 19:19:50.429 [info] > git rev-parse --show-toplevel [4ms]
2024-03-07 19:19:50.429 [info] > git rev-parse --git-dir --git-common-dir [7ms]
2024-03-07 19:19:50.429 [info] Open repository: /home/irene/gits/Projects
2024-03-07 19:19:50.430 [info] > git rev-parse --show-toplevel [2ms]
2024-03-07 19:19:50.430 [info] > git config --get commit.template [14ms]
2024-03-07 19:19:50.455 [info] > git rev-parse --show-toplevel [11ms]
2024-03-07 19:19:50.466 [info] > git for-each-ref --format=%(refname)%00%(upstream:short)%00%(objectname)%00%(upstream:track)%00%(upstream:remotename)%00%(upstream:remoteref) refs/heads/main refs/remotes/main [12ms]
2024-03-07 19:19:50.468 [info] > git rev-parse --show-toplevel [2ms]
2024-03-07 19:19:50.483 [info] > git status -z -uall [2ms]
2024-03-07 19:19:50.499 [info] > git config --get commit.template [1ms]
2024-03-07 19:19:50.509 [info] > git for-each-ref --format=%(refname)%00%(upstream:short)%00%(objectname)%00%(upstream:track)%00%(upstream:remotename)%00%(upstream:remoteref) refs/heads/main refs/remotes/main [1ms]
2024-03-07 19:19:50.522 [info] > git status -z -uall [3ms]
2024-03-07 19:19:50.940 [info] > git check-ignore -v -z --stdin [1ms]
2024-03-07 19:19:54.027 [info] > git fetch [3623ms]
2024-03-07 19:19:54.041 [info] > git config --get commit.template [1ms]
2024-03-07 19:19:54.056 [info] > git for-each-ref --format=%(refname)%00%(upstream:short)%00%(objectname)%00%(upstream:track)%00%(upstream:remotename)%00%(upstream:remoteref) refs/heads/main refs/remotes/main [1ms]
2024-03-07 19:19:54.070 [info] > git status -z -uall [2ms]
2024-03-07 19:19:55.114 [info] > git config --get commit.template [1ms]
2024-03-07 19:19:55.127 [info] > git for-each-ref --format=%(refname)%00%(upstream:short)%00%(objectname)%00%(upstream:track)%00%(upstream:remotename)%00%(upstream:remoteref) refs/heads/main refs/remotes/main [1ms]
2024-03-07 19:19:55.142 [info] > git status -z -uall [2ms]
2024-03-07 19:20:31.528 [info] > git show --textconv :PythonMain/ParticleSimNoTut1stTry.py [20ms]
2024-03-07 19:20:31.529 [info] > git ls-files --stage -- /home/irene/gits/Projects/PythonMain/ParticleSimNoTut1stTry.py [3ms]
2024-03-07 19:20:31.581 [info] > git cat-file -s eb57f079b36b37fce84faede278cbffcbeb14706 [36ms]
2024-03-07 19:22:54.825 [info] > git fetch [736ms]
2024-03-07 19:22:54.842 [info] > git config --get commit.template [2ms]
2024-03-07 19:22:54.855 [info] > git for-each-ref --format=%(refname)%00%(upstream:short)%00%(objectname)%00%(upstream:track)%00%(upstream:remotename)%00%(upstream:remoteref) refs/heads/main refs/remotes/main [1ms]
2024-03-07 19:22:54.870 [info] > git status -z -uall [2ms]
2024-03-07 19:22:55.917 [info] > git config --get commit.template [1ms]
2024-03-07 19:22:55.930 [info] > git for-each-ref --format=%(refname)%00%(upstream:short)%00%(objectname)%00%(upstream:track)%00%(upstream:remotename)%00%(upstream:remoteref) refs/heads/main refs/remotes/main [1ms]
2024-03-07 19:22:55.945 [info] > git status -z -uall [2ms]
2024-03-07 19:22:56.014 [info] > git ls-files --stage -- /home/irene/gits/Projects/PythonMain/ParticleSimNoTut1stTry.py [1ms]
2024-03-07 19:22:56.028 [info] > git cat-file -s eb57f079b36b37fce84faede278cbffcbeb14706 [1ms]
2024-03-07 19:22:56.045 [info] > git show --textconv :PythonMain/ParticleSimNoTut1stTry.py [1ms]
2024-03-07 19:24:32.745 [info] > git config --get commit.template [1ms]
2024-03-07 19:24:32.762 [info] > git for-each-ref --format=%(refname)%00%(upstream:short)%00%(objectname)%00%(upstream:track)%00%(upstream:remotename)%00%(upstream:remoteref) refs/heads/main refs/remotes/main [1ms]
2024-03-07 19:24:32.778 [info] > git status -z -uall [2ms]
2024-03-07 19:28:24.597 [info] > git fetch [850ms]
2024-03-07 19:28:24.612 [info] > git config --get commit.template [0ms]
2024-03-07 19:28:24.627 [info] > git for-each-ref --format=%(refname)%00%(upstream:short)%00%(objectname)%00%(upstream:track)%00%(upstream:remotename)%00%(upstream:remoteref) refs/heads/main refs/remotes/main [0ms]
2024-03-07 19:28:24.643 [info] > git status -z -uall [2ms]
2024-03-07 19:28:25.697 [info] > git config --get commit.template [13ms]
2024-03-07 19:28:25.698 [info] > git for-each-ref --format=%(refname)%00%(upstream:short)%00%(objectname)%00%(upstream:track)%00%(upstream:remotename)%00%(upstream:remoteref) refs/heads/main refs/remotes/main [2ms]
2024-03-07 19:28:25.713 [info] > git status -z -uall [1ms]
2024-03-07 19:28:30.907 [info] > git config --get commit.template [15ms]
2024-03-07 19:28:30.908 [info] > git for-each-ref --format=%(refname)%00%(upstream:short)%00%(objectname)%00%(upstream:track)%00%(upstream:remotename)%00%(upstream:remoteref) refs/heads/main refs/remotes/main [2ms]
2024-03-07 19:28:30.924 [info] > git status -z -uall [2ms]
2024-03-07 19:30:19.708 [info] > git show --textconv :PythonMain/Timer.py [14ms]
2024-03-07 19:30:19.708 [info] > git ls-files --stage -- /home/irene/gits/Projects/PythonMain/Timer.py [1ms]
2024-03-07 19:30:19.722 [info] > git cat-file -s 9a89aaabd45419cef8db960e2cd8276e1b7c3415 [1ms]
2024-03-07 19:30:23.973 [info] > git show --textconv :PythonMain/Timer.py [15ms]
2024-03-07 19:30:23.975 [info] > git ls-files --stage -- /home/irene/gits/Projects/PythonMain/Timer.py [3ms]
2024-03-07 19:30:23.990 [info] > git cat-file -s 9a89aaabd45419cef8db960e2cd8276e1b7c3415 [2ms]
2024-03-07 19:30:24.814 [info] > git config --get commit.template [1ms]
2024-03-07 19:30:24.830 [info] > git for-each-ref --format=%(refname)%00%(upstream:short)%00%(objectname)%00%(upstream:track)%00%(upstream:remotename)%00%(upstream:remoteref) refs/heads/main refs/remotes/main [2ms]
2024-03-07 19:30:24.847 [info] > git status -z -uall [2ms]
2024-03-07 19:30:31.306 [info] > git show --textconv :PythonMain/test.py [16ms]
2024-03-07 19:30:31.306 [info] > git ls-files --stage -- /home/irene/gits/Projects/PythonMain/test.py [2ms]
2024-03-07 19:30:31.562 [info] > git check-ignore -v -z --stdin [0ms]
2024-03-07 19:30:32.110 [info] > git config --get commit.template [1ms]
2024-03-07 19:30:32.125 [info] > git for-each-ref --format=%(refname)%00%(upstream:short)%00%(objectname)%00%(upstream:track)%00%(upstream:remotename)%00%(upstream:remoteref) refs/heads/main refs/remotes/main [2ms]
2024-03-07 19:30:32.140 [info] > git status -z -uall [1ms]
2024-03-07 19:30:37.175 [info] > git config --get commit.template [16ms]
2024-03-07 19:30:37.176 [info] > git for-each-ref --format=%(refname)%00%(upstream:short)%00%(objectname)%00%(upstream:track)%00%(upstream:remotename)%00%(upstream:remoteref) refs/heads/main refs/remotes/main [3ms]
2024-03-07 19:30:37.192 [info] > git status -z -uall [2ms]
2024-03-07 19:31:04.320 [info] > git config --get commit.template [1ms]
2024-03-07 19:31:04.335 [info] > git for-each-ref --format=%(refname)%00%(upstream:short)%00%(objectname)%00%(upstream:track)%00%(upstream:remotename)%00%(upstream:remoteref) refs/heads/main refs/remotes/main [1ms]
2024-03-07 19:31:04.351 [info] > git status -z -uall [2ms]
2024-03-07 19:31:11.999 [info] > git config --get commit.template [1ms]
2024-03-07 19:31:12.015 [info] > git for-each-ref --format=%(refname)%00%(upstream:short)%00%(objectname)%00%(upstream:track)%00%(upstream:remotename)%00%(upstream:remoteref) refs/heads/main refs/remotes/main [1ms]
2024-03-07 19:31:12.033 [info] > git status -z -uall [3ms]
2024-03-07 19:31:23.908 [info] > git config --get commit.template [2ms]
2024-03-07 19:31:23.924 [info] > git for-each-ref --format=%(refname)%00%(upstream:short)%00%(objectname)%00%(upstream:track)%00%(upstream:remotename)%00%(upstream:remoteref) refs/heads/main refs/remotes/main [2ms]
2024-03-07 19:31:23.944 [info] > git status -z -uall [2ms]
2024-03-07 19:31:25.858 [info] > git ls-files --stage -- /home/irene/gits/Projects/PythonMain/test.py [1ms]
2024-03-07 19:31:25.875 [info] > git show --textconv :PythonMain/test.py [1ms]
2024-03-07 19:31:34.651 [info] > git fetch [9990ms]
2024-03-07 19:31:34.666 [info] > git config --get commit.template [1ms]
2024-03-07 19:31:34.680 [info] > git for-each-ref --format=%(refname)%00%(upstream:short)%00%(objectname)%00%(upstream:track)%00%(upstream:remotename)%00%(upstream:remoteref) refs/heads/main refs/remotes/main [1ms]
2024-03-07 19:31:34.696 [info] > git status -z -uall [1ms]
2024-03-07 19:31:35.756 [info] > git config --get commit.template [16ms]
2024-03-07 19:31:35.756 [info] > git for-each-ref --format=%(refname)%00%(upstream:short)%00%(objectname)%00%(upstream:track)%00%(upstream:remotename)%00%(upstream:remoteref) refs/heads/main refs/remotes/main [1ms]
2024-03-07 19:31:35.772 [info] > git status -z -uall [2ms]
2024-03-07 19:31:35.841 [info] > git ls-files --stage -- /home/irene/gits/Projects/PythonMain/test.py [2ms]
2024-03-07 19:31:35.856 [info] > git show --textconv :PythonMain/test.py [1ms]
2024-03-07 19:32:17.448 [info] > git config --get commit.template [2ms]
2024-03-07 19:32:17.463 [info] > git for-each-ref --format=%(refname)%00%(upstream:short)%00%(objectname)%00%(upstream:track)%00%(upstream:remotename)%00%(upstream:remoteref) refs/heads/main refs/remotes/main [1ms]
2024-03-07 19:32:17.478 [info] > git status -z -uall [2ms]
2024-03-07 19:32:31.486 [info] > git config --get commit.template [1ms]
2024-03-07 19:32:31.500 [info] > git for-each-ref --format=%(refname)%00%(upstream:short)%00%(objectname)%00%(upstream:track)%00%(upstream:remotename)%00%(upstream:remoteref) refs/heads/main refs/remotes/main [1ms]
2024-03-07 19:32:31.516 [info] > git status -z -uall [2ms]
2024-03-07 19:32:36.533 [info] > git config --get commit.template [1ms]
2024-03-07 19:32:36.548 [info] > git for-each-ref --format=%(refname)%00%(upstream:short)%00%(objectname)%00%(upstream:track)%00%(upstream:remotename)%00%(upstream:remoteref) refs/heads/main refs/remotes/main [2ms]
2024-03-07 19:32:36.564 [info] > git status -z -uall [2ms]
2024-03-07 19:32:53.437 [info] > git config --get commit.template [2ms]
2024-03-07 19:32:53.451 [info] > git for-each-ref --format=%(refname)%00%(upstream:short)%00%(objectname)%00%(upstream:track)%00%(upstream:remotename)%00%(upstream:remoteref) refs/heads/main refs/remotes/main [1ms]
2024-03-07 19:32:53.467 [info] > git status -z -uall [2ms]
2024-03-07 19:32:58.597 [info] > git config --get commit.template [2ms]
2024-03-07 19:32:58.612 [info] > git for-each-ref --format=%(refname)%00%(upstream:short)%00%(objectname)%00%(upstream:track)%00%(upstream:remotename)%00%(upstream:remoteref) refs/heads/main refs/remotes/main [1ms]
2024-03-07 19:32:58.627 [info] > git status -z -uall [1ms]
2024-03-07 19:33:04.559 [info] > git config --get commit.template [1ms]
2024-03-07 19:33:04.574 [info] > git for-each-ref --format=%(refname)%00%(upstream:short)%00%(objectname)%00%(upstream:track)%00%(upstream:remotename)%00%(upstream:remoteref) refs/heads/main refs/remotes/main [2ms]
2024-03-07 19:33:04.589 [info] > git status -z -uall [2ms]
2024-03-07 19:34:35.499 [info] > git fetch [772ms]
2024-03-07 19:34:35.514 [info] > git config --get commit.template [2ms]
2024-03-07 19:34:35.529 [info] > git for-each-ref --format=%(refname)%00%(upstream:short)%00%(objectname)%00%(upstream:track)%00%(upstream:remotename)%00%(upstream:remoteref) refs/heads/main refs/remotes/main [2ms]
2024-03-07 19:34:35.546 [info] > git status -z -uall [3ms]
2024-03-07 19:34:36.589 [info] > git config --get commit.template [1ms]
2024-03-07 19:34:36.605 [info] > git for-each-ref --format=%(refname)%00%(upstream:short)%00%(objectname)%00%(upstream:track)%00%(upstream:remotename)%00%(upstream:remoteref) refs/heads/main refs/remotes/main [2ms]
2024-03-07 19:34:36.620 [info] > git status -z -uall [1ms]
2024-03-07 19:34:36.726 [info] > git ls-files --stage -- /home/irene/gits/Projects/PythonMain/test.py [2ms]
2024-03-07 19:34:36.746 [info] > git show --textconv :PythonMain/test.py [1ms]
2024-03-07 19:35:03.183 [info] > git config --get commit.template [1ms]
2024-03-07 19:35:03.200 [info] > git for-each-ref --format=%(refname)%00%(upstream:short)%00%(objectname)%00%(upstream:track)%00%(upstream:remotename)%00%(upstream:remoteref) refs/heads/main refs/remotes/main [1ms]
2024-03-07 19:35:03.215 [info] > git status -z -uall [1ms]
2024-03-07 19:35:08.248 [info] > git config --get commit.template [15ms]
2024-03-07 19:35:08.248 [info] > git for-each-ref --format=%(refname)%00%(upstream:short)%00%(objectname)%00%(upstream:track)%00%(upstream:remotename)%00%(upstream:remoteref) refs/heads/main refs/remotes/main [1ms]
2024-03-07 19:35:08.264 [info] > git status -z -uall [1ms]
2024-03-07 19:37:36.763 [info] > git ls-files --stage -- /home/irene/gits/Projects/PythonMain/test.py [1ms]
2024-03-07 19:37:36.780 [info] > git show --textconv :PythonMain/test.py [1ms]
2024-03-07 19:37:59.962 [info] > git fetch [24396ms]
2024-03-07 19:37:59.978 [info] > git config --get commit.template [1ms]
2024-03-07 19:37:59.992 [info] > git for-each-ref --format=%(refname)%00%(upstream:short)%00%(objectname)%00%(upstream:track)%00%(upstream:remotename)%00%(upstream:remoteref) refs/heads/main refs/remotes/main [1ms]
2024-03-07 19:38:00.008 [info] > git status -z -uall [2ms]
2024-03-07 19:38:01.051 [info] > git config --get commit.template [1ms]
2024-03-07 19:38:01.066 [info] > git for-each-ref --format=%(refname)%00%(upstream:short)%00%(objectname)%00%(upstream:track)%00%(upstream:remotename)%00%(upstream:remoteref) refs/heads/main refs/remotes/main [1ms]
2024-03-07 19:38:01.082 [info] > git status -z -uall [1ms]
2024-03-07 19:38:01.151 [info] > git ls-files --stage -- /home/irene/gits/Projects/PythonMain/test.py [2ms]
2024-03-07 19:38:01.167 [info] > git show --textconv :PythonMain/test.py [1ms]
2024-03-07 19:41:01.078 [info] > git fetch [1052ms]
2024-03-07 19:41:01.093 [info] > git config --get commit.template [1ms]
2024-03-07 19:41:01.109 [info] > git for-each-ref --format=%(refname)%00%(upstream:short)%00%(objectname)%00%(upstream:track)%00%(upstream:remotename)%00%(upstream:remoteref) refs/heads/main refs/remotes/main [1ms]
2024-03-07 19:41:01.126 [info] > git status -z -uall [2ms]
2024-03-07 19:41:02.168 [info] > git config --get commit.template [1ms]
2024-03-07 19:41:02.182 [info] > git for-each-ref --format=%(refname)%00%(upstream:short)%00%(objectname)%00%(upstream:track)%00%(upstream:remotename)%00%(upstream:remoteref) refs/heads/main refs/remotes/main [2ms]
2024-03-07 19:41:02.197 [info] > git status -z -uall [2ms]
2024-03-07 19:41:02.267 [info] > git ls-files --stage -- /home/irene/gits/Projects/PythonMain/test.py [1ms]
2024-03-07 19:41:02.282 [info] > git show --textconv :PythonMain/test.py [2ms]
2024-03-07 19:41:58.553 [info] > git config --get commit.template [14ms]
2024-03-07 19:41:58.554 [info] > git for-each-ref --format=%(refname)%00%(upstream:short)%00%(objectname)%00%(upstream:track)%00%(upstream:remotename)%00%(upstream:remoteref) refs/heads/main refs/remotes/main [2ms]
2024-03-07 19:41:58.570 [info] > git status -z -uall [2ms]
2024-03-07 19:42:18.845 [info] > git config --get commit.template [14ms]
2024-03-07 19:42:18.845 [info] > git for-each-ref --format=%(refname)%00%(upstream:short)%00%(objectname)%00%(upstream:track)%00%(upstream:remotename)%00%(upstream:remoteref) refs/heads/main refs/remotes/main [1ms]
2024-03-07 19:42:18.862 [info] > git status -z -uall [2ms]
2024-03-07 19:42:23.879 [info] > git config --get commit.template [1ms]
2024-03-07 19:42:23.893 [info] > git for-each-ref --format=%(refname)%00%(upstream:short)%00%(objectname)%00%(upstream:track)%00%(upstream:remotename)%00%(upstream:remoteref) refs/heads/main refs/remotes/main [1ms]
2024-03-07 19:42:23.909 [info] > git status -z -uall [1ms]
2024-03-07 19:42:28.929 [info] > git config --get commit.template [2ms]
2024-03-07 19:42:28.944 [info] > git for-each-ref --format=%(refname)%00%(upstream:short)%00%(objectname)%00%(upstream:track)%00%(upstream:remotename)%00%(upstream:remoteref) refs/heads/main refs/remotes/main [1ms]
2024-03-07 19:42:28.960 [info] > git status -z -uall [2ms]
2024-03-07 19:42:35.005 [info] > git config --get commit.template [2ms]
2024-03-07 19:42:35.020 [info] > git for-each-ref --format=%(refname)%00%(upstream:short)%00%(objectname)%00%(upstream:track)%00%(upstream:remotename)%00%(upstream:remoteref) refs/heads/main refs/remotes/main [1ms]
2024-03-07 19:42:35.037 [info] > git status -z -uall [2ms]
2024-03-07 19:42:43.241 [info] > git config --get commit.template [2ms]
2024-03-07 19:42:43.256 [info] > git for-each-ref --format=%(refname)%00%(upstream:short)%00%(objectname)%00%(upstream:track)%00%(upstream:remotename)%00%(upstream:remoteref) refs/heads/main refs/remotes/main [1ms]
2024-03-07 19:42:43.272 [info] > git status -z -uall [1ms]
2024-03-07 19:42:55.593 [info] > git config --get commit.template [2ms]
2024-03-07 19:42:55.608 [info] > git for-each-ref --format=%(refname)%00%(upstream:short)%00%(objectname)%00%(upstream:track)%00%(upstream:remotename)%00%(upstream:remoteref) refs/heads/main refs/remotes/main [1ms]
2024-03-07 19:42:55.624 [info] > git status -z -uall [2ms]
2024-03-07 19:43:00.644 [info] > git config --get commit.template [2ms]
2024-03-07 19:43:00.659 [info] > git for-each-ref --format=%(refname)%00%(upstream:short)%00%(objectname)%00%(upstream:track)%00%(upstream:remotename)%00%(upstream:remoteref) refs/heads/main refs/remotes/main [2ms]
2024-03-07 19:43:00.675 [info] > git status -z -uall [2ms]
2024-03-07 19:44:02.376 [info] > git ls-files --stage -- /home/irene/gits/Projects/PythonMain/test.py [1ms]
2024-03-07 19:44:02.392 [info] > git show --textconv :PythonMain/test.py [1ms]
2024-03-07 19:44:03.411 [info] > git fetch [2264ms]
2024-03-07 19:44:03.426 [info] > git config --get commit.template [1ms]
2024-03-07 19:44:03.441 [info] > git for-each-ref --format=%(refname)%00%(upstream:short)%00%(objectname)%00%(upstream:track)%00%(upstream:remotename)%00%(upstream:remoteref) refs/heads/main refs/remotes/main [1ms]
2024-03-07 19:44:03.458 [info] > git status -z -uall [2ms]
2024-03-07 19:44:04.513 [info] > git config --get commit.template [14ms]
2024-03-07 19:44:04.513 [info] > git for-each-ref --format=%(refname)%00%(upstream:short)%00%(objectname)%00%(upstream:track)%00%(upstream:remotename)%00%(upstream:remoteref) refs/heads/main refs/remotes/main [1ms]
2024-03-07 19:44:04.529 [info] > git status -z -uall [2ms]
2024-03-07 19:44:04.600 [info] > git ls-files --stage -- /home/irene/gits/Projects/PythonMain/test.py [1ms]
2024-03-07 19:44:04.616 [info] > git show --textconv :PythonMain/test.py [1ms]
2024-03-07 19:44:10.803 [info] > git config --get commit.template [1ms]
2024-03-07 19:44:10.819 [info] > git for-each-ref --format=%(refname)%00%(upstream:short)%00%(objectname)%00%(upstream:track)%00%(upstream:remotename)%00%(upstream:remoteref) refs/heads/main refs/remotes/main [2ms]
2024-03-07 19:44:10.836 [info] > git status -z -uall [2ms]
2024-03-07 19:44:15.854 [info] > git config --get commit.template [1ms]
2024-03-07 19:44:15.869 [info] > git for-each-ref --format=%(refname)%00%(upstream:short)%00%(objectname)%00%(upstream:track)%00%(upstream:remotename)%00%(upstream:remoteref) refs/heads/main refs/remotes/main [1ms]
2024-03-07 19:44:15.884 [info] > git status -z -uall [2ms]
2024-03-07 19:44:37.047 [info] > git config --get commit.template [15ms]
2024-03-07 19:44:37.047 [info] > git for-each-ref --format=%(refname)%00%(upstream:short)%00%(objectname)%00%(upstream:track)%00%(upstream:remotename)%00%(upstream:remoteref) refs/heads/main refs/remotes/main [1ms]
2024-03-07 19:44:37.062 [info] > git status -z -uall [1ms]
2024-03-07 19:47:04.685 [info] > git ls-files --stage -- /home/irene/gits/Projects/PythonMain/test.py [1ms]
2024-03-07 19:47:04.701 [info] > git show --textconv :PythonMain/test.py [1ms]
2024-03-07 19:47:07.036 [info] > git fetch [3548ms]
2024-03-07 19:47:07.064 [info] > git config --get commit.template [15ms]
2024-03-07 19:47:07.064 [info] > git for-each-ref --format=%(refname)%00%(upstream:short)%00%(objectname)%00%(upstream:track)%00%(upstream:remotename)%00%(upstream:remoteref) refs/heads/main refs/remotes/main [1ms]
2024-03-07 19:47:07.079 [info] > git status -z -uall [2ms]
2024-03-07 19:47:08.138 [info] > git config --get commit.template [14ms]
2024-03-07 19:47:08.139 [info] > git for-each-ref --format=%(refname)%00%(upstream:short)%00%(objectname)%00%(upstream:track)%00%(upstream:remotename)%00%(upstream:remoteref) refs/heads/main refs/remotes/main [2ms]
2024-03-07 19:47:08.156 [info] > git status -z -uall [2ms]
2024-03-07 19:47:08.225 [info] > git ls-files --stage -- /home/irene/gits/Projects/PythonMain/test.py [1ms]
2024-03-07 19:47:08.241 [info] > git show --textconv :PythonMain/test.py [1ms]
2024-03-07 19:50:08.308 [info] > git ls-files --stage -- /home/irene/gits/Projects/PythonMain/test.py [2ms]
2024-03-07 19:50:08.324 [info] > git show --textconv :PythonMain/test.py [1ms]
2024-03-07 19:50:09.402 [info] > git fetch [2291ms]
2024-03-07 19:50:09.417 [info] > git config --get commit.template [0ms]
2024-03-07 19:50:09.431 [info] > git for-each-ref --format=%(refname)%00%(upstream:short)%00%(objectname)%00%(upstream:track)%00%(upstream:remotename)%00%(upstream:remoteref) refs/heads/main refs/remotes/main [1ms]
2024-03-07 19:50:09.446 [info] > git status -z -uall [2ms]
2024-03-07 19:50:10.491 [info] > git config --get commit.template [1ms]
2024-03-07 19:50:10.506 [info] > git for-each-ref --format=%(refname)%00%(upstream:short)%00%(objectname)%00%(upstream:track)%00%(upstream:remotename)%00%(upstream:remoteref) refs/heads/main refs/remotes/main [2ms]
2024-03-07 19:50:10.522 [info] > git status -z -uall [2ms]
2024-03-07 19:50:10.590 [info] > git ls-files --stage -- /home/irene/gits/Projects/PythonMain/test.py [1ms]
2024-03-07 19:50:10.606 [info] > git show --textconv :PythonMain/test.py [1ms]
2024-03-07 19:53:46.097 [info] > git ls-files --stage -- /home/irene/gits/Projects/PythonMain/test.py [2ms]
2024-03-07 19:53:46.113 [info] > git show --textconv :PythonMain/test.py [2ms]
2024-03-07 19:53:53.695 [info] > git fetch [8796ms]
2024-03-07 19:53:53.724 [info] > git config --get commit.template [14ms]
2024-03-07 19:53:53.724 [info] > git for-each-ref --format=%(refname)%00%(upstream:short)%00%(objectname)%00%(upstream:track)%00%(upstream:remotename)%00%(upstream:remoteref) refs/heads/main refs/remotes/main [1ms]
2024-03-07 19:53:53.740 [info] > git status -z -uall [1ms]
2024-03-07 19:55:29.292 [info] > git config --get commit.template [16ms]
2024-03-07 19:55:29.307 [info] > git ls-files --stage -- /home/irene/gits/Projects/PythonMain/test.py [16ms]
2024-03-07 19:55:29.308 [info] > git for-each-ref --format=%(refname)%00%(upstream:short)%00%(objectname)%00%(upstream:track)%00%(upstream:remotename)%00%(upstream:remoteref) refs/heads/main refs/remotes/main [2ms]
2024-03-07 19:55:29.337 [info] > git show --textconv :PythonMain/test.py [15ms]
2024-03-07 19:55:29.338 [info] > git status -z -uall [2ms]
2024-03-07 19:56:54.955 [info] > git ls-files --stage -- /home/irene/gits/Projects/PythonMain/test.py [1ms]
2024-03-07 19:56:54.977 [info] > git show --textconv :PythonMain/test.py [1ms]
2024-03-07 19:57:10.264 [info] > git fetch [16507ms]
2024-03-07 19:57:10.290 [info] > git config --get commit.template [14ms]
2024-03-07 19:57:10.291 [info] > git for-each-ref --format=%(refname)%00%(upstream:short)%00%(objectname)%00%(upstream:track)%00%(upstream:remotename)%00%(upstream:remoteref) refs/heads/main refs/remotes/main [1ms]
2024-03-07 19:57:10.306 [info] > git status -z -uall [2ms]
2024-03-07 19:57:11.351 [info] > git config --get commit.template [1ms]
2024-03-07 19:57:11.365 [info] > git for-each-ref --format=%(refname)%00%(upstream:short)%00%(objectname)%00%(upstream:track)%00%(upstream:remotename)%00%(upstream:remoteref) refs/heads/main refs/remotes/main [1ms]
2024-03-07 19:57:11.381 [info] > git status -z -uall [2ms]
2024-03-07 19:57:11.451 [info] > git ls-files --stage -- /home/irene/gits/Projects/PythonMain/test.py [1ms]
2024-03-07 19:57:11.466 [info] > git show --textconv :PythonMain/test.py [1ms]
2024-03-07 20:02:36.512 [info] > git ls-files --stage -- /home/irene/gits/Projects/PythonMain/test.py [2ms]
2024-03-07 20:02:36.529 [info] > git show --textconv :PythonMain/test.py [2ms]
2024-03-07 20:02:40.908 [info] > git fetch [5594ms]
2024-03-07 20:02:40.938 [info] > git config --get commit.template [16ms]
2024-03-07 20:02:40.939 [info] > git for-each-ref --format=%(refname)%00%(upstream:short)%00%(objectname)%00%(upstream:track)%00%(upstream:remotename)%00%(upstream:remoteref) refs/heads/main refs/remotes/main [2ms]
2024-03-07 20:02:40.955 [info] > git status -z -uall [2ms]
2024-03-07 20:02:47.074 [info] > git config --get commit.template [17ms]
2024-03-07 20:02:47.089 [info] > git ls-files --stage -- /home/irene/gits/Projects/PythonMain/test.py [16ms]
2024-03-07 20:02:47.090 [info] > git for-each-ref --format=%(refname)%00%(upstream:short)%00%(objectname)%00%(upstream:track)%00%(upstream:remotename)%00%(upstream:remoteref) refs/heads/main refs/remotes/main [1ms]
2024-03-07 20:02:47.122 [info] > git show --textconv :PythonMain/test.py [16ms]
2024-03-07 20:02:47.124 [info] > git status -z -uall [2ms]
2024-03-07 20:03:08.003 [info] > git show --textconv :PythonMain/perfect_numbers/py [15ms]
2024-03-07 20:03:08.003 [info] > git ls-files --stage -- /home/irene/gits/Projects/PythonMain/perfect_numbers/py [1ms]
2024-03-07 20:03:08.221 [info] > git check-ignore -v -z --stdin [1ms]
2024-03-07 20:03:08.807 [info] > git config --get commit.template [15ms]
2024-03-07 20:03:08.808 [info] > git for-each-ref --format=%(refname)%00%(upstream:short)%00%(objectname)%00%(upstream:track)%00%(upstream:remotename)%00%(upstream:remoteref) refs/heads/main refs/remotes/main [1ms]
2024-03-07 20:03:08.824 [info] > git status -z -uall [2ms]
2024-03-07 20:03:09.276 [info] > git show --textconv :PythonMain/test.py [1ms]
2024-03-07 20:03:09.291 [info] > git ls-files --stage -- /home/irene/gits/Projects/PythonMain/test.py [2ms]
2024-03-07 20:03:12.520 [info] > git show --textconv :PythonMain/perfect_numbers/py [15ms]
2024-03-07 20:03:12.521 [info] > git ls-files --stage -- /home/irene/gits/Projects/PythonMain/perfect_numbers/py [2ms]
2024-03-07 20:03:19.883 [info] > git show --textconv :PythonMain/test.py [17ms]
2024-03-07 20:03:19.884 [info] > git ls-files --stage -- /home/irene/gits/Projects/PythonMain/test.py [2ms]
2024-03-07 20:03:28.879 [info] > git config --get commit.template [15ms]
2024-03-07 20:03:28.879 [info] > git for-each-ref --format=%(refname)%00%(upstream:short)%00%(objectname)%00%(upstream:track)%00%(upstream:remotename)%00%(upstream:remoteref) refs/heads/main refs/remotes/main [1ms]
2024-03-07 20:03:28.895 [info] > git status -z -uall [1ms]
2024-03-07 20:03:40.650 [info] > git show --textconv :PythonMain/perfect_numbers.py [14ms]
2024-03-07 20:03:40.651 [info] > git ls-files --stage -- /home/irene/gits/Projects/PythonMain/perfect_numbers.py [2ms]
2024-03-07 20:03:40.915 [info] > git check-ignore -v -z --stdin [1ms]
2024-03-07 20:03:41.440 [info] > git config --get commit.template [2ms]
2024-03-07 20:03:41.453 [info] > git for-each-ref --format=%(refname)%00%(upstream:short)%00%(objectname)%00%(upstream:track)%00%(upstream:remotename)%00%(upstream:remoteref) refs/heads/main refs/remotes/main [2ms]
2024-03-07 20:03:41.468 [info] > git status -z -uall [2ms]
2024-03-07 20:03:45.800 [info] > git show --textconv :PythonMain/SimpleCalculator.py [17ms]
2024-03-07 20:03:45.802 [info] > git ls-files --stage -- /home/irene/gits/Projects/PythonMain/SimpleCalculator.py [2ms]
2024-03-07 20:03:45.817 [info] > git cat-file -s 28230fc7cbf5635d880e53ddc7904c5c0b450e28 [1ms]
2024-03-07 20:03:46.502 [info] > git config --get commit.template [17ms]
2024-03-07 20:03:46.502 [info] > git for-each-ref --format=%(refname)%00%(upstream:short)%00%(objectname)%00%(upstream:track)%00%(upstream:remotename)%00%(upstream:remoteref) refs/heads/main refs/remotes/main [1ms]
2024-03-07 20:03:46.521 [info] > git status -z -uall [2ms]
2024-03-07 20:03:52.605 [info] > git show --textconv :PythonMain/simpleCalculator.py [16ms]
2024-03-07 20:03:52.606 [info] > git ls-files --stage -- /home/irene/gits/Projects/PythonMain/simpleCalculator.py [2ms]
2024-03-07 20:03:52.873 [info] > git check-ignore -v -z --stdin [1ms]
2024-03-07 20:03:53.448 [info] > git config --get commit.template [15ms]
2024-03-07 20:03:53.449 [info] > git for-each-ref --format=%(refname)%00%(upstream:short)%00%(objectname)%00%(upstream:track)%00%(upstream:remotename)%00%(upstream:remoteref) refs/heads/main refs/remotes/main [2ms]
2024-03-07 20:03:53.464 [info] > git status -z -uall [2ms]
2024-03-07 20:04:09.873 [info] > git show --textconv :PythonMain/perfect_numbers.py [15ms]
2024-03-07 20:04:09.874 [info] > git ls-files --stage -- /home/irene/gits/Projects/PythonMain/perfect_numbers.py [2ms]
2024-03-07 20:04:13.357 [info] > git show --textconv :PythonMain/diceRoller.py [15ms]
2024-03-07 20:04:13.358 [info] > git ls-files --stage -- /home/irene/gits/Projects/PythonMain/diceRoller.py [2ms]
2024-03-07 20:04:13.373 [info] > git cat-file -s cb860c21e5070684568bee02ce06c2834047c805 [2ms]
2024-03-07 20:05:47.238 [info] > git ls-files --stage -- /home/irene/gits/Projects/PythonMain/diceRoller.py [1ms]
2024-03-07 20:05:47.252 [info] > git cat-file -s cb860c21e5070684568bee02ce06c2834047c805 [1ms]
2024-03-07 20:05:47.268 [info] > git show --textconv :PythonMain/diceRoller.py [2ms]
2024-03-07 20:06:06.814 [info] > git fetch [20770ms]
2024-03-07 20:06:06.847 [info] > git config --get commit.template [17ms]
2024-03-07 20:06:06.847 [info] > git for-each-ref --format=%(refname)%00%(upstream:short)%00%(objectname)%00%(upstream:track)%00%(upstream:remotename)%00%(upstream:remoteref) refs/heads/main refs/remotes/main [1ms]
2024-03-07 20:06:06.864 [info] > git status -z -uall [2ms]
2024-03-07 20:08:29.951 [info] > git config --get commit.template [1ms]
2024-03-07 20:08:29.980 [info] > git ls-files --stage -- /home/irene/gits/Projects/PythonMain/diceRoller.py [15ms]
2024-03-07 20:08:29.994 [info] > git for-each-ref --format=%(refname)%00%(upstream:short)%00%(objectname)%00%(upstream:track)%00%(upstream:remotename)%00%(upstream:remoteref) refs/heads/main refs/remotes/main [14ms]
2024-03-07 20:08:29.995 [info] > git cat-file -s cb860c21e5070684568bee02ce06c2834047c805 [1ms]
2024-03-07 20:08:30.024 [info] > git status -z -uall [15ms]
2024-03-07 20:08:30.026 [info] > git show --textconv :PythonMain/diceRoller.py [3ms]
2024-03-07 20:22:02.356 [info] > git ls-files --stage -- /home/irene/gits/Projects/PythonMain/diceRoller.py [1ms]
2024-03-07 20:22:02.375 [info] > git cat-file -s cb860c21e5070684568bee02ce06c2834047c805 [1ms]
2024-03-07 20:22:02.397 [info] > git show --textconv :PythonMain/diceRoller.py [2ms]
2024-03-07 20:22:05.407 [info] > git show --textconv :PythonMain/graphs.py [27ms]
2024-03-07 20:22:05.409 [info] > git ls-files --stage -- /home/irene/gits/Projects/PythonMain/graphs.py [3ms]
2024-03-07 20:22:05.431 [info] > git cat-file -s f63132f6c180f9cfda14b1607e2baea8a2a3117e [1ms]
2024-03-07 20:22:08.828 [info] > git show --textconv :PythonMain/ktinker.py [22ms]
2024-03-07 20:22:08.829 [info] > git ls-files --stage -- /home/irene/gits/Projects/PythonMain/ktinker.py [2ms]
2024-03-07 20:22:08.852 [info] > git cat-file -s 32b805ba0d81dd7ca70c0e132e4af0cdb46071da [2ms]
2024-03-07 20:22:10.307 [info] > git fetch [9154ms]
2024-03-07 20:22:10.351 [info] > git config --get commit.template [21ms]
2024-03-07 20:22:10.352 [info] > git for-each-ref --format=%(refname)%00%(upstream:short)%00%(objectname)%00%(upstream:track)%00%(upstream:remotename)%00%(upstream:remoteref) refs/heads/main refs/remotes/main [2ms]
2024-03-07 20:22:10.378 [info] > git status -z -uall [4ms]
2024-03-07 20:22:10.978 [info] > git show --textconv :PythonMain/Paint.py [23ms]
2024-03-07 20:22:10.979 [info] > git ls-files --stage -- /home/irene/gits/Projects/PythonMain/Paint.py [2ms]
2024-03-07 20:22:11.002 [info] > git cat-file -s 6110bd32f6796f8ddb8aae5fbccdd35a93815608 [1ms]
2024-03-07 20:22:11.402 [info] > git config --get commit.template [1ms]
2024-03-07 20:22:11.421 [info] > git for-each-ref --format=%(refname)%00%(upstream:short)%00%(objectname)%00%(upstream:track)%00%(upstream:remotename)%00%(upstream:remoteref) refs/heads/main refs/remotes/main [2ms]
2024-03-07 20:22:11.444 [info] > git status -z -uall [3ms]
2024-03-07 20:22:11.503 [info] > git ls-files --stage -- /home/irene/gits/Projects/PythonMain/Paint.py [1ms]
2024-03-07 20:22:11.523 [info] > git cat-file -s 6110bd32f6796f8ddb8aae5fbccdd35a93815608 [1ms]
2024-03-07 20:22:11.544 [info] > git show --textconv :PythonMain/Paint.py [2ms]
2024-03-07 20:22:15.315 [info] > git show --textconv :PythonMain/ParticleSimNoTut1stTry.py [21ms]
2024-03-07 20:22:15.316 [info] > git ls-files --stage -- /home/irene/gits/Projects/PythonMain/ParticleSimNoTut1stTry.py [1ms]
2024-03-07 20:22:15.339 [info] > git cat-file -s eb57f079b36b37fce84faede278cbffcbeb14706 [3ms]
2024-03-07 20:22:17.206 [info] > git show --textconv :PythonMain/particleSystem.py [23ms]
2024-03-07 20:22:17.207 [info] > git ls-files --stage -- /home/irene/gits/Projects/PythonMain/particleSystem.py [3ms]
2024-03-07 20:22:17.231 [info] > git cat-file -s dcfcd243dac61227176a7a7b7a6a916b0e62524d [2ms]
2024-03-07 20:22:19.195 [info] > git config --get commit.template [19ms]
2024-03-07 20:22:19.196 [info] > git for-each-ref --format=%(refname)%00%(upstream:short)%00%(objectname)%00%(upstream:track)%00%(upstream:remotename)%00%(upstream:remoteref) refs/heads/main refs/remotes/main [2ms]
2024-03-07 20:22:19.216 [info] > git status -z -uall [2ms]
2024-03-07 20:22:23.664 [info] > git show --textconv :PythonMain/PlanetSimulation.py [22ms]
2024-03-07 20:22:23.665 [info] > git ls-files --stage -- /home/irene/gits/Projects/PythonMain/PlanetSimulation.py [2ms]
2024-03-07 20:22:23.685 [info] > git cat-file -s 16762f32037c10e1e948fd67287ef1b5a2f6d636 [2ms]
2024-03-07 20:59:18.684 [info] > git fetch [5380ms]
2024-03-07 20:59:18.725 [info] > git config --get commit.template [20ms]
2024-03-07 20:59:18.726 [info] > git for-each-ref --format=%(refname)%00%(upstream:short)%00%(objectname)%00%(upstream:track)%00%(upstream:remotename)%00%(upstream:remoteref) refs/heads/main refs/remotes/main [2ms]
2024-03-07 20:59:18.747 [info] > git status -z -uall [2ms]
2024-03-07 21:01:06.432 [info] > git config --get commit.template [24ms]
2024-03-07 21:01:06.452 [info] > git ls-files --stage -- /home/irene/gits/Projects/PythonMain/PlanetSimulation.py [21ms]
2024-03-07 21:01:06.473 [info] > git for-each-ref --format=%(refname)%00%(upstream:short)%00%(objectname)%00%(upstream:track)%00%(upstream:remotename)%00%(upstream:remoteref) refs/heads/main refs/remotes/main [22ms]
2024-03-07 21:01:06.474 [info] > git cat-file -s 16762f32037c10e1e948fd67287ef1b5a2f6d636 [2ms]
2024-03-07 21:01:06.513 [info] > git status -z -uall [20ms]
2024-03-07 21:01:06.516 [info] > git show --textconv :PythonMain/PlanetSimulation.py [4ms]
2024-03-07 21:08:14.842 [info] > git fetch [1133ms]
2024-03-07 21:08:14.870 [info] > git config --get commit.template [14ms]
2024-03-07 21:08:14.871 [info] > git for-each-ref --format=%(refname)%00%(upstream:short)%00%(objectname)%00%(upstream:track)%00%(upstream:remotename)%00%(upstream:remoteref) refs/heads/main refs/remotes/main [2ms]
2024-03-07 21:08:14.887 [info] > git status -z -uall [2ms]
2024-03-07 21:39:20.920 [info] > git ls-files --stage -- /home/irene/gits/Projects/PythonMain/PlanetSimulation.py [2ms]
2024-03-07 21:39:20.942 [info] > git config --get commit.template [47ms]
2024-03-07 21:39:20.943 [info] > git fetch [69ms]
2024-03-07 21:39:20.943 [info] fatal: unable to access 'https://github.com/RandomCoder982/Projects/': Could not resolve host: github.com
2024-03-07 21:39:20.965 [info] > git cat-file -s 16762f32037c10e1e948fd67287ef1b5a2f6d636 [23ms]
2024-03-07 21:39:20.990 [info] > git config --get commit.template [25ms]
2024-03-07 21:39:20.992 [info] > git for-each-ref --format=%(refname)%00%(upstream:short)%00%(objectname)%00%(upstream:track)%00%(upstream:remotename)%00%(upstream:remoteref) refs/heads/main refs/remotes/main [3ms]
2024-03-07 21:39:21.033 [info] > git show --textconv :PythonMain/PlanetSimulation.py [20ms]
2024-03-07 21:39:21.034 [info] > git for-each-ref --format=%(refname)%00%(upstream:short)%00%(objectname)%00%(upstream:track)%00%(upstream:remotename)%00%(upstream:remoteref) refs/heads/main refs/remotes/main [3ms]
2024-03-07 21:39:21.058 [info] > git status -z -uall [2ms]
2024-03-07 21:39:49.517 [info] > git ls-files --stage -- /home/irene/gits/Projects/PythonMain/PlanetSimulation.py [2ms]
2024-03-07 21:39:49.539 [info] > git cat-file -s 16762f32037c10e1e948fd67287ef1b5a2f6d636 [1ms]
2024-03-07 21:39:49.561 [info] > git show --textconv :PythonMain/PlanetSimulation.py [2ms]
2024-03-07 21:52:57.191 [info] > git fetch [14ms]
2024-03-07 21:52:57.191 [info] fatal: unable to access 'https://github.com/RandomCoder982/Projects/': Could not resolve host: github.com
2024-03-07 21:52:57.232 [info] > git config --get commit.template [20ms]
2024-03-07 21:52:57.233 [info] > git for-each-ref --format=%(refname)%00%(upstream:short)%00%(objectname)%00%(upstream:track)%00%(upstream:remotename)%00%(upstream:remoteref) refs/heads/main refs/remotes/main [2ms]
2024-03-07 21:52:57.255 [info] > git status -z -uall [2ms]
2024-03-07 21:52:58.305 [info] > git config --get commit.template [24ms]
2024-03-07 21:52:58.307 [info] > git for-each-ref --format=%(refname)%00%(upstream:short)%00%(objectname)%00%(upstream:track)%00%(upstream:remotename)%00%(upstream:remoteref) refs/heads/main refs/remotes/main [3ms]
2024-03-07 21:52:58.333 [info] > git status -z -uall [3ms]
2024-03-07 21:52:58.384 [info] > git ls-files --stage -- /home/irene/gits/Projects/PythonMain/PlanetSimulation.py [1ms]
2024-03-07 21:52:58.407 [info] > git cat-file -s 16762f32037c10e1e948fd67287ef1b5a2f6d636 [3ms]
2024-03-07 21:52:58.444 [info] > git show --textconv :PythonMain/PlanetSimulation.py [6ms]
2024-03-07 22:08:39.326 [info] > git fetch [14ms]
2024-03-07 22:08:39.326 [info] fatal: unable to access 'https://github.com/RandomCoder982/Projects/': Could not resolve host: github.com
2024-03-07 22:08:39.370 [info] > git config --get commit.template [22ms]
2024-03-07 22:08:39.371 [info] > git for-each-ref --format=%(refname)%00%(upstream:short)%00%(objectname)%00%(upstream:track)%00%(upstream:remotename)%00%(upstream:remoteref) refs/heads/main refs/remotes/main [2ms]
2024-03-07 22:08:39.392 [info] > git status -z -uall [2ms]
2024-03-07 22:08:42.146 [info] > git ls-files --stage -- /home/irene/gits/Projects/PythonMain/PlanetSimulation.py [2ms]
2024-03-07 22:08:42.177 [info] > git cat-file -s 16762f32037c10e1e948fd67287ef1b5a2f6d636 [2ms]
2024-03-07 22:08:42.206 [info] > git show --textconv :PythonMain/PlanetSimulation.py [3ms]
