2024-03-08 09:44:03.472 [info] Log level: Info
2024-03-08 09:44:03.472 [info] Validating found git in: "git"
2024-03-08 09:44:03.472 [info] Using git "2.44.0" from "git"
2024-03-08 09:44:03.472 [info] > git rev-parse --show-toplevel [6ms]
2024-03-08 09:44:03.472 [info] > git rev-parse --git-dir --git-common-dir [11ms]
2024-03-08 09:44:03.472 [info] Open repository: /home/irene/gits/Projects
2024-03-08 09:44:03.473 [info] > git rev-parse --show-toplevel [3ms]
2024-03-08 09:44:03.474 [info] > git config --get commit.template [18ms]
2024-03-08 09:44:03.514 [info] > git rev-parse --show-toplevel [16ms]
2024-03-08 09:44:03.527 [info] > git for-each-ref --format=%(refname)%00%(upstream:short)%00%(objectname)%00%(upstream:track)%00%(upstream:remotename)%00%(upstream:remoteref) refs/heads/main refs/remotes/main [15ms]
2024-03-08 09:44:03.528 [info] > git rev-parse --show-toplevel [1ms]
2024-03-08 09:44:03.557 [info] > git rev-parse --show-toplevel [16ms]
2024-03-08 09:44:03.560 [info] > git status -z -uall [4ms]
2024-03-08 09:44:03.582 [info] > git config --get commit.template [1ms]
2024-03-08 09:44:03.614 [info] > git for-each-ref --format=%(refname)%00%(upstream:short)%00%(objectname)%00%(upstream:track)%00%(upstream:remotename)%00%(upstream:remoteref) refs/heads/main refs/remotes/main [3ms]
2024-03-08 09:44:03.650 [info] > git status -z -uall [19ms]
2024-03-08 09:44:03.731 [info] > git fetch [303ms]
2024-03-08 09:44:03.770 [info] > git for-each-ref --format=%(refname)%00%(upstream:short)%00%(objectname)%00%(upstream:track)%00%(upstream:remotename)%00%(upstream:remoteref) refs/heads/main refs/remotes/main [13ms]
2024-03-08 09:44:03.771 [info] > git config --get commit.template [26ms]
2024-03-08 09:44:03.814 [info] > git status -z -uall [29ms]
2024-03-08 09:44:03.814 [info] > git show --textconv :PythonMain/PlanetSimulation.py [15ms]
2024-03-08 09:44:03.827 [info] > git ls-files --stage -- /home/irene/gits/Projects/PythonMain/PlanetSimulation.py [14ms]
2024-03-08 09:44:03.842 [info] > git cat-file -s 16762f32037c10e1e948fd67287ef1b5a2f6d636 [3ms]
2024-03-08 09:44:03.956 [info] > git check-ignore -v -z --stdin [2ms]
2024-03-08 09:44:04.943 [info] > git ls-files --stage -- /home/irene/gits/Projects/PythonMain/PlanetSimulation.py [2ms]
2024-03-08 09:44:04.961 [info] > git cat-file -s 16762f32037c10e1e948fd67287ef1b5a2f6d636 [2ms]
2024-03-08 09:44:04.980 [info] > git show --textconv :PythonMain/PlanetSimulation.py [2ms]
2024-03-08 09:44:05.752 [info] > git config --get commit.template [2ms]
2024-03-08 09:44:05.769 [info] > git for-each-ref --format=%(refname)%00%(upstream:short)%00%(objectname)%00%(upstream:track)%00%(upstream:remotename)%00%(upstream:remoteref) refs/heads/main refs/remotes/main [1ms]
2024-03-08 09:44:05.789 [info] > git status -z -uall [2ms]
2024-03-08 09:44:35.801 [info] > git show --textconv :PythonMain/particleSystem.py [15ms]
2024-03-08 09:44:35.801 [info] > git ls-files --stage -- /home/irene/gits/Projects/PythonMain/particleSystem.py [2ms]
2024-03-08 09:44:35.815 [info] > git cat-file -s dcfcd243dac61227176a7a7b7a6a916b0e62524d [2ms]
2024-03-08 09:44:36.393 [info] > git show --textconv :PythonMain/perfect_numbers.py [16ms]
2024-03-08 09:44:36.395 [info] > git ls-files --stage -- /home/irene/gits/Projects/PythonMain/perfect_numbers.py [2ms]
2024-03-08 09:44:38.180 [info] > git config --get commit.template [2ms]
2024-03-08 09:44:38.194 [info] > git for-each-ref --format=%(refname)%00%(upstream:short)%00%(objectname)%00%(upstream:track)%00%(upstream:remotename)%00%(upstream:remoteref) refs/heads/main refs/remotes/main [1ms]
2024-03-08 09:44:38.209 [info] > git status -z -uall [2ms]
2024-03-08 09:47:22.898 [info] > git fetch [284ms]
2024-03-08 09:47:22.924 [info] > git config --get commit.template [13ms]
2024-03-08 09:47:22.925 [info] > git for-each-ref --format=%(refname)%00%(upstream:short)%00%(objectname)%00%(upstream:track)%00%(upstream:remotename)%00%(upstream:remoteref) refs/heads/main refs/remotes/main [2ms]
2024-03-08 09:47:22.939 [info] > git status -z -uall [2ms]
2024-03-08 09:47:24.036 [info] > git config --get commit.template [1ms]
2024-03-08 09:47:24.051 [info] > git for-each-ref --format=%(refname)%00%(upstream:short)%00%(objectname)%00%(upstream:track)%00%(upstream:remotename)%00%(upstream:remoteref) refs/heads/main refs/remotes/main [1ms]
2024-03-08 09:47:24.064 [info] > git status -z -uall [2ms]
2024-03-08 09:47:24.173 [info] > git ls-files --stage -- /home/irene/gits/Projects/PythonMain/perfect_numbers.py [2ms]
2024-03-08 09:47:24.189 [info] > git show --textconv :PythonMain/perfect_numbers.py [2ms]
2024-03-08 09:47:30.731 [info] > git show --textconv :PythonMain/test.py [16ms]
2024-03-08 09:47:30.733 [info] > git ls-files --stage -- /home/irene/gits/Projects/PythonMain/test.py [3ms]
2024-03-08 09:47:35.068 [info] > git show --textconv :PythonMain/cube.py [15ms]
2024-03-08 09:47:35.069 [info] > git ls-files --stage -- /home/irene/gits/Projects/PythonMain/cube.py [2ms]
2024-03-08 09:47:35.083 [info] > git cat-file -s d1ee6b8685ec8dab603147003b8658e3d4db8d00 [2ms]
2024-03-08 09:47:42.608 [info] > git show --textconv :PythonMain/counter.py [14ms]
2024-03-08 09:47:42.609 [info] > git ls-files --stage -- /home/irene/gits/Projects/PythonMain/counter.py [1ms]
2024-03-08 09:47:42.623 [info] > git cat-file -s e774b868bc956f264e3cc440d7595d9107e5420f [1ms]
2024-03-08 09:47:52.426 [info] > git config --get commit.template [15ms]
2024-03-08 09:47:52.427 [info] > git for-each-ref --format=%(refname)%00%(upstream:short)%00%(objectname)%00%(upstream:track)%00%(upstream:remotename)%00%(upstream:remoteref) refs/heads/main refs/remotes/main [2ms]
2024-03-08 09:47:52.443 [info] > git status -z -uall [2ms]
2024-03-08 09:47:54.702 [info] > git show --textconv :PythonMain/Paint.py [15ms]
2024-03-08 09:47:54.704 [info] > git ls-files --stage -- /home/irene/gits/Projects/PythonMain/Paint.py [3ms]
2024-03-08 09:47:54.719 [info] > git cat-file -s 6110bd32f6796f8ddb8aae5fbccdd35a93815608 [2ms]
2024-03-08 09:47:56.587 [info] > git show --textconv :PythonMain/ktinker.py [14ms]
2024-03-08 09:47:56.588 [info] > git ls-files --stage -- /home/irene/gits/Projects/PythonMain/ktinker.py [2ms]
2024-03-08 09:47:56.602 [info] > git cat-file -s 32b805ba0d81dd7ca70c0e132e4af0cdb46071da [1ms]
2024-03-08 09:47:58.325 [info] > git config --get commit.template [13ms]
2024-03-08 09:47:58.325 [info] > git for-each-ref --format=%(refname)%00%(upstream:short)%00%(objectname)%00%(upstream:track)%00%(upstream:remotename)%00%(upstream:remoteref) refs/heads/main refs/remotes/main [1ms]
2024-03-08 09:47:58.339 [info] > git status -z -uall [2ms]
2024-03-08 09:48:12.710 [info] > git config --get commit.template [1ms]
2024-03-08 09:48:12.725 [info] > git for-each-ref --format=%(refname)%00%(upstream:short)%00%(objectname)%00%(upstream:track)%00%(upstream:remotename)%00%(upstream:remoteref) refs/heads/main refs/remotes/main [2ms]
2024-03-08 09:48:12.740 [info] > git status -z -uall [2ms]
2024-03-08 09:48:13.749 [info] > git show --textconv :PythonMain/perfect_numbers.py [15ms]
2024-03-08 09:48:13.750 [info] > git ls-files --stage -- /home/irene/gits/Projects/PythonMain/perfect_numbers.py [2ms]
2024-03-08 09:48:14.749 [info] > git show --textconv :PythonMain/particleSystem.py [13ms]
2024-03-08 09:48:14.749 [info] > git ls-files --stage -- /home/irene/gits/Projects/PythonMain/particleSystem.py [1ms]
2024-03-08 09:48:14.763 [info] > git cat-file -s dcfcd243dac61227176a7a7b7a6a916b0e62524d [1ms]
2024-03-08 09:52:09.296 [info] > git fetch [285ms]
2024-03-08 09:52:09.321 [info] > git config --get commit.template [12ms]
2024-03-08 09:52:09.322 [info] > git for-each-ref --format=%(refname)%00%(upstream:short)%00%(objectname)%00%(upstream:track)%00%(upstream:remotename)%00%(upstream:remoteref) refs/heads/main refs/remotes/main [1ms]
2024-03-08 09:52:09.337 [info] > git status -z -uall [2ms]
2024-03-08 09:52:35.075 [info] > git config --get commit.template [13ms]
2024-03-08 09:52:35.076 [info] > git for-each-ref --format=%(refname)%00%(upstream:short)%00%(objectname)%00%(upstream:track)%00%(upstream:remotename)%00%(upstream:remoteref) refs/heads/main refs/remotes/main [2ms]
2024-03-08 09:52:35.108 [info] > git status -z -uall [18ms]
2024-03-08 09:52:35.112 [info] > git ls-files --stage -- /home/irene/gits/Projects/PythonMain/particleSystem.py [5ms]
2024-03-08 09:52:35.129 [info] > git cat-file -s dcfcd243dac61227176a7a7b7a6a916b0e62524d [2ms]
2024-03-08 09:52:35.144 [info] > git show --textconv :PythonMain/particleSystem.py [2ms]
2024-03-08 09:56:11.572 [info] > git fetch [290ms]
2024-03-08 09:56:11.600 [info] > git config --get commit.template [14ms]
2024-03-08 09:56:11.600 [info] > git for-each-ref --format=%(refname)%00%(upstream:short)%00%(objectname)%00%(upstream:track)%00%(upstream:remotename)%00%(upstream:remoteref) refs/heads/main refs/remotes/main [2ms]
2024-03-08 09:56:11.616 [info] > git status -z -uall [2ms]
2024-03-08 09:56:40.458 [info] > git config --get commit.template [15ms]
2024-03-08 09:56:40.472 [info] > git ls-files --stage -- /home/irene/gits/Projects/PythonMain/particleSystem.py [15ms]
2024-03-08 09:56:40.485 [info] > git for-each-ref --format=%(refname)%00%(upstream:short)%00%(objectname)%00%(upstream:track)%00%(upstream:remotename)%00%(upstream:remoteref) refs/heads/main refs/remotes/main [14ms]
2024-03-08 09:56:40.486 [info] > git cat-file -s dcfcd243dac61227176a7a7b7a6a916b0e62524d [1ms]
2024-03-08 09:56:40.513 [info] > git status -z -uall [15ms]
2024-03-08 09:56:40.516 [info] > git show --textconv :PythonMain/particleSystem.py [4ms]
2024-03-08 10:00:17.331 [info] > git fetch [330ms]
2024-03-08 10:00:17.387 [info] > git config --get commit.template [1ms]
2024-03-08 10:00:17.437 [info] > git for-each-ref --format=%(refname)%00%(upstream:short)%00%(objectname)%00%(upstream:track)%00%(upstream:remotename)%00%(upstream:remoteref) refs/heads/main refs/remotes/main [2ms]
2024-03-08 10:00:17.480 [info] > git status -z -uall [3ms]
2024-03-08 10:00:22.516 [info] > git ls-files --stage -- /home/irene/gits/Projects/PythonMain/particleSystem.py [3ms]
2024-03-08 10:00:22.562 [info] > git cat-file -s dcfcd243dac61227176a7a7b7a6a916b0e62524d [5ms]
2024-03-08 10:00:22.659 [info] > git show --textconv :PythonMain/particleSystem.py [5ms]
2024-03-08 10:01:22.974 [info] > git show --textconv :PythonMain/perfect_numbers.py [1ms]
2024-03-08 10:01:23.035 [info] > git ls-files --stage -- /home/irene/gits/Projects/PythonMain/perfect_numbers.py [7ms]
2024-03-08 10:01:23.768 [info] > git show --textconv :PythonMain/particleSystem.py [43ms]
2024-03-08 10:01:23.780 [info] > git ls-files --stage -- /home/irene/gits/Projects/PythonMain/particleSystem.py [12ms]
2024-03-08 10:01:23.837 [info] > git cat-file -s dcfcd243dac61227176a7a7b7a6a916b0e62524d [5ms]
2024-03-08 10:03:17.777 [info] > git fetch [257ms]
2024-03-08 10:03:17.804 [info] > git config --get commit.template [14ms]
2024-03-08 10:03:17.805 [info] > git for-each-ref --format=%(refname)%00%(upstream:short)%00%(objectname)%00%(upstream:track)%00%(upstream:remotename)%00%(upstream:remoteref) refs/heads/main refs/remotes/main [1ms]
2024-03-08 10:03:17.821 [info] > git status -z -uall [2ms]
2024-03-08 10:03:18.928 [info] > git config --get commit.template [13ms]
2024-03-08 10:03:18.928 [info] > git for-each-ref --format=%(refname)%00%(upstream:short)%00%(objectname)%00%(upstream:track)%00%(upstream:remotename)%00%(upstream:remoteref) refs/heads/main refs/remotes/main [1ms]
2024-03-08 10:03:18.943 [info] > git status -z -uall [1ms]
2024-03-08 10:03:19.018 [info] > git ls-files --stage -- /home/irene/gits/Projects/PythonMain/particleSystem.py [1ms]
2024-03-08 10:03:19.033 [info] > git cat-file -s dcfcd243dac61227176a7a7b7a6a916b0e62524d [1ms]
2024-03-08 10:03:19.051 [info] > git show --textconv :PythonMain/particleSystem.py [2ms]
