2023-12-22 21:16:47.285 [info] Added views:workbench.panel.markers.view in workbench.panel.markers
2023-12-22 21:16:47.285 [info] Added views:workbench.panel.output in workbench.panel.output
2023-12-22 21:16:47.285 [info] Added views:terminal in terminal
2023-12-22 21:16:47.285 [info] Added views:outline in workbench.view.explorer
2023-12-22 21:16:47.285 [info] Added views:workbench.scm in workbench.view.scm
2023-12-22 21:16:47.285 [info] Added views:workbench.view.search in workbench.view.search
2023-12-22 21:16:47.285 [info] Added views:timeline in workbench.view.explorer
2023-12-22 21:16:47.285 [info] Added views:workbench.explorer.emptyView in workbench.view.explorer
2023-12-22 21:16:47.472 [info] Added views:workbench.debug.variablesView,workbench.debug.watchExpressionsView,workbench.debug.callStackView,workbench.debug.breakPointsView in workbench.view.debug
2023-12-22 21:16:48.095 [info] Added views:workbench.panel.repl.view in workbench.panel.repl
2023-12-22 21:16:48.098 [info] Removed views:workbench.debug.breakPointsView,workbench.debug.callStackView,workbench.debug.watchExpressionsView,workbench.debug.variablesView from workbench.view.debug
2023-12-22 21:16:48.098 [info] Added views:workbench.debug.welcome in workbench.view.debug
2023-12-22 21:16:48.348 [info] Added views:~remote.forwardedPorts in ~remote.forwardedPortsContainer
2023-12-22 21:16:49.248 [info] Added views:workbench.views.extensions.installed,workbench.views.extensions.popular,extensions.recommendedList in workbench.view.extensions
2023-12-22 21:16:49.250 [info] Removed views:workbench.views.extensions.popular from workbench.view.extensions
2023-12-22 21:16:49.487 [info] Added views:workbench.views.extensions.popular in workbench.view.extensions
2023-12-22 21:17:08.559 [info] Added views:workbench.panel.markers.view in workbench.panel.markers
2023-12-22 21:17:08.559 [info] Added views:workbench.panel.output in workbench.panel.output
2023-12-22 21:17:08.559 [info] Added views:terminal in terminal
2023-12-22 21:17:08.559 [info] Added views:outline in workbench.view.explorer
2023-12-22 21:17:08.559 [info] Added views:workbench.scm in workbench.view.scm
2023-12-22 21:17:08.559 [info] Added views:workbench.view.search in workbench.view.search
2023-12-22 21:17:08.559 [info] Added views:timeline in workbench.view.explorer
2023-12-22 21:17:08.559 [info] Added views:workbench.explorer.fileView in workbench.view.explorer
2023-12-22 21:17:08.792 [info] Added views:workbench.debug.variablesView,workbench.debug.watchExpressionsView,workbench.debug.callStackView,workbench.debug.breakPointsView in workbench.view.debug
2023-12-22 21:17:08.871 [info] Added views:~remote.forwardedPorts in ~remote.forwardedPortsContainer
2023-12-22 21:17:09.126 [info] Added views:workbench.panel.repl.view in workbench.panel.repl
2023-12-22 21:17:09.128 [info] Removed views:workbench.debug.breakPointsView,workbench.debug.callStackView,workbench.debug.watchExpressionsView,workbench.debug.variablesView from workbench.view.debug
2023-12-22 21:17:09.128 [info] Added views:workbench.debug.welcome in workbench.view.debug
2023-12-22 21:17:17.114 [info] Added views:workbench.views.extensions.installed,workbench.views.extensions.popular,extensions.recommendedList in workbench.view.extensions
2023-12-22 21:17:17.116 [info] Removed views:workbench.views.extensions.popular from workbench.view.extensions
2023-12-22 21:17:17.284 [info] Added views:workbench.views.extensions.popular in workbench.view.extensions
2023-12-22 21:17:22.354 [info] Removed views:extensions.recommendedList,workbench.views.extensions.popular,workbench.views.extensions.installed from workbench.view.extensions
2023-12-22 21:17:22.362 [info] Added views:workbench.views.extensions.marketplace in workbench.view.extensions
2023-12-22 21:17:53.968 [info] Removed views:workbench.views.extensions.marketplace from workbench.view.extensions
2023-12-22 21:17:53.980 [info] Added views:workbench.views.extensions.installed,workbench.views.extensions.popular,extensions.recommendedList in workbench.view.extensions
2023-12-22 21:17:55.289 [info] Removed views:extensions.recommendedList,workbench.views.extensions.popular,workbench.views.extensions.installed from workbench.view.extensions
2023-12-22 21:17:55.297 [info] Added views:workbench.views.extensions.marketplace in workbench.view.extensions
2023-12-22 21:19:00.134 [info] Removed views:workbench.views.extensions.marketplace from workbench.view.extensions
2023-12-22 21:19:00.180 [info] Added views:workbench.views.extensions.installed,workbench.views.extensions.popular,extensions.recommendedList in workbench.view.extensions
2023-12-22 21:19:12.323 [info] Added views:pr:github,issues:github in workbench.view.extension.github-pull-requests
2023-12-23 03:12:59.661 [info] Added views:workbench.debug.breakPointsView in workbench.view.debug
2023-12-23 03:13:02.767 [info] Removed views:extensions.recommendedList,workbench.views.extensions.popular,workbench.views.extensions.installed from workbench.view.extensions
2023-12-23 03:13:02.785 [info] Added views:workbench.views.extensions.marketplace in workbench.view.extensions
